<?xml version="1.0" encoding="UTF-8"?>
<testsuites name="BEP" time="3707" tests="8" failures="2" errors="0">
   <testsuite name="BEP" tests="8" failures="2" errors="0" time="3707" timestamp="2017-11-27 09:14:39" hostname="nipin - L22622WUS.rpega.com" id="Test Suites/BEP">
      <properties>
         <property name="deviceName" value=""/>
         <property name="devicePlatform" value=""/>
         <property name="logFolder" value="C:\\Users\\nipin\\Katalon Studio\\COE\\Reports\\BEP\\20171127_091436"/>
         <property name="logFiles" value="C:\\Users\\nipin\\Katalon Studio\\COE\\Reports\\BEP\\20171127_091436\\execution0.log"/>
         <property name="attachments" value="C:\\Users\\nipin\\Katalon Studio\\COE\\Reports\\BEP\\20171127_091436\\1511794126343.png, C:\\Users\\nipin\\Katalon Studio\\COE\\Reports\\BEP\\20171127_091436\\1511795508493.png"/>
         <property name="hostName" value="nipin - L22622WUS.rpega.com"/>
         <property name="os" value="Windows 7 64bit"/>
         <property name="katalonVersion" value="5.1.0.1"/>
         <property name="browser" value="Chrome 62.0.3202.94"/>
         <property name="hostAddress" value="10.2.176.78"/>
         <property name="sessionId" value="d73619be54e1e17399b797bc003bb72e"/>
         <property name="seleniumVersion" value="3.7.1"/>
         <property name="proxyInformation" value="ProxyInformation{proxyOption=NO_PROXY, proxyServerType=HTTP, password=, proxyServerAddress=, proxyServerPort=0}"/>
         <property name="platform" value="Windows 7"/>
      </properties>
      <testcase name="Test Cases/BEP/TC_CreateBEP_EmailOutput_SendEmail_CreateECR" classname="Test Cases/BEP/TC_CreateBEP_EmailOutput_SendEmail_CreateECR" status="PASSED">
         <system-out><![CDATA[2017-11-27 09:14:39 - [TEST_CASE][PASSED] - Test Cases/BEP/TC_CreateBEP_EmailOutput_SendEmail_CreateECR: Test Cases/BEP/TC_CreateBEP_EmailOutput_SendEmail_CreateECR

2017-11-27 09:14:40 - [TEST_STEP][PASSED] - callTestCase: Call Test Case 'Test Cases/BEP/TC_Create_BEP_EmailOutput' successfully

2017-11-27 09:14:40 - [TEST_CASE][PASSED] - Test Cases/BEP/TC_Create_BEP_EmailOutput: Test Cases/BEP/TC_Create_BEP_EmailOutput

2017-11-27 09:14:41 - [TEST_STEP][PASSED] - com.helper.commonfunct.utilities.login: com.helper.commonfunct.utilities.login is PASSED

2017-11-27 09:14:45 - [MESSAGE][PASSED] - Browser is opened with url: ''

2017-11-27 09:14:46 - [MESSAGE][PASSED] - Navigate to 'https://vtcpqa2.rpega.com:9030/tcpqa/PRServlet' successfully

2017-11-27 09:14:47 - [MESSAGE][PASSED] - Text 'hendj@pegasystems.com' is set on object 'Object Repository/input_UserIdentifier'

2017-11-27 09:14:47 - [MESSAGE][PASSED] - Text 'install' is set on object 'Object Repository/input_Password'

2017-11-27 09:14:50 - [MESSAGE][PASSED] - Keys 'ENTER + ' sent to object: 'Object Repository/input_Password'

2017-11-27 09:14:50 - [MESSAGE][PASSED] - com.helper.commonfunct.utilities.login is PASSED

2017-11-27 09:14:50 - [TEST_STEP][PASSED] - com.helper.commonfunct.BEP_CommonMethod.EstimateEmailOutput: com.helper.commonfunct.BEP_CommonMethod.EstimateEmailOutput is PASSED

2017-11-27 09:14:50 - [MESSAGE][PASSED] - Object: 'Object Repository/Generic/a_Actions' is clicked on

2017-11-27 09:14:55 - [MESSAGE][PASSED] - Object: 'Object Repository/span_New' is focused

2017-11-27 09:15:06 - [MESSAGE][PASSED] - Object: 'Object Repository/BEP/EstimateLink' is clicked on

2017-11-27 09:15:11 - [MESSAGE][PASSED] - Delayed 5 second(s)

2017-11-27 09:15:11 - [MESSAGE][WARNING] - Timeout '0' is invalid. Using default page load timeout: '30'

2017-11-27 09:15:11 - [MESSAGE][PASSED] - Object 'Object Repository/BEP/import' is visible

2017-11-27 09:15:11 - [MESSAGE][PASSED] - Object: 'Object Repository/BEP/import' is clicked on

2017-11-27 09:15:16 - [MESSAGE][PASSED] - Delayed 5 second(s)

2017-11-27 09:15:17 - [MESSAGE][PASSED] - File 'C:\EStimate.xlsm' sent to object: 'Object Repository/input_PpyWorkPageppyFilePath'

2017-11-27 09:15:22 - [MESSAGE][PASSED] - Delayed 5 second(s)

2017-11-27 09:15:29 - [MESSAGE][PASSED] - Object: 'Object Repository/button_Submit' is clicked on

2017-11-27 09:15:39 - [MESSAGE][PASSED] - Delayed 10 second(s)

2017-11-27 09:15:40 - [MESSAGE][PASSED] - Text 'BOFA' is set on object 'Object Repository/Generic/ORG'

2017-11-27 09:15:45 - [MESSAGE][PASSED] - Delayed 5 second(s)

2017-11-27 09:15:45 - [MESSAGE][PASSED] - Keys 'TAB + ' sent to object: 'Object Repository/Generic/ORG'

2017-11-27 09:15:50 - [MESSAGE][PASSED] - Delayed 5 second(s)

2017-11-27 09:15:50 - [MESSAGE][PASSED] - Text 'BOFA' is set on object 'Object Repository/Generic/ACC'

2017-11-27 09:15:55 - [MESSAGE][PASSED] - Delayed 5 second(s)

2017-11-27 09:15:55 - [MESSAGE][PASSED] - Keys 'TAB + ' sent to object: 'Object Repository/Generic/ACC'

2017-11-27 09:16:00 - [MESSAGE][PASSED] - Delayed 5 second(s)

2017-11-27 09:16:01 - [MESSAGE][PASSED] - Text 'AUTOTEST1' is set on object 'Object Repository/Generic/ENG_DESC'

2017-11-27 09:16:06 - [MESSAGE][PASSED] - Delayed 5 second(s)

2017-11-27 09:16:06 - [MESSAGE][PASSED] - Object: 'Object Repository/Generic/PlatformID' is clicked on

2017-11-27 09:16:11 - [MESSAGE][PASSED] - Delayed 5 second(s)

2017-11-27 09:16:11 - [MESSAGE][PASSED] - Keys 'AMPchroma' sent to object: 'Object Repository/Generic/PlatformID'

2017-11-27 09:16:16 - [MESSAGE][PASSED] - Delayed 5 second(s)

2017-11-27 09:16:16 - [MESSAGE][PASSED] - Object: 'Object Repository/Generic/PlatformVersion' is clicked on

2017-11-27 09:16:21 - [MESSAGE][PASSED] - Delayed 5 second(s)

2017-11-27 09:16:22 - [MESSAGE][PASSED] - Keys 'N/A' sent to object: 'Object Repository/Generic/PlatformVersion'

2017-11-27 09:16:27 - [MESSAGE][PASSED] - Delayed 5 second(s)

2017-11-27 09:16:27 - [MESSAGE][PASSED] - Scroll to object 'Object Repository/BEP/MorethanOneRLSNO' successfully

2017-11-27 09:16:27 - [MESSAGE][PASSED] - Object: 'Object Repository/BEP/MorethanOneRLSNO' is clicked on

2017-11-27 09:16:32 - [MESSAGE][PASSED] - Delayed 5 second(s)

2017-11-27 09:16:33 - [MESSAGE][PASSED] - Object: 'Object Repository/Generic/PlatformTrue' is clicked on

2017-11-27 09:16:38 - [MESSAGE][PASSED] - Delayed 5 second(s)

2017-11-27 09:16:43 - [MESSAGE][PASSED] - Delayed 5 second(s)

2017-11-27 09:16:43 - [MESSAGE][PASSED] - Object: 'Object Repository/EngInfo/PL' is clicked on

2017-11-27 09:16:48 - [MESSAGE][PASSED] - Delayed 5 second(s)

2017-11-27 09:16:48 - [MESSAGE][PASSED] - Keys 'Jeff Henderson ' sent to object: 'Object Repository/EngInfo/PL'

2017-11-27 09:16:53 - [MESSAGE][PASSED] - Delayed 5 second(s)

2017-11-27 09:16:54 - [MESSAGE][PASSED] - Object: 'Object Repository/EngInfo/PLTL' is clicked on

2017-11-27 09:16:59 - [MESSAGE][PASSED] - Delayed 5 second(s)

2017-11-27 09:16:59 - [MESSAGE][PASSED] - Keys 'Robert Higgins' sent to object: 'Object Repository/EngInfo/PLTL'

2017-11-27 09:17:04 - [MESSAGE][PASSED] - Delayed 5 second(s)

2017-11-27 09:17:04 - [MESSAGE][PASSED] - Object: 'Object Repository/EngInfo/RL' is clicked on

2017-11-27 09:17:09 - [MESSAGE][PASSED] - Delayed 5 second(s)

2017-11-27 09:17:09 - [MESSAGE][PASSED] - Keys 'Eric Panepinto' sent to object: 'Object Repository/EngInfo/RL'

2017-11-27 09:17:14 - [MESSAGE][PASSED] - Delayed 5 second(s)

2017-11-27 09:17:15 - [MESSAGE][PASSED] - Object: 'Object Repository/EngInfo/RD' is clicked on

2017-11-27 09:17:20 - [MESSAGE][PASSED] - Delayed 5 second(s)

2017-11-27 09:17:20 - [MESSAGE][PASSED] - Keys 'Robert Lang' sent to object: 'Object Repository/EngInfo/RD'

2017-11-27 09:17:25 - [MESSAGE][PASSED] - Delayed 5 second(s)

2017-11-27 09:17:25 - [MESSAGE][PASSED] - Scroll to object 'Object Repository/NEXT_BUTTON' successfully

2017-11-27 09:17:28 - [MESSAGE][PASSED] - Object: 'Object Repository/NEXT_BUTTON' is clicked on

2017-11-27 09:17:33 - [MESSAGE][PASSED] - Delayed 5 second(s)

2017-11-27 09:17:34 - [MESSAGE][PASSED] - Text '12' is set on object 'Object Repository/BEP/DurationLow'

2017-11-27 09:17:39 - [MESSAGE][PASSED] - Delayed 5 second(s)

2017-11-27 09:17:39 - [MESSAGE][PASSED] - Keys 'TAB + ' sent to object: 'Object Repository/BEP/DurationLow'

2017-11-27 09:17:44 - [MESSAGE][PASSED] - Delayed 5 second(s)

2017-11-27 09:17:44 - [MESSAGE][PASSED] - Text '12' is set on object 'Object Repository/BEP/DurationHigh'

2017-11-27 09:17:49 - [MESSAGE][PASSED] - Delayed 5 second(s)

2017-11-27 09:17:49 - [MESSAGE][PASSED] - Keys 'TAB + ' sent to object: 'Object Repository/BEP/DurationHigh'

2017-11-27 09:17:54 - [MESSAGE][PASSED] - Delayed 5 second(s)

2017-11-27 09:17:54 - [MESSAGE][PASSED] - Text '12' is set on object 'Object Repository/BEP/PartnerHoursLow'

2017-11-27 09:17:59 - [MESSAGE][PASSED] - Delayed 5 second(s)

2017-11-27 09:17:59 - [MESSAGE][PASSED] - Keys 'TAB + ' sent to object: 'Object Repository/BEP/PartnerHoursLow'

2017-11-27 09:18:04 - [MESSAGE][PASSED] - Delayed 5 second(s)

2017-11-27 09:18:04 - [MESSAGE][PASSED] - Text '12' is set on object 'Object Repository/BEP/PartnerHoursHigh'

2017-11-27 09:18:09 - [MESSAGE][PASSED] - Delayed 5 second(s)

2017-11-27 09:18:10 - [MESSAGE][PASSED] - Object: 'Object Repository/BEP/EstimationMethod' is clicked on

2017-11-27 09:18:15 - [MESSAGE][PASSED] - Delayed 5 second(s)

2017-11-27 09:18:15 - [MESSAGE][PASSED] - Keys 'BSW' sent to object: 'Object Repository/BEP/EstimationMethod'

2017-11-27 09:18:20 - [MESSAGE][PASSED] - Delayed 5 second(s)

2017-11-27 09:18:20 - [MESSAGE][PASSED] - Object: 'Object Repository/BEP/routeToRL' is clicked on

2017-11-27 09:18:25 - [MESSAGE][PASSED] - Delayed 5 second(s)

2017-11-27 09:18:25 - [MESSAGE][PASSED] - Scroll to object 'Object Repository/NEXT_BUTTON' successfully

2017-11-27 09:18:26 - [MESSAGE][PASSED] - Object: 'Object Repository/NEXT_BUTTON' is clicked on

2017-11-27 09:18:31 - [MESSAGE][PASSED] - Delayed 5 second(s)

2017-11-27 09:18:31 - [MESSAGE][PASSED] - Object: 'Object Repository/BEP/BEPOutputEmail' is clicked on

2017-11-27 09:18:36 - [MESSAGE][PASSED] - Delayed 5 second(s)

2017-11-27 09:18:36 - [MESSAGE][PASSED] - Object: 'Object Repository/BEP/RECEIPIENT' is clicked on

2017-11-27 09:18:41 - [MESSAGE][PASSED] - Delayed 5 second(s)

2017-11-27 09:18:41 - [MESSAGE][PASSED] - Object: 'Object Repository/BEP/AddEmailID' is clicked on

2017-11-27 09:18:46 - [MESSAGE][PASSED] - Delayed 5 second(s)

2017-11-27 09:18:47 - [MESSAGE][PASSED] - Keys 'nagaveni.nipinale@in.pega.com' sent to object: 'Object Repository/BEP/MAILID_XPATH'

2017-11-27 09:18:52 - [MESSAGE][PASSED] - Delayed 5 second(s)

2017-11-27 09:18:52 - [MESSAGE][PASSED] - Object: 'Object Repository/BEP/modal_submit' is clicked on

2017-11-27 09:18:57 - [MESSAGE][PASSED] - Delayed 5 second(s)

2017-11-27 09:18:58 - [MESSAGE][PASSED] - Keys 'Test Automation' sent to object: 'Object Repository/BEP/Email_Subject'

2017-11-27 09:18:58 - [MESSAGE][PASSED] - Scroll to object 'Object Repository/NEXT_BUTTON' successfully

2017-11-27 09:18:58 - [MESSAGE][PASSED] - Object: 'Object Repository/NEXT_BUTTON' is clicked on

2017-11-27 09:19:03 - [MESSAGE][PASSED] - Delayed 5 second(s)

2017-11-27 09:19:03 - [MESSAGE][PASSED] - Scroll to object 'Object Repository/Generic/FINISH_BUTTON' successfully

2017-11-27 09:19:03 - [MESSAGE][PASSED] - Object: 'Object Repository/Generic/FINISH_BUTTON' is clicked on

2017-11-27 09:19:10 - [MESSAGE][PASSED] - Text of object 'Object Repository/BEP/BEPWOID' is: 'BEP-27Nov2017-3'

2017-11-27 09:19:10 - [MESSAGE][PASSED] - com.helper.commonfunct.BEP_CommonMethod.EstimateEmailOutput is PASSED

2017-11-27 09:19:11 - [TEST_STEP][PASSED] - com.helper.commonfunct.BEP_CommonMethod.woid: com.helper.commonfunct.BEP_CommonMethod.woid is PASSED

2017-11-27 09:19:11 - [MESSAGE][PASSED] - Text of object 'Object Repository/BEP/BEPWOID' is: 'BEP-27Nov2017-3'

2017-11-27 09:19:11 - [MESSAGE][PASSED] - com.helper.commonfunct.BEP_CommonMethod.woid is PASSED

2017-11-27 09:19:11 - [TEST_STEP][PASSED] - com.helper.commonfunct.BEP_CommonMethod.WOstatus: com.helper.commonfunct.BEP_CommonMethod.WOstatus is PASSED

2017-11-27 09:19:11 - [MESSAGE][PASSED] - Text of object 'Object Repository/BEP/WOSTATUS' is: 'Pending-RDApproval'

2017-11-27 09:19:11 - [MESSAGE][PASSED] - com.helper.commonfunct.BEP_CommonMethod.WOstatus is PASSED

2017-11-27 09:19:11 - [TEST_STEP][PASSED] - Statement - println(WOID): null

2017-11-27 09:19:11 - [MESSAGE][PASSED] - Call Test Case 'Test Cases/BEP/TC_Create_BEP_EmailOutput' successfully

2017-11-27 09:19:11 - [TEST_STEP][PASSED] - Statement - SendEmail = true: null

2017-11-27 09:19:11 - [TEST_STEP][PASSED] - Statement - CreateECR = true: null

2017-11-27 09:19:11 - [TEST_STEP][PASSED] - callTestCase: Call Test Case 'Test Cases/BEP/All_Approval_Reject' successfully

2017-11-27 09:19:11 - [TEST_CASE][PASSED] - Test Cases/BEP/All_Approval_Reject: Test Cases/BEP/All_Approval_Reject

2017-11-27 09:19:11 - [TEST_STEP][PASSED] - Statement - While (WOSTATUS.contains("Pending")): com.helper.commonfunct.utilities.WOstatus is PASSED

2017-11-27 09:19:11 - [TEST_STEP][PASSED] - Statement - For ([j = 0, j < AssignmentList.size(), (j++)]): com.helper.commonfunct.utilities.WOstatus is PASSED

2017-11-27 09:19:11 - [TEST_STEP][PASSED] - Statement - Status = text: null

2017-11-27 09:19:11 - [TEST_STEP][PASSED] - Statement - println(Status): null

2017-11-27 09:19:11 - [TEST_STEP][PASSED] - Statement - If (WOSTATUS == "Pending-RDApproval"): com.helper.commonfunct.utilities.WOstatus is PASSED

2017-11-27 09:19:11 - [TEST_STEP][PASSED] - Statement - If (RDReject == false): com.helper.commonfunct.utilities.WOstatus is PASSED

2017-11-27 09:19:11 - [TEST_STEP][PASSED] - Statement - If (RouteToRL == true): com.helper.commonfunct.utilities.WOstatus is PASSED

2017-11-27 09:19:11 - [TEST_STEP][PASSED] - com.helper.commonfunct.utilities.login: com.helper.commonfunct.utilities.login is PASSED

2017-11-27 09:19:11 - [MESSAGE][WARNING] - A browser is already opened. Closing browser and opening a new one

2017-11-27 09:19:15 - [MESSAGE][PASSED] - Browser is opened with url: ''

2017-11-27 09:19:15 - [MESSAGE][PASSED] - Navigate to 'https://vtcpqa2.rpega.com:9030/tcpqa/PRServlet' successfully

2017-11-27 09:19:16 - [MESSAGE][PASSED] - Text 'langr1@pegasystems.com' is set on object 'Object Repository/input_UserIdentifier'

2017-11-27 09:19:16 - [MESSAGE][PASSED] - Text 'install' is set on object 'Object Repository/input_Password'

2017-11-27 09:19:19 - [MESSAGE][PASSED] - Keys 'ENTER + ' sent to object: 'Object Repository/input_Password'

2017-11-27 09:19:19 - [MESSAGE][PASSED] - com.helper.commonfunct.utilities.login is PASSED

2017-11-27 09:19:19 - [TEST_STEP][PASSED] - com.helper.commonfunct.utilities.search: com.helper.commonfunct.utilities.search is PASSED

2017-11-27 09:19:20 - [MESSAGE][PASSED] - Current window maximized

2017-11-27 09:19:25 - [MESSAGE][PASSED] - Delayed 5 second(s)

2017-11-27 09:19:25 - [MESSAGE][PASSED] - Text 'BEP-27Nov2017-3' is set on object 'Object Repository/EngInfo/search'

2017-11-27 09:19:30 - [MESSAGE][PASSED] - Delayed 5 second(s)

2017-11-27 09:19:30 - [MESSAGE][PASSED] - Keys 'ENTER + ' sent to object: 'Object Repository/EngInfo/search'

2017-11-27 09:19:35 - [MESSAGE][PASSED] - Delayed 5 second(s)

2017-11-27 09:19:35 - [MESSAGE][PASSED] - com.helper.commonfunct.utilities.search is PASSED

2017-11-27 09:19:35 - [TEST_STEP][PASSED] - com.helper.commonfunct.BEP_CommonMethod.RDapprove: com.helper.commonfunct.BEP_CommonMethod.RDapprove is PASSED

2017-11-27 09:19:40 - [MESSAGE][PASSED] - Delayed 5 second(s)

2017-11-27 09:19:40 - [MESSAGE][WARNING] - Timeout '0' is invalid. Using default page load timeout: '30'

2017-11-27 09:19:42 - [MESSAGE][PASSED] - Object: 'Object Repository/BEP/RDLink' is clicked on

2017-11-27 09:19:47 - [MESSAGE][PASSED] - Delayed 5 second(s)

2017-11-27 09:19:47 - [MESSAGE][PASSED] - Scroll to object 'Object Repository/NEXT_BUTTON' successfully

2017-11-27 09:19:47 - [MESSAGE][PASSED] - Object: 'Object Repository/NEXT_BUTTON' is clicked on

2017-11-27 09:19:52 - [MESSAGE][PASSED] - Delayed 5 second(s)

2017-11-27 09:19:52 - [MESSAGE][WARNING] - Timeout '0' is invalid. Using default page load timeout: '30'

2017-11-27 09:19:52 - [MESSAGE][PASSED] - Scroll to object 'Object Repository/BEP/RD_RLApprove' successfully

2017-11-27 09:19:52 - [MESSAGE][PASSED] - Object: 'Object Repository/BEP/RD_RLApprove' is clicked on

2017-11-27 09:19:57 - [MESSAGE][PASSED] - Delayed 5 second(s)

2017-11-27 09:19:57 - [MESSAGE][PASSED] - Text 'Testing' is set on object 'Object Repository/BEP/BEP_CASENOTES'

2017-11-27 09:20:02 - [MESSAGE][PASSED] - Delayed 5 second(s)

2017-11-27 09:20:03 - [MESSAGE][WARNING] - Timeout '0' is invalid. Using default page load timeout: '30'

2017-11-27 09:20:03 - [MESSAGE][PASSED] - Scroll to object 'Object Repository/BEP/FINISH_ASSIGNMENT' successfully

2017-11-27 09:20:03 - [MESSAGE][PASSED] - Object: 'Object Repository/BEP/FINISH_ASSIGNMENT' is clicked on

2017-11-27 09:20:08 - [MESSAGE][PASSED] - Delayed 5 second(s)

2017-11-27 09:20:08 - [MESSAGE][PASSED] - com.helper.commonfunct.BEP_CommonMethod.RDapprove is PASSED

2017-11-27 09:20:08 - [TEST_STEP][PASSED] - com.helper.commonfunct.utilities.WOstatus: com.helper.commonfunct.utilities.WOstatus is PASSED

2017-11-27 09:20:08 - [MESSAGE][PASSED] - Text of object 'Object Repository/ECR/WOSTATUS' is: 'Pending-RLApproval'

2017-11-27 09:20:08 - [MESSAGE][PASSED] - com.helper.commonfunct.utilities.WOstatus is PASSED

2017-11-27 09:20:08 - [TEST_STEP][PASSED] - Statement - Status = text: null

2017-11-27 09:20:08 - [TEST_STEP][PASSED] - Statement - println(Status): null

2017-11-27 09:20:08 - [TEST_STEP][PASSED] - Statement - If (WOSTATUS == "Pending-RDApproval"): null

2017-11-27 09:20:08 - [TEST_STEP][PASSED] - Statement - Else If (WOSTATUS == "Pending-RLApproval"): com.helper.commonfunct.utilities.WOstatus is PASSED

2017-11-27 09:20:08 - [TEST_STEP][PASSED] - Statement - If (RLReject == false): com.helper.commonfunct.utilities.WOstatus is PASSED

2017-11-27 09:20:08 - [TEST_STEP][PASSED] - com.helper.commonfunct.utilities.login: com.helper.commonfunct.utilities.login is PASSED

2017-11-27 09:20:08 - [MESSAGE][WARNING] - A browser is already opened. Closing browser and opening a new one

2017-11-27 09:20:12 - [MESSAGE][PASSED] - Browser is opened with url: ''

2017-11-27 09:20:12 - [MESSAGE][PASSED] - Navigate to 'https://vtcpqa2.rpega.com:9030/tcpqa/PRServlet' successfully

2017-11-27 09:20:13 - [MESSAGE][PASSED] - Text 'panee@pegasystems.com' is set on object 'Object Repository/input_UserIdentifier'

2017-11-27 09:20:14 - [MESSAGE][PASSED] - Text 'install' is set on object 'Object Repository/input_Password'

2017-11-27 09:20:23 - [MESSAGE][PASSED] - Keys 'ENTER + ' sent to object: 'Object Repository/input_Password'

2017-11-27 09:20:23 - [MESSAGE][PASSED] - com.helper.commonfunct.utilities.login is PASSED

2017-11-27 09:20:23 - [TEST_STEP][PASSED] - com.helper.commonfunct.utilities.search: com.helper.commonfunct.utilities.search is PASSED

2017-11-27 09:20:24 - [MESSAGE][PASSED] - Current window maximized

2017-11-27 09:20:29 - [MESSAGE][PASSED] - Delayed 5 second(s)

2017-11-27 09:20:29 - [MESSAGE][PASSED] - Text 'BEP-27Nov2017-3' is set on object 'Object Repository/EngInfo/search'

2017-11-27 09:20:34 - [MESSAGE][PASSED] - Delayed 5 second(s)

2017-11-27 09:20:34 - [MESSAGE][PASSED] - Keys 'ENTER + ' sent to object: 'Object Repository/EngInfo/search'

2017-11-27 09:20:39 - [MESSAGE][PASSED] - Delayed 5 second(s)

2017-11-27 09:20:39 - [MESSAGE][PASSED] - com.helper.commonfunct.utilities.search is PASSED

2017-11-27 09:20:39 - [TEST_STEP][PASSED] - com.helper.commonfunct.BEP_CommonMethod.RLapprove: com.helper.commonfunct.BEP_CommonMethod.RLapprove is PASSED

2017-11-27 09:20:44 - [MESSAGE][PASSED] - Delayed 5 second(s)

2017-11-27 09:20:44 - [MESSAGE][WARNING] - Timeout '0' is invalid. Using default page load timeout: '30'

2017-11-27 09:20:46 - [MESSAGE][PASSED] - Object: 'Object Repository/BEP/RlLink' is clicked on

2017-11-27 09:20:51 - [MESSAGE][PASSED] - Delayed 5 second(s)

2017-11-27 09:20:51 - [MESSAGE][PASSED] - Scroll to object 'Object Repository/NEXT_BUTTON' successfully

2017-11-27 09:20:51 - [MESSAGE][PASSED] - Object: 'Object Repository/NEXT_BUTTON' is clicked on

2017-11-27 09:20:56 - [MESSAGE][PASSED] - Delayed 5 second(s)

2017-11-27 09:20:56 - [MESSAGE][WARNING] - Timeout '0' is invalid. Using default page load timeout: '30'

2017-11-27 09:20:56 - [MESSAGE][PASSED] - Scroll to object 'Object Repository/BEP/RD_RLApprove' successfully

2017-11-27 09:20:56 - [MESSAGE][PASSED] - Object: 'Object Repository/BEP/RD_RLApprove' is clicked on

2017-11-27 09:21:01 - [MESSAGE][PASSED] - Delayed 5 second(s)

2017-11-27 09:21:02 - [MESSAGE][PASSED] - Text 'Testing' is set on object 'Object Repository/BEP/BEP_CASENOTES'

2017-11-27 09:21:07 - [MESSAGE][PASSED] - Delayed 5 second(s)

2017-11-27 09:21:07 - [MESSAGE][WARNING] - Timeout '0' is invalid. Using default page load timeout: '30'

2017-11-27 09:21:07 - [MESSAGE][PASSED] - Scroll to object 'Object Repository/BEP/FINISH_ASSIGNMENT' successfully

2017-11-27 09:21:07 - [MESSAGE][PASSED] - Object: 'Object Repository/BEP/FINISH_ASSIGNMENT' is clicked on

2017-11-27 09:21:12 - [MESSAGE][PASSED] - Delayed 5 second(s)

2017-11-27 09:21:14 - [MESSAGE][PASSED] - Text of object 'Object Repository/BEP/WOSTATUS' is: 'Pending-EmailCustomer'

2017-11-27 09:21:14 - [MESSAGE][PASSED] - com.helper.commonfunct.BEP_CommonMethod.RLapprove is PASSED

2017-11-27 09:21:14 - [TEST_STEP][PASSED] - com.helper.commonfunct.utilities.WOstatus: com.helper.commonfunct.utilities.WOstatus is PASSED

2017-11-27 09:21:14 - [MESSAGE][PASSED] - Text of object 'Object Repository/ECR/WOSTATUS' is: 'Pending-EmailCustomer'

2017-11-27 09:21:14 - [MESSAGE][PASSED] - com.helper.commonfunct.utilities.WOstatus is PASSED

2017-11-27 09:21:14 - [TEST_STEP][PASSED] - Statement - For ([j = 0, j < AssignmentList.size(), (j++)]): com.helper.commonfunct.utilities.WOstatus is PASSED

2017-11-27 09:21:14 - [TEST_STEP][PASSED] - Statement - Status = text: null

2017-11-27 09:21:14 - [TEST_STEP][PASSED] - Statement - println(Status): null

2017-11-27 09:21:14 - [TEST_STEP][PASSED] - Statement - If (WOSTATUS == "Pending-RDApproval"): null

2017-11-27 09:21:14 - [TEST_STEP][PASSED] - Statement - Else If (WOSTATUS == "Pending-RLApproval"): null

2017-11-27 09:21:14 - [TEST_STEP][PASSED] - Statement - Else If (WOSTATUS == "Pending-Update"): null

2017-11-27 09:21:14 - [TEST_STEP][PASSED] - Statement - Else If (WOSTATUS == "Pending-Meeting"): null

2017-11-27 09:21:14 - [TEST_STEP][PASSED] - Statement - Else If (WOSTATUS == "Pending-EmailCustomer"): com.helper.commonfunct.utilities.WOstatus is PASSED

2017-11-27 09:21:14 - [TEST_STEP][PASSED] - Statement - If (SendEmail == true): com.helper.commonfunct.utilities.WOstatus is PASSED

2017-11-27 09:21:14 - [TEST_STEP][PASSED] - com.helper.commonfunct.utilities.login: com.helper.commonfunct.utilities.login is PASSED

2017-11-27 09:21:14 - [MESSAGE][WARNING] - A browser is already opened. Closing browser and opening a new one

2017-11-27 09:21:17 - [MESSAGE][PASSED] - Browser is opened with url: ''

2017-11-27 09:21:17 - [MESSAGE][PASSED] - Navigate to 'https://vtcpqa2.rpega.com:9030/tcpqa/PRServlet' successfully

2017-11-27 09:21:18 - [MESSAGE][PASSED] - Text 'hendj@pegasystems.com' is set on object 'Object Repository/input_UserIdentifier'

2017-11-27 09:21:18 - [MESSAGE][PASSED] - Text 'install' is set on object 'Object Repository/input_Password'

2017-11-27 09:21:20 - [MESSAGE][PASSED] - Keys 'ENTER + ' sent to object: 'Object Repository/input_Password'

2017-11-27 09:21:20 - [MESSAGE][PASSED] - com.helper.commonfunct.utilities.login is PASSED

2017-11-27 09:21:20 - [TEST_STEP][PASSED] - com.helper.commonfunct.utilities.search: com.helper.commonfunct.utilities.search is PASSED

2017-11-27 09:21:22 - [MESSAGE][PASSED] - Current window maximized

2017-11-27 09:21:27 - [MESSAGE][PASSED] - Delayed 5 second(s)

2017-11-27 09:21:27 - [MESSAGE][PASSED] - Text 'BEP-27Nov2017-3' is set on object 'Object Repository/EngInfo/search'

2017-11-27 09:21:32 - [MESSAGE][PASSED] - Delayed 5 second(s)

2017-11-27 09:21:32 - [MESSAGE][PASSED] - Keys 'ENTER + ' sent to object: 'Object Repository/EngInfo/search'

2017-11-27 09:21:37 - [MESSAGE][PASSED] - Delayed 5 second(s)

2017-11-27 09:21:37 - [MESSAGE][PASSED] - com.helper.commonfunct.utilities.search is PASSED

2017-11-27 09:21:37 - [TEST_STEP][PASSED] - com.helper.commonfunct.BEP_CommonMethod.EmailCustomer: com.helper.commonfunct.BEP_CommonMethod.EmailCustomer is PASSED

2017-11-27 09:21:42 - [MESSAGE][PASSED] - Delayed 5 second(s)

2017-11-27 09:21:42 - [MESSAGE][WARNING] - Timeout '0' is invalid. Using default page load timeout: '30'

2017-11-27 09:21:46 - [MESSAGE][PASSED] - Object: 'Object Repository/BEP/SendCustomerEmail' is clicked on

2017-11-27 09:21:51 - [MESSAGE][PASSED] - Delayed 5 second(s)

2017-11-27 09:21:52 - [MESSAGE][PASSED] - Object: 'Object Repository/BEP/ECR_CHECKBOX' is clicked on

2017-11-27 09:21:57 - [MESSAGE][PASSED] - Delayed 5 second(s)

2017-11-27 09:21:57 - [MESSAGE][PASSED] - Object: 'Object Repository/BEP/SEND_EMAIL' is clicked on

2017-11-27 09:22:02 - [MESSAGE][PASSED] - Delayed 5 second(s)

2017-11-27 09:22:02 - [MESSAGE][PASSED] - com.helper.commonfunct.BEP_CommonMethod.EmailCustomer is PASSED

2017-11-27 09:22:02 - [TEST_STEP][PASSED] - com.helper.commonfunct.utilities.WOstatus: com.helper.commonfunct.utilities.WOstatus is PASSED

2017-11-27 09:22:04 - [MESSAGE][PASSED] - Text of object 'Object Repository/ECR/WOSTATUS' is: 'Resolved-Approved'

2017-11-27 09:22:04 - [MESSAGE][PASSED] - com.helper.commonfunct.utilities.WOstatus is PASSED

2017-11-27 09:22:04 - [MESSAGE][PASSED] - Call Test Case 'Test Cases/BEP/All_Approval_Reject' successfully]]></system-out>
         <system-err><![CDATA[]]></system-err>
      </testcase>
      <testcase name="Test Cases/BEP/TC_CreateBEP_EmailOutput_SendEmail_NoECR" classname="Test Cases/BEP/TC_CreateBEP_EmailOutput_SendEmail_NoECR" status="PASSED">
         <system-out><![CDATA[2017-11-27 09:22:04 - [TEST_CASE][PASSED] - Test Cases/BEP/TC_CreateBEP_EmailOutput_SendEmail_NoECR: Test Cases/BEP/TC_CreateBEP_EmailOutput_SendEmail_NoECR

2017-11-27 09:22:04 - [TEST_STEP][PASSED] - callTestCase: Call Test Case 'Test Cases/BEP/TC_Create_BEP_EmailOutput' successfully

2017-11-27 09:22:05 - [TEST_CASE][PASSED] - Test Cases/BEP/TC_Create_BEP_EmailOutput: Test Cases/BEP/TC_Create_BEP_EmailOutput

2017-11-27 09:22:05 - [TEST_STEP][PASSED] - com.helper.commonfunct.utilities.login: com.helper.commonfunct.utilities.login is PASSED

2017-11-27 09:22:05 - [MESSAGE][WARNING] - A browser is already opened. Closing browser and opening a new one

2017-11-27 09:22:08 - [MESSAGE][PASSED] - Browser is opened with url: ''

2017-11-27 09:22:08 - [MESSAGE][PASSED] - Navigate to 'https://vtcpqa2.rpega.com:9030/tcpqa/PRServlet' successfully

2017-11-27 09:22:08 - [MESSAGE][PASSED] - Text 'hendj@pegasystems.com' is set on object 'Object Repository/input_UserIdentifier'

2017-11-27 09:22:09 - [MESSAGE][PASSED] - Text 'install' is set on object 'Object Repository/input_Password'

2017-11-27 09:22:12 - [MESSAGE][PASSED] - Keys 'ENTER + ' sent to object: 'Object Repository/input_Password'

2017-11-27 09:22:12 - [MESSAGE][PASSED] - com.helper.commonfunct.utilities.login is PASSED

2017-11-27 09:22:12 - [TEST_STEP][PASSED] - com.helper.commonfunct.BEP_CommonMethod.EstimateEmailOutput: com.helper.commonfunct.BEP_CommonMethod.EstimateEmailOutput is PASSED

2017-11-27 09:22:12 - [MESSAGE][PASSED] - Object: 'Object Repository/Generic/a_Actions' is clicked on

2017-11-27 09:22:15 - [MESSAGE][PASSED] - Object: 'Object Repository/span_New' is focused

2017-11-27 09:22:19 - [MESSAGE][PASSED] - Object: 'Object Repository/BEP/EstimateLink' is clicked on

2017-11-27 09:22:24 - [MESSAGE][PASSED] - Delayed 5 second(s)

2017-11-27 09:22:24 - [MESSAGE][WARNING] - Timeout '0' is invalid. Using default page load timeout: '30'

2017-11-27 09:22:24 - [MESSAGE][PASSED] - Object 'Object Repository/BEP/import' is visible

2017-11-27 09:22:24 - [MESSAGE][PASSED] - Object: 'Object Repository/BEP/import' is clicked on

2017-11-27 09:22:29 - [MESSAGE][PASSED] - Delayed 5 second(s)

2017-11-27 09:22:29 - [MESSAGE][PASSED] - File 'C:\EStimate.xlsm' sent to object: 'Object Repository/input_PpyWorkPageppyFilePath'

2017-11-27 09:22:34 - [MESSAGE][PASSED] - Delayed 5 second(s)

2017-11-27 09:22:36 - [MESSAGE][PASSED] - Object: 'Object Repository/button_Submit' is clicked on

2017-11-27 09:22:46 - [MESSAGE][PASSED] - Delayed 10 second(s)

2017-11-27 09:22:47 - [MESSAGE][PASSED] - Text 'BOFA' is set on object 'Object Repository/Generic/ORG'

2017-11-27 09:22:52 - [MESSAGE][PASSED] - Delayed 5 second(s)

2017-11-27 09:22:52 - [MESSAGE][PASSED] - Keys 'TAB + ' sent to object: 'Object Repository/Generic/ORG'

2017-11-27 09:22:57 - [MESSAGE][PASSED] - Delayed 5 second(s)

2017-11-27 09:22:57 - [MESSAGE][PASSED] - Text 'BOFA' is set on object 'Object Repository/Generic/ACC'

2017-11-27 09:23:02 - [MESSAGE][PASSED] - Delayed 5 second(s)

2017-11-27 09:23:02 - [MESSAGE][PASSED] - Keys 'TAB + ' sent to object: 'Object Repository/Generic/ACC'

2017-11-27 09:23:07 - [MESSAGE][PASSED] - Delayed 5 second(s)

2017-11-27 09:23:08 - [MESSAGE][PASSED] - Text 'AUTOTEST1' is set on object 'Object Repository/Generic/ENG_DESC'

2017-11-27 09:23:13 - [MESSAGE][PASSED] - Delayed 5 second(s)

2017-11-27 09:23:13 - [MESSAGE][PASSED] - Object: 'Object Repository/Generic/PlatformID' is clicked on

2017-11-27 09:23:18 - [MESSAGE][PASSED] - Delayed 5 second(s)

2017-11-27 09:23:18 - [MESSAGE][PASSED] - Keys 'AMPchroma' sent to object: 'Object Repository/Generic/PlatformID'

2017-11-27 09:23:23 - [MESSAGE][PASSED] - Delayed 5 second(s)

2017-11-27 09:23:23 - [MESSAGE][PASSED] - Object: 'Object Repository/Generic/PlatformVersion' is clicked on

2017-11-27 09:23:28 - [MESSAGE][PASSED] - Delayed 5 second(s)

2017-11-27 09:23:29 - [MESSAGE][PASSED] - Keys 'N/A' sent to object: 'Object Repository/Generic/PlatformVersion'

2017-11-27 09:23:34 - [MESSAGE][PASSED] - Delayed 5 second(s)

2017-11-27 09:23:34 - [MESSAGE][PASSED] - Scroll to object 'Object Repository/BEP/MorethanOneRLSNO' successfully

2017-11-27 09:23:34 - [MESSAGE][PASSED] - Object: 'Object Repository/BEP/MorethanOneRLSNO' is clicked on

2017-11-27 09:23:39 - [MESSAGE][PASSED] - Delayed 5 second(s)

2017-11-27 09:23:39 - [MESSAGE][PASSED] - Object: 'Object Repository/Generic/PlatformTrue' is clicked on

2017-11-27 09:23:44 - [MESSAGE][PASSED] - Delayed 5 second(s)

2017-11-27 09:23:49 - [MESSAGE][PASSED] - Delayed 5 second(s)

2017-11-27 09:23:49 - [MESSAGE][PASSED] - Object: 'Object Repository/EngInfo/PL' is clicked on

2017-11-27 09:23:54 - [MESSAGE][PASSED] - Delayed 5 second(s)

2017-11-27 09:23:55 - [MESSAGE][PASSED] - Keys 'Jeff Henderson ' sent to object: 'Object Repository/EngInfo/PL'

2017-11-27 09:24:00 - [MESSAGE][PASSED] - Delayed 5 second(s)

2017-11-27 09:24:00 - [MESSAGE][PASSED] - Object: 'Object Repository/EngInfo/PLTL' is clicked on

2017-11-27 09:24:05 - [MESSAGE][PASSED] - Delayed 5 second(s)

2017-11-27 09:24:05 - [MESSAGE][PASSED] - Keys 'Robert Higgins' sent to object: 'Object Repository/EngInfo/PLTL'

2017-11-27 09:24:10 - [MESSAGE][PASSED] - Delayed 5 second(s)

2017-11-27 09:24:10 - [MESSAGE][PASSED] - Object: 'Object Repository/EngInfo/RL' is clicked on

2017-11-27 09:24:15 - [MESSAGE][PASSED] - Delayed 5 second(s)

2017-11-27 09:24:16 - [MESSAGE][PASSED] - Keys 'Eric Panepinto' sent to object: 'Object Repository/EngInfo/RL'

2017-11-27 09:24:21 - [MESSAGE][PASSED] - Delayed 5 second(s)

2017-11-27 09:24:21 - [MESSAGE][PASSED] - Object: 'Object Repository/EngInfo/RD' is clicked on

2017-11-27 09:24:26 - [MESSAGE][PASSED] - Delayed 5 second(s)

2017-11-27 09:24:26 - [MESSAGE][PASSED] - Keys 'Robert Lang' sent to object: 'Object Repository/EngInfo/RD'

2017-11-27 09:24:31 - [MESSAGE][PASSED] - Delayed 5 second(s)

2017-11-27 09:24:31 - [MESSAGE][PASSED] - Scroll to object 'Object Repository/NEXT_BUTTON' successfully

2017-11-27 09:24:32 - [MESSAGE][PASSED] - Object: 'Object Repository/NEXT_BUTTON' is clicked on

2017-11-27 09:24:37 - [MESSAGE][PASSED] - Delayed 5 second(s)

2017-11-27 09:24:37 - [MESSAGE][PASSED] - Text '12' is set on object 'Object Repository/BEP/DurationLow'

2017-11-27 09:24:42 - [MESSAGE][PASSED] - Delayed 5 second(s)

2017-11-27 09:24:42 - [MESSAGE][PASSED] - Keys 'TAB + ' sent to object: 'Object Repository/BEP/DurationLow'

2017-11-27 09:24:47 - [MESSAGE][PASSED] - Delayed 5 second(s)

2017-11-27 09:24:47 - [MESSAGE][PASSED] - Text '12' is set on object 'Object Repository/BEP/DurationHigh'

2017-11-27 09:24:52 - [MESSAGE][PASSED] - Delayed 5 second(s)

2017-11-27 09:24:52 - [MESSAGE][PASSED] - Keys 'TAB + ' sent to object: 'Object Repository/BEP/DurationHigh'

2017-11-27 09:24:57 - [MESSAGE][PASSED] - Delayed 5 second(s)

2017-11-27 09:24:57 - [MESSAGE][PASSED] - Text '12' is set on object 'Object Repository/BEP/PartnerHoursLow'

2017-11-27 09:25:02 - [MESSAGE][PASSED] - Delayed 5 second(s)

2017-11-27 09:25:02 - [MESSAGE][PASSED] - Keys 'TAB + ' sent to object: 'Object Repository/BEP/PartnerHoursLow'

2017-11-27 09:25:07 - [MESSAGE][PASSED] - Delayed 5 second(s)

2017-11-27 09:25:08 - [MESSAGE][PASSED] - Text '12' is set on object 'Object Repository/BEP/PartnerHoursHigh'

2017-11-27 09:25:13 - [MESSAGE][PASSED] - Delayed 5 second(s)

2017-11-27 09:25:13 - [MESSAGE][PASSED] - Object: 'Object Repository/BEP/EstimationMethod' is clicked on

2017-11-27 09:25:18 - [MESSAGE][PASSED] - Delayed 5 second(s)

2017-11-27 09:25:18 - [MESSAGE][PASSED] - Keys 'BSW' sent to object: 'Object Repository/BEP/EstimationMethod'

2017-11-27 09:25:23 - [MESSAGE][PASSED] - Delayed 5 second(s)

2017-11-27 09:25:23 - [MESSAGE][PASSED] - Object: 'Object Repository/BEP/routeToRL' is clicked on

2017-11-27 09:25:28 - [MESSAGE][PASSED] - Delayed 5 second(s)

2017-11-27 09:25:28 - [MESSAGE][PASSED] - Scroll to object 'Object Repository/NEXT_BUTTON' successfully

2017-11-27 09:25:29 - [MESSAGE][PASSED] - Object: 'Object Repository/NEXT_BUTTON' is clicked on

2017-11-27 09:25:34 - [MESSAGE][PASSED] - Delayed 5 second(s)

2017-11-27 09:25:34 - [MESSAGE][PASSED] - Object: 'Object Repository/BEP/BEPOutputEmail' is clicked on

2017-11-27 09:25:39 - [MESSAGE][PASSED] - Delayed 5 second(s)

2017-11-27 09:25:39 - [MESSAGE][PASSED] - Object: 'Object Repository/BEP/RECEIPIENT' is clicked on

2017-11-27 09:25:44 - [MESSAGE][PASSED] - Delayed 5 second(s)

2017-11-27 09:25:45 - [MESSAGE][PASSED] - Object: 'Object Repository/BEP/AddEmailID' is clicked on

2017-11-27 09:25:50 - [MESSAGE][PASSED] - Delayed 5 second(s)

2017-11-27 09:25:50 - [MESSAGE][PASSED] - Keys 'nagaveni.nipinale@in.pega.com' sent to object: 'Object Repository/BEP/MAILID_XPATH'

2017-11-27 09:25:55 - [MESSAGE][PASSED] - Delayed 5 second(s)

2017-11-27 09:25:55 - [MESSAGE][PASSED] - Object: 'Object Repository/BEP/modal_submit' is clicked on

2017-11-27 09:26:00 - [MESSAGE][PASSED] - Delayed 5 second(s)

2017-11-27 09:26:01 - [MESSAGE][PASSED] - Keys 'Test Automation' sent to object: 'Object Repository/BEP/Email_Subject'

2017-11-27 09:26:01 - [MESSAGE][PASSED] - Scroll to object 'Object Repository/NEXT_BUTTON' successfully

2017-11-27 09:26:01 - [MESSAGE][PASSED] - Object: 'Object Repository/NEXT_BUTTON' is clicked on

2017-11-27 09:26:06 - [MESSAGE][PASSED] - Delayed 5 second(s)

2017-11-27 09:26:06 - [MESSAGE][PASSED] - Scroll to object 'Object Repository/Generic/FINISH_BUTTON' successfully

2017-11-27 09:26:06 - [MESSAGE][PASSED] - Object: 'Object Repository/Generic/FINISH_BUTTON' is clicked on

2017-11-27 09:27:04 - [MESSAGE][PASSED] - Text of object 'Object Repository/BEP/BEPWOID' is: 'BEP-27Nov2017-4'

2017-11-27 09:27:04 - [MESSAGE][PASSED] - com.helper.commonfunct.BEP_CommonMethod.EstimateEmailOutput is PASSED

2017-11-27 09:27:04 - [TEST_STEP][PASSED] - com.helper.commonfunct.BEP_CommonMethod.woid: com.helper.commonfunct.BEP_CommonMethod.woid is PASSED

2017-11-27 09:27:04 - [MESSAGE][PASSED] - Text of object 'Object Repository/BEP/BEPWOID' is: 'BEP-27Nov2017-4'

2017-11-27 09:27:04 - [MESSAGE][PASSED] - com.helper.commonfunct.BEP_CommonMethod.woid is PASSED

2017-11-27 09:27:04 - [TEST_STEP][PASSED] - com.helper.commonfunct.BEP_CommonMethod.WOstatus: com.helper.commonfunct.BEP_CommonMethod.WOstatus is PASSED

2017-11-27 09:27:04 - [MESSAGE][PASSED] - Text of object 'Object Repository/BEP/WOSTATUS' is: 'Pending-RDApproval'

2017-11-27 09:27:04 - [MESSAGE][PASSED] - com.helper.commonfunct.BEP_CommonMethod.WOstatus is PASSED

2017-11-27 09:27:04 - [TEST_STEP][PASSED] - Statement - println(WOID): null

2017-11-27 09:27:04 - [MESSAGE][PASSED] - Call Test Case 'Test Cases/BEP/TC_Create_BEP_EmailOutput' successfully

2017-11-27 09:27:04 - [TEST_STEP][PASSED] - Statement - SendEmail = true: null

2017-11-27 09:27:04 - [TEST_STEP][PASSED] - Statement - CreateECR = false: null

2017-11-27 09:27:04 - [TEST_STEP][PASSED] - callTestCase: Call Test Case 'Test Cases/BEP/All_Approval_Reject' successfully

2017-11-27 09:27:04 - [TEST_CASE][PASSED] - Test Cases/BEP/All_Approval_Reject: Test Cases/BEP/All_Approval_Reject

2017-11-27 09:27:04 - [TEST_STEP][PASSED] - Statement - While (WOSTATUS.contains("Pending")): com.helper.commonfunct.utilities.WOstatus is PASSED

2017-11-27 09:27:04 - [TEST_STEP][PASSED] - Statement - For ([j = 0, j < AssignmentList.size(), (j++)]): com.helper.commonfunct.utilities.WOstatus is PASSED

2017-11-27 09:27:04 - [TEST_STEP][PASSED] - Statement - Status = text: null

2017-11-27 09:27:04 - [TEST_STEP][PASSED] - Statement - println(Status): null

2017-11-27 09:27:04 - [TEST_STEP][PASSED] - Statement - If (WOSTATUS == "Pending-RDApproval"): com.helper.commonfunct.utilities.WOstatus is PASSED

2017-11-27 09:27:04 - [TEST_STEP][PASSED] - Statement - If (RDReject == false): com.helper.commonfunct.utilities.WOstatus is PASSED

2017-11-27 09:27:04 - [TEST_STEP][PASSED] - Statement - If (RouteToRL == true): com.helper.commonfunct.utilities.WOstatus is PASSED

2017-11-27 09:27:04 - [TEST_STEP][PASSED] - com.helper.commonfunct.utilities.login: com.helper.commonfunct.utilities.login is PASSED

2017-11-27 09:27:04 - [MESSAGE][WARNING] - A browser is already opened. Closing browser and opening a new one

2017-11-27 09:27:08 - [MESSAGE][PASSED] - Browser is opened with url: ''

2017-11-27 09:27:09 - [MESSAGE][PASSED] - Navigate to 'https://vtcpqa2.rpega.com:9030/tcpqa/PRServlet' successfully

2017-11-27 09:27:09 - [MESSAGE][PASSED] - Text 'langr1@pegasystems.com' is set on object 'Object Repository/input_UserIdentifier'

2017-11-27 09:27:09 - [MESSAGE][PASSED] - Text 'install' is set on object 'Object Repository/input_Password'

2017-11-27 09:27:13 - [MESSAGE][PASSED] - Keys 'ENTER + ' sent to object: 'Object Repository/input_Password'

2017-11-27 09:27:13 - [MESSAGE][PASSED] - com.helper.commonfunct.utilities.login is PASSED

2017-11-27 09:27:13 - [TEST_STEP][PASSED] - com.helper.commonfunct.utilities.search: com.helper.commonfunct.utilities.search is PASSED

2017-11-27 09:27:14 - [MESSAGE][PASSED] - Current window maximized

2017-11-27 09:27:19 - [MESSAGE][PASSED] - Delayed 5 second(s)

2017-11-27 09:27:19 - [MESSAGE][PASSED] - Text 'BEP-27Nov2017-4' is set on object 'Object Repository/EngInfo/search'

2017-11-27 09:27:24 - [MESSAGE][PASSED] - Delayed 5 second(s)

2017-11-27 09:27:24 - [MESSAGE][PASSED] - Keys 'ENTER + ' sent to object: 'Object Repository/EngInfo/search'

2017-11-27 09:27:29 - [MESSAGE][PASSED] - Delayed 5 second(s)

2017-11-27 09:27:29 - [MESSAGE][PASSED] - com.helper.commonfunct.utilities.search is PASSED

2017-11-27 09:27:29 - [TEST_STEP][PASSED] - com.helper.commonfunct.BEP_CommonMethod.RDapprove: com.helper.commonfunct.BEP_CommonMethod.RDapprove is PASSED

2017-11-27 09:27:34 - [MESSAGE][PASSED] - Delayed 5 second(s)

2017-11-27 09:27:34 - [MESSAGE][WARNING] - Timeout '0' is invalid. Using default page load timeout: '30'

2017-11-27 09:27:36 - [MESSAGE][PASSED] - Object: 'Object Repository/BEP/RDLink' is clicked on

2017-11-27 09:27:41 - [MESSAGE][PASSED] - Delayed 5 second(s)

2017-11-27 09:27:41 - [MESSAGE][PASSED] - Scroll to object 'Object Repository/NEXT_BUTTON' successfully

2017-11-27 09:27:41 - [MESSAGE][PASSED] - Object: 'Object Repository/NEXT_BUTTON' is clicked on

2017-11-27 09:27:46 - [MESSAGE][PASSED] - Delayed 5 second(s)

2017-11-27 09:27:46 - [MESSAGE][WARNING] - Timeout '0' is invalid. Using default page load timeout: '30'

2017-11-27 09:27:46 - [MESSAGE][PASSED] - Scroll to object 'Object Repository/BEP/RD_RLApprove' successfully

2017-11-27 09:27:46 - [MESSAGE][PASSED] - Object: 'Object Repository/BEP/RD_RLApprove' is clicked on

2017-11-27 09:27:51 - [MESSAGE][PASSED] - Delayed 5 second(s)

2017-11-27 09:27:52 - [MESSAGE][PASSED] - Text 'Testing' is set on object 'Object Repository/BEP/BEP_CASENOTES'

2017-11-27 09:27:57 - [MESSAGE][PASSED] - Delayed 5 second(s)

2017-11-27 09:27:57 - [MESSAGE][WARNING] - Timeout '0' is invalid. Using default page load timeout: '30'

2017-11-27 09:27:57 - [MESSAGE][PASSED] - Scroll to object 'Object Repository/BEP/FINISH_ASSIGNMENT' successfully

2017-11-27 09:27:57 - [MESSAGE][PASSED] - Object: 'Object Repository/BEP/FINISH_ASSIGNMENT' is clicked on

2017-11-27 09:28:02 - [MESSAGE][PASSED] - Delayed 5 second(s)

2017-11-27 09:28:02 - [MESSAGE][PASSED] - com.helper.commonfunct.BEP_CommonMethod.RDapprove is PASSED

2017-11-27 09:28:02 - [TEST_STEP][PASSED] - com.helper.commonfunct.utilities.WOstatus: com.helper.commonfunct.utilities.WOstatus is PASSED

2017-11-27 09:28:16 - [MESSAGE][PASSED] - Text of object 'Object Repository/ECR/WOSTATUS' is: 'Pending-RLApproval'

2017-11-27 09:28:16 - [MESSAGE][PASSED] - com.helper.commonfunct.utilities.WOstatus is PASSED

2017-11-27 09:28:16 - [TEST_STEP][PASSED] - Statement - Status = text: null

2017-11-27 09:28:16 - [TEST_STEP][PASSED] - Statement - println(Status): null

2017-11-27 09:28:16 - [TEST_STEP][PASSED] - Statement - If (WOSTATUS == "Pending-RDApproval"): null

2017-11-27 09:28:16 - [TEST_STEP][PASSED] - Statement - Else If (WOSTATUS == "Pending-RLApproval"): com.helper.commonfunct.utilities.WOstatus is PASSED

2017-11-27 09:28:16 - [TEST_STEP][PASSED] - Statement - If (RLReject == false): com.helper.commonfunct.utilities.WOstatus is PASSED

2017-11-27 09:28:16 - [TEST_STEP][PASSED] - com.helper.commonfunct.utilities.login: com.helper.commonfunct.utilities.login is PASSED

2017-11-27 09:28:16 - [MESSAGE][WARNING] - A browser is already opened. Closing browser and opening a new one

2017-11-27 09:28:19 - [MESSAGE][PASSED] - Browser is opened with url: ''

2017-11-27 09:28:20 - [MESSAGE][PASSED] - Navigate to 'https://vtcpqa2.rpega.com:9030/tcpqa/PRServlet' successfully

2017-11-27 09:28:20 - [MESSAGE][PASSED] - Text 'panee@pegasystems.com' is set on object 'Object Repository/input_UserIdentifier'

2017-11-27 09:28:21 - [MESSAGE][PASSED] - Text 'install' is set on object 'Object Repository/input_Password'

2017-11-27 09:28:23 - [MESSAGE][PASSED] - Keys 'ENTER + ' sent to object: 'Object Repository/input_Password'

2017-11-27 09:28:23 - [MESSAGE][PASSED] - com.helper.commonfunct.utilities.login is PASSED

2017-11-27 09:28:23 - [TEST_STEP][PASSED] - com.helper.commonfunct.utilities.search: com.helper.commonfunct.utilities.search is PASSED

2017-11-27 09:28:25 - [MESSAGE][PASSED] - Current window maximized

2017-11-27 09:28:30 - [MESSAGE][PASSED] - Delayed 5 second(s)

2017-11-27 09:28:30 - [MESSAGE][PASSED] - Text 'BEP-27Nov2017-4' is set on object 'Object Repository/EngInfo/search'

2017-11-27 09:28:35 - [MESSAGE][PASSED] - Delayed 5 second(s)

2017-11-27 09:28:35 - [MESSAGE][PASSED] - Keys 'ENTER + ' sent to object: 'Object Repository/EngInfo/search'

2017-11-27 09:28:40 - [MESSAGE][PASSED] - Delayed 5 second(s)

2017-11-27 09:28:40 - [MESSAGE][PASSED] - com.helper.commonfunct.utilities.search is PASSED

2017-11-27 09:28:40 - [TEST_STEP][PASSED] - com.helper.commonfunct.BEP_CommonMethod.RLapprove: com.helper.commonfunct.BEP_CommonMethod.RLapprove is PASSED

2017-11-27 09:28:45 - [MESSAGE][PASSED] - Delayed 5 second(s)

2017-11-27 09:28:45 - [MESSAGE][WARNING] - Timeout '0' is invalid. Using default page load timeout: '30'

2017-11-27 09:28:47 - [MESSAGE][PASSED] - Object: 'Object Repository/BEP/RlLink' is clicked on

2017-11-27 09:28:52 - [MESSAGE][PASSED] - Delayed 5 second(s)

2017-11-27 09:28:52 - [MESSAGE][PASSED] - Scroll to object 'Object Repository/NEXT_BUTTON' successfully

2017-11-27 09:28:52 - [MESSAGE][PASSED] - Object: 'Object Repository/NEXT_BUTTON' is clicked on

2017-11-27 09:28:57 - [MESSAGE][PASSED] - Delayed 5 second(s)

2017-11-27 09:28:57 - [MESSAGE][WARNING] - Timeout '0' is invalid. Using default page load timeout: '30'

2017-11-27 09:28:57 - [MESSAGE][PASSED] - Scroll to object 'Object Repository/BEP/RD_RLApprove' successfully

2017-11-27 09:28:58 - [MESSAGE][PASSED] - Object: 'Object Repository/BEP/RD_RLApprove' is clicked on

2017-11-27 09:29:03 - [MESSAGE][PASSED] - Delayed 5 second(s)

2017-11-27 09:29:03 - [MESSAGE][PASSED] - Text 'Testing' is set on object 'Object Repository/BEP/BEP_CASENOTES'

2017-11-27 09:29:08 - [MESSAGE][PASSED] - Delayed 5 second(s)

2017-11-27 09:29:08 - [MESSAGE][WARNING] - Timeout '0' is invalid. Using default page load timeout: '30'

2017-11-27 09:29:08 - [MESSAGE][PASSED] - Scroll to object 'Object Repository/BEP/FINISH_ASSIGNMENT' successfully

2017-11-27 09:29:08 - [MESSAGE][PASSED] - Object: 'Object Repository/BEP/FINISH_ASSIGNMENT' is clicked on

2017-11-27 09:29:13 - [MESSAGE][PASSED] - Delayed 5 second(s)

2017-11-27 09:29:56 - [MESSAGE][PASSED] - Text of object 'Object Repository/BEP/WOSTATUS' is: 'Pending-EmailCustomer'

2017-11-27 09:29:56 - [MESSAGE][PASSED] - com.helper.commonfunct.BEP_CommonMethod.RLapprove is PASSED

2017-11-27 09:29:56 - [TEST_STEP][PASSED] - com.helper.commonfunct.utilities.WOstatus: com.helper.commonfunct.utilities.WOstatus is PASSED

2017-11-27 09:29:56 - [MESSAGE][PASSED] - Text of object 'Object Repository/ECR/WOSTATUS' is: 'Pending-EmailCustomer'

2017-11-27 09:29:56 - [MESSAGE][PASSED] - com.helper.commonfunct.utilities.WOstatus is PASSED

2017-11-27 09:29:56 - [TEST_STEP][PASSED] - Statement - For ([j = 0, j < AssignmentList.size(), (j++)]): com.helper.commonfunct.utilities.WOstatus is PASSED

2017-11-27 09:29:56 - [TEST_STEP][PASSED] - Statement - Status = text: null

2017-11-27 09:29:56 - [TEST_STEP][PASSED] - Statement - println(Status): null

2017-11-27 09:29:56 - [TEST_STEP][PASSED] - Statement - If (WOSTATUS == "Pending-RDApproval"): null

2017-11-27 09:29:56 - [TEST_STEP][PASSED] - Statement - Else If (WOSTATUS == "Pending-RLApproval"): null

2017-11-27 09:29:56 - [TEST_STEP][PASSED] - Statement - Else If (WOSTATUS == "Pending-Update"): null

2017-11-27 09:29:56 - [TEST_STEP][PASSED] - Statement - Else If (WOSTATUS == "Pending-Meeting"): null

2017-11-27 09:29:56 - [TEST_STEP][PASSED] - Statement - Else If (WOSTATUS == "Pending-EmailCustomer"): com.helper.commonfunct.utilities.WOstatus is PASSED

2017-11-27 09:29:56 - [TEST_STEP][PASSED] - Statement - If (SendEmail == true): com.helper.commonfunct.utilities.WOstatus is PASSED

2017-11-27 09:29:56 - [TEST_STEP][PASSED] - com.helper.commonfunct.utilities.login: com.helper.commonfunct.utilities.login is PASSED

2017-11-27 09:29:56 - [MESSAGE][WARNING] - A browser is already opened. Closing browser and opening a new one

2017-11-27 09:29:59 - [MESSAGE][PASSED] - Browser is opened with url: ''

2017-11-27 09:30:00 - [MESSAGE][PASSED] - Navigate to 'https://vtcpqa2.rpega.com:9030/tcpqa/PRServlet' successfully

2017-11-27 09:30:00 - [MESSAGE][PASSED] - Text 'hendj@pegasystems.com' is set on object 'Object Repository/input_UserIdentifier'

2017-11-27 09:30:00 - [MESSAGE][PASSED] - Text 'install' is set on object 'Object Repository/input_Password'

2017-11-27 09:30:03 - [MESSAGE][PASSED] - Keys 'ENTER + ' sent to object: 'Object Repository/input_Password'

2017-11-27 09:30:03 - [MESSAGE][PASSED] - com.helper.commonfunct.utilities.login is PASSED

2017-11-27 09:30:03 - [TEST_STEP][PASSED] - com.helper.commonfunct.utilities.search: com.helper.commonfunct.utilities.search is PASSED

2017-11-27 09:30:04 - [MESSAGE][PASSED] - Current window maximized

2017-11-27 09:30:09 - [MESSAGE][PASSED] - Delayed 5 second(s)

2017-11-27 09:30:10 - [MESSAGE][PASSED] - Text 'BEP-27Nov2017-4' is set on object 'Object Repository/EngInfo/search'

2017-11-27 09:30:15 - [MESSAGE][PASSED] - Delayed 5 second(s)

2017-11-27 09:30:15 - [MESSAGE][PASSED] - Keys 'ENTER + ' sent to object: 'Object Repository/EngInfo/search'

2017-11-27 09:30:20 - [MESSAGE][PASSED] - Delayed 5 second(s)

2017-11-27 09:30:20 - [MESSAGE][PASSED] - com.helper.commonfunct.utilities.search is PASSED

2017-11-27 09:30:20 - [TEST_STEP][PASSED] - com.helper.commonfunct.BEP_CommonMethod.EmailCustomer: com.helper.commonfunct.BEP_CommonMethod.EmailCustomer is PASSED

2017-11-27 09:30:25 - [MESSAGE][PASSED] - Delayed 5 second(s)

2017-11-27 09:30:25 - [MESSAGE][WARNING] - Timeout '0' is invalid. Using default page load timeout: '30'

2017-11-27 09:30:26 - [MESSAGE][PASSED] - Object: 'Object Repository/BEP/SendCustomerEmail' is clicked on

2017-11-27 09:30:31 - [MESSAGE][PASSED] - Delayed 5 second(s)

2017-11-27 09:30:31 - [MESSAGE][PASSED] - Object: 'Object Repository/BEP/SEND_EMAIL' is clicked on

2017-11-27 09:30:36 - [MESSAGE][PASSED] - Delayed 5 second(s)

2017-11-27 09:30:36 - [MESSAGE][PASSED] - com.helper.commonfunct.BEP_CommonMethod.EmailCustomer is PASSED

2017-11-27 09:30:36 - [TEST_STEP][PASSED] - com.helper.commonfunct.utilities.WOstatus: com.helper.commonfunct.utilities.WOstatus is PASSED

2017-11-27 09:30:37 - [MESSAGE][PASSED] - Text of object 'Object Repository/ECR/WOSTATUS' is: 'Resolved-Approved'

2017-11-27 09:30:37 - [MESSAGE][PASSED] - com.helper.commonfunct.utilities.WOstatus is PASSED

2017-11-27 09:30:37 - [MESSAGE][PASSED] - Call Test Case 'Test Cases/BEP/All_Approval_Reject' successfully]]></system-out>
         <system-err><![CDATA[]]></system-err>
      </testcase>
      <testcase name="Test Cases/BEP/TC_CreateBEP_EmailOutput_SkipEmail_CreateECR" classname="Test Cases/BEP/TC_CreateBEP_EmailOutput_SkipEmail_CreateECR" status="PASSED">
         <system-out><![CDATA[2017-11-27 09:30:37 - [TEST_CASE][PASSED] - Test Cases/BEP/TC_CreateBEP_EmailOutput_SkipEmail_CreateECR: Test Cases/BEP/TC_CreateBEP_EmailOutput_SkipEmail_CreateECR

2017-11-27 09:30:38 - [TEST_STEP][PASSED] - callTestCase: Call Test Case 'Test Cases/BEP/TC_Create_BEP_EmailOutput' successfully

2017-11-27 09:30:38 - [TEST_CASE][PASSED] - Test Cases/BEP/TC_Create_BEP_EmailOutput: Test Cases/BEP/TC_Create_BEP_EmailOutput

2017-11-27 09:30:38 - [TEST_STEP][PASSED] - com.helper.commonfunct.utilities.login: com.helper.commonfunct.utilities.login is PASSED

2017-11-27 09:30:38 - [MESSAGE][WARNING] - A browser is already opened. Closing browser and opening a new one

2017-11-27 09:30:41 - [MESSAGE][PASSED] - Browser is opened with url: ''

2017-11-27 09:30:42 - [MESSAGE][PASSED] - Navigate to 'https://vtcpqa2.rpega.com:9030/tcpqa/PRServlet' successfully

2017-11-27 09:30:42 - [MESSAGE][PASSED] - Text 'hendj@pegasystems.com' is set on object 'Object Repository/input_UserIdentifier'

2017-11-27 09:30:42 - [MESSAGE][PASSED] - Text 'install' is set on object 'Object Repository/input_Password'

2017-11-27 09:30:44 - [MESSAGE][PASSED] - Keys 'ENTER + ' sent to object: 'Object Repository/input_Password'

2017-11-27 09:30:44 - [MESSAGE][PASSED] - com.helper.commonfunct.utilities.login is PASSED

2017-11-27 09:30:44 - [TEST_STEP][PASSED] - com.helper.commonfunct.BEP_CommonMethod.EstimateEmailOutput: com.helper.commonfunct.BEP_CommonMethod.EstimateEmailOutput is PASSED

2017-11-27 09:30:44 - [MESSAGE][PASSED] - Object: 'Object Repository/Generic/a_Actions' is clicked on

2017-11-27 09:30:48 - [MESSAGE][PASSED] - Object: 'Object Repository/span_New' is focused

2017-11-27 09:30:50 - [MESSAGE][PASSED] - Object: 'Object Repository/BEP/EstimateLink' is clicked on

2017-11-27 09:30:55 - [MESSAGE][PASSED] - Delayed 5 second(s)

2017-11-27 09:30:55 - [MESSAGE][WARNING] - Timeout '0' is invalid. Using default page load timeout: '30'

2017-11-27 09:30:56 - [MESSAGE][PASSED] - Object 'Object Repository/BEP/import' is visible

2017-11-27 09:30:56 - [MESSAGE][PASSED] - Object: 'Object Repository/BEP/import' is clicked on

2017-11-27 09:31:01 - [MESSAGE][PASSED] - Delayed 5 second(s)

2017-11-27 09:31:01 - [MESSAGE][PASSED] - File 'C:\EStimate.xlsm' sent to object: 'Object Repository/input_PpyWorkPageppyFilePath'

2017-11-27 09:31:06 - [MESSAGE][PASSED] - Delayed 5 second(s)

2017-11-27 09:31:09 - [MESSAGE][PASSED] - Object: 'Object Repository/button_Submit' is clicked on

2017-11-27 09:31:19 - [MESSAGE][PASSED] - Delayed 10 second(s)

2017-11-27 09:31:19 - [MESSAGE][PASSED] - Text 'BOFA' is set on object 'Object Repository/Generic/ORG'

2017-11-27 09:31:24 - [MESSAGE][PASSED] - Delayed 5 second(s)

2017-11-27 09:31:24 - [MESSAGE][PASSED] - Keys 'TAB + ' sent to object: 'Object Repository/Generic/ORG'

2017-11-27 09:31:29 - [MESSAGE][PASSED] - Delayed 5 second(s)

2017-11-27 09:31:29 - [MESSAGE][PASSED] - Text 'BOFA' is set on object 'Object Repository/Generic/ACC'

2017-11-27 09:31:34 - [MESSAGE][PASSED] - Delayed 5 second(s)

2017-11-27 09:31:34 - [MESSAGE][PASSED] - Keys 'TAB + ' sent to object: 'Object Repository/Generic/ACC'

2017-11-27 09:31:39 - [MESSAGE][PASSED] - Delayed 5 second(s)

2017-11-27 09:31:40 - [MESSAGE][PASSED] - Text 'AUTOTEST1' is set on object 'Object Repository/Generic/ENG_DESC'

2017-11-27 09:31:45 - [MESSAGE][PASSED] - Delayed 5 second(s)

2017-11-27 09:31:45 - [MESSAGE][PASSED] - Object: 'Object Repository/Generic/PlatformID' is clicked on

2017-11-27 09:31:50 - [MESSAGE][PASSED] - Delayed 5 second(s)

2017-11-27 09:31:50 - [MESSAGE][PASSED] - Keys 'AMPchroma' sent to object: 'Object Repository/Generic/PlatformID'

2017-11-27 09:31:55 - [MESSAGE][PASSED] - Delayed 5 second(s)

2017-11-27 09:31:55 - [MESSAGE][PASSED] - Object: 'Object Repository/Generic/PlatformVersion' is clicked on

2017-11-27 09:32:00 - [MESSAGE][PASSED] - Delayed 5 second(s)

2017-11-27 09:32:01 - [MESSAGE][PASSED] - Keys 'N/A' sent to object: 'Object Repository/Generic/PlatformVersion'

2017-11-27 09:32:06 - [MESSAGE][PASSED] - Delayed 5 second(s)

2017-11-27 09:32:06 - [MESSAGE][PASSED] - Scroll to object 'Object Repository/BEP/MorethanOneRLSNO' successfully

2017-11-27 09:32:06 - [MESSAGE][PASSED] - Object: 'Object Repository/BEP/MorethanOneRLSNO' is clicked on

2017-11-27 09:32:11 - [MESSAGE][PASSED] - Delayed 5 second(s)

2017-11-27 09:32:11 - [MESSAGE][PASSED] - Object: 'Object Repository/Generic/PlatformTrue' is clicked on

2017-11-27 09:32:16 - [MESSAGE][PASSED] - Delayed 5 second(s)

2017-11-27 09:32:21 - [MESSAGE][PASSED] - Delayed 5 second(s)

2017-11-27 09:32:22 - [MESSAGE][PASSED] - Object: 'Object Repository/EngInfo/PL' is clicked on

2017-11-27 09:32:27 - [MESSAGE][PASSED] - Delayed 5 second(s)

2017-11-27 09:32:27 - [MESSAGE][PASSED] - Keys 'Jeff Henderson ' sent to object: 'Object Repository/EngInfo/PL'

2017-11-27 09:32:32 - [MESSAGE][PASSED] - Delayed 5 second(s)

2017-11-27 09:32:32 - [MESSAGE][PASSED] - Object: 'Object Repository/EngInfo/PLTL' is clicked on

2017-11-27 09:32:37 - [MESSAGE][PASSED] - Delayed 5 second(s)

2017-11-27 09:32:37 - [MESSAGE][PASSED] - Keys 'Robert Higgins' sent to object: 'Object Repository/EngInfo/PLTL'

2017-11-27 09:32:42 - [MESSAGE][PASSED] - Delayed 5 second(s)

2017-11-27 09:32:42 - [MESSAGE][PASSED] - Object: 'Object Repository/EngInfo/RL' is clicked on

2017-11-27 09:32:47 - [MESSAGE][PASSED] - Delayed 5 second(s)

2017-11-27 09:32:48 - [MESSAGE][PASSED] - Keys 'Eric Panepinto' sent to object: 'Object Repository/EngInfo/RL'

2017-11-27 09:32:53 - [MESSAGE][PASSED] - Delayed 5 second(s)

2017-11-27 09:32:53 - [MESSAGE][PASSED] - Object: 'Object Repository/EngInfo/RD' is clicked on

2017-11-27 09:32:58 - [MESSAGE][PASSED] - Delayed 5 second(s)

2017-11-27 09:32:58 - [MESSAGE][PASSED] - Keys 'Robert Lang' sent to object: 'Object Repository/EngInfo/RD'

2017-11-27 09:33:03 - [MESSAGE][PASSED] - Delayed 5 second(s)

2017-11-27 09:33:03 - [MESSAGE][PASSED] - Scroll to object 'Object Repository/NEXT_BUTTON' successfully

2017-11-27 09:33:03 - [MESSAGE][PASSED] - Object: 'Object Repository/NEXT_BUTTON' is clicked on

2017-11-27 09:33:08 - [MESSAGE][PASSED] - Delayed 5 second(s)

2017-11-27 09:33:09 - [MESSAGE][PASSED] - Text '12' is set on object 'Object Repository/BEP/DurationLow'

2017-11-27 09:33:14 - [MESSAGE][PASSED] - Delayed 5 second(s)

2017-11-27 09:33:14 - [MESSAGE][PASSED] - Keys 'TAB + ' sent to object: 'Object Repository/BEP/DurationLow'

2017-11-27 09:33:19 - [MESSAGE][PASSED] - Delayed 5 second(s)

2017-11-27 09:33:19 - [MESSAGE][PASSED] - Text '12' is set on object 'Object Repository/BEP/DurationHigh'

2017-11-27 09:33:24 - [MESSAGE][PASSED] - Delayed 5 second(s)

2017-11-27 09:33:24 - [MESSAGE][PASSED] - Keys 'TAB + ' sent to object: 'Object Repository/BEP/DurationHigh'

2017-11-27 09:33:29 - [MESSAGE][PASSED] - Delayed 5 second(s)

2017-11-27 09:33:29 - [MESSAGE][PASSED] - Text '12' is set on object 'Object Repository/BEP/PartnerHoursLow'

2017-11-27 09:33:34 - [MESSAGE][PASSED] - Delayed 5 second(s)

2017-11-27 09:33:34 - [MESSAGE][PASSED] - Keys 'TAB + ' sent to object: 'Object Repository/BEP/PartnerHoursLow'

2017-11-27 09:33:39 - [MESSAGE][PASSED] - Delayed 5 second(s)

2017-11-27 09:33:39 - [MESSAGE][PASSED] - Text '12' is set on object 'Object Repository/BEP/PartnerHoursHigh'

2017-11-27 09:33:44 - [MESSAGE][PASSED] - Delayed 5 second(s)

2017-11-27 09:33:45 - [MESSAGE][PASSED] - Object: 'Object Repository/BEP/EstimationMethod' is clicked on

2017-11-27 09:33:50 - [MESSAGE][PASSED] - Delayed 5 second(s)

2017-11-27 09:33:50 - [MESSAGE][PASSED] - Keys 'BSW' sent to object: 'Object Repository/BEP/EstimationMethod'

2017-11-27 09:33:55 - [MESSAGE][PASSED] - Delayed 5 second(s)

2017-11-27 09:33:55 - [MESSAGE][PASSED] - Object: 'Object Repository/BEP/routeToRL' is clicked on

2017-11-27 09:34:00 - [MESSAGE][PASSED] - Delayed 5 second(s)

2017-11-27 09:34:00 - [MESSAGE][PASSED] - Scroll to object 'Object Repository/NEXT_BUTTON' successfully

2017-11-27 09:34:00 - [MESSAGE][PASSED] - Object: 'Object Repository/NEXT_BUTTON' is clicked on

2017-11-27 09:34:05 - [MESSAGE][PASSED] - Delayed 5 second(s)

2017-11-27 09:34:06 - [MESSAGE][PASSED] - Object: 'Object Repository/BEP/BEPOutputEmail' is clicked on

2017-11-27 09:34:11 - [MESSAGE][PASSED] - Delayed 5 second(s)

2017-11-27 09:34:11 - [MESSAGE][PASSED] - Object: 'Object Repository/BEP/RECEIPIENT' is clicked on

2017-11-27 09:34:16 - [MESSAGE][PASSED] - Delayed 5 second(s)

2017-11-27 09:34:16 - [MESSAGE][PASSED] - Object: 'Object Repository/BEP/AddEmailID' is clicked on

2017-11-27 09:34:21 - [MESSAGE][PASSED] - Delayed 5 second(s)

2017-11-27 09:34:21 - [MESSAGE][PASSED] - Keys 'nagaveni.nipinale@in.pega.com' sent to object: 'Object Repository/BEP/MAILID_XPATH'

2017-11-27 09:34:26 - [MESSAGE][PASSED] - Delayed 5 second(s)

2017-11-27 09:34:27 - [MESSAGE][PASSED] - Object: 'Object Repository/BEP/modal_submit' is clicked on

2017-11-27 09:34:32 - [MESSAGE][PASSED] - Delayed 5 second(s)

2017-11-27 09:34:32 - [MESSAGE][PASSED] - Keys 'Test Automation' sent to object: 'Object Repository/BEP/Email_Subject'

2017-11-27 09:34:32 - [MESSAGE][PASSED] - Scroll to object 'Object Repository/NEXT_BUTTON' successfully

2017-11-27 09:34:32 - [MESSAGE][PASSED] - Object: 'Object Repository/NEXT_BUTTON' is clicked on

2017-11-27 09:34:37 - [MESSAGE][PASSED] - Delayed 5 second(s)

2017-11-27 09:34:37 - [MESSAGE][PASSED] - Scroll to object 'Object Repository/Generic/FINISH_BUTTON' successfully

2017-11-27 09:34:37 - [MESSAGE][PASSED] - Object: 'Object Repository/Generic/FINISH_BUTTON' is clicked on

2017-11-27 09:34:46 - [MESSAGE][PASSED] - Text of object 'Object Repository/BEP/BEPWOID' is: 'BEP-27Nov2017-5'

2017-11-27 09:34:46 - [MESSAGE][PASSED] - com.helper.commonfunct.BEP_CommonMethod.EstimateEmailOutput is PASSED

2017-11-27 09:34:46 - [TEST_STEP][PASSED] - com.helper.commonfunct.BEP_CommonMethod.woid: com.helper.commonfunct.BEP_CommonMethod.woid is PASSED

2017-11-27 09:34:46 - [MESSAGE][PASSED] - Text of object 'Object Repository/BEP/BEPWOID' is: 'BEP-27Nov2017-5'

2017-11-27 09:34:46 - [MESSAGE][PASSED] - com.helper.commonfunct.BEP_CommonMethod.woid is PASSED

2017-11-27 09:34:46 - [TEST_STEP][PASSED] - com.helper.commonfunct.BEP_CommonMethod.WOstatus: com.helper.commonfunct.BEP_CommonMethod.WOstatus is PASSED

2017-11-27 09:34:46 - [MESSAGE][PASSED] - Text of object 'Object Repository/BEP/WOSTATUS' is: 'Pending-RDApproval'

2017-11-27 09:34:46 - [MESSAGE][PASSED] - com.helper.commonfunct.BEP_CommonMethod.WOstatus is PASSED

2017-11-27 09:34:46 - [TEST_STEP][PASSED] - Statement - println(WOID): null

2017-11-27 09:34:46 - [MESSAGE][PASSED] - Call Test Case 'Test Cases/BEP/TC_Create_BEP_EmailOutput' successfully

2017-11-27 09:34:46 - [TEST_STEP][PASSED] - Statement - SendEmail = false: null

2017-11-27 09:34:46 - [TEST_STEP][PASSED] - Statement - CreateECR = true: null

2017-11-27 09:34:46 - [TEST_STEP][PASSED] - callTestCase: Call Test Case 'Test Cases/BEP/All_Approval_Reject' successfully

2017-11-27 09:34:46 - [TEST_CASE][PASSED] - Test Cases/BEP/All_Approval_Reject: Test Cases/BEP/All_Approval_Reject

2017-11-27 09:34:46 - [TEST_STEP][PASSED] - Statement - While (WOSTATUS.contains("Pending")): com.helper.commonfunct.utilities.WOstatus is PASSED

2017-11-27 09:34:46 - [TEST_STEP][PASSED] - Statement - For ([j = 0, j < AssignmentList.size(), (j++)]): com.helper.commonfunct.utilities.WOstatus is PASSED

2017-11-27 09:34:46 - [TEST_STEP][PASSED] - Statement - Status = text: null

2017-11-27 09:34:46 - [TEST_STEP][PASSED] - Statement - println(Status): null

2017-11-27 09:34:46 - [TEST_STEP][PASSED] - Statement - If (WOSTATUS == "Pending-RDApproval"): com.helper.commonfunct.utilities.WOstatus is PASSED

2017-11-27 09:34:46 - [TEST_STEP][PASSED] - Statement - If (RDReject == false): com.helper.commonfunct.utilities.WOstatus is PASSED

2017-11-27 09:34:46 - [TEST_STEP][PASSED] - Statement - If (RouteToRL == true): com.helper.commonfunct.utilities.WOstatus is PASSED

2017-11-27 09:34:46 - [TEST_STEP][PASSED] - com.helper.commonfunct.utilities.login: com.helper.commonfunct.utilities.login is PASSED

2017-11-27 09:34:46 - [MESSAGE][WARNING] - A browser is already opened. Closing browser and opening a new one

2017-11-27 09:34:49 - [MESSAGE][PASSED] - Browser is opened with url: ''

2017-11-27 09:34:50 - [MESSAGE][PASSED] - Navigate to 'https://vtcpqa2.rpega.com:9030/tcpqa/PRServlet' successfully

2017-11-27 09:34:50 - [MESSAGE][PASSED] - Text 'langr1@pegasystems.com' is set on object 'Object Repository/input_UserIdentifier'

2017-11-27 09:34:50 - [MESSAGE][PASSED] - Text 'install' is set on object 'Object Repository/input_Password'

2017-11-27 09:34:54 - [MESSAGE][PASSED] - Keys 'ENTER + ' sent to object: 'Object Repository/input_Password'

2017-11-27 09:34:54 - [MESSAGE][PASSED] - com.helper.commonfunct.utilities.login is PASSED

2017-11-27 09:34:54 - [TEST_STEP][PASSED] - com.helper.commonfunct.utilities.search: com.helper.commonfunct.utilities.search is PASSED

2017-11-27 09:34:55 - [MESSAGE][PASSED] - Current window maximized

2017-11-27 09:35:00 - [MESSAGE][PASSED] - Delayed 5 second(s)

2017-11-27 09:35:01 - [MESSAGE][PASSED] - Text 'BEP-27Nov2017-5' is set on object 'Object Repository/EngInfo/search'

2017-11-27 09:35:06 - [MESSAGE][PASSED] - Delayed 5 second(s)

2017-11-27 09:35:06 - [MESSAGE][PASSED] - Keys 'ENTER + ' sent to object: 'Object Repository/EngInfo/search'

2017-11-27 09:35:11 - [MESSAGE][PASSED] - Delayed 5 second(s)

2017-11-27 09:35:11 - [MESSAGE][PASSED] - com.helper.commonfunct.utilities.search is PASSED

2017-11-27 09:35:11 - [TEST_STEP][PASSED] - com.helper.commonfunct.BEP_CommonMethod.RDapprove: com.helper.commonfunct.BEP_CommonMethod.RDapprove is PASSED

2017-11-27 09:35:16 - [MESSAGE][PASSED] - Delayed 5 second(s)

2017-11-27 09:35:16 - [MESSAGE][WARNING] - Timeout '0' is invalid. Using default page load timeout: '30'

2017-11-27 09:35:17 - [MESSAGE][PASSED] - Object: 'Object Repository/BEP/RDLink' is clicked on

2017-11-27 09:35:22 - [MESSAGE][PASSED] - Delayed 5 second(s)

2017-11-27 09:35:22 - [MESSAGE][PASSED] - Scroll to object 'Object Repository/NEXT_BUTTON' successfully

2017-11-27 09:35:22 - [MESSAGE][PASSED] - Object: 'Object Repository/NEXT_BUTTON' is clicked on

2017-11-27 09:35:27 - [MESSAGE][PASSED] - Delayed 5 second(s)

2017-11-27 09:35:27 - [MESSAGE][WARNING] - Timeout '0' is invalid. Using default page load timeout: '30'

2017-11-27 09:35:27 - [MESSAGE][PASSED] - Scroll to object 'Object Repository/BEP/RD_RLApprove' successfully

2017-11-27 09:35:27 - [MESSAGE][PASSED] - Object: 'Object Repository/BEP/RD_RLApprove' is clicked on

2017-11-27 09:35:32 - [MESSAGE][PASSED] - Delayed 5 second(s)

2017-11-27 09:35:33 - [MESSAGE][PASSED] - Text 'Testing' is set on object 'Object Repository/BEP/BEP_CASENOTES'

2017-11-27 09:35:38 - [MESSAGE][PASSED] - Delayed 5 second(s)

2017-11-27 09:35:38 - [MESSAGE][WARNING] - Timeout '0' is invalid. Using default page load timeout: '30'

2017-11-27 09:35:38 - [MESSAGE][PASSED] - Scroll to object 'Object Repository/BEP/FINISH_ASSIGNMENT' successfully

2017-11-27 09:35:38 - [MESSAGE][PASSED] - Object: 'Object Repository/BEP/FINISH_ASSIGNMENT' is clicked on

2017-11-27 09:35:43 - [MESSAGE][PASSED] - Delayed 5 second(s)

2017-11-27 09:35:43 - [MESSAGE][PASSED] - com.helper.commonfunct.BEP_CommonMethod.RDapprove is PASSED

2017-11-27 09:35:43 - [TEST_STEP][PASSED] - com.helper.commonfunct.utilities.WOstatus: com.helper.commonfunct.utilities.WOstatus is PASSED

2017-11-27 09:35:43 - [MESSAGE][PASSED] - Text of object 'Object Repository/ECR/WOSTATUS' is: 'Pending-RLApproval'

2017-11-27 09:35:43 - [MESSAGE][PASSED] - com.helper.commonfunct.utilities.WOstatus is PASSED

2017-11-27 09:35:43 - [TEST_STEP][PASSED] - Statement - Status = text: null

2017-11-27 09:35:43 - [TEST_STEP][PASSED] - Statement - println(Status): null

2017-11-27 09:35:43 - [TEST_STEP][PASSED] - Statement - If (WOSTATUS == "Pending-RDApproval"): null

2017-11-27 09:35:43 - [TEST_STEP][PASSED] - Statement - Else If (WOSTATUS == "Pending-RLApproval"): com.helper.commonfunct.utilities.WOstatus is PASSED

2017-11-27 09:35:43 - [TEST_STEP][PASSED] - Statement - If (RLReject == false): com.helper.commonfunct.utilities.WOstatus is PASSED

2017-11-27 09:35:43 - [TEST_STEP][PASSED] - com.helper.commonfunct.utilities.login: com.helper.commonfunct.utilities.login is PASSED

2017-11-27 09:35:43 - [MESSAGE][WARNING] - A browser is already opened. Closing browser and opening a new one

2017-11-27 09:35:46 - [MESSAGE][PASSED] - Browser is opened with url: ''

2017-11-27 09:35:47 - [MESSAGE][PASSED] - Navigate to 'https://vtcpqa2.rpega.com:9030/tcpqa/PRServlet' successfully

2017-11-27 09:35:47 - [MESSAGE][PASSED] - Text 'panee@pegasystems.com' is set on object 'Object Repository/input_UserIdentifier'

2017-11-27 09:35:47 - [MESSAGE][PASSED] - Text 'install' is set on object 'Object Repository/input_Password'

2017-11-27 09:35:50 - [MESSAGE][PASSED] - Keys 'ENTER + ' sent to object: 'Object Repository/input_Password'

2017-11-27 09:35:50 - [MESSAGE][PASSED] - com.helper.commonfunct.utilities.login is PASSED

2017-11-27 09:35:50 - [TEST_STEP][PASSED] - com.helper.commonfunct.utilities.search: com.helper.commonfunct.utilities.search is PASSED

2017-11-27 09:35:51 - [MESSAGE][PASSED] - Current window maximized

2017-11-27 09:35:56 - [MESSAGE][PASSED] - Delayed 5 second(s)

2017-11-27 09:35:57 - [MESSAGE][PASSED] - Text 'BEP-27Nov2017-5' is set on object 'Object Repository/EngInfo/search'

2017-11-27 09:36:02 - [MESSAGE][PASSED] - Delayed 5 second(s)

2017-11-27 09:36:02 - [MESSAGE][PASSED] - Keys 'ENTER + ' sent to object: 'Object Repository/EngInfo/search'

2017-11-27 09:36:07 - [MESSAGE][PASSED] - Delayed 5 second(s)

2017-11-27 09:36:07 - [MESSAGE][PASSED] - com.helper.commonfunct.utilities.search is PASSED

2017-11-27 09:36:07 - [TEST_STEP][PASSED] - com.helper.commonfunct.BEP_CommonMethod.RLapprove: com.helper.commonfunct.BEP_CommonMethod.RLapprove is PASSED

2017-11-27 09:36:12 - [MESSAGE][PASSED] - Delayed 5 second(s)

2017-11-27 09:36:12 - [MESSAGE][WARNING] - Timeout '0' is invalid. Using default page load timeout: '30'

2017-11-27 09:36:13 - [MESSAGE][PASSED] - Object: 'Object Repository/BEP/RlLink' is clicked on

2017-11-27 09:36:18 - [MESSAGE][PASSED] - Delayed 5 second(s)

2017-11-27 09:36:18 - [MESSAGE][PASSED] - Scroll to object 'Object Repository/NEXT_BUTTON' successfully

2017-11-27 09:36:18 - [MESSAGE][PASSED] - Object: 'Object Repository/NEXT_BUTTON' is clicked on

2017-11-27 09:36:23 - [MESSAGE][PASSED] - Delayed 5 second(s)

2017-11-27 09:36:23 - [MESSAGE][WARNING] - Timeout '0' is invalid. Using default page load timeout: '30'

2017-11-27 09:36:23 - [MESSAGE][PASSED] - Scroll to object 'Object Repository/BEP/RD_RLApprove' successfully

2017-11-27 09:36:24 - [MESSAGE][PASSED] - Object: 'Object Repository/BEP/RD_RLApprove' is clicked on

2017-11-27 09:36:29 - [MESSAGE][PASSED] - Delayed 5 second(s)

2017-11-27 09:36:29 - [MESSAGE][PASSED] - Text 'Testing' is set on object 'Object Repository/BEP/BEP_CASENOTES'

2017-11-27 09:36:34 - [MESSAGE][PASSED] - Delayed 5 second(s)

2017-11-27 09:36:34 - [MESSAGE][WARNING] - Timeout '0' is invalid. Using default page load timeout: '30'

2017-11-27 09:36:34 - [MESSAGE][PASSED] - Scroll to object 'Object Repository/BEP/FINISH_ASSIGNMENT' successfully

2017-11-27 09:36:34 - [MESSAGE][PASSED] - Object: 'Object Repository/BEP/FINISH_ASSIGNMENT' is clicked on

2017-11-27 09:36:39 - [MESSAGE][PASSED] - Delayed 5 second(s)

2017-11-27 09:36:39 - [MESSAGE][PASSED] - Text of object 'Object Repository/BEP/WOSTATUS' is: 'Pending-EmailCustomer'

2017-11-27 09:36:39 - [MESSAGE][PASSED] - com.helper.commonfunct.BEP_CommonMethod.RLapprove is PASSED

2017-11-27 09:36:39 - [TEST_STEP][PASSED] - com.helper.commonfunct.utilities.WOstatus: com.helper.commonfunct.utilities.WOstatus is PASSED

2017-11-27 09:36:39 - [MESSAGE][PASSED] - Text of object 'Object Repository/ECR/WOSTATUS' is: 'Pending-EmailCustomer'

2017-11-27 09:36:39 - [MESSAGE][PASSED] - com.helper.commonfunct.utilities.WOstatus is PASSED

2017-11-27 09:36:39 - [TEST_STEP][PASSED] - Statement - For ([j = 0, j < AssignmentList.size(), (j++)]): com.helper.commonfunct.utilities.WOstatus is PASSED

2017-11-27 09:36:39 - [TEST_STEP][PASSED] - Statement - Status = text: null

2017-11-27 09:36:39 - [TEST_STEP][PASSED] - Statement - println(Status): null

2017-11-27 09:36:39 - [TEST_STEP][PASSED] - Statement - If (WOSTATUS == "Pending-RDApproval"): null

2017-11-27 09:36:39 - [TEST_STEP][PASSED] - Statement - Else If (WOSTATUS == "Pending-RLApproval"): null

2017-11-27 09:36:39 - [TEST_STEP][PASSED] - Statement - Else If (WOSTATUS == "Pending-Update"): null

2017-11-27 09:36:39 - [TEST_STEP][PASSED] - Statement - Else If (WOSTATUS == "Pending-Meeting"): null

2017-11-27 09:36:39 - [TEST_STEP][PASSED] - Statement - Else If (WOSTATUS == "Pending-EmailCustomer"): com.helper.commonfunct.utilities.WOstatus is PASSED

2017-11-27 09:36:39 - [TEST_STEP][PASSED] - Statement - If (SendEmail == true): null

2017-11-27 09:36:39 - [TEST_STEP][PASSED] - Statement - Else: com.helper.commonfunct.utilities.WOstatus is PASSED

2017-11-27 09:36:39 - [TEST_STEP][PASSED] - com.helper.commonfunct.utilities.login: com.helper.commonfunct.utilities.login is PASSED

2017-11-27 09:36:39 - [MESSAGE][WARNING] - A browser is already opened. Closing browser and opening a new one

2017-11-27 09:36:43 - [MESSAGE][PASSED] - Browser is opened with url: ''

2017-11-27 09:36:44 - [MESSAGE][PASSED] - Navigate to 'https://vtcpqa2.rpega.com:9030/tcpqa/PRServlet' successfully

2017-11-27 09:36:44 - [MESSAGE][PASSED] - Text 'hendj@pegasystems.com' is set on object 'Object Repository/input_UserIdentifier'

2017-11-27 09:36:44 - [MESSAGE][PASSED] - Text 'install' is set on object 'Object Repository/input_Password'

2017-11-27 09:36:47 - [MESSAGE][PASSED] - Keys 'ENTER + ' sent to object: 'Object Repository/input_Password'

2017-11-27 09:36:47 - [MESSAGE][PASSED] - com.helper.commonfunct.utilities.login is PASSED

2017-11-27 09:36:47 - [TEST_STEP][PASSED] - com.helper.commonfunct.utilities.search: com.helper.commonfunct.utilities.search is PASSED

2017-11-27 09:36:48 - [MESSAGE][PASSED] - Current window maximized

2017-11-27 09:36:53 - [MESSAGE][PASSED] - Delayed 5 second(s)

2017-11-27 09:36:53 - [MESSAGE][PASSED] - Text 'BEP-27Nov2017-5' is set on object 'Object Repository/EngInfo/search'

2017-11-27 09:36:58 - [MESSAGE][PASSED] - Delayed 5 second(s)

2017-11-27 09:36:58 - [MESSAGE][PASSED] - Keys 'ENTER + ' sent to object: 'Object Repository/EngInfo/search'

2017-11-27 09:37:03 - [MESSAGE][PASSED] - Delayed 5 second(s)

2017-11-27 09:37:03 - [MESSAGE][PASSED] - com.helper.commonfunct.utilities.search is PASSED

2017-11-27 09:37:03 - [TEST_STEP][PASSED] - com.helper.commonfunct.BEP_CommonMethod.SkipEmail: com.helper.commonfunct.BEP_CommonMethod.SkipEmail is PASSED

2017-11-27 09:37:08 - [MESSAGE][PASSED] - Delayed 5 second(s)

2017-11-27 09:37:08 - [MESSAGE][WARNING] - Timeout '0' is invalid. Using default page load timeout: '30'

2017-11-27 09:37:09 - [MESSAGE][PASSED] - Object: 'Object Repository/BEP/SendCustomerEmail' is clicked on

2017-11-27 09:37:14 - [MESSAGE][PASSED] - Delayed 5 second(s)

2017-11-27 09:37:14 - [MESSAGE][PASSED] - Object: 'Object Repository/BEP/ECR_CHECKBOX' is clicked on

2017-11-27 09:37:19 - [MESSAGE][PASSED] - Delayed 5 second(s)

2017-11-27 09:37:20 - [MESSAGE][PASSED] - Object: 'Object Repository/BEP/SKIP_EMAIL_XPATH' is clicked on

2017-11-27 09:37:25 - [MESSAGE][PASSED] - Delayed 5 second(s)

2017-11-27 09:37:25 - [MESSAGE][PASSED] - Keys 'testing' sent to object: 'Object Repository/BEP/DispositionReason'

2017-11-27 09:37:30 - [MESSAGE][PASSED] - Delayed 5 second(s)

2017-11-27 09:37:30 - [MESSAGE][PASSED] - All options with value 'RFP in process' are selected in object 'Object Repository/BEP/ReasonCode' 

2017-11-27 09:37:35 - [MESSAGE][PASSED] - Delayed 5 second(s)

2017-11-27 09:37:35 - [MESSAGE][PASSED] - Object: 'Object Repository/BEP/test' is clicked on

2017-11-27 09:37:40 - [MESSAGE][PASSED] - Delayed 5 second(s)

2017-11-27 09:37:40 - [MESSAGE][PASSED] - Object: 'Object Repository/BEP/Modal_OK' is clicked on

2017-11-27 09:37:45 - [MESSAGE][PASSED] - Delayed 5 second(s)

2017-11-27 09:37:45 - [MESSAGE][PASSED] - com.helper.commonfunct.BEP_CommonMethod.SkipEmail is PASSED

2017-11-27 09:37:45 - [TEST_STEP][PASSED] - com.helper.commonfunct.utilities.WOstatus: com.helper.commonfunct.utilities.WOstatus is PASSED

2017-11-27 09:37:47 - [MESSAGE][PASSED] - Text of object 'Object Repository/ECR/WOSTATUS' is: 'Resolved-Approved'

2017-11-27 09:37:47 - [MESSAGE][PASSED] - com.helper.commonfunct.utilities.WOstatus is PASSED

2017-11-27 09:37:47 - [MESSAGE][PASSED] - Call Test Case 'Test Cases/BEP/All_Approval_Reject' successfully]]></system-out>
         <system-err><![CDATA[]]></system-err>
      </testcase>
      <testcase name="Test Cases/BEP/TC_CreateBEP_EmailOutput_SkipEmail_NOECR" classname="Test Cases/BEP/TC_CreateBEP_EmailOutput_SkipEmail_NOECR" status="PASSED">
         <system-out><![CDATA[2017-11-27 09:37:47 - [TEST_CASE][PASSED] - Test Cases/BEP/TC_CreateBEP_EmailOutput_SkipEmail_NOECR: Test Cases/BEP/TC_CreateBEP_EmailOutput_SkipEmail_NOECR

2017-11-27 09:37:47 - [TEST_STEP][PASSED] - callTestCase: Call Test Case 'Test Cases/BEP/TC_Create_BEP_EmailOutput' successfully

2017-11-27 09:37:47 - [TEST_CASE][PASSED] - Test Cases/BEP/TC_Create_BEP_EmailOutput: Test Cases/BEP/TC_Create_BEP_EmailOutput

2017-11-27 09:37:47 - [TEST_STEP][PASSED] - com.helper.commonfunct.utilities.login: com.helper.commonfunct.utilities.login is PASSED

2017-11-27 09:37:47 - [MESSAGE][WARNING] - A browser is already opened. Closing browser and opening a new one

2017-11-27 09:37:50 - [MESSAGE][PASSED] - Browser is opened with url: ''

2017-11-27 09:37:51 - [MESSAGE][PASSED] - Navigate to 'https://vtcpqa2.rpega.com:9030/tcpqa/PRServlet' successfully

2017-11-27 09:37:51 - [MESSAGE][PASSED] - Text 'hendj@pegasystems.com' is set on object 'Object Repository/input_UserIdentifier'

2017-11-27 09:37:51 - [MESSAGE][PASSED] - Text 'install' is set on object 'Object Repository/input_Password'

2017-11-27 09:37:53 - [MESSAGE][PASSED] - Keys 'ENTER + ' sent to object: 'Object Repository/input_Password'

2017-11-27 09:37:53 - [MESSAGE][PASSED] - com.helper.commonfunct.utilities.login is PASSED

2017-11-27 09:37:53 - [TEST_STEP][PASSED] - com.helper.commonfunct.BEP_CommonMethod.EstimateEmailOutput: com.helper.commonfunct.BEP_CommonMethod.EstimateEmailOutput is PASSED

2017-11-27 09:37:54 - [MESSAGE][PASSED] - Object: 'Object Repository/Generic/a_Actions' is clicked on

2017-11-27 09:37:57 - [MESSAGE][PASSED] - Object: 'Object Repository/span_New' is focused

2017-11-27 09:38:00 - [MESSAGE][PASSED] - Object: 'Object Repository/BEP/EstimateLink' is clicked on

2017-11-27 09:38:05 - [MESSAGE][PASSED] - Delayed 5 second(s)

2017-11-27 09:38:05 - [MESSAGE][WARNING] - Timeout '0' is invalid. Using default page load timeout: '30'

2017-11-27 09:38:05 - [MESSAGE][PASSED] - Object 'Object Repository/BEP/import' is visible

2017-11-27 09:38:06 - [MESSAGE][PASSED] - Object: 'Object Repository/BEP/import' is clicked on

2017-11-27 09:38:11 - [MESSAGE][PASSED] - Delayed 5 second(s)

2017-11-27 09:38:11 - [MESSAGE][PASSED] - File 'C:\EStimate.xlsm' sent to object: 'Object Repository/input_PpyWorkPageppyFilePath'

2017-11-27 09:38:16 - [MESSAGE][PASSED] - Delayed 5 second(s)

2017-11-27 09:38:18 - [MESSAGE][PASSED] - Object: 'Object Repository/button_Submit' is clicked on

2017-11-27 09:38:28 - [MESSAGE][PASSED] - Delayed 10 second(s)

2017-11-27 09:38:28 - [MESSAGE][PASSED] - Text 'BOFA' is set on object 'Object Repository/Generic/ORG'

2017-11-27 09:38:33 - [MESSAGE][PASSED] - Delayed 5 second(s)

2017-11-27 09:38:34 - [MESSAGE][PASSED] - Keys 'TAB + ' sent to object: 'Object Repository/Generic/ORG'

2017-11-27 09:38:39 - [MESSAGE][PASSED] - Delayed 5 second(s)

2017-11-27 09:38:39 - [MESSAGE][PASSED] - Text 'BOFA' is set on object 'Object Repository/Generic/ACC'

2017-11-27 09:38:44 - [MESSAGE][PASSED] - Delayed 5 second(s)

2017-11-27 09:38:44 - [MESSAGE][PASSED] - Keys 'TAB + ' sent to object: 'Object Repository/Generic/ACC'

2017-11-27 09:38:49 - [MESSAGE][PASSED] - Delayed 5 second(s)

2017-11-27 09:38:49 - [MESSAGE][PASSED] - Text 'AUTOTEST1' is set on object 'Object Repository/Generic/ENG_DESC'

2017-11-27 09:38:54 - [MESSAGE][PASSED] - Delayed 5 second(s)

2017-11-27 09:38:54 - [MESSAGE][PASSED] - Object: 'Object Repository/Generic/PlatformID' is clicked on

2017-11-27 09:38:59 - [MESSAGE][PASSED] - Delayed 5 second(s)

2017-11-27 09:39:00 - [MESSAGE][PASSED] - Keys 'AMPchroma' sent to object: 'Object Repository/Generic/PlatformID'

2017-11-27 09:39:05 - [MESSAGE][PASSED] - Delayed 5 second(s)

2017-11-27 09:39:05 - [MESSAGE][PASSED] - Object: 'Object Repository/Generic/PlatformVersion' is clicked on

2017-11-27 09:39:10 - [MESSAGE][PASSED] - Delayed 5 second(s)

2017-11-27 09:39:10 - [MESSAGE][PASSED] - Keys 'N/A' sent to object: 'Object Repository/Generic/PlatformVersion'

2017-11-27 09:39:15 - [MESSAGE][PASSED] - Delayed 5 second(s)

2017-11-27 09:39:15 - [MESSAGE][PASSED] - Scroll to object 'Object Repository/BEP/MorethanOneRLSNO' successfully

2017-11-27 09:39:15 - [MESSAGE][PASSED] - Object: 'Object Repository/BEP/MorethanOneRLSNO' is clicked on

2017-11-27 09:39:20 - [MESSAGE][PASSED] - Delayed 5 second(s)

2017-11-27 09:39:21 - [MESSAGE][PASSED] - Object: 'Object Repository/Generic/PlatformTrue' is clicked on

2017-11-27 09:39:26 - [MESSAGE][PASSED] - Delayed 5 second(s)

2017-11-27 09:39:31 - [MESSAGE][PASSED] - Delayed 5 second(s)

2017-11-27 09:39:31 - [MESSAGE][PASSED] - Object: 'Object Repository/EngInfo/PL' is clicked on

2017-11-27 09:39:36 - [MESSAGE][PASSED] - Delayed 5 second(s)

2017-11-27 09:39:36 - [MESSAGE][PASSED] - Keys 'Jeff Henderson ' sent to object: 'Object Repository/EngInfo/PL'

2017-11-27 09:39:41 - [MESSAGE][PASSED] - Delayed 5 second(s)

2017-11-27 09:39:42 - [MESSAGE][PASSED] - Object: 'Object Repository/EngInfo/PLTL' is clicked on

2017-11-27 09:39:47 - [MESSAGE][PASSED] - Delayed 5 second(s)

2017-11-27 09:39:47 - [MESSAGE][PASSED] - Keys 'Robert Higgins' sent to object: 'Object Repository/EngInfo/PLTL'

2017-11-27 09:39:52 - [MESSAGE][PASSED] - Delayed 5 second(s)

2017-11-27 09:39:52 - [MESSAGE][PASSED] - Object: 'Object Repository/EngInfo/RL' is clicked on

2017-11-27 09:39:57 - [MESSAGE][PASSED] - Delayed 5 second(s)

2017-11-27 09:39:57 - [MESSAGE][PASSED] - Keys 'Eric Panepinto' sent to object: 'Object Repository/EngInfo/RL'

2017-11-27 09:40:02 - [MESSAGE][PASSED] - Delayed 5 second(s)

2017-11-27 09:40:03 - [MESSAGE][PASSED] - Object: 'Object Repository/EngInfo/RD' is clicked on

2017-11-27 09:40:08 - [MESSAGE][PASSED] - Delayed 5 second(s)

2017-11-27 09:40:08 - [MESSAGE][PASSED] - Keys 'Robert Lang' sent to object: 'Object Repository/EngInfo/RD'

2017-11-27 09:40:13 - [MESSAGE][PASSED] - Delayed 5 second(s)

2017-11-27 09:40:13 - [MESSAGE][PASSED] - Scroll to object 'Object Repository/NEXT_BUTTON' successfully

2017-11-27 09:40:13 - [MESSAGE][PASSED] - Object: 'Object Repository/NEXT_BUTTON' is clicked on

2017-11-27 09:40:18 - [MESSAGE][PASSED] - Delayed 5 second(s)

2017-11-27 09:40:18 - [MESSAGE][PASSED] - Text '12' is set on object 'Object Repository/BEP/DurationLow'

2017-11-27 09:40:23 - [MESSAGE][PASSED] - Delayed 5 second(s)

2017-11-27 09:40:24 - [MESSAGE][PASSED] - Keys 'TAB + ' sent to object: 'Object Repository/BEP/DurationLow'

2017-11-27 09:40:29 - [MESSAGE][PASSED] - Delayed 5 second(s)

2017-11-27 09:40:29 - [MESSAGE][PASSED] - Text '12' is set on object 'Object Repository/BEP/DurationHigh'

2017-11-27 09:40:34 - [MESSAGE][PASSED] - Delayed 5 second(s)

2017-11-27 09:40:34 - [MESSAGE][PASSED] - Keys 'TAB + ' sent to object: 'Object Repository/BEP/DurationHigh'

2017-11-27 09:40:39 - [MESSAGE][PASSED] - Delayed 5 second(s)

2017-11-27 09:40:39 - [MESSAGE][PASSED] - Text '12' is set on object 'Object Repository/BEP/PartnerHoursLow'

2017-11-27 09:40:44 - [MESSAGE][PASSED] - Delayed 5 second(s)

2017-11-27 09:40:44 - [MESSAGE][PASSED] - Keys 'TAB + ' sent to object: 'Object Repository/BEP/PartnerHoursLow'

2017-11-27 09:40:49 - [MESSAGE][PASSED] - Delayed 5 second(s)

2017-11-27 09:40:49 - [MESSAGE][PASSED] - Text '12' is set on object 'Object Repository/BEP/PartnerHoursHigh'

2017-11-27 09:40:54 - [MESSAGE][PASSED] - Delayed 5 second(s)

2017-11-27 09:40:54 - [MESSAGE][PASSED] - Object: 'Object Repository/BEP/EstimationMethod' is clicked on

2017-11-27 09:40:59 - [MESSAGE][PASSED] - Delayed 5 second(s)

2017-11-27 09:41:00 - [MESSAGE][PASSED] - Keys 'BSW' sent to object: 'Object Repository/BEP/EstimationMethod'

2017-11-27 09:41:05 - [MESSAGE][PASSED] - Delayed 5 second(s)

2017-11-27 09:41:05 - [MESSAGE][PASSED] - Object: 'Object Repository/BEP/routeToRL' is clicked on

2017-11-27 09:41:10 - [MESSAGE][PASSED] - Delayed 5 second(s)

2017-11-27 09:41:10 - [MESSAGE][PASSED] - Scroll to object 'Object Repository/NEXT_BUTTON' successfully

2017-11-27 09:41:10 - [MESSAGE][PASSED] - Object: 'Object Repository/NEXT_BUTTON' is clicked on

2017-11-27 09:41:15 - [MESSAGE][PASSED] - Delayed 5 second(s)

2017-11-27 09:41:15 - [MESSAGE][PASSED] - Object: 'Object Repository/BEP/BEPOutputEmail' is clicked on

2017-11-27 09:41:21 - [MESSAGE][PASSED] - Delayed 5 second(s)

2017-11-27 09:41:21 - [MESSAGE][PASSED] - Object: 'Object Repository/BEP/RECEIPIENT' is clicked on

2017-11-27 09:41:26 - [MESSAGE][PASSED] - Delayed 5 second(s)

2017-11-27 09:41:26 - [MESSAGE][PASSED] - Object: 'Object Repository/BEP/AddEmailID' is clicked on

2017-11-27 09:41:31 - [MESSAGE][PASSED] - Delayed 5 second(s)

2017-11-27 09:41:31 - [MESSAGE][PASSED] - Keys 'nagaveni.nipinale@in.pega.com' sent to object: 'Object Repository/BEP/MAILID_XPATH'

2017-11-27 09:41:36 - [MESSAGE][PASSED] - Delayed 5 second(s)

2017-11-27 09:41:37 - [MESSAGE][PASSED] - Object: 'Object Repository/BEP/modal_submit' is clicked on

2017-11-27 09:41:42 - [MESSAGE][PASSED] - Delayed 5 second(s)

2017-11-27 09:41:42 - [MESSAGE][PASSED] - Keys 'Test Automation' sent to object: 'Object Repository/BEP/Email_Subject'

2017-11-27 09:41:42 - [MESSAGE][PASSED] - Scroll to object 'Object Repository/NEXT_BUTTON' successfully

2017-11-27 09:41:42 - [MESSAGE][PASSED] - Object: 'Object Repository/NEXT_BUTTON' is clicked on

2017-11-27 09:41:47 - [MESSAGE][PASSED] - Delayed 5 second(s)

2017-11-27 09:41:47 - [MESSAGE][PASSED] - Scroll to object 'Object Repository/Generic/FINISH_BUTTON' successfully

2017-11-27 09:41:47 - [MESSAGE][PASSED] - Object: 'Object Repository/Generic/FINISH_BUTTON' is clicked on

2017-11-27 09:41:51 - [MESSAGE][PASSED] - Text of object 'Object Repository/BEP/BEPWOID' is: 'BEP-27Nov2017-6'

2017-11-27 09:41:51 - [MESSAGE][PASSED] - com.helper.commonfunct.BEP_CommonMethod.EstimateEmailOutput is PASSED

2017-11-27 09:41:51 - [TEST_STEP][PASSED] - com.helper.commonfunct.BEP_CommonMethod.woid: com.helper.commonfunct.BEP_CommonMethod.woid is PASSED

2017-11-27 09:41:51 - [MESSAGE][PASSED] - Text of object 'Object Repository/BEP/BEPWOID' is: 'BEP-27Nov2017-6'

2017-11-27 09:41:51 - [MESSAGE][PASSED] - com.helper.commonfunct.BEP_CommonMethod.woid is PASSED

2017-11-27 09:41:51 - [TEST_STEP][PASSED] - com.helper.commonfunct.BEP_CommonMethod.WOstatus: com.helper.commonfunct.BEP_CommonMethod.WOstatus is PASSED

2017-11-27 09:41:51 - [MESSAGE][PASSED] - Text of object 'Object Repository/BEP/WOSTATUS' is: 'Pending-RDApproval'

2017-11-27 09:41:51 - [MESSAGE][PASSED] - com.helper.commonfunct.BEP_CommonMethod.WOstatus is PASSED

2017-11-27 09:41:51 - [TEST_STEP][PASSED] - Statement - println(WOID): null

2017-11-27 09:41:51 - [MESSAGE][PASSED] - Call Test Case 'Test Cases/BEP/TC_Create_BEP_EmailOutput' successfully

2017-11-27 09:41:51 - [TEST_STEP][PASSED] - Statement - SendEmail = false: null

2017-11-27 09:41:51 - [TEST_STEP][PASSED] - Statement - CreateECR = false: null

2017-11-27 09:41:51 - [TEST_STEP][PASSED] - callTestCase: Call Test Case 'Test Cases/BEP/All_Approval_Reject' successfully

2017-11-27 09:41:51 - [TEST_CASE][PASSED] - Test Cases/BEP/All_Approval_Reject: Test Cases/BEP/All_Approval_Reject

2017-11-27 09:41:51 - [TEST_STEP][PASSED] - Statement - While (WOSTATUS.contains("Pending")): com.helper.commonfunct.utilities.WOstatus is PASSED

2017-11-27 09:41:51 - [TEST_STEP][PASSED] - Statement - For ([j = 0, j < AssignmentList.size(), (j++)]): com.helper.commonfunct.utilities.WOstatus is PASSED

2017-11-27 09:41:51 - [TEST_STEP][PASSED] - Statement - Status = text: null

2017-11-27 09:41:51 - [TEST_STEP][PASSED] - Statement - println(Status): null

2017-11-27 09:41:51 - [TEST_STEP][PASSED] - Statement - If (WOSTATUS == "Pending-RDApproval"): com.helper.commonfunct.utilities.WOstatus is PASSED

2017-11-27 09:41:51 - [TEST_STEP][PASSED] - Statement - If (RDReject == false): com.helper.commonfunct.utilities.WOstatus is PASSED

2017-11-27 09:41:51 - [TEST_STEP][PASSED] - Statement - If (RouteToRL == true): com.helper.commonfunct.utilities.WOstatus is PASSED

2017-11-27 09:41:51 - [TEST_STEP][PASSED] - com.helper.commonfunct.utilities.login: com.helper.commonfunct.utilities.login is PASSED

2017-11-27 09:41:51 - [MESSAGE][WARNING] - A browser is already opened. Closing browser and opening a new one

2017-11-27 09:41:54 - [MESSAGE][PASSED] - Browser is opened with url: ''

2017-11-27 09:41:55 - [MESSAGE][PASSED] - Navigate to 'https://vtcpqa2.rpega.com:9030/tcpqa/PRServlet' successfully

2017-11-27 09:41:55 - [MESSAGE][PASSED] - Text 'langr1@pegasystems.com' is set on object 'Object Repository/input_UserIdentifier'

2017-11-27 09:41:56 - [MESSAGE][PASSED] - Text 'install' is set on object 'Object Repository/input_Password'

2017-11-27 09:41:58 - [MESSAGE][PASSED] - Keys 'ENTER + ' sent to object: 'Object Repository/input_Password'

2017-11-27 09:41:58 - [MESSAGE][PASSED] - com.helper.commonfunct.utilities.login is PASSED

2017-11-27 09:41:58 - [TEST_STEP][PASSED] - com.helper.commonfunct.utilities.search: com.helper.commonfunct.utilities.search is PASSED

2017-11-27 09:41:59 - [MESSAGE][PASSED] - Current window maximized

2017-11-27 09:42:04 - [MESSAGE][PASSED] - Delayed 5 second(s)

2017-11-27 09:42:04 - [MESSAGE][PASSED] - Text 'BEP-27Nov2017-6' is set on object 'Object Repository/EngInfo/search'

2017-11-27 09:42:10 - [MESSAGE][PASSED] - Delayed 5 second(s)

2017-11-27 09:42:10 - [MESSAGE][PASSED] - Keys 'ENTER + ' sent to object: 'Object Repository/EngInfo/search'

2017-11-27 09:42:15 - [MESSAGE][PASSED] - Delayed 5 second(s)

2017-11-27 09:42:15 - [MESSAGE][PASSED] - com.helper.commonfunct.utilities.search is PASSED

2017-11-27 09:42:15 - [TEST_STEP][PASSED] - com.helper.commonfunct.BEP_CommonMethod.RDapprove: com.helper.commonfunct.BEP_CommonMethod.RDapprove is PASSED

2017-11-27 09:42:20 - [MESSAGE][PASSED] - Delayed 5 second(s)

2017-11-27 09:42:20 - [MESSAGE][WARNING] - Timeout '0' is invalid. Using default page load timeout: '30'

2017-11-27 09:42:21 - [MESSAGE][PASSED] - Object: 'Object Repository/BEP/RDLink' is clicked on

2017-11-27 09:42:26 - [MESSAGE][PASSED] - Delayed 5 second(s)

2017-11-27 09:42:27 - [MESSAGE][PASSED] - Scroll to object 'Object Repository/NEXT_BUTTON' successfully

2017-11-27 09:42:27 - [MESSAGE][PASSED] - Object: 'Object Repository/NEXT_BUTTON' is clicked on

2017-11-27 09:42:32 - [MESSAGE][PASSED] - Delayed 5 second(s)

2017-11-27 09:42:32 - [MESSAGE][WARNING] - Timeout '0' is invalid. Using default page load timeout: '30'

2017-11-27 09:42:32 - [MESSAGE][PASSED] - Scroll to object 'Object Repository/BEP/RD_RLApprove' successfully

2017-11-27 09:42:32 - [MESSAGE][PASSED] - Object: 'Object Repository/BEP/RD_RLApprove' is clicked on

2017-11-27 09:42:37 - [MESSAGE][PASSED] - Delayed 5 second(s)

2017-11-27 09:42:37 - [MESSAGE][PASSED] - Text 'Testing' is set on object 'Object Repository/BEP/BEP_CASENOTES'

2017-11-27 09:42:42 - [MESSAGE][PASSED] - Delayed 5 second(s)

2017-11-27 09:42:42 - [MESSAGE][WARNING] - Timeout '0' is invalid. Using default page load timeout: '30'

2017-11-27 09:42:42 - [MESSAGE][PASSED] - Scroll to object 'Object Repository/BEP/FINISH_ASSIGNMENT' successfully

2017-11-27 09:42:42 - [MESSAGE][PASSED] - Object: 'Object Repository/BEP/FINISH_ASSIGNMENT' is clicked on

2017-11-27 09:42:47 - [MESSAGE][PASSED] - Delayed 5 second(s)

2017-11-27 09:42:47 - [MESSAGE][PASSED] - com.helper.commonfunct.BEP_CommonMethod.RDapprove is PASSED

2017-11-27 09:42:47 - [TEST_STEP][PASSED] - com.helper.commonfunct.utilities.WOstatus: com.helper.commonfunct.utilities.WOstatus is PASSED

2017-11-27 09:42:48 - [MESSAGE][PASSED] - Text of object 'Object Repository/ECR/WOSTATUS' is: 'Pending-RLApproval'

2017-11-27 09:42:48 - [MESSAGE][PASSED] - com.helper.commonfunct.utilities.WOstatus is PASSED

2017-11-27 09:42:48 - [TEST_STEP][PASSED] - Statement - Status = text: null

2017-11-27 09:42:48 - [TEST_STEP][PASSED] - Statement - println(Status): null

2017-11-27 09:42:48 - [TEST_STEP][PASSED] - Statement - If (WOSTATUS == "Pending-RDApproval"): null

2017-11-27 09:42:48 - [TEST_STEP][PASSED] - Statement - Else If (WOSTATUS == "Pending-RLApproval"): com.helper.commonfunct.utilities.WOstatus is PASSED

2017-11-27 09:42:48 - [TEST_STEP][PASSED] - Statement - If (RLReject == false): com.helper.commonfunct.utilities.WOstatus is PASSED

2017-11-27 09:42:48 - [TEST_STEP][PASSED] - com.helper.commonfunct.utilities.login: com.helper.commonfunct.utilities.login is PASSED

2017-11-27 09:42:48 - [MESSAGE][WARNING] - A browser is already opened. Closing browser and opening a new one

2017-11-27 09:42:51 - [MESSAGE][PASSED] - Browser is opened with url: ''

2017-11-27 09:42:51 - [MESSAGE][PASSED] - Navigate to 'https://vtcpqa2.rpega.com:9030/tcpqa/PRServlet' successfully

2017-11-27 09:42:52 - [MESSAGE][PASSED] - Text 'panee@pegasystems.com' is set on object 'Object Repository/input_UserIdentifier'

2017-11-27 09:42:52 - [MESSAGE][PASSED] - Text 'install' is set on object 'Object Repository/input_Password'

2017-11-27 09:42:55 - [MESSAGE][PASSED] - Keys 'ENTER + ' sent to object: 'Object Repository/input_Password'

2017-11-27 09:42:55 - [MESSAGE][PASSED] - com.helper.commonfunct.utilities.login is PASSED

2017-11-27 09:42:55 - [TEST_STEP][PASSED] - com.helper.commonfunct.utilities.search: com.helper.commonfunct.utilities.search is PASSED

2017-11-27 09:42:57 - [MESSAGE][PASSED] - Current window maximized

2017-11-27 09:43:02 - [MESSAGE][PASSED] - Delayed 5 second(s)

2017-11-27 09:43:02 - [MESSAGE][PASSED] - Text 'BEP-27Nov2017-6' is set on object 'Object Repository/EngInfo/search'

2017-11-27 09:43:07 - [MESSAGE][PASSED] - Delayed 5 second(s)

2017-11-27 09:43:07 - [MESSAGE][PASSED] - Keys 'ENTER + ' sent to object: 'Object Repository/EngInfo/search'

2017-11-27 09:43:12 - [MESSAGE][PASSED] - Delayed 5 second(s)

2017-11-27 09:43:12 - [MESSAGE][PASSED] - com.helper.commonfunct.utilities.search is PASSED

2017-11-27 09:43:12 - [TEST_STEP][PASSED] - com.helper.commonfunct.BEP_CommonMethod.RLapprove: com.helper.commonfunct.BEP_CommonMethod.RLapprove is PASSED

2017-11-27 09:43:17 - [MESSAGE][PASSED] - Delayed 5 second(s)

2017-11-27 09:43:17 - [MESSAGE][WARNING] - Timeout '0' is invalid. Using default page load timeout: '30'

2017-11-27 09:43:19 - [MESSAGE][PASSED] - Object: 'Object Repository/BEP/RlLink' is clicked on

2017-11-27 09:43:24 - [MESSAGE][PASSED] - Delayed 5 second(s)

2017-11-27 09:43:24 - [MESSAGE][PASSED] - Scroll to object 'Object Repository/NEXT_BUTTON' successfully

2017-11-27 09:43:24 - [MESSAGE][PASSED] - Object: 'Object Repository/NEXT_BUTTON' is clicked on

2017-11-27 09:43:29 - [MESSAGE][PASSED] - Delayed 5 second(s)

2017-11-27 09:43:29 - [MESSAGE][WARNING] - Timeout '0' is invalid. Using default page load timeout: '30'

2017-11-27 09:43:29 - [MESSAGE][PASSED] - Scroll to object 'Object Repository/BEP/RD_RLApprove' successfully

2017-11-27 09:43:29 - [MESSAGE][PASSED] - Object: 'Object Repository/BEP/RD_RLApprove' is clicked on

2017-11-27 09:43:34 - [MESSAGE][PASSED] - Delayed 5 second(s)

2017-11-27 09:43:35 - [MESSAGE][PASSED] - Text 'Testing' is set on object 'Object Repository/BEP/BEP_CASENOTES'

2017-11-27 09:43:40 - [MESSAGE][PASSED] - Delayed 5 second(s)

2017-11-27 09:43:40 - [MESSAGE][WARNING] - Timeout '0' is invalid. Using default page load timeout: '30'

2017-11-27 09:43:40 - [MESSAGE][PASSED] - Scroll to object 'Object Repository/BEP/FINISH_ASSIGNMENT' successfully

2017-11-27 09:43:41 - [MESSAGE][PASSED] - Object: 'Object Repository/BEP/FINISH_ASSIGNMENT' is clicked on

2017-11-27 09:43:46 - [MESSAGE][PASSED] - Delayed 5 second(s)

2017-11-27 09:43:46 - [MESSAGE][PASSED] - Text of object 'Object Repository/BEP/WOSTATUS' is: 'Pending-EmailCustomer'

2017-11-27 09:43:46 - [MESSAGE][PASSED] - com.helper.commonfunct.BEP_CommonMethod.RLapprove is PASSED

2017-11-27 09:43:46 - [TEST_STEP][PASSED] - com.helper.commonfunct.utilities.WOstatus: com.helper.commonfunct.utilities.WOstatus is PASSED

2017-11-27 09:43:46 - [MESSAGE][PASSED] - Text of object 'Object Repository/ECR/WOSTATUS' is: 'Pending-EmailCustomer'

2017-11-27 09:43:46 - [MESSAGE][PASSED] - com.helper.commonfunct.utilities.WOstatus is PASSED

2017-11-27 09:43:46 - [TEST_STEP][PASSED] - Statement - For ([j = 0, j < AssignmentList.size(), (j++)]): com.helper.commonfunct.utilities.WOstatus is PASSED

2017-11-27 09:43:46 - [TEST_STEP][PASSED] - Statement - Status = text: null

2017-11-27 09:43:46 - [TEST_STEP][PASSED] - Statement - println(Status): null

2017-11-27 09:43:46 - [TEST_STEP][PASSED] - Statement - If (WOSTATUS == "Pending-RDApproval"): null

2017-11-27 09:43:46 - [TEST_STEP][PASSED] - Statement - Else If (WOSTATUS == "Pending-RLApproval"): null

2017-11-27 09:43:46 - [TEST_STEP][PASSED] - Statement - Else If (WOSTATUS == "Pending-Update"): null

2017-11-27 09:43:46 - [TEST_STEP][PASSED] - Statement - Else If (WOSTATUS == "Pending-Meeting"): null

2017-11-27 09:43:46 - [TEST_STEP][PASSED] - Statement - Else If (WOSTATUS == "Pending-EmailCustomer"): com.helper.commonfunct.utilities.WOstatus is PASSED

2017-11-27 09:43:46 - [TEST_STEP][PASSED] - Statement - If (SendEmail == true): null

2017-11-27 09:43:46 - [TEST_STEP][PASSED] - Statement - Else: com.helper.commonfunct.utilities.WOstatus is PASSED

2017-11-27 09:43:46 - [TEST_STEP][PASSED] - com.helper.commonfunct.utilities.login: com.helper.commonfunct.utilities.login is PASSED

2017-11-27 09:43:46 - [MESSAGE][WARNING] - A browser is already opened. Closing browser and opening a new one

2017-11-27 09:43:49 - [MESSAGE][PASSED] - Browser is opened with url: ''

2017-11-27 09:43:50 - [MESSAGE][PASSED] - Navigate to 'https://vtcpqa2.rpega.com:9030/tcpqa/PRServlet' successfully

2017-11-27 09:43:51 - [MESSAGE][PASSED] - Text 'hendj@pegasystems.com' is set on object 'Object Repository/input_UserIdentifier'

2017-11-27 09:43:51 - [MESSAGE][PASSED] - Text 'install' is set on object 'Object Repository/input_Password'

2017-11-27 09:43:54 - [MESSAGE][PASSED] - Keys 'ENTER + ' sent to object: 'Object Repository/input_Password'

2017-11-27 09:43:54 - [MESSAGE][PASSED] - com.helper.commonfunct.utilities.login is PASSED

2017-11-27 09:43:54 - [TEST_STEP][PASSED] - com.helper.commonfunct.utilities.search: com.helper.commonfunct.utilities.search is PASSED

2017-11-27 09:43:55 - [MESSAGE][PASSED] - Current window maximized

2017-11-27 09:44:00 - [MESSAGE][PASSED] - Delayed 5 second(s)

2017-11-27 09:44:00 - [MESSAGE][PASSED] - Text 'BEP-27Nov2017-6' is set on object 'Object Repository/EngInfo/search'

2017-11-27 09:44:05 - [MESSAGE][PASSED] - Delayed 5 second(s)

2017-11-27 09:44:05 - [MESSAGE][PASSED] - Keys 'ENTER + ' sent to object: 'Object Repository/EngInfo/search'

2017-11-27 09:44:10 - [MESSAGE][PASSED] - Delayed 5 second(s)

2017-11-27 09:44:10 - [MESSAGE][PASSED] - com.helper.commonfunct.utilities.search is PASSED

2017-11-27 09:44:10 - [TEST_STEP][PASSED] - com.helper.commonfunct.BEP_CommonMethod.SkipEmail: com.helper.commonfunct.BEP_CommonMethod.SkipEmail is PASSED

2017-11-27 09:44:15 - [MESSAGE][PASSED] - Delayed 5 second(s)

2017-11-27 09:44:15 - [MESSAGE][WARNING] - Timeout '0' is invalid. Using default page load timeout: '30'

2017-11-27 09:44:17 - [MESSAGE][PASSED] - Object: 'Object Repository/BEP/SendCustomerEmail' is clicked on

2017-11-27 09:44:22 - [MESSAGE][PASSED] - Delayed 5 second(s)

2017-11-27 09:44:22 - [MESSAGE][PASSED] - Object: 'Object Repository/BEP/SKIP_EMAIL_XPATH' is clicked on

2017-11-27 09:44:27 - [MESSAGE][PASSED] - Delayed 5 second(s)

2017-11-27 09:44:27 - [MESSAGE][PASSED] - Keys 'testing' sent to object: 'Object Repository/BEP/DispositionReason'

2017-11-27 09:44:32 - [MESSAGE][PASSED] - Delayed 5 second(s)

2017-11-27 09:44:32 - [MESSAGE][PASSED] - All options with value 'RFP in process' are selected in object 'Object Repository/BEP/ReasonCode' 

2017-11-27 09:44:37 - [MESSAGE][PASSED] - Delayed 5 second(s)

2017-11-27 09:44:37 - [MESSAGE][PASSED] - Object: 'Object Repository/BEP/test' is clicked on

2017-11-27 09:44:42 - [MESSAGE][PASSED] - Delayed 5 second(s)

2017-11-27 09:44:43 - [MESSAGE][PASSED] - Object: 'Object Repository/BEP/Modal_OK' is clicked on

2017-11-27 09:44:48 - [MESSAGE][PASSED] - Delayed 5 second(s)

2017-11-27 09:44:48 - [MESSAGE][PASSED] - com.helper.commonfunct.BEP_CommonMethod.SkipEmail is PASSED

2017-11-27 09:44:48 - [TEST_STEP][PASSED] - com.helper.commonfunct.utilities.WOstatus: com.helper.commonfunct.utilities.WOstatus is PASSED

2017-11-27 09:44:49 - [MESSAGE][PASSED] - Text of object 'Object Repository/ECR/WOSTATUS' is: 'Resolved-Approved'

2017-11-27 09:44:49 - [MESSAGE][PASSED] - com.helper.commonfunct.utilities.WOstatus is PASSED

2017-11-27 09:44:49 - [MESSAGE][PASSED] - Call Test Case 'Test Cases/BEP/All_Approval_Reject' successfully]]></system-out>
         <system-err><![CDATA[]]></system-err>
      </testcase>
      <testcase name="Test Cases/BEP/TC_CreateBEP_NoroutingToRL" classname="Test Cases/BEP/TC_CreateBEP_NoroutingToRL" status="FAILED">
         <failure type="FAILED" message="Unable to click on object 'Object Repository/BEP/BEPoutput' (Root cause: com.kms.katalon.core.webui.exception.WebElementNotFoundException: Web element with id: 'Object Repository/BEP/BEPoutput' located by 'By.xpath: //*[@id = 'BEPOutputNone']' not found)"/>
         <system-out><![CDATA[2017-11-27 09:44:49 - [TEST_CASE][FAILED] - Test Cases/BEP/TC_CreateBEP_NoroutingToRL: Test Cases/BEP/TC_CreateBEP_NoroutingToRL FAILED because (of) Unable to click on object 'Object Repository/BEP/BEPoutput' (Root cause: com.kms.katalon.core.webui.exception.WebElementNotFoundException: Web element with id: 'Object Repository/BEP/BEPoutput' located by 'By.xpath: //*[@id = 'BEPOutputNone']' not found)

2017-11-27 09:44:49 - [TEST_STEP][FAILED] - callTestCase: Unable to call Test Case with id 'Test Cases/BEP/TC_Create_BEP_NoOutput' (Root cause: Call Test Case 'Test Cases/BEP/TC_Create_BEP_NoOutput' failed)

2017-11-27 09:44:49 - [TEST_CASE][FAILED] - Test Cases/BEP/TC_Create_BEP_NoOutput: Test Cases/BEP/TC_Create_BEP_NoOutput FAILED because (of) Unable to click on object 'Object Repository/BEP/BEPoutput' (Root cause: com.kms.katalon.core.webui.exception.WebElementNotFoundException: Web element with id: 'Object Repository/BEP/BEPoutput' located by 'By.xpath: //*[@id = 'BEPOutputNone']' not found)

2017-11-27 09:44:49 - [TEST_STEP][PASSED] - com.helper.commonfunct.utilities.login: com.helper.commonfunct.utilities.login is PASSED

2017-11-27 09:44:49 - [MESSAGE][WARNING] - A browser is already opened. Closing browser and opening a new one

2017-11-27 09:44:53 - [MESSAGE][PASSED] - Browser is opened with url: ''

2017-11-27 09:44:53 - [MESSAGE][PASSED] - Navigate to 'https://vtcpqa2.rpega.com:9030/tcpqa/PRServlet' successfully

2017-11-27 09:44:54 - [MESSAGE][PASSED] - Text 'hendj@pegasystems.com' is set on object 'Object Repository/input_UserIdentifier'

2017-11-27 09:44:54 - [MESSAGE][PASSED] - Text 'install' is set on object 'Object Repository/input_Password'

2017-11-27 09:44:57 - [MESSAGE][PASSED] - Keys 'ENTER + ' sent to object: 'Object Repository/input_Password'

2017-11-27 09:44:57 - [MESSAGE][PASSED] - com.helper.commonfunct.utilities.login is PASSED

2017-11-27 09:44:57 - [TEST_STEP][FAILED] - com.helper.commonfunct.BEP_CommonMethod.EstimateNoOutput: Unable to click on object 'Object Repository/BEP/BEPoutput' (Root cause: com.kms.katalon.core.webui.exception.WebElementNotFoundException: Web element with id: 'Object Repository/BEP/BEPoutput' located by 'By.xpath: //*[@id = 'BEPOutputNone']' not found)

2017-11-27 09:44:57 - [MESSAGE][PASSED] - Object: 'Object Repository/Generic/a_Actions' is clicked on

2017-11-27 09:45:00 - [MESSAGE][PASSED] - Object: 'Object Repository/span_New' is focused

2017-11-27 09:45:03 - [MESSAGE][PASSED] - Object: 'Object Repository/BEP/EstimateLink' is clicked on

2017-11-27 09:45:08 - [MESSAGE][PASSED] - Delayed 5 second(s)

2017-11-27 09:45:08 - [MESSAGE][WARNING] - Timeout '0' is invalid. Using default page load timeout: '30'

2017-11-27 09:45:08 - [MESSAGE][PASSED] - Object 'Object Repository/BEP/import' is visible

2017-11-27 09:45:09 - [MESSAGE][PASSED] - Object: 'Object Repository/BEP/import' is clicked on

2017-11-27 09:45:14 - [MESSAGE][PASSED] - Delayed 5 second(s)

2017-11-27 09:45:14 - [MESSAGE][PASSED] - File 'C:\EStimate.xlsm' sent to object: 'Object Repository/input_PpyWorkPageppyFilePath'

2017-11-27 09:45:19 - [MESSAGE][PASSED] - Delayed 5 second(s)

2017-11-27 09:45:21 - [MESSAGE][PASSED] - Object: 'Object Repository/button_Submit' is clicked on

2017-11-27 09:45:31 - [MESSAGE][PASSED] - Delayed 10 second(s)

2017-11-27 09:45:31 - [MESSAGE][PASSED] - Text 'BOFA' is set on object 'Object Repository/Generic/ORG'

2017-11-27 09:45:36 - [MESSAGE][PASSED] - Delayed 5 second(s)

2017-11-27 09:45:36 - [MESSAGE][PASSED] - Keys 'TAB + ' sent to object: 'Object Repository/Generic/ORG'

2017-11-27 09:45:41 - [MESSAGE][PASSED] - Delayed 5 second(s)

2017-11-27 09:45:41 - [MESSAGE][PASSED] - Text 'BOFA' is set on object 'Object Repository/Generic/ACC'

2017-11-27 09:45:46 - [MESSAGE][PASSED] - Delayed 5 second(s)

2017-11-27 09:45:46 - [MESSAGE][PASSED] - Keys 'TAB + ' sent to object: 'Object Repository/Generic/ACC'

2017-11-27 09:45:51 - [MESSAGE][PASSED] - Delayed 5 second(s)

2017-11-27 09:45:52 - [MESSAGE][PASSED] - Text 'AUTOTEST1' is set on object 'Object Repository/Generic/ENG_DESC'

2017-11-27 09:45:57 - [MESSAGE][PASSED] - Delayed 5 second(s)

2017-11-27 09:45:57 - [MESSAGE][PASSED] - Object: 'Object Repository/Generic/PlatformID' is clicked on

2017-11-27 09:46:02 - [MESSAGE][PASSED] - Delayed 5 second(s)

2017-11-27 09:46:02 - [MESSAGE][PASSED] - Keys 'AMPchroma' sent to object: 'Object Repository/Generic/PlatformID'

2017-11-27 09:46:07 - [MESSAGE][PASSED] - Delayed 5 second(s)

2017-11-27 09:46:08 - [MESSAGE][PASSED] - Object: 'Object Repository/Generic/PlatformVersion' is clicked on

2017-11-27 09:46:13 - [MESSAGE][PASSED] - Delayed 5 second(s)

2017-11-27 09:46:13 - [MESSAGE][PASSED] - Keys 'N/A' sent to object: 'Object Repository/Generic/PlatformVersion'

2017-11-27 09:46:18 - [MESSAGE][PASSED] - Delayed 5 second(s)

2017-11-27 09:46:18 - [MESSAGE][PASSED] - Scroll to object 'Object Repository/BEP/MorethanOneRLSNO' successfully

2017-11-27 09:46:18 - [MESSAGE][PASSED] - Object: 'Object Repository/BEP/MorethanOneRLSNO' is clicked on

2017-11-27 09:46:23 - [MESSAGE][PASSED] - Delayed 5 second(s)

2017-11-27 09:46:23 - [MESSAGE][PASSED] - Object: 'Object Repository/Generic/PlatformTrue' is clicked on

2017-11-27 09:46:28 - [MESSAGE][PASSED] - Delayed 5 second(s)

2017-11-27 09:46:33 - [MESSAGE][PASSED] - Delayed 5 second(s)

2017-11-27 09:46:34 - [MESSAGE][PASSED] - Object: 'Object Repository/EngInfo/PL' is clicked on

2017-11-27 09:46:39 - [MESSAGE][PASSED] - Delayed 5 second(s)

2017-11-27 09:46:39 - [MESSAGE][PASSED] - Keys 'Jeff Henderson ' sent to object: 'Object Repository/EngInfo/PL'

2017-11-27 09:46:44 - [MESSAGE][PASSED] - Delayed 5 second(s)

2017-11-27 09:46:44 - [MESSAGE][PASSED] - Object: 'Object Repository/EngInfo/PLTL' is clicked on

2017-11-27 09:46:49 - [MESSAGE][PASSED] - Delayed 5 second(s)

2017-11-27 09:46:49 - [MESSAGE][PASSED] - Keys 'Robert Higgins' sent to object: 'Object Repository/EngInfo/PLTL'

2017-11-27 09:46:54 - [MESSAGE][PASSED] - Delayed 5 second(s)

2017-11-27 09:46:54 - [MESSAGE][PASSED] - Object: 'Object Repository/EngInfo/RL' is clicked on

2017-11-27 09:46:59 - [MESSAGE][PASSED] - Delayed 5 second(s)

2017-11-27 09:47:00 - [MESSAGE][PASSED] - Keys 'Eric Panepinto' sent to object: 'Object Repository/EngInfo/RL'

2017-11-27 09:47:05 - [MESSAGE][PASSED] - Delayed 5 second(s)

2017-11-27 09:47:05 - [MESSAGE][PASSED] - Object: 'Object Repository/EngInfo/RD' is clicked on

2017-11-27 09:47:10 - [MESSAGE][PASSED] - Delayed 5 second(s)

2017-11-27 09:47:10 - [MESSAGE][PASSED] - Keys 'Robert Lang' sent to object: 'Object Repository/EngInfo/RD'

2017-11-27 09:47:15 - [MESSAGE][PASSED] - Delayed 5 second(s)

2017-11-27 09:47:15 - [MESSAGE][PASSED] - Scroll to object 'Object Repository/NEXT_BUTTON' successfully

2017-11-27 09:47:15 - [MESSAGE][PASSED] - Object: 'Object Repository/NEXT_BUTTON' is clicked on

2017-11-27 09:47:17 - [MESSAGE][PASSED] - Text '12' is set on object 'Object Repository/BEP/DurationLow'

2017-11-27 09:47:22 - [MESSAGE][PASSED] - Delayed 5 second(s)

2017-11-27 09:47:22 - [MESSAGE][PASSED] - Keys 'TAB + ' sent to object: 'Object Repository/BEP/DurationLow'

2017-11-27 09:47:27 - [MESSAGE][PASSED] - Delayed 5 second(s)

2017-11-27 09:47:27 - [MESSAGE][PASSED] - Text '12' is set on object 'Object Repository/BEP/DurationHigh'

2017-11-27 09:47:32 - [MESSAGE][PASSED] - Delayed 5 second(s)

2017-11-27 09:47:32 - [MESSAGE][PASSED] - Keys 'TAB + ' sent to object: 'Object Repository/BEP/DurationHigh'

2017-11-27 09:47:37 - [MESSAGE][PASSED] - Delayed 5 second(s)

2017-11-27 09:47:37 - [MESSAGE][PASSED] - Text '12' is set on object 'Object Repository/BEP/PartnerHoursLow'

2017-11-27 09:47:42 - [MESSAGE][PASSED] - Delayed 5 second(s)

2017-11-27 09:47:42 - [MESSAGE][PASSED] - Keys 'TAB + ' sent to object: 'Object Repository/BEP/PartnerHoursLow'

2017-11-27 09:47:47 - [MESSAGE][PASSED] - Delayed 5 second(s)

2017-11-27 09:47:47 - [MESSAGE][PASSED] - Text '12' is set on object 'Object Repository/BEP/PartnerHoursHigh'

2017-11-27 09:47:52 - [MESSAGE][PASSED] - Delayed 5 second(s)

2017-11-27 09:47:53 - [MESSAGE][PASSED] - Object: 'Object Repository/BEP/EstimationMethod' is clicked on

2017-11-27 09:47:58 - [MESSAGE][PASSED] - Delayed 5 second(s)

2017-11-27 09:47:59 - [MESSAGE][PASSED] - Keys 'BSW' sent to object: 'Object Repository/BEP/EstimationMethod'

2017-11-27 09:48:04 - [MESSAGE][PASSED] - Delayed 5 second(s)

2017-11-27 09:48:04 - [MESSAGE][PASSED] - Object: 'Object Repository/BEP/routeToRL' is clicked on

2017-11-27 09:48:09 - [MESSAGE][PASSED] - Delayed 5 second(s)

2017-11-27 09:48:09 - [MESSAGE][PASSED] - Scroll to object 'Object Repository/NEXT_BUTTON' successfully

2017-11-27 09:48:10 - [MESSAGE][PASSED] - Object: 'Object Repository/NEXT_BUTTON' is clicked on

2017-11-27 09:48:15 - [MESSAGE][PASSED] - Delayed 5 second(s)

2017-11-27 09:48:46 - [MESSAGE][FAILED] - Unable to click on object 'Object Repository/BEP/BEPoutput' (Root cause: com.kms.katalon.core.webui.exception.WebElementNotFoundException: Web element with id: 'Object Repository/BEP/BEPoutput' located by 'By.xpath: //*[@id = 'BEPOutputNone']' not found)
[[ATTACHMENT|C:\\Users\\nipin\\Katalon Studio\\COE\\Reports\\BEP\\20171127_091436\\1511794126343.png]]

2017-11-27 09:48:46 - [MESSAGE][FAILED] - Unable to click on object 'Object Repository/BEP/BEPoutput' (Root cause: com.kms.katalon.core.webui.exception.WebElementNotFoundException: Web element with id: 'Object Repository/BEP/BEPoutput' located by 'By.xpath: //*[@id = 'BEPOutputNone']' not found)

2017-11-27 09:48:46 - [MESSAGE][FAILED] - Unable to call Test Case with id 'Test Cases/BEP/TC_Create_BEP_NoOutput' (Root cause: Call Test Case 'Test Cases/BEP/TC_Create_BEP_NoOutput' failed)]]></system-out>
         <system-err><![CDATA[2017-11-27 09:44:49 - [TEST_CASE][FAILED] - Test Cases/BEP/TC_CreateBEP_NoroutingToRL: Test Cases/BEP/TC_CreateBEP_NoroutingToRL FAILED because (of) Unable to click on object 'Object Repository/BEP/BEPoutput' (Root cause: com.kms.katalon.core.webui.exception.WebElementNotFoundException: Web element with id: 'Object Repository/BEP/BEPoutput' located by 'By.xpath: //*[@id = 'BEPOutputNone']' not found)]]></system-err>
      </testcase>
      <testcase name="Test Cases/BEP/TC_Create_BEP_EmailOutput" classname="Test Cases/BEP/TC_Create_BEP_EmailOutput" status="PASSED">
         <system-out><![CDATA[2017-11-27 09:48:46 - [TEST_CASE][PASSED] - Test Cases/BEP/TC_Create_BEP_EmailOutput: Test Cases/BEP/TC_Create_BEP_EmailOutput

2017-11-27 09:48:46 - [TEST_STEP][PASSED] - com.helper.commonfunct.utilities.login: com.helper.commonfunct.utilities.login is PASSED

2017-11-27 09:48:46 - [MESSAGE][WARNING] - A browser is already opened. Closing browser and opening a new one

2017-11-27 09:48:50 - [MESSAGE][PASSED] - Browser is opened with url: ''

2017-11-27 09:48:51 - [MESSAGE][PASSED] - Navigate to 'https://vtcpqa2.rpega.com:9030/tcpqa/PRServlet' successfully

2017-11-27 09:48:52 - [MESSAGE][PASSED] - Text 'hendj@pegasystems.com' is set on object 'Object Repository/input_UserIdentifier'

2017-11-27 09:48:52 - [MESSAGE][PASSED] - Text 'install' is set on object 'Object Repository/input_Password'

2017-11-27 09:48:56 - [MESSAGE][PASSED] - Keys 'ENTER + ' sent to object: 'Object Repository/input_Password'

2017-11-27 09:48:56 - [MESSAGE][PASSED] - com.helper.commonfunct.utilities.login is PASSED

2017-11-27 09:48:56 - [TEST_STEP][PASSED] - com.helper.commonfunct.BEP_CommonMethod.EstimateEmailOutput: com.helper.commonfunct.BEP_CommonMethod.EstimateEmailOutput is PASSED

2017-11-27 09:48:56 - [MESSAGE][PASSED] - Object: 'Object Repository/Generic/a_Actions' is clicked on

2017-11-27 09:48:58 - [MESSAGE][PASSED] - Object: 'Object Repository/span_New' is focused

2017-11-27 09:49:01 - [MESSAGE][PASSED] - Object: 'Object Repository/BEP/EstimateLink' is clicked on

2017-11-27 09:49:06 - [MESSAGE][PASSED] - Delayed 5 second(s)

2017-11-27 09:49:06 - [MESSAGE][WARNING] - Timeout '0' is invalid. Using default page load timeout: '30'

2017-11-27 09:49:06 - [MESSAGE][PASSED] - Object 'Object Repository/BEP/import' is visible

2017-11-27 09:49:06 - [MESSAGE][PASSED] - Object: 'Object Repository/BEP/import' is clicked on

2017-11-27 09:49:11 - [MESSAGE][PASSED] - Delayed 5 second(s)

2017-11-27 09:49:11 - [MESSAGE][PASSED] - File 'C:\EStimate.xlsm' sent to object: 'Object Repository/input_PpyWorkPageppyFilePath'

2017-11-27 09:49:16 - [MESSAGE][PASSED] - Delayed 5 second(s)

2017-11-27 09:49:18 - [MESSAGE][PASSED] - Object: 'Object Repository/button_Submit' is clicked on

2017-11-27 09:49:28 - [MESSAGE][PASSED] - Delayed 10 second(s)

2017-11-27 09:49:29 - [MESSAGE][PASSED] - Text 'BOFA' is set on object 'Object Repository/Generic/ORG'

2017-11-27 09:49:34 - [MESSAGE][PASSED] - Delayed 5 second(s)

2017-11-27 09:49:34 - [MESSAGE][PASSED] - Keys 'TAB + ' sent to object: 'Object Repository/Generic/ORG'

2017-11-27 09:49:39 - [MESSAGE][PASSED] - Delayed 5 second(s)

2017-11-27 09:49:39 - [MESSAGE][PASSED] - Text 'BOFA' is set on object 'Object Repository/Generic/ACC'

2017-11-27 09:49:44 - [MESSAGE][PASSED] - Delayed 5 second(s)

2017-11-27 09:49:44 - [MESSAGE][PASSED] - Keys 'TAB + ' sent to object: 'Object Repository/Generic/ACC'

2017-11-27 09:49:49 - [MESSAGE][PASSED] - Delayed 5 second(s)

2017-11-27 09:49:50 - [MESSAGE][PASSED] - Text 'AUTOTEST1' is set on object 'Object Repository/Generic/ENG_DESC'

2017-11-27 09:49:55 - [MESSAGE][PASSED] - Delayed 5 second(s)

2017-11-27 09:49:55 - [MESSAGE][PASSED] - Object: 'Object Repository/Generic/PlatformID' is clicked on

2017-11-27 09:50:00 - [MESSAGE][PASSED] - Delayed 5 second(s)

2017-11-27 09:50:00 - [MESSAGE][PASSED] - Keys 'AMPchroma' sent to object: 'Object Repository/Generic/PlatformID'

2017-11-27 09:50:05 - [MESSAGE][PASSED] - Delayed 5 second(s)

2017-11-27 09:50:05 - [MESSAGE][PASSED] - Object: 'Object Repository/Generic/PlatformVersion' is clicked on

2017-11-27 09:50:10 - [MESSAGE][PASSED] - Delayed 5 second(s)

2017-11-27 09:50:11 - [MESSAGE][PASSED] - Keys 'N/A' sent to object: 'Object Repository/Generic/PlatformVersion'

2017-11-27 09:50:16 - [MESSAGE][PASSED] - Delayed 5 second(s)

2017-11-27 09:50:16 - [MESSAGE][PASSED] - Scroll to object 'Object Repository/BEP/MorethanOneRLSNO' successfully

2017-11-27 09:50:16 - [MESSAGE][PASSED] - Object: 'Object Repository/BEP/MorethanOneRLSNO' is clicked on

2017-11-27 09:50:21 - [MESSAGE][PASSED] - Delayed 5 second(s)

2017-11-27 09:50:21 - [MESSAGE][PASSED] - Object: 'Object Repository/Generic/PlatformTrue' is clicked on

2017-11-27 09:50:26 - [MESSAGE][PASSED] - Delayed 5 second(s)

2017-11-27 09:50:31 - [MESSAGE][PASSED] - Delayed 5 second(s)

2017-11-27 09:50:31 - [MESSAGE][PASSED] - Object: 'Object Repository/EngInfo/PL' is clicked on

2017-11-27 09:50:36 - [MESSAGE][PASSED] - Delayed 5 second(s)

2017-11-27 09:50:37 - [MESSAGE][PASSED] - Keys 'Jeff Henderson ' sent to object: 'Object Repository/EngInfo/PL'

2017-11-27 09:50:42 - [MESSAGE][PASSED] - Delayed 5 second(s)

2017-11-27 09:50:42 - [MESSAGE][PASSED] - Object: 'Object Repository/EngInfo/PLTL' is clicked on

2017-11-27 09:50:47 - [MESSAGE][PASSED] - Delayed 5 second(s)

2017-11-27 09:50:47 - [MESSAGE][PASSED] - Keys 'Robert Higgins' sent to object: 'Object Repository/EngInfo/PLTL'

2017-11-27 09:50:52 - [MESSAGE][PASSED] - Delayed 5 second(s)

2017-11-27 09:50:52 - [MESSAGE][PASSED] - Object: 'Object Repository/EngInfo/RL' is clicked on

2017-11-27 09:50:57 - [MESSAGE][PASSED] - Delayed 5 second(s)

2017-11-27 09:50:57 - [MESSAGE][PASSED] - Keys 'Eric Panepinto' sent to object: 'Object Repository/EngInfo/RL'

2017-11-27 09:51:02 - [MESSAGE][PASSED] - Delayed 5 second(s)

2017-11-27 09:51:03 - [MESSAGE][PASSED] - Object: 'Object Repository/EngInfo/RD' is clicked on

2017-11-27 09:51:08 - [MESSAGE][PASSED] - Delayed 5 second(s)

2017-11-27 09:51:08 - [MESSAGE][PASSED] - Keys 'Robert Lang' sent to object: 'Object Repository/EngInfo/RD'

2017-11-27 09:51:13 - [MESSAGE][PASSED] - Delayed 5 second(s)

2017-11-27 09:51:13 - [MESSAGE][PASSED] - Scroll to object 'Object Repository/NEXT_BUTTON' successfully

2017-11-27 09:51:14 - [MESSAGE][PASSED] - Object: 'Object Repository/NEXT_BUTTON' is clicked on

2017-11-27 09:51:19 - [MESSAGE][PASSED] - Delayed 5 second(s)

2017-11-27 09:51:19 - [MESSAGE][PASSED] - Text '12' is set on object 'Object Repository/BEP/DurationLow'

2017-11-27 09:51:24 - [MESSAGE][PASSED] - Delayed 5 second(s)

2017-11-27 09:51:24 - [MESSAGE][PASSED] - Keys 'TAB + ' sent to object: 'Object Repository/BEP/DurationLow'

2017-11-27 09:51:29 - [MESSAGE][PASSED] - Delayed 5 second(s)

2017-11-27 09:51:29 - [MESSAGE][PASSED] - Text '12' is set on object 'Object Repository/BEP/DurationHigh'

2017-11-27 09:51:34 - [MESSAGE][PASSED] - Delayed 5 second(s)

2017-11-27 09:51:35 - [MESSAGE][PASSED] - Keys 'TAB + ' sent to object: 'Object Repository/BEP/DurationHigh'

2017-11-27 09:51:40 - [MESSAGE][PASSED] - Delayed 5 second(s)

2017-11-27 09:51:40 - [MESSAGE][PASSED] - Text '12' is set on object 'Object Repository/BEP/PartnerHoursLow'

2017-11-27 09:51:45 - [MESSAGE][PASSED] - Delayed 5 second(s)

2017-11-27 09:51:45 - [MESSAGE][PASSED] - Keys 'TAB + ' sent to object: 'Object Repository/BEP/PartnerHoursLow'

2017-11-27 09:51:50 - [MESSAGE][PASSED] - Delayed 5 second(s)

2017-11-27 09:51:50 - [MESSAGE][PASSED] - Text '12' is set on object 'Object Repository/BEP/PartnerHoursHigh'

2017-11-27 09:51:55 - [MESSAGE][PASSED] - Delayed 5 second(s)

2017-11-27 09:51:55 - [MESSAGE][PASSED] - Object: 'Object Repository/BEP/EstimationMethod' is clicked on

2017-11-27 09:52:00 - [MESSAGE][PASSED] - Delayed 5 second(s)

2017-11-27 09:52:00 - [MESSAGE][PASSED] - Keys 'BSW' sent to object: 'Object Repository/BEP/EstimationMethod'

2017-11-27 09:52:05 - [MESSAGE][PASSED] - Delayed 5 second(s)

2017-11-27 09:52:06 - [MESSAGE][PASSED] - Object: 'Object Repository/BEP/routeToRL' is clicked on

2017-11-27 09:52:11 - [MESSAGE][PASSED] - Delayed 5 second(s)

2017-11-27 09:52:11 - [MESSAGE][PASSED] - Scroll to object 'Object Repository/NEXT_BUTTON' successfully

2017-11-27 09:52:11 - [MESSAGE][PASSED] - Object: 'Object Repository/NEXT_BUTTON' is clicked on

2017-11-27 09:52:16 - [MESSAGE][PASSED] - Delayed 5 second(s)

2017-11-27 09:52:16 - [MESSAGE][PASSED] - Object: 'Object Repository/BEP/BEPOutputEmail' is clicked on

2017-11-27 09:52:21 - [MESSAGE][PASSED] - Delayed 5 second(s)

2017-11-27 09:52:22 - [MESSAGE][PASSED] - Object: 'Object Repository/BEP/RECEIPIENT' is clicked on

2017-11-27 09:52:27 - [MESSAGE][PASSED] - Delayed 5 second(s)

2017-11-27 09:52:27 - [MESSAGE][PASSED] - Object: 'Object Repository/BEP/AddEmailID' is clicked on

2017-11-27 09:52:32 - [MESSAGE][PASSED] - Delayed 5 second(s)

2017-11-27 09:52:32 - [MESSAGE][PASSED] - Keys 'nagaveni.nipinale@in.pega.com' sent to object: 'Object Repository/BEP/MAILID_XPATH'

2017-11-27 09:52:37 - [MESSAGE][PASSED] - Delayed 5 second(s)

2017-11-27 09:52:37 - [MESSAGE][PASSED] - Object: 'Object Repository/BEP/modal_submit' is clicked on

2017-11-27 09:52:42 - [MESSAGE][PASSED] - Delayed 5 second(s)

2017-11-27 09:52:43 - [MESSAGE][PASSED] - Keys 'Test Automation' sent to object: 'Object Repository/BEP/Email_Subject'

2017-11-27 09:52:43 - [MESSAGE][PASSED] - Scroll to object 'Object Repository/NEXT_BUTTON' successfully

2017-11-27 09:52:43 - [MESSAGE][PASSED] - Object: 'Object Repository/NEXT_BUTTON' is clicked on

2017-11-27 09:52:48 - [MESSAGE][PASSED] - Delayed 5 second(s)

2017-11-27 09:52:48 - [MESSAGE][PASSED] - Scroll to object 'Object Repository/Generic/FINISH_BUTTON' successfully

2017-11-27 09:52:49 - [MESSAGE][PASSED] - Object: 'Object Repository/Generic/FINISH_BUTTON' is clicked on

2017-11-27 09:52:53 - [MESSAGE][PASSED] - Text of object 'Object Repository/BEP/BEPWOID' is: 'BEP-27Nov2017-8'

2017-11-27 09:52:53 - [MESSAGE][PASSED] - com.helper.commonfunct.BEP_CommonMethod.EstimateEmailOutput is PASSED

2017-11-27 09:52:53 - [TEST_STEP][PASSED] - com.helper.commonfunct.BEP_CommonMethod.woid: com.helper.commonfunct.BEP_CommonMethod.woid is PASSED

2017-11-27 09:52:53 - [MESSAGE][PASSED] - Text of object 'Object Repository/BEP/BEPWOID' is: 'BEP-27Nov2017-8'

2017-11-27 09:52:53 - [MESSAGE][PASSED] - com.helper.commonfunct.BEP_CommonMethod.woid is PASSED

2017-11-27 09:52:53 - [TEST_STEP][PASSED] - com.helper.commonfunct.BEP_CommonMethod.WOstatus: com.helper.commonfunct.BEP_CommonMethod.WOstatus is PASSED

2017-11-27 09:52:53 - [MESSAGE][PASSED] - Text of object 'Object Repository/BEP/WOSTATUS' is: 'Pending-RDApproval'

2017-11-27 09:52:53 - [MESSAGE][PASSED] - com.helper.commonfunct.BEP_CommonMethod.WOstatus is PASSED

2017-11-27 09:52:53 - [TEST_STEP][PASSED] - Statement - println(WOID): null]]></system-out>
         <system-err><![CDATA[]]></system-err>
      </testcase>
      <testcase name="Test Cases/BEP/TC_Create_BEP_NoOutput" classname="Test Cases/BEP/TC_Create_BEP_NoOutput" status="PASSED">
         <system-out><![CDATA[2017-11-27 09:52:53 - [TEST_CASE][PASSED] - Test Cases/BEP/TC_Create_BEP_NoOutput: Test Cases/BEP/TC_Create_BEP_NoOutput

2017-11-27 09:52:53 - [TEST_STEP][PASSED] - com.helper.commonfunct.utilities.login: com.helper.commonfunct.utilities.login is PASSED

2017-11-27 09:52:53 - [MESSAGE][WARNING] - A browser is already opened. Closing browser and opening a new one

2017-11-27 09:52:57 - [MESSAGE][PASSED] - Browser is opened with url: ''

2017-11-27 09:52:57 - [MESSAGE][PASSED] - Navigate to 'https://vtcpqa2.rpega.com:9030/tcpqa/PRServlet' successfully

2017-11-27 09:52:58 - [MESSAGE][PASSED] - Text 'hendj@pegasystems.com' is set on object 'Object Repository/input_UserIdentifier'

2017-11-27 09:52:58 - [MESSAGE][PASSED] - Text 'install' is set on object 'Object Repository/input_Password'

2017-11-27 09:53:00 - [MESSAGE][PASSED] - Keys 'ENTER + ' sent to object: 'Object Repository/input_Password'

2017-11-27 09:53:00 - [MESSAGE][PASSED] - com.helper.commonfunct.utilities.login is PASSED

2017-11-27 09:53:00 - [TEST_STEP][PASSED] - com.helper.commonfunct.BEP_CommonMethod.EstimateNoOutput: com.helper.commonfunct.BEP_CommonMethod.EstimateNoOutput is PASSED

2017-11-27 09:53:01 - [MESSAGE][PASSED] - Object: 'Object Repository/Generic/a_Actions' is clicked on

2017-11-27 09:53:03 - [MESSAGE][PASSED] - Object: 'Object Repository/span_New' is focused

2017-11-27 09:53:06 - [MESSAGE][PASSED] - Object: 'Object Repository/BEP/EstimateLink' is clicked on

2017-11-27 09:53:11 - [MESSAGE][PASSED] - Delayed 5 second(s)

2017-11-27 09:53:11 - [MESSAGE][WARNING] - Timeout '0' is invalid. Using default page load timeout: '30'

2017-11-27 09:53:12 - [MESSAGE][PASSED] - Object 'Object Repository/BEP/import' is visible

2017-11-27 09:53:12 - [MESSAGE][PASSED] - Object: 'Object Repository/BEP/import' is clicked on

2017-11-27 09:53:17 - [MESSAGE][PASSED] - Delayed 5 second(s)

2017-11-27 09:53:17 - [MESSAGE][PASSED] - File 'C:\EStimate.xlsm' sent to object: 'Object Repository/input_PpyWorkPageppyFilePath'

2017-11-27 09:53:22 - [MESSAGE][PASSED] - Delayed 5 second(s)

2017-11-27 09:53:24 - [MESSAGE][PASSED] - Object: 'Object Repository/button_Submit' is clicked on

2017-11-27 09:53:34 - [MESSAGE][PASSED] - Delayed 10 second(s)

2017-11-27 09:53:34 - [MESSAGE][PASSED] - Text 'BOFA' is set on object 'Object Repository/Generic/ORG'

2017-11-27 09:53:39 - [MESSAGE][PASSED] - Delayed 5 second(s)

2017-11-27 09:53:39 - [MESSAGE][PASSED] - Keys 'TAB + ' sent to object: 'Object Repository/Generic/ORG'

2017-11-27 09:53:44 - [MESSAGE][PASSED] - Delayed 5 second(s)

2017-11-27 09:53:44 - [MESSAGE][PASSED] - Text 'BOFA' is set on object 'Object Repository/Generic/ACC'

2017-11-27 09:53:49 - [MESSAGE][PASSED] - Delayed 5 second(s)

2017-11-27 09:53:50 - [MESSAGE][PASSED] - Keys 'TAB + ' sent to object: 'Object Repository/Generic/ACC'

2017-11-27 09:53:55 - [MESSAGE][PASSED] - Delayed 5 second(s)

2017-11-27 09:53:55 - [MESSAGE][PASSED] - Text 'AUTOTEST1' is set on object 'Object Repository/Generic/ENG_DESC'

2017-11-27 09:54:00 - [MESSAGE][PASSED] - Delayed 5 second(s)

2017-11-27 09:54:00 - [MESSAGE][PASSED] - Object: 'Object Repository/Generic/PlatformID' is clicked on

2017-11-27 09:54:05 - [MESSAGE][PASSED] - Delayed 5 second(s)

2017-11-27 09:54:05 - [MESSAGE][PASSED] - Keys 'AMPchroma' sent to object: 'Object Repository/Generic/PlatformID'

2017-11-27 09:54:10 - [MESSAGE][PASSED] - Delayed 5 second(s)

2017-11-27 09:54:10 - [MESSAGE][PASSED] - Object: 'Object Repository/Generic/PlatformVersion' is clicked on

2017-11-27 09:54:15 - [MESSAGE][PASSED] - Delayed 5 second(s)

2017-11-27 09:54:16 - [MESSAGE][PASSED] - Keys 'N/A' sent to object: 'Object Repository/Generic/PlatformVersion'

2017-11-27 09:54:21 - [MESSAGE][PASSED] - Delayed 5 second(s)

2017-11-27 09:54:21 - [MESSAGE][PASSED] - Scroll to object 'Object Repository/BEP/MorethanOneRLSNO' successfully

2017-11-27 09:54:21 - [MESSAGE][PASSED] - Object: 'Object Repository/BEP/MorethanOneRLSNO' is clicked on

2017-11-27 09:54:26 - [MESSAGE][PASSED] - Delayed 5 second(s)

2017-11-27 09:54:26 - [MESSAGE][PASSED] - Object: 'Object Repository/Generic/PlatformTrue' is clicked on

2017-11-27 09:54:31 - [MESSAGE][PASSED] - Delayed 5 second(s)

2017-11-27 09:54:36 - [MESSAGE][PASSED] - Delayed 5 second(s)

2017-11-27 09:54:36 - [MESSAGE][PASSED] - Object: 'Object Repository/EngInfo/PL' is clicked on

2017-11-27 09:54:41 - [MESSAGE][PASSED] - Delayed 5 second(s)

2017-11-27 09:54:42 - [MESSAGE][PASSED] - Keys 'Jeff Henderson ' sent to object: 'Object Repository/EngInfo/PL'

2017-11-27 09:54:47 - [MESSAGE][PASSED] - Delayed 5 second(s)

2017-11-27 09:54:47 - [MESSAGE][PASSED] - Object: 'Object Repository/EngInfo/PLTL' is clicked on

2017-11-27 09:54:52 - [MESSAGE][PASSED] - Delayed 5 second(s)

2017-11-27 09:54:52 - [MESSAGE][PASSED] - Keys 'Robert Higgins' sent to object: 'Object Repository/EngInfo/PLTL'

2017-11-27 09:54:57 - [MESSAGE][PASSED] - Delayed 5 second(s)

2017-11-27 09:54:58 - [MESSAGE][PASSED] - Object: 'Object Repository/EngInfo/RL' is clicked on

2017-11-27 09:55:03 - [MESSAGE][PASSED] - Delayed 5 second(s)

2017-11-27 09:55:03 - [MESSAGE][PASSED] - Keys 'Eric Panepinto' sent to object: 'Object Repository/EngInfo/RL'

2017-11-27 09:55:08 - [MESSAGE][PASSED] - Delayed 5 second(s)

2017-11-27 09:55:08 - [MESSAGE][PASSED] - Object: 'Object Repository/EngInfo/RD' is clicked on

2017-11-27 09:55:13 - [MESSAGE][PASSED] - Delayed 5 second(s)

2017-11-27 09:55:14 - [MESSAGE][PASSED] - Keys 'Robert Lang' sent to object: 'Object Repository/EngInfo/RD'

2017-11-27 09:55:19 - [MESSAGE][PASSED] - Delayed 5 second(s)

2017-11-27 09:55:19 - [MESSAGE][PASSED] - Scroll to object 'Object Repository/NEXT_BUTTON' successfully

2017-11-27 09:55:19 - [MESSAGE][PASSED] - Object: 'Object Repository/NEXT_BUTTON' is clicked on

2017-11-27 09:55:21 - [MESSAGE][PASSED] - Text '12' is set on object 'Object Repository/BEP/DurationLow'

2017-11-27 09:55:26 - [MESSAGE][PASSED] - Delayed 5 second(s)

2017-11-27 09:55:26 - [MESSAGE][PASSED] - Keys 'TAB + ' sent to object: 'Object Repository/BEP/DurationLow'

2017-11-27 09:55:31 - [MESSAGE][PASSED] - Delayed 5 second(s)

2017-11-27 09:55:31 - [MESSAGE][PASSED] - Text '12' is set on object 'Object Repository/BEP/DurationHigh'

2017-11-27 09:55:36 - [MESSAGE][PASSED] - Delayed 5 second(s)

2017-11-27 09:55:36 - [MESSAGE][PASSED] - Keys 'TAB + ' sent to object: 'Object Repository/BEP/DurationHigh'

2017-11-27 09:55:41 - [MESSAGE][PASSED] - Delayed 5 second(s)

2017-11-27 09:55:41 - [MESSAGE][PASSED] - Text '12' is set on object 'Object Repository/BEP/PartnerHoursLow'

2017-11-27 09:55:46 - [MESSAGE][PASSED] - Delayed 5 second(s)

2017-11-27 09:55:46 - [MESSAGE][PASSED] - Keys 'TAB + ' sent to object: 'Object Repository/BEP/PartnerHoursLow'

2017-11-27 09:55:51 - [MESSAGE][PASSED] - Delayed 5 second(s)

2017-11-27 09:55:52 - [MESSAGE][PASSED] - Text '12' is set on object 'Object Repository/BEP/PartnerHoursHigh'

2017-11-27 09:55:57 - [MESSAGE][PASSED] - Delayed 5 second(s)

2017-11-27 09:55:57 - [MESSAGE][PASSED] - Object: 'Object Repository/BEP/EstimationMethod' is clicked on

2017-11-27 09:56:02 - [MESSAGE][PASSED] - Delayed 5 second(s)

2017-11-27 09:56:02 - [MESSAGE][PASSED] - Keys 'BSW' sent to object: 'Object Repository/BEP/EstimationMethod'

2017-11-27 09:56:07 - [MESSAGE][PASSED] - Delayed 5 second(s)

2017-11-27 09:56:07 - [MESSAGE][PASSED] - Object: 'Object Repository/BEP/routeToRL' is clicked on

2017-11-27 09:56:12 - [MESSAGE][PASSED] - Delayed 5 second(s)

2017-11-27 09:56:12 - [MESSAGE][PASSED] - Scroll to object 'Object Repository/NEXT_BUTTON' successfully

2017-11-27 09:56:13 - [MESSAGE][PASSED] - Object: 'Object Repository/NEXT_BUTTON' is clicked on

2017-11-27 09:56:18 - [MESSAGE][PASSED] - Delayed 5 second(s)

2017-11-27 09:56:18 - [MESSAGE][PASSED] - Object: 'Object Repository/BEP/BEPoutput' is clicked on

2017-11-27 09:56:23 - [MESSAGE][PASSED] - Delayed 5 second(s)

2017-11-27 09:56:23 - [MESSAGE][PASSED] - All options with value 'RFP in process' are selected in object 'Object Repository/BEP/ReasonCode' 

2017-11-27 09:56:23 - [MESSAGE][PASSED] - Scroll to object 'Object Repository/NEXT_BUTTON' successfully

2017-11-27 09:56:23 - [MESSAGE][PASSED] - Object: 'Object Repository/NEXT_BUTTON' is clicked on

2017-11-27 09:56:25 - [MESSAGE][PASSED] - Scroll to object 'Object Repository/Generic/FINISH_BUTTON' successfully

2017-11-27 09:56:25 - [MESSAGE][PASSED] - Object: 'Object Repository/Generic/FINISH_BUTTON' is clicked on

2017-11-27 09:56:30 - [MESSAGE][PASSED] - Delayed 5 second(s)

2017-11-27 09:56:30 - [MESSAGE][PASSED] - Text of object 'Object Repository/BEP/BEPWOID' is: 'BEP-27Nov2017-9'

2017-11-27 09:56:30 - [MESSAGE][PASSED] - com.helper.commonfunct.BEP_CommonMethod.EstimateNoOutput is PASSED

2017-11-27 09:56:30 - [TEST_STEP][PASSED] - com.helper.commonfunct.BEP_CommonMethod.woid: com.helper.commonfunct.BEP_CommonMethod.woid is PASSED

2017-11-27 09:56:30 - [MESSAGE][PASSED] - Text of object 'Object Repository/BEP/BEPWOID' is: 'BEP-27Nov2017-9'

2017-11-27 09:56:30 - [MESSAGE][PASSED] - com.helper.commonfunct.BEP_CommonMethod.woid is PASSED

2017-11-27 09:56:30 - [TEST_STEP][PASSED] - com.helper.commonfunct.BEP_CommonMethod.WOstatus: com.helper.commonfunct.BEP_CommonMethod.WOstatus is PASSED

2017-11-27 09:56:30 - [MESSAGE][PASSED] - Text of object 'Object Repository/BEP/WOSTATUS' is: 'Pending-RDApproval'

2017-11-27 09:56:30 - [MESSAGE][PASSED] - com.helper.commonfunct.BEP_CommonMethod.WOstatus is PASSED]]></system-out>
         <system-err><![CDATA[]]></system-err>
      </testcase>
      <testcase name="Test Cases/BEP/TC_RD_RL_Reject" classname="Test Cases/BEP/TC_RD_RL_Reject" status="PASSED">
         <system-out><![CDATA[2017-11-27 09:56:30 - [TEST_CASE][PASSED] - Test Cases/BEP/TC_RD_RL_Reject: Test Cases/BEP/TC_RD_RL_Reject

2017-11-27 09:56:31 - [TEST_STEP][PASSED] - callTestCase: Call Test Case 'Test Cases/BEP/TC_Create_BEP_NoOutput' successfully

2017-11-27 09:56:31 - [TEST_CASE][PASSED] - Test Cases/BEP/TC_Create_BEP_NoOutput: Test Cases/BEP/TC_Create_BEP_NoOutput

2017-11-27 09:56:31 - [TEST_STEP][PASSED] - com.helper.commonfunct.utilities.login: com.helper.commonfunct.utilities.login is PASSED

2017-11-27 09:56:31 - [MESSAGE][WARNING] - A browser is already opened. Closing browser and opening a new one

2017-11-27 09:56:34 - [MESSAGE][PASSED] - Browser is opened with url: ''

2017-11-27 09:56:35 - [MESSAGE][PASSED] - Navigate to 'https://vtcpqa2.rpega.com:9030/tcpqa/PRServlet' successfully

2017-11-27 09:56:36 - [MESSAGE][PASSED] - Text 'hendj@pegasystems.com' is set on object 'Object Repository/input_UserIdentifier'

2017-11-27 09:56:36 - [MESSAGE][PASSED] - Text 'install' is set on object 'Object Repository/input_Password'

2017-11-27 09:56:39 - [MESSAGE][PASSED] - Keys 'ENTER + ' sent to object: 'Object Repository/input_Password'

2017-11-27 09:56:39 - [MESSAGE][PASSED] - com.helper.commonfunct.utilities.login is PASSED

2017-11-27 09:56:39 - [TEST_STEP][PASSED] - com.helper.commonfunct.BEP_CommonMethod.EstimateNoOutput: com.helper.commonfunct.BEP_CommonMethod.EstimateNoOutput is PASSED

2017-11-27 09:56:39 - [MESSAGE][PASSED] - Object: 'Object Repository/Generic/a_Actions' is clicked on

2017-11-27 09:56:43 - [MESSAGE][PASSED] - Object: 'Object Repository/span_New' is focused

2017-11-27 09:56:47 - [MESSAGE][PASSED] - Object: 'Object Repository/BEP/EstimateLink' is clicked on

2017-11-27 09:56:52 - [MESSAGE][PASSED] - Delayed 5 second(s)

2017-11-27 09:56:52 - [MESSAGE][WARNING] - Timeout '0' is invalid. Using default page load timeout: '30'

2017-11-27 09:56:52 - [MESSAGE][PASSED] - Object 'Object Repository/BEP/import' is visible

2017-11-27 09:56:52 - [MESSAGE][PASSED] - Object: 'Object Repository/BEP/import' is clicked on

2017-11-27 09:56:57 - [MESSAGE][PASSED] - Delayed 5 second(s)

2017-11-27 09:56:57 - [MESSAGE][PASSED] - File 'C:\EStimate.xlsm' sent to object: 'Object Repository/input_PpyWorkPageppyFilePath'

2017-11-27 09:57:02 - [MESSAGE][PASSED] - Delayed 5 second(s)

2017-11-27 09:57:04 - [MESSAGE][PASSED] - Object: 'Object Repository/button_Submit' is clicked on

2017-11-27 09:57:14 - [MESSAGE][PASSED] - Delayed 10 second(s)

2017-11-27 09:57:14 - [MESSAGE][PASSED] - Text 'BOFA' is set on object 'Object Repository/Generic/ORG'

2017-11-27 09:57:19 - [MESSAGE][PASSED] - Delayed 5 second(s)

2017-11-27 09:57:20 - [MESSAGE][PASSED] - Keys 'TAB + ' sent to object: 'Object Repository/Generic/ORG'

2017-11-27 09:57:25 - [MESSAGE][PASSED] - Delayed 5 second(s)

2017-11-27 09:57:25 - [MESSAGE][PASSED] - Text 'BOFA' is set on object 'Object Repository/Generic/ACC'

2017-11-27 09:57:30 - [MESSAGE][PASSED] - Delayed 5 second(s)

2017-11-27 09:57:30 - [MESSAGE][PASSED] - Keys 'TAB + ' sent to object: 'Object Repository/Generic/ACC'

2017-11-27 09:57:35 - [MESSAGE][PASSED] - Delayed 5 second(s)

2017-11-27 09:57:36 - [MESSAGE][PASSED] - Text 'AUTOTEST1' is set on object 'Object Repository/Generic/ENG_DESC'

2017-11-27 09:57:41 - [MESSAGE][PASSED] - Delayed 5 second(s)

2017-11-27 09:57:41 - [MESSAGE][PASSED] - Object: 'Object Repository/Generic/PlatformID' is clicked on

2017-11-27 09:57:46 - [MESSAGE][PASSED] - Delayed 5 second(s)

2017-11-27 09:57:46 - [MESSAGE][PASSED] - Keys 'AMPchroma' sent to object: 'Object Repository/Generic/PlatformID'

2017-11-27 09:57:51 - [MESSAGE][PASSED] - Delayed 5 second(s)

2017-11-27 09:57:51 - [MESSAGE][PASSED] - Object: 'Object Repository/Generic/PlatformVersion' is clicked on

2017-11-27 09:57:56 - [MESSAGE][PASSED] - Delayed 5 second(s)

2017-11-27 09:57:57 - [MESSAGE][PASSED] - Keys 'N/A' sent to object: 'Object Repository/Generic/PlatformVersion'

2017-11-27 09:58:02 - [MESSAGE][PASSED] - Delayed 5 second(s)

2017-11-27 09:58:02 - [MESSAGE][PASSED] - Scroll to object 'Object Repository/BEP/MorethanOneRLSNO' successfully

2017-11-27 09:58:02 - [MESSAGE][PASSED] - Object: 'Object Repository/BEP/MorethanOneRLSNO' is clicked on

2017-11-27 09:58:07 - [MESSAGE][PASSED] - Delayed 5 second(s)

2017-11-27 09:58:07 - [MESSAGE][PASSED] - Object: 'Object Repository/Generic/PlatformTrue' is clicked on

2017-11-27 09:58:12 - [MESSAGE][PASSED] - Delayed 5 second(s)

2017-11-27 09:58:18 - [MESSAGE][PASSED] - Delayed 5 second(s)

2017-11-27 09:58:18 - [MESSAGE][PASSED] - Object: 'Object Repository/EngInfo/PL' is clicked on

2017-11-27 09:58:23 - [MESSAGE][PASSED] - Delayed 5 second(s)

2017-11-27 09:58:24 - [MESSAGE][PASSED] - Keys 'Jeff Henderson ' sent to object: 'Object Repository/EngInfo/PL'

2017-11-27 09:58:29 - [MESSAGE][PASSED] - Delayed 5 second(s)

2017-11-27 09:58:29 - [MESSAGE][PASSED] - Object: 'Object Repository/EngInfo/PLTL' is clicked on

2017-11-27 09:58:34 - [MESSAGE][PASSED] - Delayed 5 second(s)

2017-11-27 09:58:34 - [MESSAGE][PASSED] - Keys 'Robert Higgins' sent to object: 'Object Repository/EngInfo/PLTL'

2017-11-27 09:58:39 - [MESSAGE][PASSED] - Delayed 5 second(s)

2017-11-27 09:58:40 - [MESSAGE][PASSED] - Object: 'Object Repository/EngInfo/RL' is clicked on

2017-11-27 09:58:45 - [MESSAGE][PASSED] - Delayed 5 second(s)

2017-11-27 09:58:46 - [MESSAGE][PASSED] - Keys 'Eric Panepinto' sent to object: 'Object Repository/EngInfo/RL'

2017-11-27 09:58:51 - [MESSAGE][PASSED] - Delayed 5 second(s)

2017-11-27 09:58:51 - [MESSAGE][PASSED] - Object: 'Object Repository/EngInfo/RD' is clicked on

2017-11-27 09:58:56 - [MESSAGE][PASSED] - Delayed 5 second(s)

2017-11-27 09:58:56 - [MESSAGE][PASSED] - Keys 'Robert Lang' sent to object: 'Object Repository/EngInfo/RD'

2017-11-27 09:59:01 - [MESSAGE][PASSED] - Delayed 5 second(s)

2017-11-27 09:59:01 - [MESSAGE][PASSED] - Scroll to object 'Object Repository/NEXT_BUTTON' successfully

2017-11-27 09:59:01 - [MESSAGE][PASSED] - Object: 'Object Repository/NEXT_BUTTON' is clicked on

2017-11-27 09:59:03 - [MESSAGE][PASSED] - Text '12' is set on object 'Object Repository/BEP/DurationLow'

2017-11-27 09:59:08 - [MESSAGE][PASSED] - Delayed 5 second(s)

2017-11-27 09:59:08 - [MESSAGE][PASSED] - Keys 'TAB + ' sent to object: 'Object Repository/BEP/DurationLow'

2017-11-27 09:59:13 - [MESSAGE][PASSED] - Delayed 5 second(s)

2017-11-27 09:59:13 - [MESSAGE][PASSED] - Text '12' is set on object 'Object Repository/BEP/DurationHigh'

2017-11-27 09:59:18 - [MESSAGE][PASSED] - Delayed 5 second(s)

2017-11-27 09:59:18 - [MESSAGE][PASSED] - Keys 'TAB + ' sent to object: 'Object Repository/BEP/DurationHigh'

2017-11-27 09:59:23 - [MESSAGE][PASSED] - Delayed 5 second(s)

2017-11-27 09:59:23 - [MESSAGE][PASSED] - Text '12' is set on object 'Object Repository/BEP/PartnerHoursLow'

2017-11-27 09:59:28 - [MESSAGE][PASSED] - Delayed 5 second(s)

2017-11-27 09:59:28 - [MESSAGE][PASSED] - Keys 'TAB + ' sent to object: 'Object Repository/BEP/PartnerHoursLow'

2017-11-27 09:59:33 - [MESSAGE][PASSED] - Delayed 5 second(s)

2017-11-27 09:59:34 - [MESSAGE][PASSED] - Text '12' is set on object 'Object Repository/BEP/PartnerHoursHigh'

2017-11-27 09:59:39 - [MESSAGE][PASSED] - Delayed 5 second(s)

2017-11-27 09:59:39 - [MESSAGE][PASSED] - Object: 'Object Repository/BEP/EstimationMethod' is clicked on

2017-11-27 09:59:44 - [MESSAGE][PASSED] - Delayed 5 second(s)

2017-11-27 09:59:44 - [MESSAGE][PASSED] - Keys 'BSW' sent to object: 'Object Repository/BEP/EstimationMethod'

2017-11-27 09:59:49 - [MESSAGE][PASSED] - Delayed 5 second(s)

2017-11-27 09:59:49 - [MESSAGE][PASSED] - Object: 'Object Repository/BEP/routeToRL' is clicked on

2017-11-27 09:59:54 - [MESSAGE][PASSED] - Delayed 5 second(s)

2017-11-27 09:59:55 - [MESSAGE][PASSED] - Scroll to object 'Object Repository/NEXT_BUTTON' successfully

2017-11-27 09:59:55 - [MESSAGE][PASSED] - Object: 'Object Repository/NEXT_BUTTON' is clicked on

2017-11-27 10:00:00 - [MESSAGE][PASSED] - Delayed 5 second(s)

2017-11-27 10:00:00 - [MESSAGE][PASSED] - Object: 'Object Repository/BEP/BEPoutput' is clicked on

2017-11-27 10:00:05 - [MESSAGE][PASSED] - Delayed 5 second(s)

2017-11-27 10:00:05 - [MESSAGE][PASSED] - All options with value 'RFP in process' are selected in object 'Object Repository/BEP/ReasonCode' 

2017-11-27 10:00:05 - [MESSAGE][PASSED] - Scroll to object 'Object Repository/NEXT_BUTTON' successfully

2017-11-27 10:00:05 - [MESSAGE][PASSED] - Object: 'Object Repository/NEXT_BUTTON' is clicked on

2017-11-27 10:00:07 - [MESSAGE][PASSED] - Scroll to object 'Object Repository/Generic/FINISH_BUTTON' successfully

2017-11-27 10:00:07 - [MESSAGE][PASSED] - Object: 'Object Repository/Generic/FINISH_BUTTON' is clicked on

2017-11-27 10:00:12 - [MESSAGE][PASSED] - Delayed 5 second(s)

2017-11-27 10:00:12 - [MESSAGE][PASSED] - Text of object 'Object Repository/BEP/BEPWOID' is: 'BEP-27Nov2017-10'

2017-11-27 10:00:12 - [MESSAGE][PASSED] - com.helper.commonfunct.BEP_CommonMethod.EstimateNoOutput is PASSED

2017-11-27 10:00:12 - [TEST_STEP][PASSED] - com.helper.commonfunct.BEP_CommonMethod.woid: com.helper.commonfunct.BEP_CommonMethod.woid is PASSED

2017-11-27 10:00:12 - [MESSAGE][PASSED] - Text of object 'Object Repository/BEP/BEPWOID' is: 'BEP-27Nov2017-10'

2017-11-27 10:00:12 - [MESSAGE][PASSED] - com.helper.commonfunct.BEP_CommonMethod.woid is PASSED

2017-11-27 10:00:12 - [TEST_STEP][PASSED] - com.helper.commonfunct.BEP_CommonMethod.WOstatus: com.helper.commonfunct.BEP_CommonMethod.WOstatus is PASSED

2017-11-27 10:00:12 - [MESSAGE][PASSED] - Text of object 'Object Repository/BEP/WOSTATUS' is: 'Pending-RDApproval'

2017-11-27 10:00:12 - [MESSAGE][PASSED] - com.helper.commonfunct.BEP_CommonMethod.WOstatus is PASSED

2017-11-27 10:00:12 - [MESSAGE][PASSED] - Call Test Case 'Test Cases/BEP/TC_Create_BEP_NoOutput' successfully

2017-11-27 10:00:12 - [TEST_STEP][PASSED] - com.helper.commonfunct.utilities.setprop: com.helper.commonfunct.utilities.setprop is PASSED

2017-11-27 10:00:12 - [MESSAGE][PASSED] - com.helper.commonfunct.utilities.setprop is PASSED

2017-11-27 10:00:12 - [TEST_STEP][PASSED] - callTestCase: Call Test Case 'Test Cases/BEP/All_Approval_Reject' successfully

2017-11-27 10:00:12 - [TEST_CASE][PASSED] - Test Cases/BEP/All_Approval_Reject: Test Cases/BEP/All_Approval_Reject

2017-11-27 10:00:12 - [TEST_STEP][PASSED] - Statement - While (WOSTATUS.contains("Pending")): com.helper.commonfunct.utilities.WOstatus is PASSED

2017-11-27 10:00:12 - [TEST_STEP][PASSED] - Statement - For ([j = 0, j < AssignmentList.size(), (j++)]): com.helper.commonfunct.utilities.WOstatus is PASSED

2017-11-27 10:00:12 - [TEST_STEP][PASSED] - Statement - Status = text: null

2017-11-27 10:00:12 - [TEST_STEP][PASSED] - Statement - println(Status): null

2017-11-27 10:00:12 - [TEST_STEP][PASSED] - Statement - If (WOSTATUS == "Pending-RDApproval"): com.helper.commonfunct.utilities.WOstatus is PASSED

2017-11-27 10:00:12 - [TEST_STEP][PASSED] - Statement - If (RDReject == false): null

2017-11-27 10:00:12 - [TEST_STEP][PASSED] - Statement - Else: com.helper.commonfunct.utilities.WOstatus is PASSED

2017-11-27 10:00:12 - [TEST_STEP][PASSED] - com.helper.commonfunct.utilities.login: com.helper.commonfunct.utilities.login is PASSED

2017-11-27 10:00:12 - [MESSAGE][WARNING] - A browser is already opened. Closing browser and opening a new one

2017-11-27 10:00:16 - [MESSAGE][PASSED] - Browser is opened with url: ''

2017-11-27 10:00:16 - [MESSAGE][PASSED] - Navigate to 'https://vtcpqa2.rpega.com:9030/tcpqa/PRServlet' successfully

2017-11-27 10:00:17 - [MESSAGE][PASSED] - Text 'langr1@pegasystems.com' is set on object 'Object Repository/input_UserIdentifier'

2017-11-27 10:00:17 - [MESSAGE][PASSED] - Text 'install' is set on object 'Object Repository/input_Password'

2017-11-27 10:00:22 - [MESSAGE][PASSED] - Keys 'ENTER + ' sent to object: 'Object Repository/input_Password'

2017-11-27 10:00:22 - [MESSAGE][PASSED] - com.helper.commonfunct.utilities.login is PASSED

2017-11-27 10:00:22 - [TEST_STEP][PASSED] - com.helper.commonfunct.utilities.search: com.helper.commonfunct.utilities.search is PASSED

2017-11-27 10:00:23 - [MESSAGE][PASSED] - Current window maximized

2017-11-27 10:00:28 - [MESSAGE][PASSED] - Delayed 5 second(s)

2017-11-27 10:00:29 - [MESSAGE][PASSED] - Text 'BEP-27Nov2017-10' is set on object 'Object Repository/EngInfo/search'

2017-11-27 10:00:34 - [MESSAGE][PASSED] - Delayed 5 second(s)

2017-11-27 10:00:34 - [MESSAGE][PASSED] - Keys 'ENTER + ' sent to object: 'Object Repository/EngInfo/search'

2017-11-27 10:00:39 - [MESSAGE][PASSED] - Delayed 5 second(s)

2017-11-27 10:00:39 - [MESSAGE][PASSED] - com.helper.commonfunct.utilities.search is PASSED

2017-11-27 10:00:39 - [TEST_STEP][PASSED] - com.helper.commonfunct.BEP_CommonMethod.RDReject: com.helper.commonfunct.BEP_CommonMethod.RDReject is PASSED

2017-11-27 10:00:44 - [MESSAGE][PASSED] - Delayed 5 second(s)

2017-11-27 10:00:44 - [MESSAGE][WARNING] - Timeout '0' is invalid. Using default page load timeout: '30'

2017-11-27 10:00:45 - [MESSAGE][PASSED] - Object: 'Object Repository/BEP/RDLink' is clicked on

2017-11-27 10:00:50 - [MESSAGE][PASSED] - Delayed 5 second(s)

2017-11-27 10:00:50 - [MESSAGE][PASSED] - Scroll to object 'Object Repository/NEXT_BUTTON' successfully

2017-11-27 10:00:51 - [MESSAGE][PASSED] - Object: 'Object Repository/NEXT_BUTTON' is clicked on

2017-11-27 10:00:56 - [MESSAGE][PASSED] - Delayed 5 second(s)

2017-11-27 10:00:56 - [MESSAGE][WARNING] - Timeout '0' is invalid. Using default page load timeout: '30'

2017-11-27 10:00:56 - [MESSAGE][PASSED] - Scroll to object 'Object Repository/BEP/RD_RL_REJECT' successfully

2017-11-27 10:00:56 - [MESSAGE][PASSED] - Object: 'Object Repository/BEP/RD_RL_REJECT' is clicked on

2017-11-27 10:01:01 - [MESSAGE][PASSED] - Delayed 5 second(s)

2017-11-27 10:01:01 - [MESSAGE][PASSED] - Text 'Testing' is set on object 'Object Repository/BEP/BEP_CASENOTES'

2017-11-27 10:01:06 - [MESSAGE][PASSED] - Delayed 5 second(s)

2017-11-27 10:01:06 - [MESSAGE][WARNING] - Timeout '0' is invalid. Using default page load timeout: '30'

2017-11-27 10:01:06 - [MESSAGE][PASSED] - Scroll to object 'Object Repository/BEP/FINISH_ASSIGNMENT' successfully

2017-11-27 10:01:06 - [MESSAGE][PASSED] - Object: 'Object Repository/BEP/FINISH_ASSIGNMENT' is clicked on

2017-11-27 10:01:11 - [MESSAGE][PASSED] - Delayed 5 second(s)

2017-11-27 10:01:11 - [MESSAGE][PASSED] - com.helper.commonfunct.BEP_CommonMethod.RDReject is PASSED

2017-11-27 10:01:11 - [TEST_STEP][PASSED] - Statement - RDReject = false: null

2017-11-27 10:01:11 - [TEST_STEP][PASSED] - Statement - print(RDReject): null

2017-11-27 10:01:11 - [TEST_STEP][PASSED] - com.helper.commonfunct.utilities.WOstatus: com.helper.commonfunct.utilities.WOstatus is PASSED

2017-11-27 10:01:13 - [MESSAGE][PASSED] - Text of object 'Object Repository/ECR/WOSTATUS' is: 'Pending-Update'

2017-11-27 10:01:13 - [MESSAGE][PASSED] - com.helper.commonfunct.utilities.WOstatus is PASSED

2017-11-27 10:01:13 - [TEST_STEP][PASSED] - Statement - For ([j = 0, j < AssignmentList.size(), (j++)]): com.helper.commonfunct.utilities.WOstatus is PASSED

2017-11-27 10:01:13 - [TEST_STEP][PASSED] - Statement - Status = text: null

2017-11-27 10:01:13 - [TEST_STEP][PASSED] - Statement - println(Status): null

2017-11-27 10:01:13 - [TEST_STEP][PASSED] - Statement - If (WOSTATUS == "Pending-RDApproval"): null

2017-11-27 10:01:13 - [TEST_STEP][PASSED] - Statement - Else If (WOSTATUS == "Pending-RLApproval"): null

2017-11-27 10:01:13 - [TEST_STEP][PASSED] - Statement - Else If (WOSTATUS == "Pending-Update"): com.helper.commonfunct.utilities.WOstatus is PASSED

2017-11-27 10:01:13 - [TEST_STEP][PASSED] - com.helper.commonfunct.utilities.login: com.helper.commonfunct.utilities.login is PASSED

2017-11-27 10:01:13 - [MESSAGE][WARNING] - A browser is already opened. Closing browser and opening a new one

2017-11-27 10:01:16 - [MESSAGE][PASSED] - Browser is opened with url: ''

2017-11-27 10:01:17 - [MESSAGE][PASSED] - Navigate to 'https://vtcpqa2.rpega.com:9030/tcpqa/PRServlet' successfully

2017-11-27 10:01:17 - [MESSAGE][PASSED] - Text 'hendj@pegasystems.com' is set on object 'Object Repository/input_UserIdentifier'

2017-11-27 10:01:18 - [MESSAGE][PASSED] - Text 'install' is set on object 'Object Repository/input_Password'

2017-11-27 10:01:22 - [MESSAGE][PASSED] - Keys 'ENTER + ' sent to object: 'Object Repository/input_Password'

2017-11-27 10:01:22 - [MESSAGE][PASSED] - com.helper.commonfunct.utilities.login is PASSED

2017-11-27 10:01:22 - [TEST_STEP][PASSED] - com.helper.commonfunct.utilities.search: com.helper.commonfunct.utilities.search is PASSED

2017-11-27 10:01:24 - [MESSAGE][PASSED] - Current window maximized

2017-11-27 10:01:29 - [MESSAGE][PASSED] - Delayed 5 second(s)

2017-11-27 10:01:29 - [MESSAGE][PASSED] - Text 'BEP-27Nov2017-10' is set on object 'Object Repository/EngInfo/search'

2017-11-27 10:01:34 - [MESSAGE][PASSED] - Delayed 5 second(s)

2017-11-27 10:01:34 - [MESSAGE][PASSED] - Keys 'ENTER + ' sent to object: 'Object Repository/EngInfo/search'

2017-11-27 10:01:39 - [MESSAGE][PASSED] - Delayed 5 second(s)

2017-11-27 10:01:39 - [MESSAGE][PASSED] - com.helper.commonfunct.utilities.search is PASSED

2017-11-27 10:01:39 - [TEST_STEP][PASSED] - com.helper.commonfunct.BEP_CommonMethod.Update: com.helper.commonfunct.BEP_CommonMethod.Update is PASSED

2017-11-27 10:01:44 - [MESSAGE][PASSED] - Delayed 5 second(s)

2017-11-27 10:01:44 - [MESSAGE][WARNING] - Timeout '0' is invalid. Using default page load timeout: '30'

2017-11-27 10:01:46 - [MESSAGE][PASSED] - Object: 'Object Repository/BEP/UpdateValueEst' is clicked on

2017-11-27 10:01:51 - [MESSAGE][PASSED] - Delayed 5 second(s)

2017-11-27 10:01:51 - [MESSAGE][PASSED] - Scroll to object 'Object Repository/NEXT_BUTTON' successfully

2017-11-27 10:01:52 - [MESSAGE][PASSED] - Object: 'Object Repository/NEXT_BUTTON' is clicked on

2017-11-27 10:01:57 - [MESSAGE][PASSED] - Delayed 5 second(s)

2017-11-27 10:01:57 - [MESSAGE][PASSED] - Text 'Testing' is set on object 'Object Repository/BEP/BEP_CASENOTES'

2017-11-27 10:02:02 - [MESSAGE][PASSED] - Delayed 5 second(s)

2017-11-27 10:02:02 - [MESSAGE][WARNING] - Timeout '0' is invalid. Using default page load timeout: '30'

2017-11-27 10:02:02 - [MESSAGE][PASSED] - Scroll to object 'Object Repository/BEP/FINISH_ASSIGNMENT' successfully

2017-11-27 10:02:02 - [MESSAGE][PASSED] - Object: 'Object Repository/BEP/FINISH_ASSIGNMENT' is clicked on

2017-11-27 10:02:07 - [MESSAGE][PASSED] - Delayed 5 second(s)

2017-11-27 10:02:07 - [MESSAGE][PASSED] - com.helper.commonfunct.BEP_CommonMethod.Update is PASSED

2017-11-27 10:02:07 - [TEST_STEP][PASSED] - com.helper.commonfunct.utilities.WOstatus: com.helper.commonfunct.utilities.WOstatus is PASSED

2017-11-27 10:02:08 - [MESSAGE][PASSED] - Text of object 'Object Repository/ECR/WOSTATUS' is: 'Pending-RDApproval'

2017-11-27 10:02:08 - [MESSAGE][PASSED] - com.helper.commonfunct.utilities.WOstatus is PASSED

2017-11-27 10:02:08 - [TEST_STEP][PASSED] - Statement - Status = text: null

2017-11-27 10:02:08 - [TEST_STEP][PASSED] - Statement - println(Status): null

2017-11-27 10:02:08 - [TEST_STEP][PASSED] - Statement - If (WOSTATUS == "Pending-RDApproval"): com.helper.commonfunct.utilities.WOstatus is PASSED

2017-11-27 10:02:08 - [TEST_STEP][PASSED] - Statement - If (RDReject == false): com.helper.commonfunct.utilities.WOstatus is PASSED

2017-11-27 10:02:08 - [TEST_STEP][PASSED] - Statement - If (RouteToRL == true): com.helper.commonfunct.utilities.WOstatus is PASSED

2017-11-27 10:02:08 - [TEST_STEP][PASSED] - com.helper.commonfunct.utilities.login: com.helper.commonfunct.utilities.login is PASSED

2017-11-27 10:02:08 - [MESSAGE][WARNING] - A browser is already opened. Closing browser and opening a new one

2017-11-27 10:02:12 - [MESSAGE][PASSED] - Browser is opened with url: ''

2017-11-27 10:02:13 - [MESSAGE][PASSED] - Navigate to 'https://vtcpqa2.rpega.com:9030/tcpqa/PRServlet' successfully

2017-11-27 10:02:13 - [MESSAGE][PASSED] - Text 'langr1@pegasystems.com' is set on object 'Object Repository/input_UserIdentifier'

2017-11-27 10:02:14 - [MESSAGE][PASSED] - Text 'install' is set on object 'Object Repository/input_Password'

2017-11-27 10:02:17 - [MESSAGE][PASSED] - Keys 'ENTER + ' sent to object: 'Object Repository/input_Password'

2017-11-27 10:02:17 - [MESSAGE][PASSED] - com.helper.commonfunct.utilities.login is PASSED

2017-11-27 10:02:17 - [TEST_STEP][PASSED] - com.helper.commonfunct.utilities.search: com.helper.commonfunct.utilities.search is PASSED

2017-11-27 10:02:19 - [MESSAGE][PASSED] - Current window maximized

2017-11-27 10:02:24 - [MESSAGE][PASSED] - Delayed 5 second(s)

2017-11-27 10:02:24 - [MESSAGE][PASSED] - Text 'BEP-27Nov2017-10' is set on object 'Object Repository/EngInfo/search'

2017-11-27 10:02:29 - [MESSAGE][PASSED] - Delayed 5 second(s)

2017-11-27 10:02:29 - [MESSAGE][PASSED] - Keys 'ENTER + ' sent to object: 'Object Repository/EngInfo/search'

2017-11-27 10:02:34 - [MESSAGE][PASSED] - Delayed 5 second(s)

2017-11-27 10:02:34 - [MESSAGE][PASSED] - com.helper.commonfunct.utilities.search is PASSED

2017-11-27 10:02:34 - [TEST_STEP][PASSED] - com.helper.commonfunct.BEP_CommonMethod.RDapprove: com.helper.commonfunct.BEP_CommonMethod.RDapprove is PASSED

2017-11-27 10:02:39 - [MESSAGE][PASSED] - Delayed 5 second(s)

2017-11-27 10:02:39 - [MESSAGE][WARNING] - Timeout '0' is invalid. Using default page load timeout: '30'

2017-11-27 10:02:41 - [MESSAGE][PASSED] - Object: 'Object Repository/BEP/RDLink' is clicked on

2017-11-27 10:02:46 - [MESSAGE][PASSED] - Delayed 5 second(s)

2017-11-27 10:02:46 - [MESSAGE][PASSED] - Scroll to object 'Object Repository/NEXT_BUTTON' successfully

2017-11-27 10:02:47 - [MESSAGE][PASSED] - Object: 'Object Repository/NEXT_BUTTON' is clicked on

2017-11-27 10:02:52 - [MESSAGE][PASSED] - Delayed 5 second(s)

2017-11-27 10:02:52 - [MESSAGE][WARNING] - Timeout '0' is invalid. Using default page load timeout: '30'

2017-11-27 10:02:52 - [MESSAGE][PASSED] - Scroll to object 'Object Repository/BEP/RD_RLApprove' successfully

2017-11-27 10:02:52 - [MESSAGE][PASSED] - Object: 'Object Repository/BEP/RD_RLApprove' is clicked on

2017-11-27 10:02:57 - [MESSAGE][PASSED] - Delayed 5 second(s)

2017-11-27 10:02:57 - [MESSAGE][PASSED] - Text 'Testing' is set on object 'Object Repository/BEP/BEP_CASENOTES'

2017-11-27 10:03:02 - [MESSAGE][PASSED] - Delayed 5 second(s)

2017-11-27 10:03:02 - [MESSAGE][WARNING] - Timeout '0' is invalid. Using default page load timeout: '30'

2017-11-27 10:03:02 - [MESSAGE][PASSED] - Scroll to object 'Object Repository/BEP/FINISH_ASSIGNMENT' successfully

2017-11-27 10:03:03 - [MESSAGE][PASSED] - Object: 'Object Repository/BEP/FINISH_ASSIGNMENT' is clicked on

2017-11-27 10:03:08 - [MESSAGE][PASSED] - Delayed 5 second(s)

2017-11-27 10:03:08 - [MESSAGE][PASSED] - com.helper.commonfunct.BEP_CommonMethod.RDapprove is PASSED

2017-11-27 10:03:08 - [TEST_STEP][PASSED] - com.helper.commonfunct.utilities.WOstatus: com.helper.commonfunct.utilities.WOstatus is PASSED

2017-11-27 10:03:08 - [MESSAGE][PASSED] - Text of object 'Object Repository/ECR/WOSTATUS' is: 'Pending-RLApproval'

2017-11-27 10:03:08 - [MESSAGE][PASSED] - com.helper.commonfunct.utilities.WOstatus is PASSED

2017-11-27 10:03:08 - [TEST_STEP][PASSED] - Statement - For ([j = 0, j < AssignmentList.size(), (j++)]): com.helper.commonfunct.utilities.WOstatus is PASSED

2017-11-27 10:03:08 - [TEST_STEP][PASSED] - Statement - Status = text: null

2017-11-27 10:03:08 - [TEST_STEP][PASSED] - Statement - println(Status): null

2017-11-27 10:03:08 - [TEST_STEP][PASSED] - Statement - If (WOSTATUS == "Pending-RDApproval"): null

2017-11-27 10:03:08 - [TEST_STEP][PASSED] - Statement - Else If (WOSTATUS == "Pending-RLApproval"): com.helper.commonfunct.utilities.WOstatus is PASSED

2017-11-27 10:03:08 - [TEST_STEP][PASSED] - Statement - If (RLReject == false): null

2017-11-27 10:03:08 - [TEST_STEP][PASSED] - Statement - Else: com.helper.commonfunct.utilities.WOstatus is PASSED

2017-11-27 10:03:08 - [TEST_STEP][PASSED] - com.helper.commonfunct.utilities.login: com.helper.commonfunct.utilities.login is PASSED

2017-11-27 10:03:08 - [MESSAGE][WARNING] - A browser is already opened. Closing browser and opening a new one

2017-11-27 10:03:11 - [MESSAGE][PASSED] - Browser is opened with url: ''

2017-11-27 10:03:12 - [MESSAGE][PASSED] - Navigate to 'https://vtcpqa2.rpega.com:9030/tcpqa/PRServlet' successfully

2017-11-27 10:03:12 - [MESSAGE][PASSED] - Text 'panee@pegasystems.com' is set on object 'Object Repository/input_UserIdentifier'

2017-11-27 10:03:12 - [MESSAGE][PASSED] - Text 'install' is set on object 'Object Repository/input_Password'

2017-11-27 10:03:16 - [MESSAGE][PASSED] - Keys 'ENTER + ' sent to object: 'Object Repository/input_Password'

2017-11-27 10:03:16 - [MESSAGE][PASSED] - com.helper.commonfunct.utilities.login is PASSED

2017-11-27 10:03:16 - [TEST_STEP][PASSED] - com.helper.commonfunct.utilities.search: com.helper.commonfunct.utilities.search is PASSED

2017-11-27 10:03:17 - [MESSAGE][PASSED] - Current window maximized

2017-11-27 10:03:22 - [MESSAGE][PASSED] - Delayed 5 second(s)

2017-11-27 10:03:22 - [MESSAGE][PASSED] - Text 'BEP-27Nov2017-10' is set on object 'Object Repository/EngInfo/search'

2017-11-27 10:03:27 - [MESSAGE][PASSED] - Delayed 5 second(s)

2017-11-27 10:03:29 - [MESSAGE][PASSED] - Keys 'ENTER + ' sent to object: 'Object Repository/EngInfo/search'

2017-11-27 10:03:34 - [MESSAGE][PASSED] - Delayed 5 second(s)

2017-11-27 10:03:34 - [MESSAGE][PASSED] - com.helper.commonfunct.utilities.search is PASSED

2017-11-27 10:03:34 - [TEST_STEP][PASSED] - com.helper.commonfunct.BEP_CommonMethod.RLreject: com.helper.commonfunct.BEP_CommonMethod.RLreject is PASSED

2017-11-27 10:03:39 - [MESSAGE][PASSED] - Delayed 5 second(s)

2017-11-27 10:03:39 - [MESSAGE][WARNING] - Timeout '0' is invalid. Using default page load timeout: '30'

2017-11-27 10:03:41 - [MESSAGE][PASSED] - Object: 'Object Repository/BEP/RlLink' is clicked on

2017-11-27 10:03:46 - [MESSAGE][PASSED] - Delayed 5 second(s)

2017-11-27 10:03:46 - [MESSAGE][PASSED] - Scroll to object 'Object Repository/NEXT_BUTTON' successfully

2017-11-27 10:03:46 - [MESSAGE][PASSED] - Object: 'Object Repository/NEXT_BUTTON' is clicked on

2017-11-27 10:03:51 - [MESSAGE][PASSED] - Delayed 5 second(s)

2017-11-27 10:03:51 - [MESSAGE][WARNING] - Timeout '0' is invalid. Using default page load timeout: '30'

2017-11-27 10:03:51 - [MESSAGE][PASSED] - Scroll to object 'Object Repository/BEP/RD_RL_REJECT' successfully

2017-11-27 10:03:52 - [MESSAGE][PASSED] - Object: 'Object Repository/BEP/RD_RL_REJECT' is clicked on

2017-11-27 10:03:57 - [MESSAGE][PASSED] - Delayed 5 second(s)

2017-11-27 10:03:58 - [MESSAGE][PASSED] - Text 'Testing' is set on object 'Object Repository/BEP/BEP_CASENOTES'

2017-11-27 10:04:03 - [MESSAGE][PASSED] - Delayed 5 second(s)

2017-11-27 10:04:03 - [MESSAGE][WARNING] - Timeout '0' is invalid. Using default page load timeout: '30'

2017-11-27 10:04:03 - [MESSAGE][PASSED] - Scroll to object 'Object Repository/BEP/FINISH_ASSIGNMENT' successfully

2017-11-27 10:04:03 - [MESSAGE][PASSED] - Object: 'Object Repository/BEP/FINISH_ASSIGNMENT' is clicked on

2017-11-27 10:04:08 - [MESSAGE][PASSED] - Delayed 5 second(s)

2017-11-27 10:04:08 - [MESSAGE][PASSED] - com.helper.commonfunct.BEP_CommonMethod.RLreject is PASSED

2017-11-27 10:04:08 - [TEST_STEP][PASSED] - Statement - RLReject = false: null

2017-11-27 10:04:08 - [TEST_STEP][PASSED] - Statement - print(RLReject): null

2017-11-27 10:04:08 - [TEST_STEP][PASSED] - com.helper.commonfunct.utilities.WOstatus: com.helper.commonfunct.utilities.WOstatus is PASSED

2017-11-27 10:04:08 - [MESSAGE][PASSED] - Text of object 'Object Repository/ECR/WOSTATUS' is: 'Pending-Update'

2017-11-27 10:04:08 - [MESSAGE][PASSED] - com.helper.commonfunct.utilities.WOstatus is PASSED

2017-11-27 10:04:08 - [TEST_STEP][PASSED] - Statement - For ([j = 0, j < AssignmentList.size(), (j++)]): com.helper.commonfunct.utilities.WOstatus is PASSED

2017-11-27 10:04:08 - [TEST_STEP][PASSED] - Statement - Status = text: null

2017-11-27 10:04:08 - [TEST_STEP][PASSED] - Statement - println(Status): null

2017-11-27 10:04:08 - [TEST_STEP][PASSED] - Statement - If (WOSTATUS == "Pending-RDApproval"): null

2017-11-27 10:04:08 - [TEST_STEP][PASSED] - Statement - Else If (WOSTATUS == "Pending-RLApproval"): null

2017-11-27 10:04:08 - [TEST_STEP][PASSED] - Statement - Else If (WOSTATUS == "Pending-Update"): com.helper.commonfunct.utilities.WOstatus is PASSED

2017-11-27 10:04:08 - [TEST_STEP][PASSED] - com.helper.commonfunct.utilities.login: com.helper.commonfunct.utilities.login is PASSED

2017-11-27 10:04:08 - [MESSAGE][WARNING] - A browser is already opened. Closing browser and opening a new one

2017-11-27 10:04:12 - [MESSAGE][PASSED] - Browser is opened with url: ''

2017-11-27 10:04:13 - [MESSAGE][PASSED] - Navigate to 'https://vtcpqa2.rpega.com:9030/tcpqa/PRServlet' successfully

2017-11-27 10:04:14 - [MESSAGE][PASSED] - Text 'hendj@pegasystems.com' is set on object 'Object Repository/input_UserIdentifier'

2017-11-27 10:04:14 - [MESSAGE][PASSED] - Text 'install' is set on object 'Object Repository/input_Password'

2017-11-27 10:04:17 - [MESSAGE][PASSED] - Keys 'ENTER + ' sent to object: 'Object Repository/input_Password'

2017-11-27 10:04:17 - [MESSAGE][PASSED] - com.helper.commonfunct.utilities.login is PASSED

2017-11-27 10:04:17 - [TEST_STEP][PASSED] - com.helper.commonfunct.utilities.search: com.helper.commonfunct.utilities.search is PASSED

2017-11-27 10:04:18 - [MESSAGE][PASSED] - Current window maximized

2017-11-27 10:04:23 - [MESSAGE][PASSED] - Delayed 5 second(s)

2017-11-27 10:04:24 - [MESSAGE][PASSED] - Text 'BEP-27Nov2017-10' is set on object 'Object Repository/EngInfo/search'

2017-11-27 10:04:29 - [MESSAGE][PASSED] - Delayed 5 second(s)

2017-11-27 10:04:29 - [MESSAGE][PASSED] - Keys 'ENTER + ' sent to object: 'Object Repository/EngInfo/search'

2017-11-27 10:04:34 - [MESSAGE][PASSED] - Delayed 5 second(s)

2017-11-27 10:04:34 - [MESSAGE][PASSED] - com.helper.commonfunct.utilities.search is PASSED

2017-11-27 10:04:34 - [TEST_STEP][PASSED] - com.helper.commonfunct.BEP_CommonMethod.Update: com.helper.commonfunct.BEP_CommonMethod.Update is PASSED

2017-11-27 10:04:39 - [MESSAGE][PASSED] - Delayed 5 second(s)

2017-11-27 10:04:39 - [MESSAGE][WARNING] - Timeout '0' is invalid. Using default page load timeout: '30'

2017-11-27 10:04:41 - [MESSAGE][PASSED] - Object: 'Object Repository/BEP/UpdateValueEst' is clicked on

2017-11-27 10:04:46 - [MESSAGE][PASSED] - Delayed 5 second(s)

2017-11-27 10:04:46 - [MESSAGE][PASSED] - Scroll to object 'Object Repository/NEXT_BUTTON' successfully

2017-11-27 10:04:48 - [MESSAGE][PASSED] - Object: 'Object Repository/NEXT_BUTTON' is clicked on

2017-11-27 10:04:53 - [MESSAGE][PASSED] - Delayed 5 second(s)

2017-11-27 10:04:53 - [MESSAGE][PASSED] - Text 'Testing' is set on object 'Object Repository/BEP/BEP_CASENOTES'

2017-11-27 10:04:58 - [MESSAGE][PASSED] - Delayed 5 second(s)

2017-11-27 10:04:58 - [MESSAGE][WARNING] - Timeout '0' is invalid. Using default page load timeout: '30'

2017-11-27 10:04:58 - [MESSAGE][PASSED] - Scroll to object 'Object Repository/BEP/FINISH_ASSIGNMENT' successfully

2017-11-27 10:04:58 - [MESSAGE][PASSED] - Object: 'Object Repository/BEP/FINISH_ASSIGNMENT' is clicked on

2017-11-27 10:05:03 - [MESSAGE][PASSED] - Delayed 5 second(s)

2017-11-27 10:05:03 - [MESSAGE][PASSED] - com.helper.commonfunct.BEP_CommonMethod.Update is PASSED

2017-11-27 10:05:03 - [TEST_STEP][PASSED] - com.helper.commonfunct.utilities.WOstatus: com.helper.commonfunct.utilities.WOstatus is PASSED

2017-11-27 10:05:04 - [MESSAGE][PASSED] - Text of object 'Object Repository/ECR/WOSTATUS' is: 'Pending-RDApproval'

2017-11-27 10:05:04 - [MESSAGE][PASSED] - com.helper.commonfunct.utilities.WOstatus is PASSED

2017-11-27 10:05:04 - [TEST_STEP][PASSED] - Statement - Status = text: null

2017-11-27 10:05:04 - [TEST_STEP][PASSED] - Statement - println(Status): null

2017-11-27 10:05:04 - [TEST_STEP][PASSED] - Statement - If (WOSTATUS == "Pending-RDApproval"): com.helper.commonfunct.utilities.WOstatus is PASSED

2017-11-27 10:05:04 - [TEST_STEP][PASSED] - Statement - If (RDReject == false): com.helper.commonfunct.utilities.WOstatus is PASSED

2017-11-27 10:05:04 - [TEST_STEP][PASSED] - Statement - If (RouteToRL == true): com.helper.commonfunct.utilities.WOstatus is PASSED

2017-11-27 10:05:04 - [TEST_STEP][PASSED] - com.helper.commonfunct.utilities.login: com.helper.commonfunct.utilities.login is PASSED

2017-11-27 10:05:04 - [MESSAGE][WARNING] - A browser is already opened. Closing browser and opening a new one

2017-11-27 10:05:08 - [MESSAGE][PASSED] - Browser is opened with url: ''

2017-11-27 10:05:09 - [MESSAGE][PASSED] - Navigate to 'https://vtcpqa2.rpega.com:9030/tcpqa/PRServlet' successfully

2017-11-27 10:05:10 - [MESSAGE][PASSED] - Text 'langr1@pegasystems.com' is set on object 'Object Repository/input_UserIdentifier'

2017-11-27 10:05:11 - [MESSAGE][PASSED] - Text 'install' is set on object 'Object Repository/input_Password'

2017-11-27 10:05:14 - [MESSAGE][PASSED] - Keys 'ENTER + ' sent to object: 'Object Repository/input_Password'

2017-11-27 10:05:14 - [MESSAGE][PASSED] - com.helper.commonfunct.utilities.login is PASSED

2017-11-27 10:05:14 - [TEST_STEP][PASSED] - com.helper.commonfunct.utilities.search: com.helper.commonfunct.utilities.search is PASSED

2017-11-27 10:05:15 - [MESSAGE][PASSED] - Current window maximized

2017-11-27 10:05:20 - [MESSAGE][PASSED] - Delayed 5 second(s)

2017-11-27 10:05:21 - [MESSAGE][PASSED] - Text 'BEP-27Nov2017-10' is set on object 'Object Repository/EngInfo/search'

2017-11-27 10:05:26 - [MESSAGE][PASSED] - Delayed 5 second(s)

2017-11-27 10:05:26 - [MESSAGE][PASSED] - Keys 'ENTER + ' sent to object: 'Object Repository/EngInfo/search'

2017-11-27 10:05:31 - [MESSAGE][PASSED] - Delayed 5 second(s)

2017-11-27 10:05:31 - [MESSAGE][PASSED] - com.helper.commonfunct.utilities.search is PASSED

2017-11-27 10:05:31 - [TEST_STEP][PASSED] - com.helper.commonfunct.BEP_CommonMethod.RDapprove: com.helper.commonfunct.BEP_CommonMethod.RDapprove is PASSED

2017-11-27 10:05:36 - [MESSAGE][PASSED] - Delayed 5 second(s)

2017-11-27 10:05:36 - [MESSAGE][WARNING] - Timeout '0' is invalid. Using default page load timeout: '30'

2017-11-27 10:05:37 - [MESSAGE][PASSED] - Object: 'Object Repository/BEP/RDLink' is clicked on

2017-11-27 10:05:42 - [MESSAGE][PASSED] - Delayed 5 second(s)

2017-11-27 10:05:43 - [MESSAGE][PASSED] - Scroll to object 'Object Repository/NEXT_BUTTON' successfully

2017-11-27 10:05:43 - [MESSAGE][PASSED] - Object: 'Object Repository/NEXT_BUTTON' is clicked on

2017-11-27 10:05:48 - [MESSAGE][PASSED] - Delayed 5 second(s)

2017-11-27 10:05:48 - [MESSAGE][WARNING] - Timeout '0' is invalid. Using default page load timeout: '30'

2017-11-27 10:05:48 - [MESSAGE][PASSED] - Scroll to object 'Object Repository/BEP/RD_RLApprove' successfully

2017-11-27 10:05:48 - [MESSAGE][PASSED] - Object: 'Object Repository/BEP/RD_RLApprove' is clicked on

2017-11-27 10:05:53 - [MESSAGE][PASSED] - Delayed 5 second(s)

2017-11-27 10:05:54 - [MESSAGE][PASSED] - Text 'Testing' is set on object 'Object Repository/BEP/BEP_CASENOTES'

2017-11-27 10:05:59 - [MESSAGE][PASSED] - Delayed 5 second(s)

2017-11-27 10:05:59 - [MESSAGE][WARNING] - Timeout '0' is invalid. Using default page load timeout: '30'

2017-11-27 10:05:59 - [MESSAGE][PASSED] - Scroll to object 'Object Repository/BEP/FINISH_ASSIGNMENT' successfully

2017-11-27 10:05:59 - [MESSAGE][PASSED] - Object: 'Object Repository/BEP/FINISH_ASSIGNMENT' is clicked on

2017-11-27 10:06:04 - [MESSAGE][PASSED] - Delayed 5 second(s)

2017-11-27 10:06:04 - [MESSAGE][PASSED] - com.helper.commonfunct.BEP_CommonMethod.RDapprove is PASSED

2017-11-27 10:06:04 - [TEST_STEP][PASSED] - com.helper.commonfunct.utilities.WOstatus: com.helper.commonfunct.utilities.WOstatus is PASSED

2017-11-27 10:06:04 - [MESSAGE][PASSED] - Text of object 'Object Repository/ECR/WOSTATUS' is: 'Pending-RLApproval'

2017-11-27 10:06:04 - [MESSAGE][PASSED] - com.helper.commonfunct.utilities.WOstatus is PASSED

2017-11-27 10:06:04 - [TEST_STEP][PASSED] - Statement - For ([j = 0, j < AssignmentList.size(), (j++)]): com.helper.commonfunct.utilities.WOstatus is PASSED

2017-11-27 10:06:04 - [TEST_STEP][PASSED] - Statement - Status = text: null

2017-11-27 10:06:05 - [TEST_STEP][PASSED] - Statement - println(Status): null

2017-11-27 10:06:05 - [TEST_STEP][PASSED] - Statement - If (WOSTATUS == "Pending-RDApproval"): null

2017-11-27 10:06:05 - [TEST_STEP][PASSED] - Statement - Else If (WOSTATUS == "Pending-RLApproval"): com.helper.commonfunct.utilities.WOstatus is PASSED

2017-11-27 10:06:05 - [TEST_STEP][PASSED] - Statement - If (RLReject == false): com.helper.commonfunct.utilities.WOstatus is PASSED

2017-11-27 10:06:05 - [TEST_STEP][PASSED] - com.helper.commonfunct.utilities.login: com.helper.commonfunct.utilities.login is PASSED

2017-11-27 10:06:05 - [MESSAGE][WARNING] - A browser is already opened. Closing browser and opening a new one

2017-11-27 10:06:08 - [MESSAGE][PASSED] - Browser is opened with url: ''

2017-11-27 10:06:09 - [MESSAGE][PASSED] - Navigate to 'https://vtcpqa2.rpega.com:9030/tcpqa/PRServlet' successfully

2017-11-27 10:06:09 - [MESSAGE][PASSED] - Text 'panee@pegasystems.com' is set on object 'Object Repository/input_UserIdentifier'

2017-11-27 10:06:10 - [MESSAGE][PASSED] - Text 'install' is set on object 'Object Repository/input_Password'

2017-11-27 10:06:13 - [MESSAGE][PASSED] - Keys 'ENTER + ' sent to object: 'Object Repository/input_Password'

2017-11-27 10:06:13 - [MESSAGE][PASSED] - com.helper.commonfunct.utilities.login is PASSED

2017-11-27 10:06:13 - [TEST_STEP][PASSED] - com.helper.commonfunct.utilities.search: com.helper.commonfunct.utilities.search is PASSED

2017-11-27 10:06:14 - [MESSAGE][PASSED] - Current window maximized

2017-11-27 10:06:19 - [MESSAGE][PASSED] - Delayed 5 second(s)

2017-11-27 10:06:20 - [MESSAGE][PASSED] - Text 'BEP-27Nov2017-10' is set on object 'Object Repository/EngInfo/search'

2017-11-27 10:06:25 - [MESSAGE][PASSED] - Delayed 5 second(s)

2017-11-27 10:06:25 - [MESSAGE][PASSED] - Keys 'ENTER + ' sent to object: 'Object Repository/EngInfo/search'

2017-11-27 10:06:30 - [MESSAGE][PASSED] - Delayed 5 second(s)

2017-11-27 10:06:30 - [MESSAGE][PASSED] - com.helper.commonfunct.utilities.search is PASSED

2017-11-27 10:06:30 - [TEST_STEP][PASSED] - com.helper.commonfunct.BEP_CommonMethod.RLapprove: com.helper.commonfunct.BEP_CommonMethod.RLapprove is PASSED

2017-11-27 10:06:35 - [MESSAGE][PASSED] - Delayed 5 second(s)

2017-11-27 10:06:35 - [MESSAGE][WARNING] - Timeout '0' is invalid. Using default page load timeout: '30'

2017-11-27 10:06:37 - [MESSAGE][PASSED] - Object: 'Object Repository/BEP/RlLink' is clicked on

2017-11-27 10:06:42 - [MESSAGE][PASSED] - Delayed 5 second(s)

2017-11-27 10:06:42 - [MESSAGE][PASSED] - Scroll to object 'Object Repository/NEXT_BUTTON' successfully

2017-11-27 10:06:43 - [MESSAGE][PASSED] - Object: 'Object Repository/NEXT_BUTTON' is clicked on

2017-11-27 10:06:48 - [MESSAGE][PASSED] - Delayed 5 second(s)

2017-11-27 10:06:48 - [MESSAGE][WARNING] - Timeout '0' is invalid. Using default page load timeout: '30'

2017-11-27 10:06:48 - [MESSAGE][PASSED] - Scroll to object 'Object Repository/BEP/RD_RLApprove' successfully

2017-11-27 10:06:48 - [MESSAGE][PASSED] - Object: 'Object Repository/BEP/RD_RLApprove' is clicked on

2017-11-27 10:06:53 - [MESSAGE][PASSED] - Delayed 5 second(s)

2017-11-27 10:06:53 - [MESSAGE][PASSED] - Text 'Testing' is set on object 'Object Repository/BEP/BEP_CASENOTES'

2017-11-27 10:06:58 - [MESSAGE][PASSED] - Delayed 5 second(s)

2017-11-27 10:06:58 - [MESSAGE][WARNING] - Timeout '0' is invalid. Using default page load timeout: '30'

2017-11-27 10:06:58 - [MESSAGE][PASSED] - Scroll to object 'Object Repository/BEP/FINISH_ASSIGNMENT' successfully

2017-11-27 10:06:59 - [MESSAGE][PASSED] - Object: 'Object Repository/BEP/FINISH_ASSIGNMENT' is clicked on

2017-11-27 10:07:04 - [MESSAGE][PASSED] - Delayed 5 second(s)

2017-11-27 10:07:04 - [MESSAGE][PASSED] - Text of object 'Object Repository/BEP/WOSTATUS' is: 'Resolved-Approved'

2017-11-27 10:07:05 - [MESSAGE][PASSED] - com.helper.commonfunct.BEP_CommonMethod.RLapprove is PASSED

2017-11-27 10:07:05 - [TEST_STEP][PASSED] - com.helper.commonfunct.utilities.WOstatus: com.helper.commonfunct.utilities.WOstatus is PASSED

2017-11-27 10:07:07 - [MESSAGE][PASSED] - Text of object 'Object Repository/ECR/WOSTATUS' is: 'Resolved-Approved'

2017-11-27 10:07:07 - [MESSAGE][PASSED] - com.helper.commonfunct.utilities.WOstatus is PASSED

2017-11-27 10:07:07 - [MESSAGE][PASSED] - Call Test Case 'Test Cases/BEP/All_Approval_Reject' successfully]]></system-out>
         <system-err><![CDATA[]]></system-err>
      </testcase>
      <testcase name="Test Cases/BEP/TC_RLMeetingRequest_CancelMeeting" classname="Test Cases/BEP/TC_RLMeetingRequest_CancelMeeting" status="FAILED">
         <failure type="FAILED" message="Unable to maximize current window (Root cause: org.openqa.selenium.WebDriverException: unknown error: failed to change window state to maximized, current state is normal
  (Session info: chrome=62.0.3202.94)
  (Driver info: chromedriver=2.33.506120 (e3e53437346286c0bc2d2dc9aa4915ba81d9023f),platform=Windows NT 6.1.7601 SP1 x86_64) (WARNING: The server did not provide any stacktrace information)
Command duration or timeout: 0 milliseconds
Build info: version: '3.7.1', revision: '8a0099a', time: '2017-11-06T21:07:36.161Z'
System info: host: 'L22622WUS', ip: '10.2.176.78', os.name: 'Windows 7', os.arch: 'amd64', os.version: '6.1', java.version: '1.8.0_102'
Driver info: com.kms.katalon.selenium.driver.CChromeDriver
Capabilities {acceptSslCerts: true, applicationCacheEnabled: false, browserConnectionEnabled: false, browserName: chrome, chrome: {chromedriverVersion: 2.33.506120 (e3e53437346286..., userDataDir: C:\Users\nipin\AppData\Loca...}, cssSelectorsEnabled: true, databaseEnabled: false, handlesAlerts: true, hasTouchScreen: false, javascriptEnabled: true, locationContextEnabled: true, mobileEmulationEnabled: false, nativeEvents: true, networkConnectionEnabled: false, pageLoadStrategy: normal, platform: XP, platformName: XP, rotatable: false, setWindowRect: true, takesHeapSnapshot: true, takesScreenshot: true, unexpectedAlertBehaviour: , unhandledPromptBehavior: , version: 62.0.3202.94, webStorageEnabled: true}
Session ID: ea567f06a7c0b870a5bbb6c8d2b9a247)"/>
         <system-out><![CDATA[2017-11-27 10:07:07 - [TEST_CASE][FAILED] - Test Cases/BEP/TC_RLMeetingRequest_CancelMeeting: Test Cases/BEP/TC_RLMeetingRequest_CancelMeeting FAILED because (of) Unable to maximize current window (Root cause: org.openqa.selenium.WebDriverException: unknown error: failed to change window state to maximized, current state is normal
  (Session info: chrome=62.0.3202.94)
  (Driver info: chromedriver=2.33.506120 (e3e53437346286c0bc2d2dc9aa4915ba81d9023f),platform=Windows NT 6.1.7601 SP1 x86_64) (WARNING: The server did not provide any stacktrace information)
Command duration or timeout: 0 milliseconds
Build info: version: '3.7.1', revision: '8a0099a', time: '2017-11-06T21:07:36.161Z'
System info: host: 'L22622WUS', ip: '10.2.176.78', os.name: 'Windows 7', os.arch: 'amd64', os.version: '6.1', java.version: '1.8.0_102'
Driver info: com.kms.katalon.selenium.driver.CChromeDriver
Capabilities {acceptSslCerts: true, applicationCacheEnabled: false, browserConnectionEnabled: false, browserName: chrome, chrome: {chromedriverVersion: 2.33.506120 (e3e53437346286..., userDataDir: C:\Users\nipin\AppData\Loca...}, cssSelectorsEnabled: true, databaseEnabled: false, handlesAlerts: true, hasTouchScreen: false, javascriptEnabled: true, locationContextEnabled: true, mobileEmulationEnabled: false, nativeEvents: true, networkConnectionEnabled: false, pageLoadStrategy: normal, platform: XP, platformName: XP, rotatable: false, setWindowRect: true, takesHeapSnapshot: true, takesScreenshot: true, unexpectedAlertBehaviour: , unhandledPromptBehavior: , version: 62.0.3202.94, webStorageEnabled: true}
Session ID: ea567f06a7c0b870a5bbb6c8d2b9a247)

2017-11-27 10:07:07 - [TEST_STEP][PASSED] - callTestCase: Call Test Case 'Test Cases/BEP/TC_Create_BEP_NoOutput' successfully

2017-11-27 10:07:07 - [TEST_CASE][PASSED] - Test Cases/BEP/TC_Create_BEP_NoOutput: Test Cases/BEP/TC_Create_BEP_NoOutput

2017-11-27 10:07:07 - [TEST_STEP][PASSED] - com.helper.commonfunct.utilities.login: com.helper.commonfunct.utilities.login is PASSED

2017-11-27 10:07:07 - [MESSAGE][WARNING] - A browser is already opened. Closing browser and opening a new one

2017-11-27 10:07:11 - [MESSAGE][PASSED] - Browser is opened with url: ''

2017-11-27 10:07:12 - [MESSAGE][PASSED] - Navigate to 'https://vtcpqa2.rpega.com:9030/tcpqa/PRServlet' successfully

2017-11-27 10:07:13 - [MESSAGE][PASSED] - Text 'hendj@pegasystems.com' is set on object 'Object Repository/input_UserIdentifier'

2017-11-27 10:07:13 - [MESSAGE][PASSED] - Text 'install' is set on object 'Object Repository/input_Password'

2017-11-27 10:07:16 - [MESSAGE][PASSED] - Keys 'ENTER + ' sent to object: 'Object Repository/input_Password'

2017-11-27 10:07:16 - [MESSAGE][PASSED] - com.helper.commonfunct.utilities.login is PASSED

2017-11-27 10:07:16 - [TEST_STEP][PASSED] - com.helper.commonfunct.BEP_CommonMethod.EstimateNoOutput: com.helper.commonfunct.BEP_CommonMethod.EstimateNoOutput is PASSED

2017-11-27 10:07:17 - [MESSAGE][PASSED] - Object: 'Object Repository/Generic/a_Actions' is clicked on

2017-11-27 10:07:19 - [MESSAGE][PASSED] - Object: 'Object Repository/span_New' is focused

2017-11-27 10:07:21 - [MESSAGE][PASSED] - Object: 'Object Repository/BEP/EstimateLink' is clicked on

2017-11-27 10:07:26 - [MESSAGE][PASSED] - Delayed 5 second(s)

2017-11-27 10:07:26 - [MESSAGE][WARNING] - Timeout '0' is invalid. Using default page load timeout: '30'

2017-11-27 10:07:26 - [MESSAGE][PASSED] - Object 'Object Repository/BEP/import' is visible

2017-11-27 10:07:26 - [MESSAGE][PASSED] - Object: 'Object Repository/BEP/import' is clicked on

2017-11-27 10:07:31 - [MESSAGE][PASSED] - Delayed 5 second(s)

2017-11-27 10:07:32 - [MESSAGE][PASSED] - File 'C:\EStimate.xlsm' sent to object: 'Object Repository/input_PpyWorkPageppyFilePath'

2017-11-27 10:07:37 - [MESSAGE][PASSED] - Delayed 5 second(s)

2017-11-27 10:07:39 - [MESSAGE][PASSED] - Object: 'Object Repository/button_Submit' is clicked on

2017-11-27 10:07:49 - [MESSAGE][PASSED] - Delayed 10 second(s)

2017-11-27 10:07:49 - [MESSAGE][PASSED] - Text 'BOFA' is set on object 'Object Repository/Generic/ORG'

2017-11-27 10:07:54 - [MESSAGE][PASSED] - Delayed 5 second(s)

2017-11-27 10:07:54 - [MESSAGE][PASSED] - Keys 'TAB + ' sent to object: 'Object Repository/Generic/ORG'

2017-11-27 10:07:59 - [MESSAGE][PASSED] - Delayed 5 second(s)

2017-11-27 10:07:59 - [MESSAGE][PASSED] - Text 'BOFA' is set on object 'Object Repository/Generic/ACC'

2017-11-27 10:08:04 - [MESSAGE][PASSED] - Delayed 5 second(s)

2017-11-27 10:08:04 - [MESSAGE][PASSED] - Keys 'TAB + ' sent to object: 'Object Repository/Generic/ACC'

2017-11-27 10:08:09 - [MESSAGE][PASSED] - Delayed 5 second(s)

2017-11-27 10:08:10 - [MESSAGE][PASSED] - Text 'AUTOTEST1' is set on object 'Object Repository/Generic/ENG_DESC'

2017-11-27 10:08:15 - [MESSAGE][PASSED] - Delayed 5 second(s)

2017-11-27 10:08:15 - [MESSAGE][PASSED] - Object: 'Object Repository/Generic/PlatformID' is clicked on

2017-11-27 10:08:20 - [MESSAGE][PASSED] - Delayed 5 second(s)

2017-11-27 10:08:20 - [MESSAGE][PASSED] - Keys 'AMPchroma' sent to object: 'Object Repository/Generic/PlatformID'

2017-11-27 10:08:25 - [MESSAGE][PASSED] - Delayed 5 second(s)

2017-11-27 10:08:25 - [MESSAGE][PASSED] - Object: 'Object Repository/Generic/PlatformVersion' is clicked on

2017-11-27 10:08:30 - [MESSAGE][PASSED] - Delayed 5 second(s)

2017-11-27 10:08:30 - [MESSAGE][PASSED] - Keys 'N/A' sent to object: 'Object Repository/Generic/PlatformVersion'

2017-11-27 10:08:35 - [MESSAGE][PASSED] - Delayed 5 second(s)

2017-11-27 10:08:36 - [MESSAGE][PASSED] - Scroll to object 'Object Repository/BEP/MorethanOneRLSNO' successfully

2017-11-27 10:08:36 - [MESSAGE][PASSED] - Object: 'Object Repository/BEP/MorethanOneRLSNO' is clicked on

2017-11-27 10:08:41 - [MESSAGE][PASSED] - Delayed 5 second(s)

2017-11-27 10:08:41 - [MESSAGE][PASSED] - Object: 'Object Repository/Generic/PlatformTrue' is clicked on

2017-11-27 10:08:46 - [MESSAGE][PASSED] - Delayed 5 second(s)

2017-11-27 10:08:51 - [MESSAGE][PASSED] - Delayed 5 second(s)

2017-11-27 10:08:51 - [MESSAGE][PASSED] - Object: 'Object Repository/EngInfo/PL' is clicked on

2017-11-27 10:08:56 - [MESSAGE][PASSED] - Delayed 5 second(s)

2017-11-27 10:08:56 - [MESSAGE][PASSED] - Keys 'Jeff Henderson ' sent to object: 'Object Repository/EngInfo/PL'

2017-11-27 10:09:01 - [MESSAGE][PASSED] - Delayed 5 second(s)

2017-11-27 10:09:02 - [MESSAGE][PASSED] - Object: 'Object Repository/EngInfo/PLTL' is clicked on

2017-11-27 10:09:07 - [MESSAGE][PASSED] - Delayed 5 second(s)

2017-11-27 10:09:07 - [MESSAGE][PASSED] - Keys 'Robert Higgins' sent to object: 'Object Repository/EngInfo/PLTL'

2017-11-27 10:09:12 - [MESSAGE][PASSED] - Delayed 5 second(s)

2017-11-27 10:09:12 - [MESSAGE][PASSED] - Object: 'Object Repository/EngInfo/RL' is clicked on

2017-11-27 10:09:17 - [MESSAGE][PASSED] - Delayed 5 second(s)

2017-11-27 10:09:17 - [MESSAGE][PASSED] - Keys 'Eric Panepinto' sent to object: 'Object Repository/EngInfo/RL'

2017-11-27 10:09:22 - [MESSAGE][PASSED] - Delayed 5 second(s)

2017-11-27 10:09:22 - [MESSAGE][PASSED] - Object: 'Object Repository/EngInfo/RD' is clicked on

2017-11-27 10:09:27 - [MESSAGE][PASSED] - Delayed 5 second(s)

2017-11-27 10:09:28 - [MESSAGE][PASSED] - Keys 'Robert Lang' sent to object: 'Object Repository/EngInfo/RD'

2017-11-27 10:09:33 - [MESSAGE][PASSED] - Delayed 5 second(s)

2017-11-27 10:09:33 - [MESSAGE][PASSED] - Scroll to object 'Object Repository/NEXT_BUTTON' successfully

2017-11-27 10:09:33 - [MESSAGE][PASSED] - Object: 'Object Repository/NEXT_BUTTON' is clicked on

2017-11-27 10:09:34 - [MESSAGE][PASSED] - Text '12' is set on object 'Object Repository/BEP/DurationLow'

2017-11-27 10:09:39 - [MESSAGE][PASSED] - Delayed 5 second(s)

2017-11-27 10:09:39 - [MESSAGE][PASSED] - Keys 'TAB + ' sent to object: 'Object Repository/BEP/DurationLow'

2017-11-27 10:09:44 - [MESSAGE][PASSED] - Delayed 5 second(s)

2017-11-27 10:09:44 - [MESSAGE][PASSED] - Text '12' is set on object 'Object Repository/BEP/DurationHigh'

2017-11-27 10:09:49 - [MESSAGE][PASSED] - Delayed 5 second(s)

2017-11-27 10:09:49 - [MESSAGE][PASSED] - Keys 'TAB + ' sent to object: 'Object Repository/BEP/DurationHigh'

2017-11-27 10:09:54 - [MESSAGE][PASSED] - Delayed 5 second(s)

2017-11-27 10:09:55 - [MESSAGE][PASSED] - Text '12' is set on object 'Object Repository/BEP/PartnerHoursLow'

2017-11-27 10:10:00 - [MESSAGE][PASSED] - Delayed 5 second(s)

2017-11-27 10:10:00 - [MESSAGE][PASSED] - Keys 'TAB + ' sent to object: 'Object Repository/BEP/PartnerHoursLow'

2017-11-27 10:10:05 - [MESSAGE][PASSED] - Delayed 5 second(s)

2017-11-27 10:10:05 - [MESSAGE][PASSED] - Text '12' is set on object 'Object Repository/BEP/PartnerHoursHigh'

2017-11-27 10:10:10 - [MESSAGE][PASSED] - Delayed 5 second(s)

2017-11-27 10:10:10 - [MESSAGE][PASSED] - Object: 'Object Repository/BEP/EstimationMethod' is clicked on

2017-11-27 10:10:15 - [MESSAGE][PASSED] - Delayed 5 second(s)

2017-11-27 10:10:15 - [MESSAGE][PASSED] - Keys 'BSW' sent to object: 'Object Repository/BEP/EstimationMethod'

2017-11-27 10:10:20 - [MESSAGE][PASSED] - Delayed 5 second(s)

2017-11-27 10:10:21 - [MESSAGE][PASSED] - Object: 'Object Repository/BEP/routeToRL' is clicked on

2017-11-27 10:10:26 - [MESSAGE][PASSED] - Delayed 5 second(s)

2017-11-27 10:10:26 - [MESSAGE][PASSED] - Scroll to object 'Object Repository/NEXT_BUTTON' successfully

2017-11-27 10:10:26 - [MESSAGE][PASSED] - Object: 'Object Repository/NEXT_BUTTON' is clicked on

2017-11-27 10:10:31 - [MESSAGE][PASSED] - Delayed 5 second(s)

2017-11-27 10:10:31 - [MESSAGE][PASSED] - Object: 'Object Repository/BEP/BEPoutput' is clicked on

2017-11-27 10:10:36 - [MESSAGE][PASSED] - Delayed 5 second(s)

2017-11-27 10:10:36 - [MESSAGE][PASSED] - All options with value 'RFP in process' are selected in object 'Object Repository/BEP/ReasonCode' 

2017-11-27 10:10:36 - [MESSAGE][PASSED] - Scroll to object 'Object Repository/NEXT_BUTTON' successfully

2017-11-27 10:10:37 - [MESSAGE][PASSED] - Object: 'Object Repository/NEXT_BUTTON' is clicked on

2017-11-27 10:10:38 - [MESSAGE][PASSED] - Scroll to object 'Object Repository/Generic/FINISH_BUTTON' successfully

2017-11-27 10:10:38 - [MESSAGE][PASSED] - Object: 'Object Repository/Generic/FINISH_BUTTON' is clicked on

2017-11-27 10:10:43 - [MESSAGE][PASSED] - Delayed 5 second(s)

2017-11-27 10:10:43 - [MESSAGE][PASSED] - Text of object 'Object Repository/BEP/BEPWOID' is: 'BEP-27Nov2017-11'

2017-11-27 10:10:43 - [MESSAGE][PASSED] - com.helper.commonfunct.BEP_CommonMethod.EstimateNoOutput is PASSED

2017-11-27 10:10:43 - [TEST_STEP][PASSED] - com.helper.commonfunct.BEP_CommonMethod.woid: com.helper.commonfunct.BEP_CommonMethod.woid is PASSED

2017-11-27 10:10:43 - [MESSAGE][PASSED] - Text of object 'Object Repository/BEP/BEPWOID' is: 'BEP-27Nov2017-11'

2017-11-27 10:10:43 - [MESSAGE][PASSED] - com.helper.commonfunct.BEP_CommonMethod.woid is PASSED

2017-11-27 10:10:43 - [TEST_STEP][PASSED] - com.helper.commonfunct.BEP_CommonMethod.WOstatus: com.helper.commonfunct.BEP_CommonMethod.WOstatus is PASSED

2017-11-27 10:10:43 - [MESSAGE][PASSED] - Text of object 'Object Repository/BEP/WOSTATUS' is: 'Pending-RDApproval'

2017-11-27 10:10:43 - [MESSAGE][PASSED] - com.helper.commonfunct.BEP_CommonMethod.WOstatus is PASSED

2017-11-27 10:10:43 - [MESSAGE][PASSED] - Call Test Case 'Test Cases/BEP/TC_Create_BEP_NoOutput' successfully

2017-11-27 10:10:43 - [TEST_STEP][PASSED] - com.helper.commonfunct.utilities.login: com.helper.commonfunct.utilities.login is PASSED

2017-11-27 10:10:43 - [MESSAGE][WARNING] - A browser is already opened. Closing browser and opening a new one

2017-11-27 10:10:47 - [MESSAGE][PASSED] - Browser is opened with url: ''

2017-11-27 10:10:47 - [MESSAGE][PASSED] - Navigate to 'https://vtcpqa2.rpega.com:9030/tcpqa/PRServlet' successfully

2017-11-27 10:10:48 - [MESSAGE][PASSED] - Text 'langr1@pegasystems.com' is set on object 'Object Repository/input_UserIdentifier'

2017-11-27 10:10:48 - [MESSAGE][PASSED] - Text 'install' is set on object 'Object Repository/input_Password'

2017-11-27 10:10:51 - [MESSAGE][PASSED] - Keys 'ENTER + ' sent to object: 'Object Repository/input_Password'

2017-11-27 10:10:51 - [MESSAGE][PASSED] - com.helper.commonfunct.utilities.login is PASSED

2017-11-27 10:10:51 - [TEST_STEP][PASSED] - com.helper.commonfunct.utilities.search: com.helper.commonfunct.utilities.search is PASSED

2017-11-27 10:10:52 - [MESSAGE][PASSED] - Current window maximized

2017-11-27 10:10:57 - [MESSAGE][PASSED] - Delayed 5 second(s)

2017-11-27 10:10:57 - [MESSAGE][PASSED] - Text 'BEP-27Nov2017-11' is set on object 'Object Repository/EngInfo/search'

2017-11-27 10:11:02 - [MESSAGE][PASSED] - Delayed 5 second(s)

2017-11-27 10:11:02 - [MESSAGE][PASSED] - Keys 'ENTER + ' sent to object: 'Object Repository/EngInfo/search'

2017-11-27 10:11:07 - [MESSAGE][PASSED] - Delayed 5 second(s)

2017-11-27 10:11:07 - [MESSAGE][PASSED] - com.helper.commonfunct.utilities.search is PASSED

2017-11-27 10:11:07 - [TEST_STEP][PASSED] - com.helper.commonfunct.BEP_CommonMethod.RDapprove: com.helper.commonfunct.BEP_CommonMethod.RDapprove is PASSED

2017-11-27 10:11:12 - [MESSAGE][PASSED] - Delayed 5 second(s)

2017-11-27 10:11:13 - [MESSAGE][WARNING] - Timeout '0' is invalid. Using default page load timeout: '30'

2017-11-27 10:11:14 - [MESSAGE][PASSED] - Object: 'Object Repository/BEP/RDLink' is clicked on

2017-11-27 10:11:19 - [MESSAGE][PASSED] - Delayed 5 second(s)

2017-11-27 10:11:19 - [MESSAGE][PASSED] - Scroll to object 'Object Repository/NEXT_BUTTON' successfully

2017-11-27 10:11:19 - [MESSAGE][PASSED] - Object: 'Object Repository/NEXT_BUTTON' is clicked on

2017-11-27 10:11:24 - [MESSAGE][PASSED] - Delayed 5 second(s)

2017-11-27 10:11:24 - [MESSAGE][WARNING] - Timeout '0' is invalid. Using default page load timeout: '30'

2017-11-27 10:11:24 - [MESSAGE][PASSED] - Scroll to object 'Object Repository/BEP/RD_RLApprove' successfully

2017-11-27 10:11:24 - [MESSAGE][PASSED] - Object: 'Object Repository/BEP/RD_RLApprove' is clicked on

2017-11-27 10:11:29 - [MESSAGE][PASSED] - Delayed 5 second(s)

2017-11-27 10:11:30 - [MESSAGE][PASSED] - Text 'Testing' is set on object 'Object Repository/BEP/BEP_CASENOTES'

2017-11-27 10:11:35 - [MESSAGE][PASSED] - Delayed 5 second(s)

2017-11-27 10:11:35 - [MESSAGE][WARNING] - Timeout '0' is invalid. Using default page load timeout: '30'

2017-11-27 10:11:35 - [MESSAGE][PASSED] - Scroll to object 'Object Repository/BEP/FINISH_ASSIGNMENT' successfully

2017-11-27 10:11:35 - [MESSAGE][PASSED] - Object: 'Object Repository/BEP/FINISH_ASSIGNMENT' is clicked on

2017-11-27 10:11:40 - [MESSAGE][PASSED] - Delayed 5 second(s)

2017-11-27 10:11:40 - [MESSAGE][PASSED] - com.helper.commonfunct.BEP_CommonMethod.RDapprove is PASSED

2017-11-27 10:11:40 - [TEST_STEP][PASSED] - com.helper.commonfunct.utilities.login: com.helper.commonfunct.utilities.login is PASSED

2017-11-27 10:11:40 - [MESSAGE][WARNING] - A browser is already opened. Closing browser and opening a new one

2017-11-27 10:11:43 - [MESSAGE][PASSED] - Browser is opened with url: ''

2017-11-27 10:11:44 - [MESSAGE][PASSED] - Navigate to 'https://vtcpqa2.rpega.com:9030/tcpqa/PRServlet' successfully

2017-11-27 10:11:44 - [MESSAGE][PASSED] - Text 'panee@pegasystems.com' is set on object 'Object Repository/input_UserIdentifier'

2017-11-27 10:11:44 - [MESSAGE][PASSED] - Text 'install' is set on object 'Object Repository/input_Password'

2017-11-27 10:11:47 - [MESSAGE][PASSED] - Keys 'ENTER + ' sent to object: 'Object Repository/input_Password'

2017-11-27 10:11:47 - [MESSAGE][PASSED] - com.helper.commonfunct.utilities.login is PASSED

2017-11-27 10:11:47 - [TEST_STEP][FAILED] - com.helper.commonfunct.utilities.search: Unable to maximize current window (Root cause: org.openqa.selenium.WebDriverException: unknown error: failed to change window state to maximized, current state is normal
  (Session info: chrome=62.0.3202.94)
  (Driver info: chromedriver=2.33.506120 (e3e53437346286c0bc2d2dc9aa4915ba81d9023f),platform=Windows NT 6.1.7601 SP1 x86_64) (WARNING: The server did not provide any stacktrace information)
Command duration or timeout: 0 milliseconds
Build info: version: '3.7.1', revision: '8a0099a', time: '2017-11-06T21:07:36.161Z'
System info: host: 'L22622WUS', ip: '10.2.176.78', os.name: 'Windows 7', os.arch: 'amd64', os.version: '6.1', java.version: '1.8.0_102'
Driver info: com.kms.katalon.selenium.driver.CChromeDriver
Capabilities {acceptSslCerts: true, applicationCacheEnabled: false, browserConnectionEnabled: false, browserName: chrome, chrome: {chromedriverVersion: 2.33.506120 (e3e53437346286..., userDataDir: C:\Users\nipin\AppData\Loca...}, cssSelectorsEnabled: true, databaseEnabled: false, handlesAlerts: true, hasTouchScreen: false, javascriptEnabled: true, locationContextEnabled: true, mobileEmulationEnabled: false, nativeEvents: true, networkConnectionEnabled: false, pageLoadStrategy: normal, platform: XP, platformName: XP, rotatable: false, setWindowRect: true, takesHeapSnapshot: true, takesScreenshot: true, unexpectedAlertBehaviour: , unhandledPromptBehavior: , version: 62.0.3202.94, webStorageEnabled: true}
Session ID: ea567f06a7c0b870a5bbb6c8d2b9a247)

2017-11-27 10:11:48 - [MESSAGE][FAILED] - Unable to maximize current window (Root cause: org.openqa.selenium.WebDriverException: unknown error: failed to change window state to maximized, current state is normal
  (Session info: chrome=62.0.3202.94)
  (Driver info: chromedriver=2.33.506120 (e3e53437346286c0bc2d2dc9aa4915ba81d9023f),platform=Windows NT 6.1.7601 SP1 x86_64) (WARNING: The server did not provide any stacktrace information)
Command duration or timeout: 0 milliseconds
Build info: version: '3.7.1', revision: '8a0099a', time: '2017-11-06T21:07:36.161Z'
System info: host: 'L22622WUS', ip: '10.2.176.78', os.name: 'Windows 7', os.arch: 'amd64', os.version: '6.1', java.version: '1.8.0_102'
Driver info: com.kms.katalon.selenium.driver.CChromeDriver
Capabilities {acceptSslCerts: true, applicationCacheEnabled: false, browserConnectionEnabled: false, browserName: chrome, chrome: {chromedriverVersion: 2.33.506120 (e3e53437346286..., userDataDir: C:\Users\nipin\AppData\Loca...}, cssSelectorsEnabled: true, databaseEnabled: false, handlesAlerts: true, hasTouchScreen: false, javascriptEnabled: true, locationContextEnabled: true, mobileEmulationEnabled: false, nativeEvents: true, networkConnectionEnabled: false, pageLoadStrategy: normal, platform: XP, platformName: XP, rotatable: false, setWindowRect: true, takesHeapSnapshot: true, takesScreenshot: true, unexpectedAlertBehaviour: , unhandledPromptBehavior: , version: 62.0.3202.94, webStorageEnabled: true}
Session ID: ea567f06a7c0b870a5bbb6c8d2b9a247)
[[ATTACHMENT|C:\\Users\\nipin\\Katalon Studio\\COE\\Reports\\BEP\\20171127_091436\\1511795508493.png]]

2017-11-27 10:11:48 - [MESSAGE][FAILED] - Unable to maximize current window (Root cause: org.openqa.selenium.WebDriverException: unknown error: failed to change window state to maximized, current state is normal
  (Session info: chrome=62.0.3202.94)
  (Driver info: chromedriver=2.33.506120 (e3e53437346286c0bc2d2dc9aa4915ba81d9023f),platform=Windows NT 6.1.7601 SP1 x86_64) (WARNING: The server did not provide any stacktrace information)
Command duration or timeout: 0 milliseconds
Build info: version: '3.7.1', revision: '8a0099a', time: '2017-11-06T21:07:36.161Z'
System info: host: 'L22622WUS', ip: '10.2.176.78', os.name: 'Windows 7', os.arch: 'amd64', os.version: '6.1', java.version: '1.8.0_102'
Driver info: com.kms.katalon.selenium.driver.CChromeDriver
Capabilities {acceptSslCerts: true, applicationCacheEnabled: false, browserConnectionEnabled: false, browserName: chrome, chrome: {chromedriverVersion: 2.33.506120 (e3e53437346286..., userDataDir: C:\Users\nipin\AppData\Loca...}, cssSelectorsEnabled: true, databaseEnabled: false, handlesAlerts: true, hasTouchScreen: false, javascriptEnabled: true, locationContextEnabled: true, mobileEmulationEnabled: false, nativeEvents: true, networkConnectionEnabled: false, pageLoadStrategy: normal, platform: XP, platformName: XP, rotatable: false, setWindowRect: true, takesHeapSnapshot: true, takesScreenshot: true, unexpectedAlertBehaviour: , unhandledPromptBehavior: , version: 62.0.3202.94, webStorageEnabled: true}
Session ID: ea567f06a7c0b870a5bbb6c8d2b9a247)]]></system-out>
         <system-err><![CDATA[2017-11-27 10:07:07 - [TEST_CASE][FAILED] - Test Cases/BEP/TC_RLMeetingRequest_CancelMeeting: Test Cases/BEP/TC_RLMeetingRequest_CancelMeeting FAILED because (of) Unable to maximize current window (Root cause: org.openqa.selenium.WebDriverException: unknown error: failed to change window state to maximized, current state is normal
  (Session info: chrome=62.0.3202.94)
  (Driver info: chromedriver=2.33.506120 (e3e53437346286c0bc2d2dc9aa4915ba81d9023f),platform=Windows NT 6.1.7601 SP1 x86_64) (WARNING: The server did not provide any stacktrace information)
Command duration or timeout: 0 milliseconds
Build info: version: '3.7.1', revision: '8a0099a', time: '2017-11-06T21:07:36.161Z'
System info: host: 'L22622WUS', ip: '10.2.176.78', os.name: 'Windows 7', os.arch: 'amd64', os.version: '6.1', java.version: '1.8.0_102'
Driver info: com.kms.katalon.selenium.driver.CChromeDriver
Capabilities {acceptSslCerts: true, applicationCacheEnabled: false, browserConnectionEnabled: false, browserName: chrome, chrome: {chromedriverVersion: 2.33.506120 (e3e53437346286..., userDataDir: C:\Users\nipin\AppData\Loca...}, cssSelectorsEnabled: true, databaseEnabled: false, handlesAlerts: true, hasTouchScreen: false, javascriptEnabled: true, locationContextEnabled: true, mobileEmulationEnabled: false, nativeEvents: true, networkConnectionEnabled: false, pageLoadStrategy: normal, platform: XP, platformName: XP, rotatable: false, setWindowRect: true, takesHeapSnapshot: true, takesScreenshot: true, unexpectedAlertBehaviour: , unhandledPromptBehavior: , version: 62.0.3202.94, webStorageEnabled: true}
Session ID: ea567f06a7c0b870a5bbb6c8d2b9a247)]]></system-err>
      </testcase>
      <testcase name="Test Cases/BEP/TC_Withdraw" classname="Test Cases/BEP/TC_Withdraw" status="PASSED">
         <system-out><![CDATA[2017-11-27 10:11:48 - [TEST_CASE][PASSED] - Test Cases/BEP/TC_Withdraw: Test Cases/BEP/TC_Withdraw

2017-11-27 10:11:49 - [TEST_STEP][PASSED] - callTestCase: Call Test Case 'Test Cases/BEP/TC_Create_BEP_NoOutput' successfully

2017-11-27 10:11:49 - [TEST_CASE][PASSED] - Test Cases/BEP/TC_Create_BEP_NoOutput: Test Cases/BEP/TC_Create_BEP_NoOutput

2017-11-27 10:11:49 - [TEST_STEP][PASSED] - com.helper.commonfunct.utilities.login: com.helper.commonfunct.utilities.login is PASSED

2017-11-27 10:11:49 - [MESSAGE][WARNING] - A browser is already opened. Closing browser and opening a new one

2017-11-27 10:11:52 - [MESSAGE][PASSED] - Browser is opened with url: ''

2017-11-27 10:11:53 - [MESSAGE][PASSED] - Navigate to 'https://vtcpqa2.rpega.com:9030/tcpqa/PRServlet' successfully

2017-11-27 10:11:53 - [MESSAGE][PASSED] - Text 'hendj@pegasystems.com' is set on object 'Object Repository/input_UserIdentifier'

2017-11-27 10:11:53 - [MESSAGE][PASSED] - Text 'install' is set on object 'Object Repository/input_Password'

2017-11-27 10:11:56 - [MESSAGE][PASSED] - Keys 'ENTER + ' sent to object: 'Object Repository/input_Password'

2017-11-27 10:11:56 - [MESSAGE][PASSED] - com.helper.commonfunct.utilities.login is PASSED

2017-11-27 10:11:56 - [TEST_STEP][PASSED] - com.helper.commonfunct.BEP_CommonMethod.EstimateNoOutput: com.helper.commonfunct.BEP_CommonMethod.EstimateNoOutput is PASSED

2017-11-27 10:11:56 - [MESSAGE][PASSED] - Object: 'Object Repository/Generic/a_Actions' is clicked on

2017-11-27 10:11:59 - [MESSAGE][PASSED] - Object: 'Object Repository/span_New' is focused

2017-11-27 10:12:02 - [MESSAGE][PASSED] - Object: 'Object Repository/BEP/EstimateLink' is clicked on

2017-11-27 10:12:07 - [MESSAGE][PASSED] - Delayed 5 second(s)

2017-11-27 10:12:07 - [MESSAGE][WARNING] - Timeout '0' is invalid. Using default page load timeout: '30'

2017-11-27 10:12:08 - [MESSAGE][PASSED] - Object 'Object Repository/BEP/import' is visible

2017-11-27 10:12:08 - [MESSAGE][PASSED] - Object: 'Object Repository/BEP/import' is clicked on

2017-11-27 10:12:13 - [MESSAGE][PASSED] - Delayed 5 second(s)

2017-11-27 10:12:13 - [MESSAGE][PASSED] - File 'C:\EStimate.xlsm' sent to object: 'Object Repository/input_PpyWorkPageppyFilePath'

2017-11-27 10:12:18 - [MESSAGE][PASSED] - Delayed 5 second(s)

2017-11-27 10:12:20 - [MESSAGE][PASSED] - Object: 'Object Repository/button_Submit' is clicked on

2017-11-27 10:12:30 - [MESSAGE][PASSED] - Delayed 10 second(s)

2017-11-27 10:12:30 - [MESSAGE][PASSED] - Text 'BOFA' is set on object 'Object Repository/Generic/ORG'

2017-11-27 10:12:35 - [MESSAGE][PASSED] - Delayed 5 second(s)

2017-11-27 10:12:36 - [MESSAGE][PASSED] - Keys 'TAB + ' sent to object: 'Object Repository/Generic/ORG'

2017-11-27 10:12:41 - [MESSAGE][PASSED] - Delayed 5 second(s)

2017-11-27 10:12:41 - [MESSAGE][PASSED] - Text 'BOFA' is set on object 'Object Repository/Generic/ACC'

2017-11-27 10:12:46 - [MESSAGE][PASSED] - Delayed 5 second(s)

2017-11-27 10:12:46 - [MESSAGE][PASSED] - Keys 'TAB + ' sent to object: 'Object Repository/Generic/ACC'

2017-11-27 10:12:51 - [MESSAGE][PASSED] - Delayed 5 second(s)

2017-11-27 10:12:51 - [MESSAGE][PASSED] - Text 'AUTOTEST1' is set on object 'Object Repository/Generic/ENG_DESC'

2017-11-27 10:12:56 - [MESSAGE][PASSED] - Delayed 5 second(s)

2017-11-27 10:12:57 - [MESSAGE][PASSED] - Object: 'Object Repository/Generic/PlatformID' is clicked on

2017-11-27 10:13:02 - [MESSAGE][PASSED] - Delayed 5 second(s)

2017-11-27 10:13:02 - [MESSAGE][PASSED] - Keys 'AMPchroma' sent to object: 'Object Repository/Generic/PlatformID'

2017-11-27 10:13:07 - [MESSAGE][PASSED] - Delayed 5 second(s)

2017-11-27 10:13:07 - [MESSAGE][PASSED] - Object: 'Object Repository/Generic/PlatformVersion' is clicked on

2017-11-27 10:13:12 - [MESSAGE][PASSED] - Delayed 5 second(s)

2017-11-27 10:13:12 - [MESSAGE][PASSED] - Keys 'N/A' sent to object: 'Object Repository/Generic/PlatformVersion'

2017-11-27 10:13:17 - [MESSAGE][PASSED] - Delayed 5 second(s)

2017-11-27 10:13:17 - [MESSAGE][PASSED] - Scroll to object 'Object Repository/BEP/MorethanOneRLSNO' successfully

2017-11-27 10:13:18 - [MESSAGE][PASSED] - Object: 'Object Repository/BEP/MorethanOneRLSNO' is clicked on

2017-11-27 10:13:23 - [MESSAGE][PASSED] - Delayed 5 second(s)

2017-11-27 10:13:23 - [MESSAGE][PASSED] - Object: 'Object Repository/Generic/PlatformTrue' is clicked on

2017-11-27 10:13:28 - [MESSAGE][PASSED] - Delayed 5 second(s)

2017-11-27 10:13:33 - [MESSAGE][PASSED] - Delayed 5 second(s)

2017-11-27 10:13:33 - [MESSAGE][PASSED] - Object: 'Object Repository/EngInfo/PL' is clicked on

2017-11-27 10:13:38 - [MESSAGE][PASSED] - Delayed 5 second(s)

2017-11-27 10:13:38 - [MESSAGE][PASSED] - Keys 'Jeff Henderson ' sent to object: 'Object Repository/EngInfo/PL'

2017-11-27 10:13:43 - [MESSAGE][PASSED] - Delayed 5 second(s)

2017-11-27 10:13:44 - [MESSAGE][PASSED] - Object: 'Object Repository/EngInfo/PLTL' is clicked on

2017-11-27 10:13:49 - [MESSAGE][PASSED] - Delayed 5 second(s)

2017-11-27 10:13:49 - [MESSAGE][PASSED] - Keys 'Robert Higgins' sent to object: 'Object Repository/EngInfo/PLTL'

2017-11-27 10:13:54 - [MESSAGE][PASSED] - Delayed 5 second(s)

2017-11-27 10:13:54 - [MESSAGE][PASSED] - Object: 'Object Repository/EngInfo/RL' is clicked on

2017-11-27 10:13:59 - [MESSAGE][PASSED] - Delayed 5 second(s)

2017-11-27 10:13:59 - [MESSAGE][PASSED] - Keys 'Eric Panepinto' sent to object: 'Object Repository/EngInfo/RL'

2017-11-27 10:14:04 - [MESSAGE][PASSED] - Delayed 5 second(s)

2017-11-27 10:14:04 - [MESSAGE][PASSED] - Object: 'Object Repository/EngInfo/RD' is clicked on

2017-11-27 10:14:09 - [MESSAGE][PASSED] - Delayed 5 second(s)

2017-11-27 10:14:10 - [MESSAGE][PASSED] - Keys 'Robert Lang' sent to object: 'Object Repository/EngInfo/RD'

2017-11-27 10:14:15 - [MESSAGE][PASSED] - Delayed 5 second(s)

2017-11-27 10:14:15 - [MESSAGE][PASSED] - Scroll to object 'Object Repository/NEXT_BUTTON' successfully

2017-11-27 10:14:15 - [MESSAGE][PASSED] - Object: 'Object Repository/NEXT_BUTTON' is clicked on

2017-11-27 10:14:16 - [MESSAGE][PASSED] - Text '12' is set on object 'Object Repository/BEP/DurationLow'

2017-11-27 10:14:21 - [MESSAGE][PASSED] - Delayed 5 second(s)

2017-11-27 10:14:22 - [MESSAGE][PASSED] - Keys 'TAB + ' sent to object: 'Object Repository/BEP/DurationLow'

2017-11-27 10:14:27 - [MESSAGE][PASSED] - Delayed 5 second(s)

2017-11-27 10:14:27 - [MESSAGE][PASSED] - Text '12' is set on object 'Object Repository/BEP/DurationHigh'

2017-11-27 10:14:32 - [MESSAGE][PASSED] - Delayed 5 second(s)

2017-11-27 10:14:32 - [MESSAGE][PASSED] - Keys 'TAB + ' sent to object: 'Object Repository/BEP/DurationHigh'

2017-11-27 10:14:37 - [MESSAGE][PASSED] - Delayed 5 second(s)

2017-11-27 10:14:37 - [MESSAGE][PASSED] - Text '12' is set on object 'Object Repository/BEP/PartnerHoursLow'

2017-11-27 10:14:42 - [MESSAGE][PASSED] - Delayed 5 second(s)

2017-11-27 10:14:42 - [MESSAGE][PASSED] - Keys 'TAB + ' sent to object: 'Object Repository/BEP/PartnerHoursLow'

2017-11-27 10:14:47 - [MESSAGE][PASSED] - Delayed 5 second(s)

2017-11-27 10:14:47 - [MESSAGE][PASSED] - Text '12' is set on object 'Object Repository/BEP/PartnerHoursHigh'

2017-11-27 10:14:52 - [MESSAGE][PASSED] - Delayed 5 second(s)

2017-11-27 10:14:52 - [MESSAGE][PASSED] - Object: 'Object Repository/BEP/EstimationMethod' is clicked on

2017-11-27 10:14:57 - [MESSAGE][PASSED] - Delayed 5 second(s)

2017-11-27 10:14:58 - [MESSAGE][PASSED] - Keys 'BSW' sent to object: 'Object Repository/BEP/EstimationMethod'

2017-11-27 10:15:03 - [MESSAGE][PASSED] - Delayed 5 second(s)

2017-11-27 10:15:03 - [MESSAGE][PASSED] - Object: 'Object Repository/BEP/routeToRL' is clicked on

2017-11-27 10:15:08 - [MESSAGE][PASSED] - Delayed 5 second(s)

2017-11-27 10:15:08 - [MESSAGE][PASSED] - Scroll to object 'Object Repository/NEXT_BUTTON' successfully

2017-11-27 10:15:08 - [MESSAGE][PASSED] - Object: 'Object Repository/NEXT_BUTTON' is clicked on

2017-11-27 10:15:13 - [MESSAGE][PASSED] - Delayed 5 second(s)

2017-11-27 10:15:13 - [MESSAGE][PASSED] - Object: 'Object Repository/BEP/BEPoutput' is clicked on

2017-11-27 10:15:18 - [MESSAGE][PASSED] - Delayed 5 second(s)

2017-11-27 10:15:19 - [MESSAGE][PASSED] - All options with value 'RFP in process' are selected in object 'Object Repository/BEP/ReasonCode' 

2017-11-27 10:15:19 - [MESSAGE][PASSED] - Scroll to object 'Object Repository/NEXT_BUTTON' successfully

2017-11-27 10:15:19 - [MESSAGE][PASSED] - Object: 'Object Repository/NEXT_BUTTON' is clicked on

2017-11-27 10:15:20 - [MESSAGE][PASSED] - Scroll to object 'Object Repository/Generic/FINISH_BUTTON' successfully

2017-11-27 10:15:20 - [MESSAGE][PASSED] - Object: 'Object Repository/Generic/FINISH_BUTTON' is clicked on

2017-11-27 10:15:25 - [MESSAGE][PASSED] - Delayed 5 second(s)

2017-11-27 10:15:25 - [MESSAGE][PASSED] - Text of object 'Object Repository/BEP/BEPWOID' is: 'BEP-27Nov2017-12'

2017-11-27 10:15:25 - [MESSAGE][PASSED] - com.helper.commonfunct.BEP_CommonMethod.EstimateNoOutput is PASSED

2017-11-27 10:15:25 - [TEST_STEP][PASSED] - com.helper.commonfunct.BEP_CommonMethod.woid: com.helper.commonfunct.BEP_CommonMethod.woid is PASSED

2017-11-27 10:15:25 - [MESSAGE][PASSED] - Text of object 'Object Repository/BEP/BEPWOID' is: 'BEP-27Nov2017-12'

2017-11-27 10:15:25 - [MESSAGE][PASSED] - com.helper.commonfunct.BEP_CommonMethod.woid is PASSED

2017-11-27 10:15:25 - [TEST_STEP][PASSED] - com.helper.commonfunct.BEP_CommonMethod.WOstatus: com.helper.commonfunct.BEP_CommonMethod.WOstatus is PASSED

2017-11-27 10:15:26 - [MESSAGE][PASSED] - Text of object 'Object Repository/BEP/WOSTATUS' is: 'Pending-RDApproval'

2017-11-27 10:15:26 - [MESSAGE][PASSED] - com.helper.commonfunct.BEP_CommonMethod.WOstatus is PASSED

2017-11-27 10:15:26 - [MESSAGE][PASSED] - Call Test Case 'Test Cases/BEP/TC_Create_BEP_NoOutput' successfully

2017-11-27 10:15:26 - [TEST_STEP][PASSED] - com.helper.commonfunct.utilities.login: com.helper.commonfunct.utilities.login is PASSED

2017-11-27 10:15:26 - [MESSAGE][WARNING] - A browser is already opened. Closing browser and opening a new one

2017-11-27 10:15:29 - [MESSAGE][PASSED] - Browser is opened with url: ''

2017-11-27 10:15:29 - [MESSAGE][PASSED] - Navigate to 'https://vtcpqa2.rpega.com:9030/tcpqa/PRServlet' successfully

2017-11-27 10:15:30 - [MESSAGE][PASSED] - Text 'hendj@pegasystems.com' is set on object 'Object Repository/input_UserIdentifier'

2017-11-27 10:15:30 - [MESSAGE][PASSED] - Text 'install' is set on object 'Object Repository/input_Password'

2017-11-27 10:15:33 - [MESSAGE][PASSED] - Keys 'ENTER + ' sent to object: 'Object Repository/input_Password'

2017-11-27 10:15:33 - [MESSAGE][PASSED] - com.helper.commonfunct.utilities.login is PASSED

2017-11-27 10:15:33 - [TEST_STEP][PASSED] - com.helper.commonfunct.utilities.search: com.helper.commonfunct.utilities.search is PASSED

2017-11-27 10:15:35 - [MESSAGE][PASSED] - Current window maximized

2017-11-27 10:15:40 - [MESSAGE][PASSED] - Delayed 5 second(s)

2017-11-27 10:15:40 - [MESSAGE][PASSED] - Text 'BEP-27Nov2017-12' is set on object 'Object Repository/EngInfo/search'

2017-11-27 10:15:45 - [MESSAGE][PASSED] - Delayed 5 second(s)

2017-11-27 10:15:45 - [MESSAGE][PASSED] - Keys 'ENTER + ' sent to object: 'Object Repository/EngInfo/search'

2017-11-27 10:15:50 - [MESSAGE][PASSED] - Delayed 5 second(s)

2017-11-27 10:15:50 - [MESSAGE][PASSED] - com.helper.commonfunct.utilities.search is PASSED

2017-11-27 10:15:50 - [TEST_STEP][PASSED] - com.helper.commonfunct.BEP_CommonMethod.withdraw: com.helper.commonfunct.BEP_CommonMethod.withdraw is PASSED

2017-11-27 10:15:55 - [MESSAGE][PASSED] - Delayed 5 second(s)

2017-11-27 10:15:55 - [MESSAGE][WARNING] - Timeout '0' is invalid. Using default page load timeout: '30'

2017-11-27 10:15:56 - [MESSAGE][PASSED] - Object: 'Object Repository/otherAction' is clicked on

2017-11-27 10:16:01 - [MESSAGE][PASSED] - Delayed 5 second(s)

2017-11-27 10:16:01 - [MESSAGE][PASSED] - Object: 'Object Repository/BEP/withdraw_link' is clicked on

2017-11-27 10:16:06 - [MESSAGE][PASSED] - Delayed 5 second(s)

2017-11-27 10:16:06 - [MESSAGE][PASSED] - Text 'Testing' is set on object 'Object Repository/BEP/withdraw_notes'

2017-11-27 10:16:11 - [MESSAGE][PASSED] - Delayed 5 second(s)

2017-11-27 10:16:11 - [MESSAGE][PASSED] - Keys 'TAB + ' sent to object: 'Object Repository/BEP/withdraw_notes'

2017-11-27 10:16:16 - [MESSAGE][PASSED] - Delayed 5 second(s)

2017-11-27 10:16:16 - [MESSAGE][PASSED] - Object: 'Object Repository/BEP/withdraw_submit' is clicked on

2017-11-27 10:16:21 - [MESSAGE][PASSED] - Delayed 5 second(s)

2017-11-27 10:16:22 - [MESSAGE][PASSED] - Object: 'Object Repository/Generic/CLOSE_WORK_OBJECT' is clicked on

2017-11-27 10:16:22 - [MESSAGE][PASSED] - com.helper.commonfunct.BEP_CommonMethod.withdraw is PASSED

2017-11-27 10:16:22 - [TEST_STEP][PASSED] - delay: Delayed 3 second(s)

2017-11-27 10:16:25 - [MESSAGE][PASSED] - Delayed 3 second(s)]]></system-out>
         <system-err><![CDATA[]]></system-err>
      </testcase>
      <system-out><![CDATA[2017-11-27 09:14:39 - [TEST_SUITE][FAILED] - BEP: Test Cases/BEP/TC_CreateBEP_NoroutingToRL FAILED because (of) Unable to click on object 'Object Repository/BEP/BEPoutput' (Root cause: com.kms.katalon.core.webui.exception.WebElementNotFoundException: Web element with id: 'Object Repository/BEP/BEPoutput' located by 'By.xpath: //*[@id = 'BEPOutputNone']' not found)]]></system-out>
      <system-err><![CDATA[2017-11-27 09:14:39 - [TEST_SUITE][FAILED] - BEP: Test Cases/BEP/TC_CreateBEP_NoroutingToRL FAILED because (of) Unable to click on object 'Object Repository/BEP/BEPoutput' (Root cause: com.kms.katalon.core.webui.exception.WebElementNotFoundException: Web element with id: 'Object Repository/BEP/BEPoutput' located by 'By.xpath: //*[@id = 'BEPOutputNone']' not found)]]></system-err>
   </testsuite>
</testsuites>
