<?xml version="1.0" encoding="UTF-8"?>
<testsuites name="BEP_Selected" time="1014" tests="2" failures="0" errors="0">
   <testsuite name="BEP_Selected" tests="2" failures="0" errors="0" time="1014" timestamp="2017-11-27 15:38:16" hostname="nipin - L22622WUS.rpega.com" id="Test Suites/BEP_Selected">
      <properties>
         <property name="deviceName" value=""/>
         <property name="devicePlatform" value=""/>
         <property name="logFolder" value="C:\\Users\\nipin\\Katalon Studio\\COE\\Reports\\BEP_Selected\\20171127_153814"/>
         <property name="logFiles" value="C:\\Users\\nipin\\Katalon Studio\\COE\\Reports\\BEP_Selected\\20171127_153814\\execution0.log"/>
         <property name="attachments" value=""/>
         <property name="hostName" value="nipin - L22622WUS.rpega.com"/>
         <property name="os" value="Windows 7 64bit"/>
         <property name="katalonVersion" value="5.1.0.1"/>
         <property name="browser" value="Chrome 62.0.3202.94"/>
         <property name="hostAddress" value="10.2.176.78"/>
         <property name="sessionId" value="9a7ba9c13421a07e7c6ac517660fa645"/>
         <property name="seleniumVersion" value="3.7.1"/>
         <property name="proxyInformation" value="ProxyInformation{proxyOption=NO_PROXY, proxyServerType=HTTP, password=, proxyServerAddress=, proxyServerPort=0}"/>
         <property name="platform" value="Windows 7"/>
      </properties>
      <testcase name="Test Cases/BEP/TC_CreateBEP_NoroutingToRL" classname="Test Cases/BEP/TC_CreateBEP_NoroutingToRL" status="PASSED">
         <system-out><![CDATA[2017-11-27 15:38:16 - [TEST_CASE][PASSED] - Test Cases/BEP/TC_CreateBEP_NoroutingToRL: Test Cases/BEP/TC_CreateBEP_NoroutingToRL

2017-11-27 15:38:17 - [TEST_STEP][PASSED] - callTestCase: Call Test Case 'Test Cases/BEP/TC_Create_BEP_NoOutput' successfully

2017-11-27 15:38:17 - [TEST_CASE][PASSED] - Test Cases/BEP/TC_Create_BEP_NoOutput: Test Cases/BEP/TC_Create_BEP_NoOutput

2017-11-27 15:38:18 - [TEST_STEP][PASSED] - com.helper.commonfunct.utilities.login: com.helper.commonfunct.utilities.login is PASSED

2017-11-27 15:38:22 - [MESSAGE][PASSED] - Browser is opened with url: ''

2017-11-27 15:38:23 - [MESSAGE][PASSED] - Navigate to 'https://vtcpqa2.rpega.com:9030/tcpqa/PRServlet' successfully

2017-11-27 15:38:23 - [MESSAGE][PASSED] - Text 'hendj@pegasystems.com' is set on object 'Object Repository/input_UserIdentifier'

2017-11-27 15:38:23 - [MESSAGE][PASSED] - Text 'install' is set on object 'Object Repository/input_Password'

2017-11-27 15:38:28 - [MESSAGE][PASSED] - Keys 'ENTER + ' sent to object: 'Object Repository/input_Password'

2017-11-27 15:38:28 - [MESSAGE][PASSED] - com.helper.commonfunct.utilities.login is PASSED

2017-11-27 15:38:28 - [TEST_STEP][PASSED] - com.helper.commonfunct.BEP_CommonMethod.EstimateNoOutput: com.helper.commonfunct.BEP_CommonMethod.EstimateNoOutput is PASSED

2017-11-27 15:38:28 - [MESSAGE][PASSED] - Object: 'Object Repository/Generic/a_Actions' is clicked on

2017-11-27 15:38:31 - [MESSAGE][PASSED] - Object: 'Object Repository/span_New' is focused

2017-11-27 15:38:34 - [MESSAGE][PASSED] - Object: 'Object Repository/BEP/EstimateLink' is clicked on

2017-11-27 15:38:39 - [MESSAGE][PASSED] - Delayed 5 second(s)

2017-11-27 15:38:39 - [MESSAGE][WARNING] - Timeout '0' is invalid. Using default page load timeout: '30'

2017-11-27 15:38:39 - [MESSAGE][PASSED] - Object 'Object Repository/BEP/import' is visible

2017-11-27 15:38:39 - [MESSAGE][PASSED] - Object: 'Object Repository/BEP/import' is clicked on

2017-11-27 15:38:44 - [MESSAGE][PASSED] - Delayed 5 second(s)

2017-11-27 15:38:45 - [MESSAGE][PASSED] - File 'C:\EStimate.xlsm' sent to object: 'Object Repository/input_PpyWorkPageppyFilePath'

2017-11-27 15:38:50 - [MESSAGE][PASSED] - Delayed 5 second(s)

2017-11-27 15:38:51 - [MESSAGE][PASSED] - Object: 'Object Repository/button_Submit' is clicked on

2017-11-27 15:39:01 - [MESSAGE][PASSED] - Delayed 10 second(s)

2017-11-27 15:39:02 - [MESSAGE][PASSED] - Text 'BOFA' is set on object 'Object Repository/Generic/ORG'

2017-11-27 15:39:07 - [MESSAGE][PASSED] - Delayed 5 second(s)

2017-11-27 15:39:07 - [MESSAGE][PASSED] - Keys 'TAB + ' sent to object: 'Object Repository/Generic/ORG'

2017-11-27 15:39:12 - [MESSAGE][PASSED] - Delayed 5 second(s)

2017-11-27 15:39:12 - [MESSAGE][PASSED] - Text 'BOFA' is set on object 'Object Repository/Generic/ACC'

2017-11-27 15:39:17 - [MESSAGE][PASSED] - Delayed 5 second(s)

2017-11-27 15:39:17 - [MESSAGE][PASSED] - Keys 'TAB + ' sent to object: 'Object Repository/Generic/ACC'

2017-11-27 15:39:22 - [MESSAGE][PASSED] - Delayed 5 second(s)

2017-11-27 15:39:23 - [MESSAGE][PASSED] - Text 'AUTOTEST1' is set on object 'Object Repository/Generic/ENG_DESC'

2017-11-27 15:39:28 - [MESSAGE][PASSED] - Delayed 5 second(s)

2017-11-27 15:39:28 - [MESSAGE][PASSED] - Object: 'Object Repository/Generic/PlatformID' is clicked on

2017-11-27 15:39:33 - [MESSAGE][PASSED] - Delayed 5 second(s)

2017-11-27 15:39:33 - [MESSAGE][PASSED] - Keys 'AMPchroma' sent to object: 'Object Repository/Generic/PlatformID'

2017-11-27 15:39:38 - [MESSAGE][PASSED] - Delayed 5 second(s)

2017-11-27 15:39:38 - [MESSAGE][PASSED] - Object: 'Object Repository/Generic/PlatformVersion' is clicked on

2017-11-27 15:39:43 - [MESSAGE][PASSED] - Delayed 5 second(s)

2017-11-27 15:39:44 - [MESSAGE][PASSED] - Keys 'N/A' sent to object: 'Object Repository/Generic/PlatformVersion'

2017-11-27 15:39:49 - [MESSAGE][PASSED] - Delayed 5 second(s)

2017-11-27 15:39:49 - [MESSAGE][PASSED] - Scroll to object 'Object Repository/BEP/MorethanOneRLSNO' successfully

2017-11-27 15:39:49 - [MESSAGE][PASSED] - Object: 'Object Repository/BEP/MorethanOneRLSNO' is clicked on

2017-11-27 15:39:54 - [MESSAGE][PASSED] - Delayed 5 second(s)

2017-11-27 15:39:54 - [MESSAGE][PASSED] - Object: 'Object Repository/Generic/PlatformTrue' is clicked on

2017-11-27 15:39:59 - [MESSAGE][PASSED] - Delayed 5 second(s)

2017-11-27 15:40:04 - [MESSAGE][PASSED] - Delayed 5 second(s)

2017-11-27 15:40:04 - [MESSAGE][PASSED] - Object: 'Object Repository/EngInfo/PL' is clicked on

2017-11-27 15:40:09 - [MESSAGE][PASSED] - Delayed 5 second(s)

2017-11-27 15:40:10 - [MESSAGE][PASSED] - Keys 'Jeff Henderson ' sent to object: 'Object Repository/EngInfo/PL'

2017-11-27 15:40:15 - [MESSAGE][PASSED] - Delayed 5 second(s)

2017-11-27 15:40:15 - [MESSAGE][PASSED] - Object: 'Object Repository/EngInfo/PLTL' is clicked on

2017-11-27 15:40:20 - [MESSAGE][PASSED] - Delayed 5 second(s)

2017-11-27 15:40:20 - [MESSAGE][PASSED] - Keys 'Robert Higgins' sent to object: 'Object Repository/EngInfo/PLTL'

2017-11-27 15:40:25 - [MESSAGE][PASSED] - Delayed 5 second(s)

2017-11-27 15:40:26 - [MESSAGE][PASSED] - Object: 'Object Repository/EngInfo/RL' is clicked on

2017-11-27 15:40:31 - [MESSAGE][PASSED] - Delayed 5 second(s)

2017-11-27 15:40:31 - [MESSAGE][PASSED] - Keys 'Eric Panepinto' sent to object: 'Object Repository/EngInfo/RL'

2017-11-27 15:40:36 - [MESSAGE][PASSED] - Delayed 5 second(s)

2017-11-27 15:40:36 - [MESSAGE][PASSED] - Object: 'Object Repository/EngInfo/RD' is clicked on

2017-11-27 15:40:41 - [MESSAGE][PASSED] - Delayed 5 second(s)

2017-11-27 15:40:41 - [MESSAGE][PASSED] - Keys 'Robert Lang' sent to object: 'Object Repository/EngInfo/RD'

2017-11-27 15:40:46 - [MESSAGE][PASSED] - Delayed 5 second(s)

2017-11-27 15:40:46 - [MESSAGE][PASSED] - Scroll to object 'Object Repository/NEXT_BUTTON' successfully

2017-11-27 15:40:47 - [MESSAGE][PASSED] - Object: 'Object Repository/NEXT_BUTTON' is clicked on

2017-11-27 15:40:55 - [MESSAGE][PASSED] - Text '12' is set on object 'Object Repository/BEP/DurationLow'

2017-11-27 15:41:00 - [MESSAGE][PASSED] - Delayed 5 second(s)

2017-11-27 15:41:00 - [MESSAGE][PASSED] - Keys 'TAB + ' sent to object: 'Object Repository/BEP/DurationLow'

2017-11-27 15:41:05 - [MESSAGE][PASSED] - Delayed 5 second(s)

2017-11-27 15:41:05 - [MESSAGE][PASSED] - Text '12' is set on object 'Object Repository/BEP/DurationHigh'

2017-11-27 15:41:10 - [MESSAGE][PASSED] - Delayed 5 second(s)

2017-11-27 15:41:10 - [MESSAGE][PASSED] - Keys 'TAB + ' sent to object: 'Object Repository/BEP/DurationHigh'

2017-11-27 15:41:15 - [MESSAGE][PASSED] - Delayed 5 second(s)

2017-11-27 15:41:15 - [MESSAGE][PASSED] - Text '12' is set on object 'Object Repository/BEP/PartnerHoursLow'

2017-11-27 15:41:20 - [MESSAGE][PASSED] - Delayed 5 second(s)

2017-11-27 15:41:21 - [MESSAGE][PASSED] - Keys 'TAB + ' sent to object: 'Object Repository/BEP/PartnerHoursLow'

2017-11-27 15:41:26 - [MESSAGE][PASSED] - Delayed 5 second(s)

2017-11-27 15:41:26 - [MESSAGE][PASSED] - Text '12' is set on object 'Object Repository/BEP/PartnerHoursHigh'

2017-11-27 15:41:31 - [MESSAGE][PASSED] - Delayed 5 second(s)

2017-11-27 15:41:31 - [MESSAGE][PASSED] - Object: 'Object Repository/BEP/EstimationMethod' is clicked on

2017-11-27 15:41:36 - [MESSAGE][PASSED] - Delayed 5 second(s)

2017-11-27 15:41:36 - [MESSAGE][PASSED] - Keys 'BSW' sent to object: 'Object Repository/BEP/EstimationMethod'

2017-11-27 15:41:41 - [MESSAGE][PASSED] - Delayed 5 second(s)

2017-11-27 15:41:42 - [MESSAGE][PASSED] - Object: 'Object Repository/BEP/routeToRL' is clicked on

2017-11-27 15:41:47 - [MESSAGE][PASSED] - Delayed 5 second(s)

2017-11-27 15:41:47 - [MESSAGE][PASSED] - Scroll to object 'Object Repository/NEXT_BUTTON' successfully

2017-11-27 15:41:49 - [MESSAGE][PASSED] - Object: 'Object Repository/NEXT_BUTTON' is clicked on

2017-11-27 15:41:54 - [MESSAGE][PASSED] - Delayed 5 second(s)

2017-11-27 15:41:54 - [MESSAGE][PASSED] - Object: 'Object Repository/BEP/BEPoutput' is clicked on

2017-11-27 15:41:59 - [MESSAGE][PASSED] - Delayed 5 second(s)

2017-11-27 15:42:00 - [MESSAGE][PASSED] - All options with value 'RFP in process' are selected in object 'Object Repository/BEP/ReasonCode' 

2017-11-27 15:42:00 - [MESSAGE][PASSED] - Scroll to object 'Object Repository/NEXT_BUTTON' successfully

2017-11-27 15:42:00 - [MESSAGE][PASSED] - Object: 'Object Repository/NEXT_BUTTON' is clicked on

2017-11-27 15:42:02 - [MESSAGE][PASSED] - Scroll to object 'Object Repository/Generic/FINISH_BUTTON' successfully

2017-11-27 15:42:02 - [MESSAGE][PASSED] - Object: 'Object Repository/Generic/FINISH_BUTTON' is clicked on

2017-11-27 15:42:07 - [MESSAGE][PASSED] - Delayed 5 second(s)

2017-11-27 15:42:07 - [MESSAGE][PASSED] - Text of object 'Object Repository/BEP/BEPWOID' is: 'BEP-27Nov2017-23'

2017-11-27 15:42:07 - [MESSAGE][PASSED] - com.helper.commonfunct.BEP_CommonMethod.EstimateNoOutput is PASSED

2017-11-27 15:42:07 - [TEST_STEP][PASSED] - com.helper.commonfunct.BEP_CommonMethod.woid: com.helper.commonfunct.BEP_CommonMethod.woid is PASSED

2017-11-27 15:42:07 - [MESSAGE][PASSED] - Text of object 'Object Repository/BEP/BEPWOID' is: 'BEP-27Nov2017-23'

2017-11-27 15:42:07 - [MESSAGE][PASSED] - com.helper.commonfunct.BEP_CommonMethod.woid is PASSED

2017-11-27 15:42:07 - [TEST_STEP][PASSED] - com.helper.commonfunct.BEP_CommonMethod.WOstatus: com.helper.commonfunct.BEP_CommonMethod.WOstatus is PASSED

2017-11-27 15:42:07 - [MESSAGE][PASSED] - Text of object 'Object Repository/BEP/WOSTATUS' is: 'Pending-RDApproval'

2017-11-27 15:42:07 - [MESSAGE][PASSED] - com.helper.commonfunct.BEP_CommonMethod.WOstatus is PASSED

2017-11-27 15:42:07 - [MESSAGE][PASSED] - Call Test Case 'Test Cases/BEP/TC_Create_BEP_NoOutput' successfully

2017-11-27 15:42:07 - [TEST_STEP][PASSED] - Statement - RouteToRL = false: null

2017-11-27 15:42:07 - [TEST_STEP][PASSED] - callTestCase: Call Test Case 'Test Cases/BEP/All_Approval_Reject' successfully

2017-11-27 15:42:07 - [TEST_CASE][PASSED] - Test Cases/BEP/All_Approval_Reject: Test Cases/BEP/All_Approval_Reject

2017-11-27 15:42:08 - [TEST_STEP][PASSED] - Statement - While (WOSTATUS.contains("Pending")): com.helper.commonfunct.utilities.WOstatus is PASSED

2017-11-27 15:42:08 - [TEST_STEP][PASSED] - Statement - For ([j = 0, j < AssignmentList.size(), (j++)]): com.helper.commonfunct.utilities.WOstatus is PASSED

2017-11-27 15:42:08 - [TEST_STEP][PASSED] - Statement - Status = text: null

2017-11-27 15:42:08 - [TEST_STEP][PASSED] - Statement - println(Status): null

2017-11-27 15:42:08 - [TEST_STEP][PASSED] - Statement - If (WOSTATUS == "Pending-RDApproval"): com.helper.commonfunct.utilities.WOstatus is PASSED

2017-11-27 15:42:08 - [TEST_STEP][PASSED] - Statement - If (RDReject == false): com.helper.commonfunct.utilities.WOstatus is PASSED

2017-11-27 15:42:08 - [TEST_STEP][PASSED] - Statement - If (RouteToRL == true): null

2017-11-27 15:42:08 - [TEST_STEP][PASSED] - Statement - Else: com.helper.commonfunct.utilities.WOstatus is PASSED

2017-11-27 15:42:08 - [TEST_STEP][PASSED] - com.helper.commonfunct.utilities.login: com.helper.commonfunct.utilities.login is PASSED

2017-11-27 15:42:08 - [MESSAGE][WARNING] - A browser is already opened. Closing browser and opening a new one

2017-11-27 15:42:11 - [MESSAGE][PASSED] - Browser is opened with url: ''

2017-11-27 15:42:12 - [MESSAGE][PASSED] - Navigate to 'https://vtcpqa2.rpega.com:9030/tcpqa/PRServlet' successfully

2017-11-27 15:42:12 - [MESSAGE][PASSED] - Text 'langr1@pegasystems.com' is set on object 'Object Repository/input_UserIdentifier'

2017-11-27 15:42:13 - [MESSAGE][PASSED] - Text 'install' is set on object 'Object Repository/input_Password'

2017-11-27 15:42:16 - [MESSAGE][PASSED] - Keys 'ENTER + ' sent to object: 'Object Repository/input_Password'

2017-11-27 15:42:16 - [MESSAGE][PASSED] - com.helper.commonfunct.utilities.login is PASSED

2017-11-27 15:42:16 - [TEST_STEP][PASSED] - com.helper.commonfunct.utilities.search: com.helper.commonfunct.utilities.search is PASSED

2017-11-27 15:42:17 - [MESSAGE][PASSED] - Current window maximized

2017-11-27 15:42:22 - [MESSAGE][PASSED] - Delayed 5 second(s)

2017-11-27 15:42:22 - [MESSAGE][PASSED] - Text 'BEP-27Nov2017-23' is set on object 'Object Repository/EngInfo/search'

2017-11-27 15:42:27 - [MESSAGE][PASSED] - Delayed 5 second(s)

2017-11-27 15:42:27 - [MESSAGE][PASSED] - Keys 'ENTER + ' sent to object: 'Object Repository/EngInfo/search'

2017-11-27 15:42:32 - [MESSAGE][PASSED] - Delayed 5 second(s)

2017-11-27 15:42:32 - [MESSAGE][PASSED] - com.helper.commonfunct.utilities.search is PASSED

2017-11-27 15:42:32 - [TEST_STEP][PASSED] - com.helper.commonfunct.BEP_CommonMethod.noToRL: com.helper.commonfunct.BEP_CommonMethod.noToRL is PASSED

2017-11-27 15:42:37 - [MESSAGE][PASSED] - Delayed 5 second(s)

2017-11-27 15:42:37 - [MESSAGE][WARNING] - Timeout '0' is invalid. Using default page load timeout: '30'

2017-11-27 15:42:39 - [MESSAGE][PASSED] - Object: 'Object Repository/BEP/RDLink' is clicked on

2017-11-27 15:42:44 - [MESSAGE][PASSED] - Delayed 5 second(s)

2017-11-27 15:42:44 - [MESSAGE][PASSED] - Scroll to object 'Object Repository/NEXT_BUTTON' successfully

2017-11-27 15:42:49 - [MESSAGE][PASSED] - Delayed 5 second(s)

2017-11-27 15:42:49 - [MESSAGE][PASSED] - Object: 'Object Repository/BEP/routeNoTORL' is clicked on

2017-11-27 15:42:54 - [MESSAGE][PASSED] - Delayed 5 second(s)

2017-11-27 15:42:54 - [MESSAGE][PASSED] - Object: 'Object Repository/NEXT_BUTTON' is clicked on

2017-11-27 15:42:59 - [MESSAGE][PASSED] - Delayed 5 second(s)

2017-11-27 15:42:59 - [MESSAGE][PASSED] - Object: 'Object Repository/BEP/RD_RLApprove' is clicked on

2017-11-27 15:43:04 - [MESSAGE][PASSED] - Delayed 5 second(s)

2017-11-27 15:43:05 - [MESSAGE][PASSED] - Text 'Testing' is set on object 'Object Repository/BEP/BEP_CASENOTES'

2017-11-27 15:43:10 - [MESSAGE][PASSED] - Delayed 5 second(s)

2017-11-27 15:43:10 - [MESSAGE][WARNING] - Timeout '0' is invalid. Using default page load timeout: '30'

2017-11-27 15:43:10 - [MESSAGE][PASSED] - Scroll to object 'Object Repository/BEP/FINISH_ASSIGNMENT' successfully

2017-11-27 15:43:10 - [MESSAGE][PASSED] - Object: 'Object Repository/BEP/FINISH_ASSIGNMENT' is clicked on

2017-11-27 15:43:15 - [MESSAGE][PASSED] - Delayed 5 second(s)

2017-11-27 15:43:15 - [MESSAGE][PASSED] - com.helper.commonfunct.BEP_CommonMethod.noToRL is PASSED

2017-11-27 15:43:15 - [TEST_STEP][PASSED] - com.helper.commonfunct.utilities.WOstatus: com.helper.commonfunct.utilities.WOstatus is PASSED

2017-11-27 15:43:16 - [MESSAGE][PASSED] - Text of object 'Object Repository/ECR/WOSTATUS' is: 'Resolved-Approved'

2017-11-27 15:43:16 - [MESSAGE][PASSED] - com.helper.commonfunct.utilities.WOstatus is PASSED

2017-11-27 15:43:16 - [MESSAGE][PASSED] - Call Test Case 'Test Cases/BEP/All_Approval_Reject' successfully]]></system-out>
         <system-err><![CDATA[]]></system-err>
      </testcase>
      <testcase name="Test Cases/BEP/TC_RLMeetingRequest_CancelMeeting" classname="Test Cases/BEP/TC_RLMeetingRequest_CancelMeeting" status="PASSED">
         <system-out><![CDATA[2017-11-27 15:43:16 - [TEST_CASE][PASSED] - Test Cases/BEP/TC_RLMeetingRequest_CancelMeeting: Test Cases/BEP/TC_RLMeetingRequest_CancelMeeting

2017-11-27 15:43:16 - [TEST_STEP][PASSED] - callTestCase: Call Test Case 'Test Cases/BEP/TC_Create_BEP_NoOutput' successfully

2017-11-27 15:43:16 - [TEST_CASE][PASSED] - Test Cases/BEP/TC_Create_BEP_NoOutput: Test Cases/BEP/TC_Create_BEP_NoOutput

2017-11-27 15:43:16 - [TEST_STEP][PASSED] - com.helper.commonfunct.utilities.login: com.helper.commonfunct.utilities.login is PASSED

2017-11-27 15:43:16 - [MESSAGE][WARNING] - A browser is already opened. Closing browser and opening a new one

2017-11-27 15:43:20 - [MESSAGE][PASSED] - Browser is opened with url: ''

2017-11-27 15:43:20 - [MESSAGE][PASSED] - Navigate to 'https://vtcpqa2.rpega.com:9030/tcpqa/PRServlet' successfully

2017-11-27 15:43:21 - [MESSAGE][PASSED] - Text 'hendj@pegasystems.com' is set on object 'Object Repository/input_UserIdentifier'

2017-11-27 15:43:21 - [MESSAGE][PASSED] - Text 'install' is set on object 'Object Repository/input_Password'

2017-11-27 15:43:23 - [MESSAGE][PASSED] - Keys 'ENTER + ' sent to object: 'Object Repository/input_Password'

2017-11-27 15:43:23 - [MESSAGE][PASSED] - com.helper.commonfunct.utilities.login is PASSED

2017-11-27 15:43:23 - [TEST_STEP][PASSED] - com.helper.commonfunct.BEP_CommonMethod.EstimateNoOutput: com.helper.commonfunct.BEP_CommonMethod.EstimateNoOutput is PASSED

2017-11-27 15:43:24 - [MESSAGE][PASSED] - Object: 'Object Repository/Generic/a_Actions' is clicked on

2017-11-27 15:43:26 - [MESSAGE][PASSED] - Object: 'Object Repository/span_New' is focused

2017-11-27 15:43:28 - [MESSAGE][PASSED] - Object: 'Object Repository/BEP/EstimateLink' is clicked on

2017-11-27 15:43:33 - [MESSAGE][PASSED] - Delayed 5 second(s)

2017-11-27 15:43:33 - [MESSAGE][WARNING] - Timeout '0' is invalid. Using default page load timeout: '30'

2017-11-27 15:43:33 - [MESSAGE][PASSED] - Object 'Object Repository/BEP/import' is visible

2017-11-27 15:43:33 - [MESSAGE][PASSED] - Object: 'Object Repository/BEP/import' is clicked on

2017-11-27 15:43:38 - [MESSAGE][PASSED] - Delayed 5 second(s)

2017-11-27 15:43:39 - [MESSAGE][PASSED] - File 'C:\EStimate.xlsm' sent to object: 'Object Repository/input_PpyWorkPageppyFilePath'

2017-11-27 15:43:44 - [MESSAGE][PASSED] - Delayed 5 second(s)

2017-11-27 15:43:46 - [MESSAGE][PASSED] - Object: 'Object Repository/button_Submit' is clicked on

2017-11-27 15:43:56 - [MESSAGE][PASSED] - Delayed 10 second(s)

2017-11-27 15:43:56 - [MESSAGE][PASSED] - Text 'BOFA' is set on object 'Object Repository/Generic/ORG'

2017-11-27 15:44:01 - [MESSAGE][PASSED] - Delayed 5 second(s)

2017-11-27 15:44:01 - [MESSAGE][PASSED] - Keys 'TAB + ' sent to object: 'Object Repository/Generic/ORG'

2017-11-27 15:44:06 - [MESSAGE][PASSED] - Delayed 5 second(s)

2017-11-27 15:44:07 - [MESSAGE][PASSED] - Text 'BOFA' is set on object 'Object Repository/Generic/ACC'

2017-11-27 15:44:12 - [MESSAGE][PASSED] - Delayed 5 second(s)

2017-11-27 15:44:12 - [MESSAGE][PASSED] - Keys 'TAB + ' sent to object: 'Object Repository/Generic/ACC'

2017-11-27 15:44:17 - [MESSAGE][PASSED] - Delayed 5 second(s)

2017-11-27 15:44:17 - [MESSAGE][PASSED] - Text 'AUTOTEST1' is set on object 'Object Repository/Generic/ENG_DESC'

2017-11-27 15:44:22 - [MESSAGE][PASSED] - Delayed 5 second(s)

2017-11-27 15:44:22 - [MESSAGE][PASSED] - Object: 'Object Repository/Generic/PlatformID' is clicked on

2017-11-27 15:44:27 - [MESSAGE][PASSED] - Delayed 5 second(s)

2017-11-27 15:44:28 - [MESSAGE][PASSED] - Keys 'AMPchroma' sent to object: 'Object Repository/Generic/PlatformID'

2017-11-27 15:44:33 - [MESSAGE][PASSED] - Delayed 5 second(s)

2017-11-27 15:44:33 - [MESSAGE][PASSED] - Object: 'Object Repository/Generic/PlatformVersion' is clicked on

2017-11-27 15:44:38 - [MESSAGE][PASSED] - Delayed 5 second(s)

2017-11-27 15:44:38 - [MESSAGE][PASSED] - Keys 'N/A' sent to object: 'Object Repository/Generic/PlatformVersion'

2017-11-27 15:44:43 - [MESSAGE][PASSED] - Delayed 5 second(s)

2017-11-27 15:44:43 - [MESSAGE][PASSED] - Scroll to object 'Object Repository/BEP/MorethanOneRLSNO' successfully

2017-11-27 15:44:43 - [MESSAGE][PASSED] - Object: 'Object Repository/BEP/MorethanOneRLSNO' is clicked on

2017-11-27 15:44:48 - [MESSAGE][PASSED] - Delayed 5 second(s)

2017-11-27 15:44:48 - [MESSAGE][PASSED] - Object: 'Object Repository/Generic/PlatformTrue' is clicked on

2017-11-27 15:44:53 - [MESSAGE][PASSED] - Delayed 5 second(s)

2017-11-27 15:44:58 - [MESSAGE][PASSED] - Delayed 5 second(s)

2017-11-27 15:44:59 - [MESSAGE][PASSED] - Object: 'Object Repository/EngInfo/PL' is clicked on

2017-11-27 15:45:04 - [MESSAGE][PASSED] - Delayed 5 second(s)

2017-11-27 15:45:04 - [MESSAGE][PASSED] - Keys 'Jeff Henderson ' sent to object: 'Object Repository/EngInfo/PL'

2017-11-27 15:45:09 - [MESSAGE][PASSED] - Delayed 5 second(s)

2017-11-27 15:45:09 - [MESSAGE][PASSED] - Object: 'Object Repository/EngInfo/PLTL' is clicked on

2017-11-27 15:45:14 - [MESSAGE][PASSED] - Delayed 5 second(s)

2017-11-27 15:45:14 - [MESSAGE][PASSED] - Keys 'Robert Higgins' sent to object: 'Object Repository/EngInfo/PLTL'

2017-11-27 15:45:19 - [MESSAGE][PASSED] - Delayed 5 second(s)

2017-11-27 15:45:20 - [MESSAGE][PASSED] - Object: 'Object Repository/EngInfo/RL' is clicked on

2017-11-27 15:45:25 - [MESSAGE][PASSED] - Delayed 5 second(s)

2017-11-27 15:45:25 - [MESSAGE][PASSED] - Keys 'Eric Panepinto' sent to object: 'Object Repository/EngInfo/RL'

2017-11-27 15:45:30 - [MESSAGE][PASSED] - Delayed 5 second(s)

2017-11-27 15:45:30 - [MESSAGE][PASSED] - Object: 'Object Repository/EngInfo/RD' is clicked on

2017-11-27 15:45:35 - [MESSAGE][PASSED] - Delayed 5 second(s)

2017-11-27 15:45:35 - [MESSAGE][PASSED] - Keys 'Robert Lang' sent to object: 'Object Repository/EngInfo/RD'

2017-11-27 15:45:40 - [MESSAGE][PASSED] - Delayed 5 second(s)

2017-11-27 15:45:40 - [MESSAGE][PASSED] - Scroll to object 'Object Repository/NEXT_BUTTON' successfully

2017-11-27 15:45:41 - [MESSAGE][PASSED] - Object: 'Object Repository/NEXT_BUTTON' is clicked on

2017-11-27 15:45:57 - [MESSAGE][PASSED] - Text '12' is set on object 'Object Repository/BEP/DurationLow'

2017-11-27 15:46:02 - [MESSAGE][PASSED] - Delayed 5 second(s)

2017-11-27 15:46:02 - [MESSAGE][PASSED] - Keys 'TAB + ' sent to object: 'Object Repository/BEP/DurationLow'

2017-11-27 15:46:07 - [MESSAGE][PASSED] - Delayed 5 second(s)

2017-11-27 15:46:07 - [MESSAGE][PASSED] - Text '12' is set on object 'Object Repository/BEP/DurationHigh'

2017-11-27 15:46:12 - [MESSAGE][PASSED] - Delayed 5 second(s)

2017-11-27 15:46:12 - [MESSAGE][PASSED] - Keys 'TAB + ' sent to object: 'Object Repository/BEP/DurationHigh'

2017-11-27 15:46:17 - [MESSAGE][PASSED] - Delayed 5 second(s)

2017-11-27 15:46:17 - [MESSAGE][PASSED] - Text '12' is set on object 'Object Repository/BEP/PartnerHoursLow'

2017-11-27 15:46:22 - [MESSAGE][PASSED] - Delayed 5 second(s)

2017-11-27 15:46:23 - [MESSAGE][PASSED] - Keys 'TAB + ' sent to object: 'Object Repository/BEP/PartnerHoursLow'

2017-11-27 15:46:28 - [MESSAGE][PASSED] - Delayed 5 second(s)

2017-11-27 15:46:28 - [MESSAGE][PASSED] - Text '12' is set on object 'Object Repository/BEP/PartnerHoursHigh'

2017-11-27 15:46:33 - [MESSAGE][PASSED] - Delayed 5 second(s)

2017-11-27 15:46:33 - [MESSAGE][PASSED] - Object: 'Object Repository/BEP/EstimationMethod' is clicked on

2017-11-27 15:46:38 - [MESSAGE][PASSED] - Delayed 5 second(s)

2017-11-27 15:46:38 - [MESSAGE][PASSED] - Keys 'BSW' sent to object: 'Object Repository/BEP/EstimationMethod'

2017-11-27 15:46:43 - [MESSAGE][PASSED] - Delayed 5 second(s)

2017-11-27 15:46:43 - [MESSAGE][PASSED] - Object: 'Object Repository/BEP/routeToRL' is clicked on

2017-11-27 15:46:48 - [MESSAGE][PASSED] - Delayed 5 second(s)

2017-11-27 15:46:48 - [MESSAGE][PASSED] - Scroll to object 'Object Repository/NEXT_BUTTON' successfully

2017-11-27 15:46:49 - [MESSAGE][PASSED] - Object: 'Object Repository/NEXT_BUTTON' is clicked on

2017-11-27 15:46:54 - [MESSAGE][PASSED] - Delayed 5 second(s)

2017-11-27 15:46:54 - [MESSAGE][PASSED] - Object: 'Object Repository/BEP/BEPoutput' is clicked on

2017-11-27 15:46:59 - [MESSAGE][PASSED] - Delayed 5 second(s)

2017-11-27 15:46:59 - [MESSAGE][PASSED] - All options with value 'RFP in process' are selected in object 'Object Repository/BEP/ReasonCode' 

2017-11-27 15:46:59 - [MESSAGE][PASSED] - Scroll to object 'Object Repository/NEXT_BUTTON' successfully

2017-11-27 15:46:59 - [MESSAGE][PASSED] - Object: 'Object Repository/NEXT_BUTTON' is clicked on

2017-11-27 15:47:01 - [MESSAGE][PASSED] - Scroll to object 'Object Repository/Generic/FINISH_BUTTON' successfully

2017-11-27 15:47:01 - [MESSAGE][PASSED] - Object: 'Object Repository/Generic/FINISH_BUTTON' is clicked on

2017-11-27 15:47:06 - [MESSAGE][PASSED] - Delayed 5 second(s)

2017-11-27 15:47:06 - [MESSAGE][PASSED] - Text of object 'Object Repository/BEP/BEPWOID' is: 'BEP-27Nov2017-24'

2017-11-27 15:47:06 - [MESSAGE][PASSED] - com.helper.commonfunct.BEP_CommonMethod.EstimateNoOutput is PASSED

2017-11-27 15:47:06 - [TEST_STEP][PASSED] - com.helper.commonfunct.BEP_CommonMethod.woid: com.helper.commonfunct.BEP_CommonMethod.woid is PASSED

2017-11-27 15:47:06 - [MESSAGE][PASSED] - Text of object 'Object Repository/BEP/BEPWOID' is: 'BEP-27Nov2017-24'

2017-11-27 15:47:06 - [MESSAGE][PASSED] - com.helper.commonfunct.BEP_CommonMethod.woid is PASSED

2017-11-27 15:47:06 - [TEST_STEP][PASSED] - com.helper.commonfunct.BEP_CommonMethod.WOstatus: com.helper.commonfunct.BEP_CommonMethod.WOstatus is PASSED

2017-11-27 15:47:06 - [MESSAGE][PASSED] - Text of object 'Object Repository/BEP/WOSTATUS' is: 'Pending-RDApproval'

2017-11-27 15:47:07 - [MESSAGE][PASSED] - com.helper.commonfunct.BEP_CommonMethod.WOstatus is PASSED

2017-11-27 15:47:07 - [MESSAGE][PASSED] - Call Test Case 'Test Cases/BEP/TC_Create_BEP_NoOutput' successfully

2017-11-27 15:47:07 - [TEST_STEP][PASSED] - com.helper.commonfunct.utilities.login: com.helper.commonfunct.utilities.login is PASSED

2017-11-27 15:47:07 - [MESSAGE][WARNING] - A browser is already opened. Closing browser and opening a new one

2017-11-27 15:47:10 - [MESSAGE][PASSED] - Browser is opened with url: ''

2017-11-27 15:47:11 - [MESSAGE][PASSED] - Navigate to 'https://vtcpqa2.rpega.com:9030/tcpqa/PRServlet' successfully

2017-11-27 15:47:11 - [MESSAGE][PASSED] - Text 'langr1@pegasystems.com' is set on object 'Object Repository/input_UserIdentifier'

2017-11-27 15:47:11 - [MESSAGE][PASSED] - Text 'install' is set on object 'Object Repository/input_Password'

2017-11-27 15:47:14 - [MESSAGE][PASSED] - Keys 'ENTER + ' sent to object: 'Object Repository/input_Password'

2017-11-27 15:47:14 - [MESSAGE][PASSED] - com.helper.commonfunct.utilities.login is PASSED

2017-11-27 15:47:14 - [TEST_STEP][PASSED] - com.helper.commonfunct.utilities.search: com.helper.commonfunct.utilities.search is PASSED

2017-11-27 15:47:15 - [MESSAGE][PASSED] - Current window maximized

2017-11-27 15:47:20 - [MESSAGE][PASSED] - Delayed 5 second(s)

2017-11-27 15:47:21 - [MESSAGE][PASSED] - Text 'BEP-27Nov2017-24' is set on object 'Object Repository/EngInfo/search'

2017-11-27 15:47:26 - [MESSAGE][PASSED] - Delayed 5 second(s)

2017-11-27 15:47:26 - [MESSAGE][PASSED] - Keys 'ENTER + ' sent to object: 'Object Repository/EngInfo/search'

2017-11-27 15:47:31 - [MESSAGE][PASSED] - Delayed 5 second(s)

2017-11-27 15:47:31 - [MESSAGE][PASSED] - com.helper.commonfunct.utilities.search is PASSED

2017-11-27 15:47:31 - [TEST_STEP][PASSED] - com.helper.commonfunct.BEP_CommonMethod.RDapprove: com.helper.commonfunct.BEP_CommonMethod.RDapprove is PASSED

2017-11-27 15:47:36 - [MESSAGE][PASSED] - Delayed 5 second(s)

2017-11-27 15:47:36 - [MESSAGE][WARNING] - Timeout '0' is invalid. Using default page load timeout: '30'

2017-11-27 15:47:37 - [MESSAGE][PASSED] - Object: 'Object Repository/BEP/RDLink' is clicked on

2017-11-27 15:47:42 - [MESSAGE][PASSED] - Delayed 5 second(s)

2017-11-27 15:47:42 - [MESSAGE][PASSED] - Scroll to object 'Object Repository/NEXT_BUTTON' successfully

2017-11-27 15:47:43 - [MESSAGE][PASSED] - Object: 'Object Repository/NEXT_BUTTON' is clicked on

2017-11-27 15:47:48 - [MESSAGE][PASSED] - Delayed 5 second(s)

2017-11-27 15:47:48 - [MESSAGE][WARNING] - Timeout '0' is invalid. Using default page load timeout: '30'

2017-11-27 15:47:48 - [MESSAGE][PASSED] - Scroll to object 'Object Repository/BEP/RD_RLApprove' successfully

2017-11-27 15:47:48 - [MESSAGE][PASSED] - Object: 'Object Repository/BEP/RD_RLApprove' is clicked on

2017-11-27 15:47:53 - [MESSAGE][PASSED] - Delayed 5 second(s)

2017-11-27 15:47:53 - [MESSAGE][PASSED] - Text 'Testing' is set on object 'Object Repository/BEP/BEP_CASENOTES'

2017-11-27 15:47:58 - [MESSAGE][PASSED] - Delayed 5 second(s)

2017-11-27 15:47:58 - [MESSAGE][WARNING] - Timeout '0' is invalid. Using default page load timeout: '30'

2017-11-27 15:47:58 - [MESSAGE][PASSED] - Scroll to object 'Object Repository/BEP/FINISH_ASSIGNMENT' successfully

2017-11-27 15:47:58 - [MESSAGE][PASSED] - Object: 'Object Repository/BEP/FINISH_ASSIGNMENT' is clicked on

2017-11-27 15:48:03 - [MESSAGE][PASSED] - Delayed 5 second(s)

2017-11-27 15:48:03 - [MESSAGE][PASSED] - com.helper.commonfunct.BEP_CommonMethod.RDapprove is PASSED

2017-11-27 15:48:03 - [TEST_STEP][PASSED] - com.helper.commonfunct.utilities.login: com.helper.commonfunct.utilities.login is PASSED

2017-11-27 15:48:03 - [MESSAGE][WARNING] - A browser is already opened. Closing browser and opening a new one

2017-11-27 15:48:07 - [MESSAGE][PASSED] - Browser is opened with url: ''

2017-11-27 15:48:07 - [MESSAGE][PASSED] - Navigate to 'https://vtcpqa2.rpega.com:9030/tcpqa/PRServlet' successfully

2017-11-27 15:48:08 - [MESSAGE][PASSED] - Text 'panee@pegasystems.com' is set on object 'Object Repository/input_UserIdentifier'

2017-11-27 15:48:08 - [MESSAGE][PASSED] - Text 'install' is set on object 'Object Repository/input_Password'

2017-11-27 15:48:11 - [MESSAGE][PASSED] - Keys 'ENTER + ' sent to object: 'Object Repository/input_Password'

2017-11-27 15:48:11 - [MESSAGE][PASSED] - com.helper.commonfunct.utilities.login is PASSED

2017-11-27 15:48:11 - [TEST_STEP][PASSED] - com.helper.commonfunct.utilities.search: com.helper.commonfunct.utilities.search is PASSED

2017-11-27 15:48:12 - [MESSAGE][PASSED] - Current window maximized

2017-11-27 15:48:17 - [MESSAGE][PASSED] - Delayed 5 second(s)

2017-11-27 15:48:17 - [MESSAGE][PASSED] - Text 'BEP-27Nov2017-24' is set on object 'Object Repository/EngInfo/search'

2017-11-27 15:48:22 - [MESSAGE][PASSED] - Delayed 5 second(s)

2017-11-27 15:48:22 - [MESSAGE][PASSED] - Keys 'ENTER + ' sent to object: 'Object Repository/EngInfo/search'

2017-11-27 15:48:27 - [MESSAGE][PASSED] - Delayed 5 second(s)

2017-11-27 15:48:27 - [MESSAGE][PASSED] - com.helper.commonfunct.utilities.search is PASSED

2017-11-27 15:48:27 - [TEST_STEP][PASSED] - com.helper.commonfunct.BEP_CommonMethod.RLRequestMeeting: com.helper.commonfunct.BEP_CommonMethod.RLRequestMeeting is PASSED

2017-11-27 15:48:32 - [MESSAGE][PASSED] - Delayed 5 second(s)

2017-11-27 15:48:32 - [MESSAGE][WARNING] - Timeout '0' is invalid. Using default page load timeout: '30'

2017-11-27 15:48:34 - [MESSAGE][PASSED] - Object: 'Object Repository/BEP/RlLink' is clicked on

2017-11-27 15:48:39 - [MESSAGE][PASSED] - Delayed 5 second(s)

2017-11-27 15:48:39 - [MESSAGE][PASSED] - Scroll to object 'Object Repository/NEXT_BUTTON' successfully

2017-11-27 15:48:39 - [MESSAGE][PASSED] - Object: 'Object Repository/NEXT_BUTTON' is clicked on

2017-11-27 15:48:44 - [MESSAGE][PASSED] - Delayed 5 second(s)

2017-11-27 15:48:44 - [MESSAGE][WARNING] - Timeout '0' is invalid. Using default page load timeout: '30'

2017-11-27 15:48:44 - [MESSAGE][PASSED] - Scroll to object 'Object Repository/BEP/RD_RLApprove' successfully

2017-11-27 15:48:44 - [MESSAGE][PASSED] - Object: 'Object Repository/BEP/RD_RLApprove' is clicked on

2017-11-27 15:48:49 - [MESSAGE][PASSED] - Delayed 5 second(s)

2017-11-27 15:48:50 - [MESSAGE][PASSED] - Object: 'Object Repository/BEP/Meeting_Required' is clicked on

2017-11-27 15:48:55 - [MESSAGE][PASSED] - Delayed 5 second(s)

2017-11-27 15:48:55 - [MESSAGE][PASSED] - Text '11/29/2017' is set on object 'Object Repository/BEP/MeetingDate'

2017-11-27 15:49:00 - [MESSAGE][PASSED] - Delayed 5 second(s)

2017-11-27 15:49:00 - [MESSAGE][WARNING] - Timeout '0' is invalid. Using default page load timeout: '30'

2017-11-27 15:49:00 - [MESSAGE][PASSED] - Scroll to object 'Object Repository/BEP/FINISH_ASSIGNMENT' successfully

2017-11-27 15:49:00 - [MESSAGE][PASSED] - Object: 'Object Repository/BEP/FINISH_ASSIGNMENT' is clicked on

2017-11-27 15:49:05 - [MESSAGE][PASSED] - Delayed 5 second(s)

2017-11-27 15:49:05 - [MESSAGE][PASSED] - com.helper.commonfunct.BEP_CommonMethod.RLRequestMeeting is PASSED

2017-11-27 15:49:05 - [TEST_STEP][PASSED] - com.helper.commonfunct.utilities.login: com.helper.commonfunct.utilities.login is PASSED

2017-11-27 15:49:05 - [MESSAGE][WARNING] - A browser is already opened. Closing browser and opening a new one

2017-11-27 15:49:09 - [MESSAGE][PASSED] - Browser is opened with url: ''

2017-11-27 15:49:10 - [MESSAGE][PASSED] - Navigate to 'https://vtcpqa2.rpega.com:9030/tcpqa/PRServlet' successfully

2017-11-27 15:49:10 - [MESSAGE][PASSED] - Text 'diazz@pegasystems.com' is set on object 'Object Repository/input_UserIdentifier'

2017-11-27 15:49:11 - [MESSAGE][PASSED] - Text 'install' is set on object 'Object Repository/input_Password'

2017-11-27 15:49:14 - [MESSAGE][PASSED] - Keys 'ENTER + ' sent to object: 'Object Repository/input_Password'

2017-11-27 15:49:14 - [MESSAGE][PASSED] - com.helper.commonfunct.utilities.login is PASSED

2017-11-27 15:49:14 - [TEST_STEP][PASSED] - com.helper.commonfunct.utilities.search: com.helper.commonfunct.utilities.search is PASSED

2017-11-27 15:49:15 - [MESSAGE][PASSED] - Current window maximized

2017-11-27 15:49:20 - [MESSAGE][PASSED] - Delayed 5 second(s)

2017-11-27 15:49:20 - [MESSAGE][PASSED] - Text 'BEP-27Nov2017-24' is set on object 'Object Repository/EngInfo/search'

2017-11-27 15:49:25 - [MESSAGE][PASSED] - Delayed 5 second(s)

2017-11-27 15:49:25 - [MESSAGE][PASSED] - Keys 'ENTER + ' sent to object: 'Object Repository/EngInfo/search'

2017-11-27 15:49:30 - [MESSAGE][PASSED] - Delayed 5 second(s)

2017-11-27 15:49:30 - [MESSAGE][PASSED] - com.helper.commonfunct.utilities.search is PASSED

2017-11-27 15:49:30 - [TEST_STEP][PASSED] - com.helper.commonfunct.BEP_CommonMethod.ScheduleMeeting: com.helper.commonfunct.BEP_CommonMethod.ScheduleMeeting is PASSED

2017-11-27 15:49:35 - [MESSAGE][PASSED] - Delayed 5 second(s)

2017-11-27 15:49:35 - [MESSAGE][WARNING] - Timeout '0' is invalid. Using default page load timeout: '30'

2017-11-27 15:49:37 - [MESSAGE][PASSED] - Object: 'Object Repository/BEP/Meeting/meetingLink' is clicked on

2017-11-27 15:49:42 - [MESSAGE][PASSED] - Delayed 5 second(s)

2017-11-27 15:49:42 - [MESSAGE][PASSED] - Text 'Cambridge' is set on object 'Object Repository/ECR_MEETING/location'

2017-11-27 15:49:47 - [MESSAGE][PASSED] - Delayed 5 second(s)

2017-11-27 15:49:47 - [MESSAGE][WARNING] - Timeout '0' is invalid. Using default page load timeout: '30'

2017-11-27 15:49:47 - [MESSAGE][PASSED] - Scroll to object 'Object Repository/Generic/FINISH_ASSIGNMENT' successfully

2017-11-27 15:49:48 - [MESSAGE][PASSED] - Object: 'Object Repository/Generic/FINISH_ASSIGNMENT' is clicked on

2017-11-27 15:49:53 - [MESSAGE][PASSED] - Delayed 5 second(s)

2017-11-27 15:49:53 - [MESSAGE][PASSED] - com.helper.commonfunct.BEP_CommonMethod.ScheduleMeeting is PASSED

2017-11-27 15:49:53 - [TEST_STEP][PASSED] - com.helper.commonfunct.utilities.login: com.helper.commonfunct.utilities.login is PASSED

2017-11-27 15:49:53 - [MESSAGE][WARNING] - A browser is already opened. Closing browser and opening a new one

2017-11-27 15:49:56 - [MESSAGE][PASSED] - Browser is opened with url: ''

2017-11-27 15:49:57 - [MESSAGE][PASSED] - Navigate to 'https://vtcpqa2.rpega.com:9030/tcpqa/PRServlet' successfully

2017-11-27 15:49:58 - [MESSAGE][PASSED] - Text 'panee@pegasystems.com' is set on object 'Object Repository/input_UserIdentifier'

2017-11-27 15:49:58 - [MESSAGE][PASSED] - Text 'install' is set on object 'Object Repository/input_Password'

2017-11-27 15:50:12 - [MESSAGE][PASSED] - Keys 'ENTER + ' sent to object: 'Object Repository/input_Password'

2017-11-27 15:50:12 - [MESSAGE][PASSED] - com.helper.commonfunct.utilities.login is PASSED

2017-11-27 15:50:12 - [TEST_STEP][PASSED] - com.helper.commonfunct.utilities.search: com.helper.commonfunct.utilities.search is PASSED

2017-11-27 15:50:13 - [MESSAGE][PASSED] - Current window maximized

2017-11-27 15:50:18 - [MESSAGE][PASSED] - Delayed 5 second(s)

2017-11-27 15:50:19 - [MESSAGE][PASSED] - Text 'BEP-27Nov2017-24' is set on object 'Object Repository/EngInfo/search'

2017-11-27 15:50:24 - [MESSAGE][PASSED] - Delayed 5 second(s)

2017-11-27 15:50:24 - [MESSAGE][PASSED] - Keys 'ENTER + ' sent to object: 'Object Repository/EngInfo/search'

2017-11-27 15:50:29 - [MESSAGE][PASSED] - Delayed 5 second(s)

2017-11-27 15:50:29 - [MESSAGE][PASSED] - com.helper.commonfunct.utilities.search is PASSED

2017-11-27 15:50:29 - [TEST_STEP][PASSED] - Statement - Meeting = true: null

2017-11-27 15:50:29 - [TEST_STEP][PASSED] - com.helper.commonfunct.BEP_CommonMethod.RLapprove: com.helper.commonfunct.BEP_CommonMethod.RLapprove is PASSED

2017-11-27 15:50:34 - [MESSAGE][PASSED] - Delayed 5 second(s)

2017-11-27 15:50:34 - [MESSAGE][WARNING] - Timeout '0' is invalid. Using default page load timeout: '30'

2017-11-27 15:50:39 - [MESSAGE][PASSED] - Object: 'Object Repository/BEP/RlLink' is clicked on

2017-11-27 15:50:44 - [MESSAGE][PASSED] - Delayed 5 second(s)

2017-11-27 15:50:44 - [MESSAGE][PASSED] - Scroll to object 'Object Repository/NEXT_BUTTON' successfully

2017-11-27 15:50:45 - [MESSAGE][PASSED] - Object: 'Object Repository/NEXT_BUTTON' is clicked on

2017-11-27 15:50:50 - [MESSAGE][PASSED] - Delayed 5 second(s)

2017-11-27 15:50:50 - [MESSAGE][PASSED] - Text 'A meeting for this estimate has been requested/scheduled' is present on page 

2017-11-27 15:50:55 - [MESSAGE][PASSED] - Delayed 5 second(s)

2017-11-27 15:50:55 - [MESSAGE][PASSED] - com.helper.commonfunct.BEP_CommonMethod.RLapprove is PASSED

2017-11-27 15:50:55 - [TEST_STEP][PASSED] - click: Object: 'Object Repository/Generic/CLOSE_WORK_OBJECT' is clicked on

2017-11-27 15:50:58 - [MESSAGE][PASSED] - Object: 'Object Repository/Generic/CLOSE_WORK_OBJECT' is clicked on

2017-11-27 15:50:58 - [TEST_STEP][PASSED] - com.helper.commonfunct.utilities.search: com.helper.commonfunct.utilities.search is PASSED

2017-11-27 15:50:58 - [MESSAGE][PASSED] - Current window maximized

2017-11-27 15:51:03 - [MESSAGE][PASSED] - Delayed 5 second(s)

2017-11-27 15:51:03 - [MESSAGE][PASSED] - Text 'BEP-27Nov2017-24' is set on object 'Object Repository/EngInfo/search'

2017-11-27 15:51:08 - [MESSAGE][PASSED] - Delayed 5 second(s)

2017-11-27 15:51:08 - [MESSAGE][PASSED] - Keys 'ENTER + ' sent to object: 'Object Repository/EngInfo/search'

2017-11-27 15:51:13 - [MESSAGE][PASSED] - Delayed 5 second(s)

2017-11-27 15:51:13 - [MESSAGE][PASSED] - com.helper.commonfunct.utilities.search is PASSED

2017-11-27 15:51:13 - [TEST_STEP][PASSED] - Statement - Meeting = false: null

2017-11-27 15:51:13 - [TEST_STEP][PASSED] - com.helper.commonfunct.BEP_CommonMethod.RequestCancelMeeting: com.helper.commonfunct.BEP_CommonMethod.RequestCancelMeeting is PASSED

2017-11-27 15:51:13 - [MESSAGE][WARNING] - Timeout '0' is invalid. Using default page load timeout: '30'

2017-11-27 15:51:14 - [MESSAGE][PASSED] - Object: 'Object Repository/BEP/OtherActions' is clicked on

2017-11-27 15:51:19 - [MESSAGE][PASSED] - Delayed 5 second(s)

2017-11-27 15:51:19 - [MESSAGE][PASSED] - Object: 'Object Repository/BEP/Meeting/CancelMeeting' is clicked on

2017-11-27 15:51:24 - [MESSAGE][PASSED] - Delayed 5 second(s)

2017-11-27 15:51:24 - [MESSAGE][PASSED] - Text 'Testing' is set on object 'Object Repository/ECR/ActionMenu/Reason'

2017-11-27 15:51:29 - [MESSAGE][PASSED] - Delayed 5 second(s)

2017-11-27 15:51:29 - [MESSAGE][PASSED] - Keys 'TAB + ' sent to object: 'Object Repository/ECR/ActionMenu/Reason'

2017-11-27 15:51:34 - [MESSAGE][PASSED] - Delayed 5 second(s)

2017-11-27 15:51:36 - [MESSAGE][PASSED] - Object: 'Object Repository/BEP/Meeting/Submit_otheraction' is clicked on

2017-11-27 15:51:41 - [MESSAGE][PASSED] - Delayed 5 second(s)

2017-11-27 15:51:42 - [MESSAGE][PASSED] - Object: 'Object Repository/Generic/CLOSE_WORK_OBJECT' is clicked on

2017-11-27 15:51:42 - [MESSAGE][PASSED] - com.helper.commonfunct.BEP_CommonMethod.RequestCancelMeeting is PASSED

2017-11-27 15:51:42 - [TEST_STEP][PASSED] - com.helper.commonfunct.utilities.login: com.helper.commonfunct.utilities.login is PASSED

2017-11-27 15:51:42 - [MESSAGE][WARNING] - A browser is already opened. Closing browser and opening a new one

2017-11-27 15:51:46 - [MESSAGE][PASSED] - Browser is opened with url: ''

2017-11-27 15:51:49 - [MESSAGE][PASSED] - Navigate to 'https://vtcpqa2.rpega.com:9030/tcpqa/PRServlet' successfully

2017-11-27 15:51:50 - [MESSAGE][PASSED] - Text 'diazz@pegasystems.com' is set on object 'Object Repository/input_UserIdentifier'

2017-11-27 15:51:50 - [MESSAGE][PASSED] - Text 'install' is set on object 'Object Repository/input_Password'

2017-11-27 15:53:38 - [MESSAGE][PASSED] - Keys 'ENTER + ' sent to object: 'Object Repository/input_Password'

2017-11-27 15:53:38 - [MESSAGE][PASSED] - com.helper.commonfunct.utilities.login is PASSED

2017-11-27 15:53:38 - [TEST_STEP][PASSED] - com.helper.commonfunct.utilities.search: com.helper.commonfunct.utilities.search is PASSED

2017-11-27 15:53:39 - [MESSAGE][PASSED] - Current window maximized

2017-11-27 15:53:44 - [MESSAGE][PASSED] - Delayed 5 second(s)

2017-11-27 15:53:44 - [MESSAGE][PASSED] - Text 'BEP-27Nov2017-24' is set on object 'Object Repository/EngInfo/search'

2017-11-27 15:53:49 - [MESSAGE][PASSED] - Delayed 5 second(s)

2017-11-27 15:53:49 - [MESSAGE][PASSED] - Keys 'ENTER + ' sent to object: 'Object Repository/EngInfo/search'

2017-11-27 15:53:54 - [MESSAGE][PASSED] - Delayed 5 second(s)

2017-11-27 15:53:54 - [MESSAGE][PASSED] - com.helper.commonfunct.utilities.search is PASSED

2017-11-27 15:53:54 - [TEST_STEP][PASSED] - com.helper.commonfunct.BEP_CommonMethod.Cancelmeeting: com.helper.commonfunct.BEP_CommonMethod.Cancelmeeting is PASSED

2017-11-27 15:53:59 - [MESSAGE][PASSED] - Delayed 5 second(s)

2017-11-27 15:53:59 - [MESSAGE][WARNING] - Timeout '0' is invalid. Using default page load timeout: '30'

2017-11-27 15:54:01 - [MESSAGE][PASSED] - Object: 'Object Repository/BEP/Meeting/cancelMeetinglink' is clicked on

2017-11-27 15:54:06 - [MESSAGE][PASSED] - Delayed 5 second(s)

2017-11-27 15:54:06 - [MESSAGE][WARNING] - Timeout '0' is invalid. Using default page load timeout: '30'

2017-11-27 15:54:06 - [MESSAGE][PASSED] - Scroll to object 'Object Repository/Generic/FINISH_ASSIGNMENT' successfully

2017-11-27 15:54:06 - [MESSAGE][PASSED] - Object: 'Object Repository/Generic/FINISH_ASSIGNMENT' is clicked on

2017-11-27 15:54:11 - [MESSAGE][PASSED] - Delayed 5 second(s)

2017-11-27 15:54:11 - [MESSAGE][PASSED] - com.helper.commonfunct.BEP_CommonMethod.Cancelmeeting is PASSED

2017-11-27 15:54:11 - [TEST_STEP][PASSED] - com.helper.commonfunct.utilities.WOstatus: com.helper.commonfunct.utilities.WOstatus is PASSED

2017-11-27 15:54:11 - [MESSAGE][PASSED] - Text of object 'Object Repository/ECR/WOSTATUS' is: 'Pending-RLApproval'

2017-11-27 15:54:11 - [MESSAGE][PASSED] - com.helper.commonfunct.utilities.WOstatus is PASSED

2017-11-27 15:54:11 - [TEST_STEP][PASSED] - Statement - Meeting = false: null

2017-11-27 15:54:11 - [TEST_STEP][PASSED] - callTestCase: Call Test Case 'Test Cases/BEP/All_Approval_Reject' successfully

2017-11-27 15:54:11 - [TEST_CASE][PASSED] - Test Cases/BEP/All_Approval_Reject: Test Cases/BEP/All_Approval_Reject

2017-11-27 15:54:11 - [TEST_STEP][PASSED] - Statement - While (WOSTATUS.contains("Pending")): com.helper.commonfunct.utilities.WOstatus is PASSED

2017-11-27 15:54:11 - [TEST_STEP][PASSED] - Statement - For ([j = 0, j < AssignmentList.size(), (j++)]): com.helper.commonfunct.utilities.WOstatus is PASSED

2017-11-27 15:54:11 - [TEST_STEP][PASSED] - Statement - Status = text: null

2017-11-27 15:54:11 - [TEST_STEP][PASSED] - Statement - println(Status): null

2017-11-27 15:54:11 - [TEST_STEP][PASSED] - Statement - If (WOSTATUS == "Pending-RDApproval"): null

2017-11-27 15:54:11 - [TEST_STEP][PASSED] - Statement - Else If (WOSTATUS == "Pending-RLApproval"): com.helper.commonfunct.utilities.WOstatus is PASSED

2017-11-27 15:54:11 - [TEST_STEP][PASSED] - Statement - If (RLReject == false): com.helper.commonfunct.utilities.WOstatus is PASSED

2017-11-27 15:54:11 - [TEST_STEP][PASSED] - com.helper.commonfunct.utilities.login: com.helper.commonfunct.utilities.login is PASSED

2017-11-27 15:54:11 - [MESSAGE][WARNING] - A browser is already opened. Closing browser and opening a new one

2017-11-27 15:54:15 - [MESSAGE][PASSED] - Browser is opened with url: ''

2017-11-27 15:54:15 - [MESSAGE][PASSED] - Navigate to 'https://vtcpqa2.rpega.com:9030/tcpqa/PRServlet' successfully

2017-11-27 15:54:15 - [MESSAGE][PASSED] - Text 'panee@pegasystems.com' is set on object 'Object Repository/input_UserIdentifier'

2017-11-27 15:54:16 - [MESSAGE][PASSED] - Text 'install' is set on object 'Object Repository/input_Password'

2017-11-27 15:54:18 - [MESSAGE][PASSED] - Keys 'ENTER + ' sent to object: 'Object Repository/input_Password'

2017-11-27 15:54:18 - [MESSAGE][PASSED] - com.helper.commonfunct.utilities.login is PASSED

2017-11-27 15:54:18 - [TEST_STEP][PASSED] - com.helper.commonfunct.utilities.search: com.helper.commonfunct.utilities.search is PASSED

2017-11-27 15:54:20 - [MESSAGE][PASSED] - Current window maximized

2017-11-27 15:54:25 - [MESSAGE][PASSED] - Delayed 5 second(s)

2017-11-27 15:54:25 - [MESSAGE][PASSED] - Text 'BEP-27Nov2017-24' is set on object 'Object Repository/EngInfo/search'

2017-11-27 15:54:30 - [MESSAGE][PASSED] - Delayed 5 second(s)

2017-11-27 15:54:30 - [MESSAGE][PASSED] - Keys 'ENTER + ' sent to object: 'Object Repository/EngInfo/search'

2017-11-27 15:54:35 - [MESSAGE][PASSED] - Delayed 5 second(s)

2017-11-27 15:54:35 - [MESSAGE][PASSED] - com.helper.commonfunct.utilities.search is PASSED

2017-11-27 15:54:35 - [TEST_STEP][PASSED] - com.helper.commonfunct.BEP_CommonMethod.RLapprove: com.helper.commonfunct.BEP_CommonMethod.RLapprove is PASSED

2017-11-27 15:54:40 - [MESSAGE][PASSED] - Delayed 5 second(s)

2017-11-27 15:54:40 - [MESSAGE][WARNING] - Timeout '0' is invalid. Using default page load timeout: '30'

2017-11-27 15:54:41 - [MESSAGE][PASSED] - Object: 'Object Repository/BEP/RlLink' is clicked on

2017-11-27 15:54:46 - [MESSAGE][PASSED] - Delayed 5 second(s)

2017-11-27 15:54:47 - [MESSAGE][PASSED] - Scroll to object 'Object Repository/NEXT_BUTTON' successfully

2017-11-27 15:54:47 - [MESSAGE][PASSED] - Object: 'Object Repository/NEXT_BUTTON' is clicked on

2017-11-27 15:54:52 - [MESSAGE][PASSED] - Delayed 5 second(s)

2017-11-27 15:54:52 - [MESSAGE][WARNING] - Timeout '0' is invalid. Using default page load timeout: '30'

2017-11-27 15:54:52 - [MESSAGE][PASSED] - Scroll to object 'Object Repository/BEP/RD_RLApprove' successfully

2017-11-27 15:54:52 - [MESSAGE][PASSED] - Object: 'Object Repository/BEP/RD_RLApprove' is clicked on

2017-11-27 15:54:57 - [MESSAGE][PASSED] - Delayed 5 second(s)

2017-11-27 15:54:57 - [MESSAGE][PASSED] - Text 'Testing' is set on object 'Object Repository/BEP/BEP_CASENOTES'

2017-11-27 15:55:02 - [MESSAGE][PASSED] - Delayed 5 second(s)

2017-11-27 15:55:02 - [MESSAGE][WARNING] - Timeout '0' is invalid. Using default page load timeout: '30'

2017-11-27 15:55:02 - [MESSAGE][PASSED] - Scroll to object 'Object Repository/BEP/FINISH_ASSIGNMENT' successfully

2017-11-27 15:55:02 - [MESSAGE][PASSED] - Object: 'Object Repository/BEP/FINISH_ASSIGNMENT' is clicked on

2017-11-27 15:55:07 - [MESSAGE][PASSED] - Delayed 5 second(s)

2017-11-27 15:55:08 - [MESSAGE][PASSED] - Text of object 'Object Repository/BEP/WOSTATUS' is: 'Resolved-Approved'

2017-11-27 15:55:09 - [MESSAGE][PASSED] - com.helper.commonfunct.BEP_CommonMethod.RLapprove is PASSED

2017-11-27 15:55:09 - [TEST_STEP][PASSED] - com.helper.commonfunct.utilities.WOstatus: com.helper.commonfunct.utilities.WOstatus is PASSED

2017-11-27 15:55:10 - [MESSAGE][PASSED] - Text of object 'Object Repository/ECR/WOSTATUS' is: 'Resolved-Approved'

2017-11-27 15:55:10 - [MESSAGE][PASSED] - com.helper.commonfunct.utilities.WOstatus is PASSED

2017-11-27 15:55:10 - [MESSAGE][PASSED] - Call Test Case 'Test Cases/BEP/All_Approval_Reject' successfully]]></system-out>
         <system-err><![CDATA[]]></system-err>
      </testcase>
      <system-out><![CDATA[2017-11-27 15:38:16 - [TEST_SUITE][PASSED] - BEP_Selected: Test Cases/BEP/TC_RLMeetingRequest_CancelMeeting]]></system-out>
      <system-err><![CDATA[]]></system-err>
   </testsuite>
</testsuites>
