<?xml version="1.0" encoding="UTF-8"?>
<testsuites name="BEP" time="4458" tests="11" failures="0" errors="0">
   <testsuite name="BEP" tests="11" failures="0" errors="0" time="4458" timestamp="2017-11-16 11:13:59" hostname="nipin - L22622WUS.rpega.com" id="Test Suites/BEP">
      <properties>
         <property name="deviceName" value=""/>
         <property name="devicePlatform" value=""/>
         <property name="logFolder" value="C:\\Users\\nipin\\Katalon Studio\\COE\\Reports\\BEP\\20171116_111356"/>
         <property name="logFiles" value="C:\\Users\\nipin\\Katalon Studio\\COE\\Reports\\BEP\\20171116_111356\\execution0.log"/>
         <property name="attachments" value=""/>
         <property name="hostName" value="nipin - L22622WUS.rpega.com"/>
         <property name="os" value="Windows 7 64bit"/>
         <property name="katalonVersion" value="5.1.0.1"/>
         <property name="browser" value="Chrome 62.0.3202.89"/>
         <property name="hostAddress" value="10.2.176.77"/>
         <property name="sessionId" value="f0222377a40f5d8af913374f790a958d"/>
         <property name="seleniumVersion" value="3.7.1"/>
         <property name="proxyInformation" value="ProxyInformation{proxyOption=NO_PROXY, proxyServerType=HTTP, password=, proxyServerAddress=, proxyServerPort=0}"/>
         <property name="platform" value="Windows 7"/>
      </properties>
      <testcase name="Test Cases/BEP/TC_CreateBEP_EmailOutput_SendEmail_CreateECR" classname="Test Cases/BEP/TC_CreateBEP_EmailOutput_SendEmail_CreateECR" status="PASSED">
         <system-out><![CDATA[2017-11-16 11:14:00 - [TEST_CASE][PASSED] - Test Cases/BEP/TC_CreateBEP_EmailOutput_SendEmail_CreateECR: Test Cases/BEP/TC_CreateBEP_EmailOutput_SendEmail_CreateECR

2017-11-16 11:14:02 - [TEST_STEP][PASSED] - callTestCase: Call Test Case 'Test Cases/BEP/TC_Create_BEP_EmailOutput' successfully

2017-11-16 11:14:02 - [TEST_CASE][PASSED] - Test Cases/BEP/TC_Create_BEP_EmailOutput: Test Cases/BEP/TC_Create_BEP_EmailOutput

2017-11-16 11:14:03 - [TEST_STEP][PASSED] - com.helper.commonfunct.utilities.login: com.helper.commonfunct.utilities.login is PASSED

2017-11-16 11:14:09 - [MESSAGE][PASSED] - Browser is opened with url: ''

2017-11-16 11:14:11 - [MESSAGE][PASSED] - Navigate to 'https://vtcpqa2.rpega.com:9030/tcpqa/PRServlet' successfully

2017-11-16 11:14:11 - [MESSAGE][PASSED] - Text 'hendj@pegasystems.com' is set on object 'Object Repository/input_UserIdentifier'

2017-11-16 11:14:12 - [MESSAGE][PASSED] - Text 'install' is set on object 'Object Repository/input_Password'

2017-11-16 11:14:15 - [MESSAGE][PASSED] - Keys 'ENTER + ' sent to object: 'Object Repository/input_Password'

2017-11-16 11:14:15 - [MESSAGE][PASSED] - com.helper.commonfunct.utilities.login is PASSED

2017-11-16 11:14:15 - [TEST_STEP][PASSED] - com.helper.commonfunct.BEP_CommonMethod.EstimateEmailOutput: com.helper.commonfunct.BEP_CommonMethod.EstimateEmailOutput is PASSED

2017-11-16 11:14:16 - [MESSAGE][PASSED] - Object: 'Object Repository/Generic/a_Actions' is clicked on

2017-11-16 11:14:18 - [MESSAGE][PASSED] - Object: 'Object Repository/span_New' is focused

2017-11-16 11:14:23 - [MESSAGE][PASSED] - Object: 'Object Repository/BEP/EstimateLink' is clicked on

2017-11-16 11:14:28 - [MESSAGE][PASSED] - Delayed 5 second(s)

2017-11-16 11:14:28 - [MESSAGE][WARNING] - Timeout '0' is invalid. Using default page load timeout: '30'

2017-11-16 11:14:28 - [MESSAGE][PASSED] - Object 'Object Repository/BEP/import' is visible

2017-11-16 11:14:29 - [MESSAGE][PASSED] - Object: 'Object Repository/BEP/import' is clicked on

2017-11-16 11:14:34 - [MESSAGE][PASSED] - Delayed 5 second(s)

2017-11-16 11:14:34 - [MESSAGE][PASSED] - File 'C:\EStimate.xlsm' sent to object: 'Object Repository/input_PpyWorkPageppyFilePath'

2017-11-16 11:14:39 - [MESSAGE][PASSED] - Delayed 5 second(s)

2017-11-16 11:14:44 - [MESSAGE][PASSED] - Object: 'Object Repository/button_Submit' is clicked on

2017-11-16 11:14:54 - [MESSAGE][PASSED] - Delayed 10 second(s)

2017-11-16 11:14:54 - [MESSAGE][PASSED] - Text 'BOFA' is set on object 'Object Repository/Generic/ORG'

2017-11-16 11:14:59 - [MESSAGE][PASSED] - Delayed 5 second(s)

2017-11-16 11:14:59 - [MESSAGE][PASSED] - Keys 'TAB + ' sent to object: 'Object Repository/Generic/ORG'

2017-11-16 11:15:04 - [MESSAGE][PASSED] - Delayed 5 second(s)

2017-11-16 11:15:05 - [MESSAGE][PASSED] - Text 'BOFA' is set on object 'Object Repository/Generic/ACC'

2017-11-16 11:15:10 - [MESSAGE][PASSED] - Delayed 5 second(s)

2017-11-16 11:15:10 - [MESSAGE][PASSED] - Keys 'TAB + ' sent to object: 'Object Repository/Generic/ACC'

2017-11-16 11:15:15 - [MESSAGE][PASSED] - Delayed 5 second(s)

2017-11-16 11:15:17 - [MESSAGE][PASSED] - Text 'AUTOTEST1' is set on object 'Object Repository/Generic/ENG_DESC'

2017-11-16 11:15:22 - [MESSAGE][PASSED] - Delayed 5 second(s)

2017-11-16 11:15:22 - [MESSAGE][PASSED] - Object: 'Object Repository/Generic/PlatformID' is clicked on

2017-11-16 11:15:27 - [MESSAGE][PASSED] - Delayed 5 second(s)

2017-11-16 11:15:27 - [MESSAGE][PASSED] - Keys 'AMPchroma' sent to object: 'Object Repository/Generic/PlatformID'

2017-11-16 11:15:32 - [MESSAGE][PASSED] - Delayed 5 second(s)

2017-11-16 11:15:33 - [MESSAGE][PASSED] - Object: 'Object Repository/Generic/PlatformVersion' is clicked on

2017-11-16 11:15:38 - [MESSAGE][PASSED] - Delayed 5 second(s)

2017-11-16 11:15:38 - [MESSAGE][PASSED] - Keys 'N/A' sent to object: 'Object Repository/Generic/PlatformVersion'

2017-11-16 11:15:43 - [MESSAGE][PASSED] - Delayed 5 second(s)

2017-11-16 11:15:43 - [MESSAGE][PASSED] - Scroll to object 'Object Repository/BEP/MorethanOneRLSNO' successfully

2017-11-16 11:15:44 - [MESSAGE][PASSED] - Object: 'Object Repository/BEP/MorethanOneRLSNO' is clicked on

2017-11-16 11:15:49 - [MESSAGE][PASSED] - Delayed 5 second(s)

2017-11-16 11:15:49 - [MESSAGE][PASSED] - Object: 'Object Repository/Generic/PlatformTrue' is clicked on

2017-11-16 11:15:54 - [MESSAGE][PASSED] - Delayed 5 second(s)

2017-11-16 11:15:59 - [MESSAGE][PASSED] - Delayed 5 second(s)

2017-11-16 11:15:59 - [MESSAGE][PASSED] - Object: 'Object Repository/EngInfo/PL' is clicked on

2017-11-16 11:16:04 - [MESSAGE][PASSED] - Delayed 5 second(s)

2017-11-16 11:16:05 - [MESSAGE][PASSED] - Keys 'Jeff Henderson ' sent to object: 'Object Repository/EngInfo/PL'

2017-11-16 11:16:10 - [MESSAGE][PASSED] - Delayed 5 second(s)

2017-11-16 11:16:10 - [MESSAGE][PASSED] - Object: 'Object Repository/EngInfo/PLTL' is clicked on

2017-11-16 11:16:15 - [MESSAGE][PASSED] - Delayed 5 second(s)

2017-11-16 11:16:16 - [MESSAGE][PASSED] - Keys 'Robert Higgins' sent to object: 'Object Repository/EngInfo/PLTL'

2017-11-16 11:16:21 - [MESSAGE][PASSED] - Delayed 5 second(s)

2017-11-16 11:16:21 - [MESSAGE][PASSED] - Object: 'Object Repository/EngInfo/RL' is clicked on

2017-11-16 11:16:26 - [MESSAGE][PASSED] - Delayed 5 second(s)

2017-11-16 11:16:27 - [MESSAGE][PASSED] - Keys 'Eric Panepinto' sent to object: 'Object Repository/EngInfo/RL'

2017-11-16 11:16:32 - [MESSAGE][PASSED] - Delayed 5 second(s)

2017-11-16 11:16:32 - [MESSAGE][PASSED] - Object: 'Object Repository/EngInfo/RD' is clicked on

2017-11-16 11:16:37 - [MESSAGE][PASSED] - Delayed 5 second(s)

2017-11-16 11:16:37 - [MESSAGE][PASSED] - Keys 'Robert Lang' sent to object: 'Object Repository/EngInfo/RD'

2017-11-16 11:16:42 - [MESSAGE][PASSED] - Delayed 5 second(s)

2017-11-16 11:16:43 - [MESSAGE][PASSED] - Scroll to object 'Object Repository/NEXT_BUTTON' successfully

2017-11-16 11:16:43 - [MESSAGE][PASSED] - Object: 'Object Repository/NEXT_BUTTON' is clicked on

2017-11-16 11:16:48 - [MESSAGE][PASSED] - Delayed 5 second(s)

2017-11-16 11:16:48 - [MESSAGE][PASSED] - Text '12' is set on object 'Object Repository/BEP/DurationLow'

2017-11-16 11:16:53 - [MESSAGE][PASSED] - Delayed 5 second(s)

2017-11-16 11:16:53 - [MESSAGE][PASSED] - Keys 'TAB + ' sent to object: 'Object Repository/BEP/DurationLow'

2017-11-16 11:16:58 - [MESSAGE][PASSED] - Delayed 5 second(s)

2017-11-16 11:16:59 - [MESSAGE][PASSED] - Text '12' is set on object 'Object Repository/BEP/DurationHigh'

2017-11-16 11:17:04 - [MESSAGE][PASSED] - Delayed 5 second(s)

2017-11-16 11:17:04 - [MESSAGE][PASSED] - Keys 'TAB + ' sent to object: 'Object Repository/BEP/DurationHigh'

2017-11-16 11:17:09 - [MESSAGE][PASSED] - Delayed 5 second(s)

2017-11-16 11:17:09 - [MESSAGE][PASSED] - Text '12' is set on object 'Object Repository/BEP/PartnerHoursLow'

2017-11-16 11:17:14 - [MESSAGE][PASSED] - Delayed 5 second(s)

2017-11-16 11:17:14 - [MESSAGE][PASSED] - Keys 'TAB + ' sent to object: 'Object Repository/BEP/PartnerHoursLow'

2017-11-16 11:17:19 - [MESSAGE][PASSED] - Delayed 5 second(s)

2017-11-16 11:17:20 - [MESSAGE][PASSED] - Text '12' is set on object 'Object Repository/BEP/PartnerHoursHigh'

2017-11-16 11:17:25 - [MESSAGE][PASSED] - Delayed 5 second(s)

2017-11-16 11:17:25 - [MESSAGE][PASSED] - Object: 'Object Repository/BEP/EstimationMethod' is clicked on

2017-11-16 11:17:30 - [MESSAGE][PASSED] - Delayed 5 second(s)

2017-11-16 11:17:30 - [MESSAGE][PASSED] - Keys 'BSW' sent to object: 'Object Repository/BEP/EstimationMethod'

2017-11-16 11:17:35 - [MESSAGE][PASSED] - Delayed 5 second(s)

2017-11-16 11:17:35 - [MESSAGE][PASSED] - Object: 'Object Repository/BEP/routeToRL' is clicked on

2017-11-16 11:17:40 - [MESSAGE][PASSED] - Delayed 5 second(s)

2017-11-16 11:17:41 - [MESSAGE][PASSED] - Scroll to object 'Object Repository/NEXT_BUTTON' successfully

2017-11-16 11:17:41 - [MESSAGE][PASSED] - Object: 'Object Repository/NEXT_BUTTON' is clicked on

2017-11-16 11:17:46 - [MESSAGE][PASSED] - Delayed 5 second(s)

2017-11-16 11:17:46 - [MESSAGE][PASSED] - Object: 'Object Repository/BEP/BEPOutputEmail' is clicked on

2017-11-16 11:17:51 - [MESSAGE][PASSED] - Delayed 5 second(s)

2017-11-16 11:17:51 - [MESSAGE][PASSED] - Object: 'Object Repository/BEP/RECEIPIENT' is clicked on

2017-11-16 11:17:56 - [MESSAGE][PASSED] - Delayed 5 second(s)

2017-11-16 11:17:57 - [MESSAGE][PASSED] - Object: 'Object Repository/BEP/AddEmailID' is clicked on

2017-11-16 11:18:02 - [MESSAGE][PASSED] - Delayed 5 second(s)

2017-11-16 11:18:02 - [MESSAGE][PASSED] - Keys 'nagaveni.nipinale@in.pega.com' sent to object: 'Object Repository/BEP/MAILID_XPATH'

2017-11-16 11:18:07 - [MESSAGE][PASSED] - Delayed 5 second(s)

2017-11-16 11:18:08 - [MESSAGE][PASSED] - Object: 'Object Repository/BEP/modal_submit' is clicked on

2017-11-16 11:18:13 - [MESSAGE][PASSED] - Delayed 5 second(s)

2017-11-16 11:18:13 - [MESSAGE][PASSED] - Keys 'Test Automation' sent to object: 'Object Repository/BEP/Email_Subject'

2017-11-16 11:18:13 - [MESSAGE][PASSED] - Scroll to object 'Object Repository/NEXT_BUTTON' successfully

2017-11-16 11:18:14 - [MESSAGE][PASSED] - Object: 'Object Repository/NEXT_BUTTON' is clicked on

2017-11-16 11:18:19 - [MESSAGE][PASSED] - Delayed 5 second(s)

2017-11-16 11:18:19 - [MESSAGE][PASSED] - Scroll to object 'Object Repository/Generic/FINISH_BUTTON' successfully

2017-11-16 11:18:19 - [MESSAGE][PASSED] - Object: 'Object Repository/Generic/FINISH_BUTTON' is clicked on

2017-11-16 11:18:27 - [MESSAGE][PASSED] - Text of object 'Object Repository/BEP/BEPWOID' is: 'BEP-16Nov2017-1'

2017-11-16 11:18:27 - [MESSAGE][PASSED] - com.helper.commonfunct.BEP_CommonMethod.EstimateEmailOutput is PASSED

2017-11-16 11:18:27 - [TEST_STEP][PASSED] - com.helper.commonfunct.BEP_CommonMethod.woid: com.helper.commonfunct.BEP_CommonMethod.woid is PASSED

2017-11-16 11:18:27 - [MESSAGE][PASSED] - Text of object 'Object Repository/BEP/BEPWOID' is: 'BEP-16Nov2017-1'

2017-11-16 11:18:27 - [MESSAGE][PASSED] - com.helper.commonfunct.BEP_CommonMethod.woid is PASSED

2017-11-16 11:18:27 - [TEST_STEP][PASSED] - com.helper.commonfunct.BEP_CommonMethod.WOstatus: com.helper.commonfunct.BEP_CommonMethod.WOstatus is PASSED

2017-11-16 11:18:27 - [MESSAGE][PASSED] - Text of object 'Object Repository/BEP/WOSTATUS' is: 'Pending-RDApproval'

2017-11-16 11:18:27 - [MESSAGE][PASSED] - com.helper.commonfunct.BEP_CommonMethod.WOstatus is PASSED

2017-11-16 11:18:27 - [TEST_STEP][PASSED] - Statement - println(WOID): null

2017-11-16 11:18:27 - [MESSAGE][PASSED] - Call Test Case 'Test Cases/BEP/TC_Create_BEP_EmailOutput' successfully

2017-11-16 11:18:27 - [TEST_STEP][PASSED] - Statement - SendEmail = true: null

2017-11-16 11:18:27 - [TEST_STEP][PASSED] - Statement - CreateECR = true: null

2017-11-16 11:18:27 - [TEST_STEP][PASSED] - callTestCase: Call Test Case 'Test Cases/BEP/All_Approval_Reject' successfully

2017-11-16 11:18:27 - [TEST_CASE][PASSED] - Test Cases/BEP/All_Approval_Reject: Test Cases/BEP/All_Approval_Reject

2017-11-16 11:18:28 - [TEST_STEP][PASSED] - Statement - While (WOSTATUS.contains("Pending")): com.helper.commonfunct.utilities.WOstatus is PASSED

2017-11-16 11:18:28 - [TEST_STEP][PASSED] - Statement - For ([j = 0, j < AssignmentList.size(), (j++)]): com.helper.commonfunct.utilities.WOstatus is PASSED

2017-11-16 11:18:28 - [TEST_STEP][PASSED] - Statement - Status = text: null

2017-11-16 11:18:28 - [TEST_STEP][PASSED] - Statement - println(Status): null

2017-11-16 11:18:28 - [TEST_STEP][PASSED] - Statement - If (WOSTATUS == "Pending-RDApproval"): com.helper.commonfunct.utilities.WOstatus is PASSED

2017-11-16 11:18:28 - [TEST_STEP][PASSED] - Statement - If (RDReject == false): com.helper.commonfunct.utilities.WOstatus is PASSED

2017-11-16 11:18:28 - [TEST_STEP][PASSED] - Statement - If (RouteToRL == true): com.helper.commonfunct.utilities.WOstatus is PASSED

2017-11-16 11:18:28 - [TEST_STEP][PASSED] - com.helper.commonfunct.utilities.login: com.helper.commonfunct.utilities.login is PASSED

2017-11-16 11:18:28 - [MESSAGE][WARNING] - A browser is already opened. Closing browser and opening a new one

2017-11-16 11:18:32 - [MESSAGE][PASSED] - Browser is opened with url: ''

2017-11-16 11:18:32 - [MESSAGE][PASSED] - Navigate to 'https://vtcpqa2.rpega.com:9030/tcpqa/PRServlet' successfully

2017-11-16 11:18:33 - [MESSAGE][PASSED] - Text 'langr1@pegasystems.com' is set on object 'Object Repository/input_UserIdentifier'

2017-11-16 11:18:34 - [MESSAGE][PASSED] - Text 'install' is set on object 'Object Repository/input_Password'

2017-11-16 11:18:37 - [MESSAGE][PASSED] - Keys 'ENTER + ' sent to object: 'Object Repository/input_Password'

2017-11-16 11:18:37 - [MESSAGE][PASSED] - com.helper.commonfunct.utilities.login is PASSED

2017-11-16 11:18:37 - [TEST_STEP][PASSED] - com.helper.commonfunct.utilities.search: com.helper.commonfunct.utilities.search is PASSED

2017-11-16 11:18:38 - [MESSAGE][PASSED] - Current window maximized

2017-11-16 11:18:43 - [MESSAGE][PASSED] - Delayed 5 second(s)

2017-11-16 11:18:44 - [MESSAGE][PASSED] - Text 'BEP-16Nov2017-1' is set on object 'Object Repository/EngInfo/search'

2017-11-16 11:18:49 - [MESSAGE][PASSED] - Delayed 5 second(s)

2017-11-16 11:18:49 - [MESSAGE][PASSED] - Keys 'ENTER + ' sent to object: 'Object Repository/EngInfo/search'

2017-11-16 11:18:54 - [MESSAGE][PASSED] - Delayed 5 second(s)

2017-11-16 11:18:54 - [MESSAGE][PASSED] - com.helper.commonfunct.utilities.search is PASSED

2017-11-16 11:18:54 - [TEST_STEP][PASSED] - com.helper.commonfunct.BEP_CommonMethod.RDapprove: com.helper.commonfunct.BEP_CommonMethod.RDapprove is PASSED

2017-11-16 11:18:59 - [MESSAGE][PASSED] - Delayed 5 second(s)

2017-11-16 11:18:59 - [MESSAGE][WARNING] - Timeout '0' is invalid. Using default page load timeout: '30'

2017-11-16 11:19:01 - [MESSAGE][PASSED] - Object: 'Object Repository/BEP/RDLink' is clicked on

2017-11-16 11:19:06 - [MESSAGE][PASSED] - Delayed 5 second(s)

2017-11-16 11:19:06 - [MESSAGE][PASSED] - Scroll to object 'Object Repository/NEXT_BUTTON' successfully

2017-11-16 11:19:06 - [MESSAGE][PASSED] - Object: 'Object Repository/NEXT_BUTTON' is clicked on

2017-11-16 11:19:11 - [MESSAGE][PASSED] - Delayed 5 second(s)

2017-11-16 11:19:11 - [MESSAGE][WARNING] - Timeout '0' is invalid. Using default page load timeout: '30'

2017-11-16 11:19:11 - [MESSAGE][PASSED] - Scroll to object 'Object Repository/BEP/RD_RLApprove' successfully

2017-11-16 11:19:12 - [MESSAGE][PASSED] - Object: 'Object Repository/BEP/RD_RLApprove' is clicked on

2017-11-16 11:19:17 - [MESSAGE][PASSED] - Delayed 5 second(s)

2017-11-16 11:19:17 - [MESSAGE][PASSED] - Text 'Testing' is set on object 'Object Repository/BEP/BEP_CASENOTES'

2017-11-16 11:19:22 - [MESSAGE][PASSED] - Delayed 5 second(s)

2017-11-16 11:19:22 - [MESSAGE][WARNING] - Timeout '0' is invalid. Using default page load timeout: '30'

2017-11-16 11:19:22 - [MESSAGE][PASSED] - Scroll to object 'Object Repository/BEP/FINISH_ASSIGNMENT' successfully

2017-11-16 11:19:23 - [MESSAGE][PASSED] - Object: 'Object Repository/BEP/FINISH_ASSIGNMENT' is clicked on

2017-11-16 11:19:28 - [MESSAGE][PASSED] - Delayed 5 second(s)

2017-11-16 11:19:28 - [MESSAGE][PASSED] - com.helper.commonfunct.BEP_CommonMethod.RDapprove is PASSED

2017-11-16 11:19:28 - [TEST_STEP][PASSED] - com.helper.commonfunct.utilities.WOstatus: com.helper.commonfunct.utilities.WOstatus is PASSED

2017-11-16 11:19:28 - [MESSAGE][PASSED] - Text of object 'Object Repository/ECR/WOSTATUS' is: 'Pending-RLApproval'

2017-11-16 11:19:28 - [MESSAGE][PASSED] - com.helper.commonfunct.utilities.WOstatus is PASSED

2017-11-16 11:19:28 - [TEST_STEP][PASSED] - Statement - Status = text: null

2017-11-16 11:19:28 - [TEST_STEP][PASSED] - Statement - println(Status): null

2017-11-16 11:19:28 - [TEST_STEP][PASSED] - Statement - If (WOSTATUS == "Pending-RDApproval"): null

2017-11-16 11:19:28 - [TEST_STEP][PASSED] - Statement - Else If (WOSTATUS == "Pending-RLApproval"): com.helper.commonfunct.utilities.WOstatus is PASSED

2017-11-16 11:19:28 - [TEST_STEP][PASSED] - Statement - If (RLReject == false): com.helper.commonfunct.utilities.WOstatus is PASSED

2017-11-16 11:19:28 - [TEST_STEP][PASSED] - com.helper.commonfunct.utilities.login: com.helper.commonfunct.utilities.login is PASSED

2017-11-16 11:19:28 - [MESSAGE][WARNING] - A browser is already opened. Closing browser and opening a new one

2017-11-16 11:19:32 - [MESSAGE][PASSED] - Browser is opened with url: ''

2017-11-16 11:19:33 - [MESSAGE][PASSED] - Navigate to 'https://vtcpqa2.rpega.com:9030/tcpqa/PRServlet' successfully

2017-11-16 11:19:33 - [MESSAGE][PASSED] - Text 'panee@pegasystems.com' is set on object 'Object Repository/input_UserIdentifier'

2017-11-16 11:19:34 - [MESSAGE][PASSED] - Text 'install' is set on object 'Object Repository/input_Password'

2017-11-16 11:19:37 - [MESSAGE][PASSED] - Keys 'ENTER + ' sent to object: 'Object Repository/input_Password'

2017-11-16 11:19:37 - [MESSAGE][PASSED] - com.helper.commonfunct.utilities.login is PASSED

2017-11-16 11:19:37 - [TEST_STEP][PASSED] - com.helper.commonfunct.utilities.search: com.helper.commonfunct.utilities.search is PASSED

2017-11-16 11:19:38 - [MESSAGE][PASSED] - Current window maximized

2017-11-16 11:19:43 - [MESSAGE][PASSED] - Delayed 5 second(s)

2017-11-16 11:19:44 - [MESSAGE][PASSED] - Text 'BEP-16Nov2017-1' is set on object 'Object Repository/EngInfo/search'

2017-11-16 11:19:49 - [MESSAGE][PASSED] - Delayed 5 second(s)

2017-11-16 11:19:49 - [MESSAGE][PASSED] - Keys 'ENTER + ' sent to object: 'Object Repository/EngInfo/search'

2017-11-16 11:19:54 - [MESSAGE][PASSED] - Delayed 5 second(s)

2017-11-16 11:19:54 - [MESSAGE][PASSED] - com.helper.commonfunct.utilities.search is PASSED

2017-11-16 11:19:54 - [TEST_STEP][PASSED] - com.helper.commonfunct.BEP_CommonMethod.RLapprove: com.helper.commonfunct.BEP_CommonMethod.RLapprove is PASSED

2017-11-16 11:19:59 - [MESSAGE][PASSED] - Delayed 5 second(s)

2017-11-16 11:19:59 - [MESSAGE][WARNING] - Timeout '0' is invalid. Using default page load timeout: '30'

2017-11-16 11:20:01 - [MESSAGE][PASSED] - Object: 'Object Repository/BEP/RlLink' is clicked on

2017-11-16 11:20:06 - [MESSAGE][PASSED] - Delayed 5 second(s)

2017-11-16 11:20:06 - [MESSAGE][PASSED] - Scroll to object 'Object Repository/NEXT_BUTTON' successfully

2017-11-16 11:20:06 - [MESSAGE][PASSED] - Object: 'Object Repository/NEXT_BUTTON' is clicked on

2017-11-16 11:20:11 - [MESSAGE][PASSED] - Delayed 5 second(s)

2017-11-16 11:20:11 - [MESSAGE][WARNING] - Timeout '0' is invalid. Using default page load timeout: '30'

2017-11-16 11:20:11 - [MESSAGE][PASSED] - Scroll to object 'Object Repository/BEP/RD_RLApprove' successfully

2017-11-16 11:20:12 - [MESSAGE][PASSED] - Object: 'Object Repository/BEP/RD_RLApprove' is clicked on

2017-11-16 11:20:17 - [MESSAGE][PASSED] - Delayed 5 second(s)

2017-11-16 11:20:17 - [MESSAGE][PASSED] - Text 'Testing' is set on object 'Object Repository/BEP/BEP_CASENOTES'

2017-11-16 11:20:22 - [MESSAGE][PASSED] - Delayed 5 second(s)

2017-11-16 11:20:22 - [MESSAGE][WARNING] - Timeout '0' is invalid. Using default page load timeout: '30'

2017-11-16 11:20:22 - [MESSAGE][PASSED] - Scroll to object 'Object Repository/BEP/FINISH_ASSIGNMENT' successfully

2017-11-16 11:20:23 - [MESSAGE][PASSED] - Object: 'Object Repository/BEP/FINISH_ASSIGNMENT' is clicked on

2017-11-16 11:20:28 - [MESSAGE][PASSED] - Delayed 5 second(s)

2017-11-16 11:20:30 - [MESSAGE][PASSED] - Text of object 'Object Repository/BEP/WOSTATUS' is: 'Pending-EmailCustomer'

2017-11-16 11:20:30 - [MESSAGE][PASSED] - com.helper.commonfunct.BEP_CommonMethod.RLapprove is PASSED

2017-11-16 11:20:30 - [TEST_STEP][PASSED] - com.helper.commonfunct.utilities.WOstatus: com.helper.commonfunct.utilities.WOstatus is PASSED

2017-11-16 11:20:30 - [MESSAGE][PASSED] - Text of object 'Object Repository/ECR/WOSTATUS' is: 'Pending-EmailCustomer'

2017-11-16 11:20:30 - [MESSAGE][PASSED] - com.helper.commonfunct.utilities.WOstatus is PASSED

2017-11-16 11:20:30 - [TEST_STEP][PASSED] - Statement - For ([j = 0, j < AssignmentList.size(), (j++)]): com.helper.commonfunct.utilities.WOstatus is PASSED

2017-11-16 11:20:30 - [TEST_STEP][PASSED] - Statement - Status = text: null

2017-11-16 11:20:30 - [TEST_STEP][PASSED] - Statement - println(Status): null

2017-11-16 11:20:30 - [TEST_STEP][PASSED] - Statement - If (WOSTATUS == "Pending-RDApproval"): null

2017-11-16 11:20:30 - [TEST_STEP][PASSED] - Statement - Else If (WOSTATUS == "Pending-RLApproval"): null

2017-11-16 11:20:30 - [TEST_STEP][PASSED] - Statement - Else If (WOSTATUS == "Pending-Update"): null

2017-11-16 11:20:30 - [TEST_STEP][PASSED] - Statement - Else If (WOSTATUS == "Pending-Meeting"): null

2017-11-16 11:20:30 - [TEST_STEP][PASSED] - Statement - Else If (WOSTATUS == "Pending-EmailCustomer"): com.helper.commonfunct.utilities.WOstatus is PASSED

2017-11-16 11:20:30 - [TEST_STEP][PASSED] - Statement - If (SendEmail == true): com.helper.commonfunct.utilities.WOstatus is PASSED

2017-11-16 11:20:30 - [TEST_STEP][PASSED] - com.helper.commonfunct.utilities.login: com.helper.commonfunct.utilities.login is PASSED

2017-11-16 11:20:30 - [MESSAGE][WARNING] - A browser is already opened. Closing browser and opening a new one

2017-11-16 11:20:34 - [MESSAGE][PASSED] - Browser is opened with url: ''

2017-11-16 11:20:35 - [MESSAGE][PASSED] - Navigate to 'https://vtcpqa2.rpega.com:9030/tcpqa/PRServlet' successfully

2017-11-16 11:20:35 - [MESSAGE][PASSED] - Text 'hendj@pegasystems.com' is set on object 'Object Repository/input_UserIdentifier'

2017-11-16 11:20:36 - [MESSAGE][PASSED] - Text 'install' is set on object 'Object Repository/input_Password'

2017-11-16 11:20:38 - [MESSAGE][PASSED] - Keys 'ENTER + ' sent to object: 'Object Repository/input_Password'

2017-11-16 11:20:38 - [MESSAGE][PASSED] - com.helper.commonfunct.utilities.login is PASSED

2017-11-16 11:20:38 - [TEST_STEP][PASSED] - com.helper.commonfunct.utilities.search: com.helper.commonfunct.utilities.search is PASSED

2017-11-16 11:20:39 - [MESSAGE][PASSED] - Current window maximized

2017-11-16 11:20:44 - [MESSAGE][PASSED] - Delayed 5 second(s)

2017-11-16 11:20:45 - [MESSAGE][PASSED] - Text 'BEP-16Nov2017-1' is set on object 'Object Repository/EngInfo/search'

2017-11-16 11:20:50 - [MESSAGE][PASSED] - Delayed 5 second(s)

2017-11-16 11:20:50 - [MESSAGE][PASSED] - Keys 'ENTER + ' sent to object: 'Object Repository/EngInfo/search'

2017-11-16 11:20:55 - [MESSAGE][PASSED] - Delayed 5 second(s)

2017-11-16 11:20:55 - [MESSAGE][PASSED] - com.helper.commonfunct.utilities.search is PASSED

2017-11-16 11:20:55 - [TEST_STEP][PASSED] - com.helper.commonfunct.BEP_CommonMethod.EmailCustomer: com.helper.commonfunct.BEP_CommonMethod.EmailCustomer is PASSED

2017-11-16 11:21:00 - [MESSAGE][PASSED] - Delayed 5 second(s)

2017-11-16 11:21:00 - [MESSAGE][WARNING] - Timeout '0' is invalid. Using default page load timeout: '30'

2017-11-16 11:21:02 - [MESSAGE][PASSED] - Object: 'Object Repository/BEP/SendCustomerEmail' is clicked on

2017-11-16 11:21:07 - [MESSAGE][PASSED] - Delayed 5 second(s)

2017-11-16 11:21:07 - [MESSAGE][PASSED] - Object: 'Object Repository/BEP/ECR_CHECKBOX' is clicked on

2017-11-16 11:21:12 - [MESSAGE][PASSED] - Delayed 5 second(s)

2017-11-16 11:21:13 - [MESSAGE][PASSED] - Object: 'Object Repository/BEP/SEND_EMAIL' is clicked on

2017-11-16 11:21:18 - [MESSAGE][PASSED] - Delayed 5 second(s)

2017-11-16 11:21:18 - [MESSAGE][PASSED] - com.helper.commonfunct.BEP_CommonMethod.EmailCustomer is PASSED

2017-11-16 11:21:18 - [TEST_STEP][PASSED] - com.helper.commonfunct.utilities.WOstatus: com.helper.commonfunct.utilities.WOstatus is PASSED

2017-11-16 11:21:19 - [MESSAGE][PASSED] - Text of object 'Object Repository/ECR/WOSTATUS' is: 'Resolved-Approved'

2017-11-16 11:21:19 - [MESSAGE][PASSED] - com.helper.commonfunct.utilities.WOstatus is PASSED

2017-11-16 11:21:19 - [MESSAGE][PASSED] - Call Test Case 'Test Cases/BEP/All_Approval_Reject' successfully]]></system-out>
         <system-err><![CDATA[]]></system-err>
      </testcase>
      <testcase name="Test Cases/BEP/TC_CreateBEP_EmailOutput_SendEmail_NoECR" classname="Test Cases/BEP/TC_CreateBEP_EmailOutput_SendEmail_NoECR" status="PASSED">
         <system-out><![CDATA[2017-11-16 11:21:19 - [TEST_CASE][PASSED] - Test Cases/BEP/TC_CreateBEP_EmailOutput_SendEmail_NoECR: Test Cases/BEP/TC_CreateBEP_EmailOutput_SendEmail_NoECR

2017-11-16 11:21:19 - [TEST_STEP][PASSED] - callTestCase: Call Test Case 'Test Cases/BEP/TC_Create_BEP_EmailOutput' successfully

2017-11-16 11:21:19 - [TEST_CASE][PASSED] - Test Cases/BEP/TC_Create_BEP_EmailOutput: Test Cases/BEP/TC_Create_BEP_EmailOutput

2017-11-16 11:21:19 - [TEST_STEP][PASSED] - com.helper.commonfunct.utilities.login: com.helper.commonfunct.utilities.login is PASSED

2017-11-16 11:21:19 - [MESSAGE][WARNING] - A browser is already opened. Closing browser and opening a new one

2017-11-16 11:21:23 - [MESSAGE][PASSED] - Browser is opened with url: ''

2017-11-16 11:21:24 - [MESSAGE][PASSED] - Navigate to 'https://vtcpqa2.rpega.com:9030/tcpqa/PRServlet' successfully

2017-11-16 11:21:24 - [MESSAGE][PASSED] - Text 'hendj@pegasystems.com' is set on object 'Object Repository/input_UserIdentifier'

2017-11-16 11:21:25 - [MESSAGE][PASSED] - Text 'install' is set on object 'Object Repository/input_Password'

2017-11-16 11:21:27 - [MESSAGE][PASSED] - Keys 'ENTER + ' sent to object: 'Object Repository/input_Password'

2017-11-16 11:21:27 - [MESSAGE][PASSED] - com.helper.commonfunct.utilities.login is PASSED

2017-11-16 11:21:27 - [TEST_STEP][PASSED] - com.helper.commonfunct.BEP_CommonMethod.EstimateEmailOutput: com.helper.commonfunct.BEP_CommonMethod.EstimateEmailOutput is PASSED

2017-11-16 11:21:28 - [MESSAGE][PASSED] - Object: 'Object Repository/Generic/a_Actions' is clicked on

2017-11-16 11:21:29 - [MESSAGE][PASSED] - Object: 'Object Repository/span_New' is focused

2017-11-16 11:21:33 - [MESSAGE][PASSED] - Object: 'Object Repository/BEP/EstimateLink' is clicked on

2017-11-16 11:21:39 - [MESSAGE][PASSED] - Delayed 5 second(s)

2017-11-16 11:21:39 - [MESSAGE][WARNING] - Timeout '0' is invalid. Using default page load timeout: '30'

2017-11-16 11:21:39 - [MESSAGE][PASSED] - Object 'Object Repository/BEP/import' is visible

2017-11-16 11:21:39 - [MESSAGE][PASSED] - Object: 'Object Repository/BEP/import' is clicked on

2017-11-16 11:21:44 - [MESSAGE][PASSED] - Delayed 5 second(s)

2017-11-16 11:21:45 - [MESSAGE][PASSED] - File 'C:\EStimate.xlsm' sent to object: 'Object Repository/input_PpyWorkPageppyFilePath'

2017-11-16 11:21:50 - [MESSAGE][PASSED] - Delayed 5 second(s)

2017-11-16 11:21:52 - [MESSAGE][PASSED] - Object: 'Object Repository/button_Submit' is clicked on

2017-11-16 11:22:02 - [MESSAGE][PASSED] - Delayed 10 second(s)

2017-11-16 11:22:03 - [MESSAGE][PASSED] - Text 'BOFA' is set on object 'Object Repository/Generic/ORG'

2017-11-16 11:22:08 - [MESSAGE][PASSED] - Delayed 5 second(s)

2017-11-16 11:22:08 - [MESSAGE][PASSED] - Keys 'TAB + ' sent to object: 'Object Repository/Generic/ORG'

2017-11-16 11:22:13 - [MESSAGE][PASSED] - Delayed 5 second(s)

2017-11-16 11:22:14 - [MESSAGE][PASSED] - Text 'BOFA' is set on object 'Object Repository/Generic/ACC'

2017-11-16 11:22:19 - [MESSAGE][PASSED] - Delayed 5 second(s)

2017-11-16 11:22:19 - [MESSAGE][PASSED] - Keys 'TAB + ' sent to object: 'Object Repository/Generic/ACC'

2017-11-16 11:22:24 - [MESSAGE][PASSED] - Delayed 5 second(s)

2017-11-16 11:22:24 - [MESSAGE][PASSED] - Text 'AUTOTEST1' is set on object 'Object Repository/Generic/ENG_DESC'

2017-11-16 11:22:29 - [MESSAGE][PASSED] - Delayed 5 second(s)

2017-11-16 11:22:30 - [MESSAGE][PASSED] - Object: 'Object Repository/Generic/PlatformID' is clicked on

2017-11-16 11:22:35 - [MESSAGE][PASSED] - Delayed 5 second(s)

2017-11-16 11:22:35 - [MESSAGE][PASSED] - Keys 'AMPchroma' sent to object: 'Object Repository/Generic/PlatformID'

2017-11-16 11:22:40 - [MESSAGE][PASSED] - Delayed 5 second(s)

2017-11-16 11:22:40 - [MESSAGE][PASSED] - Object: 'Object Repository/Generic/PlatformVersion' is clicked on

2017-11-16 11:22:45 - [MESSAGE][PASSED] - Delayed 5 second(s)

2017-11-16 11:22:46 - [MESSAGE][PASSED] - Keys 'N/A' sent to object: 'Object Repository/Generic/PlatformVersion'

2017-11-16 11:22:51 - [MESSAGE][PASSED] - Delayed 5 second(s)

2017-11-16 11:22:51 - [MESSAGE][PASSED] - Scroll to object 'Object Repository/BEP/MorethanOneRLSNO' successfully

2017-11-16 11:22:51 - [MESSAGE][PASSED] - Object: 'Object Repository/BEP/MorethanOneRLSNO' is clicked on

2017-11-16 11:22:56 - [MESSAGE][PASSED] - Delayed 5 second(s)

2017-11-16 11:22:56 - [MESSAGE][PASSED] - Object: 'Object Repository/Generic/PlatformTrue' is clicked on

2017-11-16 11:23:01 - [MESSAGE][PASSED] - Delayed 5 second(s)

2017-11-16 11:23:06 - [MESSAGE][PASSED] - Delayed 5 second(s)

2017-11-16 11:23:07 - [MESSAGE][PASSED] - Object: 'Object Repository/EngInfo/PL' is clicked on

2017-11-16 11:23:12 - [MESSAGE][PASSED] - Delayed 5 second(s)

2017-11-16 11:23:12 - [MESSAGE][PASSED] - Keys 'Jeff Henderson ' sent to object: 'Object Repository/EngInfo/PL'

2017-11-16 11:23:17 - [MESSAGE][PASSED] - Delayed 5 second(s)

2017-11-16 11:23:17 - [MESSAGE][PASSED] - Object: 'Object Repository/EngInfo/PLTL' is clicked on

2017-11-16 11:23:22 - [MESSAGE][PASSED] - Delayed 5 second(s)

2017-11-16 11:23:23 - [MESSAGE][PASSED] - Keys 'Robert Higgins' sent to object: 'Object Repository/EngInfo/PLTL'

2017-11-16 11:23:28 - [MESSAGE][PASSED] - Delayed 5 second(s)

2017-11-16 11:23:28 - [MESSAGE][PASSED] - Object: 'Object Repository/EngInfo/RL' is clicked on

2017-11-16 11:23:33 - [MESSAGE][PASSED] - Delayed 5 second(s)

2017-11-16 11:23:34 - [MESSAGE][PASSED] - Keys 'Eric Panepinto' sent to object: 'Object Repository/EngInfo/RL'

2017-11-16 11:23:39 - [MESSAGE][PASSED] - Delayed 5 second(s)

2017-11-16 11:23:39 - [MESSAGE][PASSED] - Object: 'Object Repository/EngInfo/RD' is clicked on

2017-11-16 11:23:44 - [MESSAGE][PASSED] - Delayed 5 second(s)

2017-11-16 11:23:44 - [MESSAGE][PASSED] - Keys 'Robert Lang' sent to object: 'Object Repository/EngInfo/RD'

2017-11-16 11:23:49 - [MESSAGE][PASSED] - Delayed 5 second(s)

2017-11-16 11:23:49 - [MESSAGE][PASSED] - Scroll to object 'Object Repository/NEXT_BUTTON' successfully

2017-11-16 11:23:50 - [MESSAGE][PASSED] - Object: 'Object Repository/NEXT_BUTTON' is clicked on

2017-11-16 11:23:55 - [MESSAGE][PASSED] - Delayed 5 second(s)

2017-11-16 11:23:55 - [MESSAGE][PASSED] - Text '12' is set on object 'Object Repository/BEP/DurationLow'

2017-11-16 11:24:00 - [MESSAGE][PASSED] - Delayed 5 second(s)

2017-11-16 11:24:00 - [MESSAGE][PASSED] - Keys 'TAB + ' sent to object: 'Object Repository/BEP/DurationLow'

2017-11-16 11:24:05 - [MESSAGE][PASSED] - Delayed 5 second(s)

2017-11-16 11:24:05 - [MESSAGE][PASSED] - Text '12' is set on object 'Object Repository/BEP/DurationHigh'

2017-11-16 11:24:10 - [MESSAGE][PASSED] - Delayed 5 second(s)

2017-11-16 11:24:11 - [MESSAGE][PASSED] - Keys 'TAB + ' sent to object: 'Object Repository/BEP/DurationHigh'

2017-11-16 11:24:16 - [MESSAGE][PASSED] - Delayed 5 second(s)

2017-11-16 11:24:16 - [MESSAGE][PASSED] - Text '12' is set on object 'Object Repository/BEP/PartnerHoursLow'

2017-11-16 11:24:21 - [MESSAGE][PASSED] - Delayed 5 second(s)

2017-11-16 11:24:21 - [MESSAGE][PASSED] - Keys 'TAB + ' sent to object: 'Object Repository/BEP/PartnerHoursLow'

2017-11-16 11:24:26 - [MESSAGE][PASSED] - Delayed 5 second(s)

2017-11-16 11:24:26 - [MESSAGE][PASSED] - Text '12' is set on object 'Object Repository/BEP/PartnerHoursHigh'

2017-11-16 11:24:31 - [MESSAGE][PASSED] - Delayed 5 second(s)

2017-11-16 11:24:32 - [MESSAGE][PASSED] - Object: 'Object Repository/BEP/EstimationMethod' is clicked on

2017-11-16 11:24:37 - [MESSAGE][PASSED] - Delayed 5 second(s)

2017-11-16 11:24:37 - [MESSAGE][PASSED] - Keys 'BSW' sent to object: 'Object Repository/BEP/EstimationMethod'

2017-11-16 11:24:42 - [MESSAGE][PASSED] - Delayed 5 second(s)

2017-11-16 11:24:42 - [MESSAGE][PASSED] - Object: 'Object Repository/BEP/routeToRL' is clicked on

2017-11-16 11:24:47 - [MESSAGE][PASSED] - Delayed 5 second(s)

2017-11-16 11:24:47 - [MESSAGE][PASSED] - Scroll to object 'Object Repository/NEXT_BUTTON' successfully

2017-11-16 11:24:48 - [MESSAGE][PASSED] - Object: 'Object Repository/NEXT_BUTTON' is clicked on

2017-11-16 11:24:53 - [MESSAGE][PASSED] - Delayed 5 second(s)

2017-11-16 11:24:53 - [MESSAGE][PASSED] - Object: 'Object Repository/BEP/BEPOutputEmail' is clicked on

2017-11-16 11:24:58 - [MESSAGE][PASSED] - Delayed 5 second(s)

2017-11-16 11:24:58 - [MESSAGE][PASSED] - Object: 'Object Repository/BEP/RECEIPIENT' is clicked on

2017-11-16 11:25:03 - [MESSAGE][PASSED] - Delayed 5 second(s)

2017-11-16 11:25:04 - [MESSAGE][PASSED] - Object: 'Object Repository/BEP/AddEmailID' is clicked on

2017-11-16 11:25:09 - [MESSAGE][PASSED] - Delayed 5 second(s)

2017-11-16 11:25:10 - [MESSAGE][PASSED] - Keys 'nagaveni.nipinale@in.pega.com' sent to object: 'Object Repository/BEP/MAILID_XPATH'

2017-11-16 11:25:15 - [MESSAGE][PASSED] - Delayed 5 second(s)

2017-11-16 11:25:19 - [MESSAGE][PASSED] - Object: 'Object Repository/BEP/modal_submit' is clicked on

2017-11-16 11:25:24 - [MESSAGE][PASSED] - Delayed 5 second(s)

2017-11-16 11:25:25 - [MESSAGE][PASSED] - Keys 'Test Automation' sent to object: 'Object Repository/BEP/Email_Subject'

2017-11-16 11:25:26 - [MESSAGE][PASSED] - Scroll to object 'Object Repository/NEXT_BUTTON' successfully

2017-11-16 11:25:27 - [MESSAGE][PASSED] - Object: 'Object Repository/NEXT_BUTTON' is clicked on

2017-11-16 11:25:32 - [MESSAGE][PASSED] - Delayed 5 second(s)

2017-11-16 11:25:33 - [MESSAGE][PASSED] - Scroll to object 'Object Repository/Generic/FINISH_BUTTON' successfully

2017-11-16 11:25:40 - [MESSAGE][PASSED] - Object: 'Object Repository/Generic/FINISH_BUTTON' is clicked on

2017-11-16 11:25:40 - [MESSAGE][PASSED] - Text of object 'Object Repository/BEP/BEPWOID' is: 'BEP-16Nov2017-2'

2017-11-16 11:25:40 - [MESSAGE][PASSED] - com.helper.commonfunct.BEP_CommonMethod.EstimateEmailOutput is PASSED

2017-11-16 11:25:40 - [TEST_STEP][PASSED] - com.helper.commonfunct.BEP_CommonMethod.woid: com.helper.commonfunct.BEP_CommonMethod.woid is PASSED

2017-11-16 11:25:40 - [MESSAGE][PASSED] - Text of object 'Object Repository/BEP/BEPWOID' is: 'BEP-16Nov2017-2'

2017-11-16 11:25:40 - [MESSAGE][PASSED] - com.helper.commonfunct.BEP_CommonMethod.woid is PASSED

2017-11-16 11:25:40 - [TEST_STEP][PASSED] - com.helper.commonfunct.BEP_CommonMethod.WOstatus: com.helper.commonfunct.BEP_CommonMethod.WOstatus is PASSED

2017-11-16 11:25:40 - [MESSAGE][PASSED] - Text of object 'Object Repository/BEP/WOSTATUS' is: 'Pending-RDApproval'

2017-11-16 11:25:41 - [MESSAGE][PASSED] - com.helper.commonfunct.BEP_CommonMethod.WOstatus is PASSED

2017-11-16 11:25:41 - [TEST_STEP][PASSED] - Statement - println(WOID): null

2017-11-16 11:25:41 - [MESSAGE][PASSED] - Call Test Case 'Test Cases/BEP/TC_Create_BEP_EmailOutput' successfully

2017-11-16 11:25:41 - [TEST_STEP][PASSED] - Statement - SendEmail = true: null

2017-11-16 11:25:41 - [TEST_STEP][PASSED] - Statement - CreateECR = false: null

2017-11-16 11:25:41 - [TEST_STEP][PASSED] - callTestCase: Call Test Case 'Test Cases/BEP/All_Approval_Reject' successfully

2017-11-16 11:25:41 - [TEST_CASE][PASSED] - Test Cases/BEP/All_Approval_Reject: Test Cases/BEP/All_Approval_Reject

2017-11-16 11:25:41 - [TEST_STEP][PASSED] - Statement - While (WOSTATUS.contains("Pending")): com.helper.commonfunct.utilities.WOstatus is PASSED

2017-11-16 11:25:41 - [TEST_STEP][PASSED] - Statement - For ([j = 0, j < AssignmentList.size(), (j++)]): com.helper.commonfunct.utilities.WOstatus is PASSED

2017-11-16 11:25:41 - [TEST_STEP][PASSED] - Statement - Status = text: null

2017-11-16 11:25:41 - [TEST_STEP][PASSED] - Statement - println(Status): null

2017-11-16 11:25:41 - [TEST_STEP][PASSED] - Statement - If (WOSTATUS == "Pending-RDApproval"): com.helper.commonfunct.utilities.WOstatus is PASSED

2017-11-16 11:25:41 - [TEST_STEP][PASSED] - Statement - If (RDReject == false): com.helper.commonfunct.utilities.WOstatus is PASSED

2017-11-16 11:25:41 - [TEST_STEP][PASSED] - Statement - If (RouteToRL == true): com.helper.commonfunct.utilities.WOstatus is PASSED

2017-11-16 11:25:41 - [TEST_STEP][PASSED] - com.helper.commonfunct.utilities.login: com.helper.commonfunct.utilities.login is PASSED

2017-11-16 11:25:41 - [MESSAGE][WARNING] - A browser is already opened. Closing browser and opening a new one

2017-11-16 11:25:49 - [MESSAGE][PASSED] - Browser is opened with url: ''

2017-11-16 11:25:50 - [MESSAGE][PASSED] - Navigate to 'https://vtcpqa2.rpega.com:9030/tcpqa/PRServlet' successfully

2017-11-16 11:25:52 - [MESSAGE][PASSED] - Text 'langr1@pegasystems.com' is set on object 'Object Repository/input_UserIdentifier'

2017-11-16 11:25:52 - [MESSAGE][PASSED] - Text 'install' is set on object 'Object Repository/input_Password'

2017-11-16 11:25:57 - [MESSAGE][PASSED] - Keys 'ENTER + ' sent to object: 'Object Repository/input_Password'

2017-11-16 11:25:57 - [MESSAGE][PASSED] - com.helper.commonfunct.utilities.login is PASSED

2017-11-16 11:25:57 - [TEST_STEP][PASSED] - com.helper.commonfunct.utilities.search: com.helper.commonfunct.utilities.search is PASSED

2017-11-16 11:25:58 - [MESSAGE][PASSED] - Current window maximized

2017-11-16 11:26:03 - [MESSAGE][PASSED] - Delayed 5 second(s)

2017-11-16 11:26:07 - [MESSAGE][PASSED] - Text 'BEP-16Nov2017-2' is set on object 'Object Repository/EngInfo/search'

2017-11-16 11:26:12 - [MESSAGE][PASSED] - Delayed 5 second(s)

2017-11-16 11:26:12 - [MESSAGE][PASSED] - Keys 'ENTER + ' sent to object: 'Object Repository/EngInfo/search'

2017-11-16 11:26:17 - [MESSAGE][PASSED] - Delayed 5 second(s)

2017-11-16 11:26:17 - [MESSAGE][PASSED] - com.helper.commonfunct.utilities.search is PASSED

2017-11-16 11:26:17 - [TEST_STEP][PASSED] - com.helper.commonfunct.BEP_CommonMethod.RDapprove: com.helper.commonfunct.BEP_CommonMethod.RDapprove is PASSED

2017-11-16 11:26:22 - [MESSAGE][PASSED] - Delayed 5 second(s)

2017-11-16 11:26:22 - [MESSAGE][WARNING] - Timeout '0' is invalid. Using default page load timeout: '30'

2017-11-16 11:26:24 - [MESSAGE][PASSED] - Object: 'Object Repository/BEP/RDLink' is clicked on

2017-11-16 11:26:29 - [MESSAGE][PASSED] - Delayed 5 second(s)

2017-11-16 11:26:29 - [MESSAGE][PASSED] - Scroll to object 'Object Repository/NEXT_BUTTON' successfully

2017-11-16 11:26:30 - [MESSAGE][PASSED] - Object: 'Object Repository/NEXT_BUTTON' is clicked on

2017-11-16 11:26:35 - [MESSAGE][PASSED] - Delayed 5 second(s)

2017-11-16 11:26:35 - [MESSAGE][WARNING] - Timeout '0' is invalid. Using default page load timeout: '30'

2017-11-16 11:26:35 - [MESSAGE][PASSED] - Scroll to object 'Object Repository/BEP/RD_RLApprove' successfully

2017-11-16 11:26:35 - [MESSAGE][PASSED] - Object: 'Object Repository/BEP/RD_RLApprove' is clicked on

2017-11-16 11:26:40 - [MESSAGE][PASSED] - Delayed 5 second(s)

2017-11-16 11:26:41 - [MESSAGE][PASSED] - Text 'Testing' is set on object 'Object Repository/BEP/BEP_CASENOTES'

2017-11-16 11:26:46 - [MESSAGE][PASSED] - Delayed 5 second(s)

2017-11-16 11:26:46 - [MESSAGE][WARNING] - Timeout '0' is invalid. Using default page load timeout: '30'

2017-11-16 11:26:46 - [MESSAGE][PASSED] - Scroll to object 'Object Repository/BEP/FINISH_ASSIGNMENT' successfully

2017-11-16 11:26:47 - [MESSAGE][PASSED] - Object: 'Object Repository/BEP/FINISH_ASSIGNMENT' is clicked on

2017-11-16 11:26:52 - [MESSAGE][PASSED] - Delayed 5 second(s)

2017-11-16 11:26:52 - [MESSAGE][PASSED] - com.helper.commonfunct.BEP_CommonMethod.RDapprove is PASSED

2017-11-16 11:26:52 - [TEST_STEP][PASSED] - com.helper.commonfunct.utilities.WOstatus: com.helper.commonfunct.utilities.WOstatus is PASSED

2017-11-16 11:26:52 - [MESSAGE][PASSED] - Text of object 'Object Repository/ECR/WOSTATUS' is: 'Pending-RLApproval'

2017-11-16 11:26:52 - [MESSAGE][PASSED] - com.helper.commonfunct.utilities.WOstatus is PASSED

2017-11-16 11:26:52 - [TEST_STEP][PASSED] - Statement - Status = text: null

2017-11-16 11:26:52 - [TEST_STEP][PASSED] - Statement - println(Status): null

2017-11-16 11:26:52 - [TEST_STEP][PASSED] - Statement - If (WOSTATUS == "Pending-RDApproval"): null

2017-11-16 11:26:52 - [TEST_STEP][PASSED] - Statement - Else If (WOSTATUS == "Pending-RLApproval"): com.helper.commonfunct.utilities.WOstatus is PASSED

2017-11-16 11:26:52 - [TEST_STEP][PASSED] - Statement - If (RLReject == false): com.helper.commonfunct.utilities.WOstatus is PASSED

2017-11-16 11:26:52 - [TEST_STEP][PASSED] - com.helper.commonfunct.utilities.login: com.helper.commonfunct.utilities.login is PASSED

2017-11-16 11:26:52 - [MESSAGE][WARNING] - A browser is already opened. Closing browser and opening a new one

2017-11-16 11:26:56 - [MESSAGE][PASSED] - Browser is opened with url: ''

2017-11-16 11:26:57 - [MESSAGE][PASSED] - Navigate to 'https://vtcpqa2.rpega.com:9030/tcpqa/PRServlet' successfully

2017-11-16 11:26:58 - [MESSAGE][PASSED] - Text 'panee@pegasystems.com' is set on object 'Object Repository/input_UserIdentifier'

2017-11-16 11:26:58 - [MESSAGE][PASSED] - Text 'install' is set on object 'Object Repository/input_Password'

2017-11-16 11:27:01 - [MESSAGE][PASSED] - Keys 'ENTER + ' sent to object: 'Object Repository/input_Password'

2017-11-16 11:27:01 - [MESSAGE][PASSED] - com.helper.commonfunct.utilities.login is PASSED

2017-11-16 11:27:01 - [TEST_STEP][PASSED] - com.helper.commonfunct.utilities.search: com.helper.commonfunct.utilities.search is PASSED

2017-11-16 11:27:03 - [MESSAGE][PASSED] - Current window maximized

2017-11-16 11:27:08 - [MESSAGE][PASSED] - Delayed 5 second(s)

2017-11-16 11:27:08 - [MESSAGE][PASSED] - Text 'BEP-16Nov2017-2' is set on object 'Object Repository/EngInfo/search'

2017-11-16 11:27:13 - [MESSAGE][PASSED] - Delayed 5 second(s)

2017-11-16 11:27:13 - [MESSAGE][PASSED] - Keys 'ENTER + ' sent to object: 'Object Repository/EngInfo/search'

2017-11-16 11:27:18 - [MESSAGE][PASSED] - Delayed 5 second(s)

2017-11-16 11:27:18 - [MESSAGE][PASSED] - com.helper.commonfunct.utilities.search is PASSED

2017-11-16 11:27:18 - [TEST_STEP][PASSED] - com.helper.commonfunct.BEP_CommonMethod.RLapprove: com.helper.commonfunct.BEP_CommonMethod.RLapprove is PASSED

2017-11-16 11:27:23 - [MESSAGE][PASSED] - Delayed 5 second(s)

2017-11-16 11:27:23 - [MESSAGE][WARNING] - Timeout '0' is invalid. Using default page load timeout: '30'

2017-11-16 11:27:25 - [MESSAGE][PASSED] - Object: 'Object Repository/BEP/RlLink' is clicked on

2017-11-16 11:27:30 - [MESSAGE][PASSED] - Delayed 5 second(s)

2017-11-16 11:27:31 - [MESSAGE][PASSED] - Scroll to object 'Object Repository/NEXT_BUTTON' successfully

2017-11-16 11:27:32 - [MESSAGE][PASSED] - Object: 'Object Repository/NEXT_BUTTON' is clicked on

2017-11-16 11:27:37 - [MESSAGE][PASSED] - Delayed 5 second(s)

2017-11-16 11:27:37 - [MESSAGE][WARNING] - Timeout '0' is invalid. Using default page load timeout: '30'

2017-11-16 11:27:37 - [MESSAGE][PASSED] - Scroll to object 'Object Repository/BEP/RD_RLApprove' successfully

2017-11-16 11:27:38 - [MESSAGE][PASSED] - Object: 'Object Repository/BEP/RD_RLApprove' is clicked on

2017-11-16 11:27:43 - [MESSAGE][PASSED] - Delayed 5 second(s)

2017-11-16 11:27:44 - [MESSAGE][PASSED] - Text 'Testing' is set on object 'Object Repository/BEP/BEP_CASENOTES'

2017-11-16 11:27:49 - [MESSAGE][PASSED] - Delayed 5 second(s)

2017-11-16 11:27:49 - [MESSAGE][WARNING] - Timeout '0' is invalid. Using default page load timeout: '30'

2017-11-16 11:27:49 - [MESSAGE][PASSED] - Scroll to object 'Object Repository/BEP/FINISH_ASSIGNMENT' successfully

2017-11-16 11:27:49 - [MESSAGE][PASSED] - Object: 'Object Repository/BEP/FINISH_ASSIGNMENT' is clicked on

2017-11-16 11:27:54 - [MESSAGE][PASSED] - Delayed 5 second(s)

2017-11-16 11:27:55 - [MESSAGE][PASSED] - Text of object 'Object Repository/BEP/WOSTATUS' is: 'Pending-EmailCustomer'

2017-11-16 11:27:55 - [MESSAGE][PASSED] - com.helper.commonfunct.BEP_CommonMethod.RLapprove is PASSED

2017-11-16 11:27:55 - [TEST_STEP][PASSED] - com.helper.commonfunct.utilities.WOstatus: com.helper.commonfunct.utilities.WOstatus is PASSED

2017-11-16 11:27:55 - [MESSAGE][PASSED] - Text of object 'Object Repository/ECR/WOSTATUS' is: 'Pending-EmailCustomer'

2017-11-16 11:27:55 - [MESSAGE][PASSED] - com.helper.commonfunct.utilities.WOstatus is PASSED

2017-11-16 11:27:55 - [TEST_STEP][PASSED] - Statement - For ([j = 0, j < AssignmentList.size(), (j++)]): com.helper.commonfunct.utilities.WOstatus is PASSED

2017-11-16 11:27:55 - [TEST_STEP][PASSED] - Statement - Status = text: null

2017-11-16 11:27:55 - [TEST_STEP][PASSED] - Statement - println(Status): null

2017-11-16 11:27:55 - [TEST_STEP][PASSED] - Statement - If (WOSTATUS == "Pending-RDApproval"): null

2017-11-16 11:27:55 - [TEST_STEP][PASSED] - Statement - Else If (WOSTATUS == "Pending-RLApproval"): null

2017-11-16 11:27:55 - [TEST_STEP][PASSED] - Statement - Else If (WOSTATUS == "Pending-Update"): null

2017-11-16 11:27:55 - [TEST_STEP][PASSED] - Statement - Else If (WOSTATUS == "Pending-Meeting"): null

2017-11-16 11:27:55 - [TEST_STEP][PASSED] - Statement - Else If (WOSTATUS == "Pending-EmailCustomer"): com.helper.commonfunct.utilities.WOstatus is PASSED

2017-11-16 11:27:55 - [TEST_STEP][PASSED] - Statement - If (SendEmail == true): com.helper.commonfunct.utilities.WOstatus is PASSED

2017-11-16 11:27:55 - [TEST_STEP][PASSED] - com.helper.commonfunct.utilities.login: com.helper.commonfunct.utilities.login is PASSED

2017-11-16 11:27:55 - [MESSAGE][WARNING] - A browser is already opened. Closing browser and opening a new one

2017-11-16 11:28:00 - [MESSAGE][PASSED] - Browser is opened with url: ''

2017-11-16 11:28:01 - [MESSAGE][PASSED] - Navigate to 'https://vtcpqa2.rpega.com:9030/tcpqa/PRServlet' successfully

2017-11-16 11:28:01 - [MESSAGE][PASSED] - Text 'hendj@pegasystems.com' is set on object 'Object Repository/input_UserIdentifier'

2017-11-16 11:28:02 - [MESSAGE][PASSED] - Text 'install' is set on object 'Object Repository/input_Password'

2017-11-16 11:28:05 - [MESSAGE][PASSED] - Keys 'ENTER + ' sent to object: 'Object Repository/input_Password'

2017-11-16 11:28:05 - [MESSAGE][PASSED] - com.helper.commonfunct.utilities.login is PASSED

2017-11-16 11:28:05 - [TEST_STEP][PASSED] - com.helper.commonfunct.utilities.search: com.helper.commonfunct.utilities.search is PASSED

2017-11-16 11:28:06 - [MESSAGE][PASSED] - Current window maximized

2017-11-16 11:28:11 - [MESSAGE][PASSED] - Delayed 5 second(s)

2017-11-16 11:28:12 - [MESSAGE][PASSED] - Text 'BEP-16Nov2017-2' is set on object 'Object Repository/EngInfo/search'

2017-11-16 11:28:17 - [MESSAGE][PASSED] - Delayed 5 second(s)

2017-11-16 11:28:17 - [MESSAGE][PASSED] - Keys 'ENTER + ' sent to object: 'Object Repository/EngInfo/search'

2017-11-16 11:28:22 - [MESSAGE][PASSED] - Delayed 5 second(s)

2017-11-16 11:28:22 - [MESSAGE][PASSED] - com.helper.commonfunct.utilities.search is PASSED

2017-11-16 11:28:22 - [TEST_STEP][PASSED] - com.helper.commonfunct.BEP_CommonMethod.EmailCustomer: com.helper.commonfunct.BEP_CommonMethod.EmailCustomer is PASSED

2017-11-16 11:28:27 - [MESSAGE][PASSED] - Delayed 5 second(s)

2017-11-16 11:28:27 - [MESSAGE][WARNING] - Timeout '0' is invalid. Using default page load timeout: '30'

2017-11-16 11:28:30 - [MESSAGE][PASSED] - Object: 'Object Repository/BEP/SendCustomerEmail' is clicked on

2017-11-16 11:28:35 - [MESSAGE][PASSED] - Delayed 5 second(s)

2017-11-16 11:28:35 - [MESSAGE][PASSED] - Object: 'Object Repository/BEP/SEND_EMAIL' is clicked on

2017-11-16 11:28:40 - [MESSAGE][PASSED] - Delayed 5 second(s)

2017-11-16 11:28:40 - [MESSAGE][PASSED] - com.helper.commonfunct.BEP_CommonMethod.EmailCustomer is PASSED

2017-11-16 11:28:40 - [TEST_STEP][PASSED] - com.helper.commonfunct.utilities.WOstatus: com.helper.commonfunct.utilities.WOstatus is PASSED

2017-11-16 11:28:41 - [MESSAGE][PASSED] - Text of object 'Object Repository/ECR/WOSTATUS' is: 'Resolved-Approved'

2017-11-16 11:28:41 - [MESSAGE][PASSED] - com.helper.commonfunct.utilities.WOstatus is PASSED

2017-11-16 11:28:41 - [MESSAGE][PASSED] - Call Test Case 'Test Cases/BEP/All_Approval_Reject' successfully]]></system-out>
         <system-err><![CDATA[]]></system-err>
      </testcase>
      <testcase name="Test Cases/BEP/TC_CreateBEP_EmailOutput_SkipEmail_CreateECR" classname="Test Cases/BEP/TC_CreateBEP_EmailOutput_SkipEmail_CreateECR" status="PASSED">
         <system-out><![CDATA[2017-11-16 11:28:41 - [TEST_CASE][PASSED] - Test Cases/BEP/TC_CreateBEP_EmailOutput_SkipEmail_CreateECR: Test Cases/BEP/TC_CreateBEP_EmailOutput_SkipEmail_CreateECR

2017-11-16 11:28:42 - [TEST_STEP][PASSED] - callTestCase: Call Test Case 'Test Cases/BEP/TC_Create_BEP_EmailOutput' successfully

2017-11-16 11:28:42 - [TEST_CASE][PASSED] - Test Cases/BEP/TC_Create_BEP_EmailOutput: Test Cases/BEP/TC_Create_BEP_EmailOutput

2017-11-16 11:28:42 - [TEST_STEP][PASSED] - com.helper.commonfunct.utilities.login: com.helper.commonfunct.utilities.login is PASSED

2017-11-16 11:28:42 - [MESSAGE][WARNING] - A browser is already opened. Closing browser and opening a new one

2017-11-16 11:28:46 - [MESSAGE][PASSED] - Browser is opened with url: ''

2017-11-16 11:28:47 - [MESSAGE][PASSED] - Navigate to 'https://vtcpqa2.rpega.com:9030/tcpqa/PRServlet' successfully

2017-11-16 11:28:48 - [MESSAGE][PASSED] - Text 'hendj@pegasystems.com' is set on object 'Object Repository/input_UserIdentifier'

2017-11-16 11:28:48 - [MESSAGE][PASSED] - Text 'install' is set on object 'Object Repository/input_Password'

2017-11-16 11:28:52 - [MESSAGE][PASSED] - Keys 'ENTER + ' sent to object: 'Object Repository/input_Password'

2017-11-16 11:28:52 - [MESSAGE][PASSED] - com.helper.commonfunct.utilities.login is PASSED

2017-11-16 11:28:52 - [TEST_STEP][PASSED] - com.helper.commonfunct.BEP_CommonMethod.EstimateEmailOutput: com.helper.commonfunct.BEP_CommonMethod.EstimateEmailOutput is PASSED

2017-11-16 11:28:53 - [MESSAGE][PASSED] - Object: 'Object Repository/Generic/a_Actions' is clicked on

2017-11-16 11:28:56 - [MESSAGE][PASSED] - Object: 'Object Repository/span_New' is focused

2017-11-16 11:29:01 - [MESSAGE][PASSED] - Object: 'Object Repository/BEP/EstimateLink' is clicked on

2017-11-16 11:29:06 - [MESSAGE][PASSED] - Delayed 5 second(s)

2017-11-16 11:29:06 - [MESSAGE][WARNING] - Timeout '0' is invalid. Using default page load timeout: '30'

2017-11-16 11:29:06 - [MESSAGE][PASSED] - Object 'Object Repository/BEP/import' is visible

2017-11-16 11:29:07 - [MESSAGE][PASSED] - Object: 'Object Repository/BEP/import' is clicked on

2017-11-16 11:29:12 - [MESSAGE][PASSED] - Delayed 5 second(s)

2017-11-16 11:29:12 - [MESSAGE][PASSED] - File 'C:\EStimate.xlsm' sent to object: 'Object Repository/input_PpyWorkPageppyFilePath'

2017-11-16 11:29:17 - [MESSAGE][PASSED] - Delayed 5 second(s)

2017-11-16 11:29:19 - [MESSAGE][PASSED] - Object: 'Object Repository/button_Submit' is clicked on

2017-11-16 11:29:29 - [MESSAGE][PASSED] - Delayed 10 second(s)

2017-11-16 11:29:30 - [MESSAGE][PASSED] - Text 'BOFA' is set on object 'Object Repository/Generic/ORG'

2017-11-16 11:29:35 - [MESSAGE][PASSED] - Delayed 5 second(s)

2017-11-16 11:29:36 - [MESSAGE][PASSED] - Keys 'TAB + ' sent to object: 'Object Repository/Generic/ORG'

2017-11-16 11:29:41 - [MESSAGE][PASSED] - Delayed 5 second(s)

2017-11-16 11:29:41 - [MESSAGE][PASSED] - Text 'BOFA' is set on object 'Object Repository/Generic/ACC'

2017-11-16 11:29:46 - [MESSAGE][PASSED] - Delayed 5 second(s)

2017-11-16 11:29:47 - [MESSAGE][PASSED] - Keys 'TAB + ' sent to object: 'Object Repository/Generic/ACC'

2017-11-16 11:29:52 - [MESSAGE][PASSED] - Delayed 5 second(s)

2017-11-16 11:29:53 - [MESSAGE][PASSED] - Text 'AUTOTEST1' is set on object 'Object Repository/Generic/ENG_DESC'

2017-11-16 11:29:58 - [MESSAGE][PASSED] - Delayed 5 second(s)

2017-11-16 11:29:58 - [MESSAGE][PASSED] - Object: 'Object Repository/Generic/PlatformID' is clicked on

2017-11-16 11:30:03 - [MESSAGE][PASSED] - Delayed 5 second(s)

2017-11-16 11:30:04 - [MESSAGE][PASSED] - Keys 'AMPchroma' sent to object: 'Object Repository/Generic/PlatformID'

2017-11-16 11:30:09 - [MESSAGE][PASSED] - Delayed 5 second(s)

2017-11-16 11:30:10 - [MESSAGE][PASSED] - Object: 'Object Repository/Generic/PlatformVersion' is clicked on

2017-11-16 11:30:15 - [MESSAGE][PASSED] - Delayed 5 second(s)

2017-11-16 11:30:15 - [MESSAGE][PASSED] - Keys 'N/A' sent to object: 'Object Repository/Generic/PlatformVersion'

2017-11-16 11:30:20 - [MESSAGE][PASSED] - Delayed 5 second(s)

2017-11-16 11:30:20 - [MESSAGE][PASSED] - Scroll to object 'Object Repository/BEP/MorethanOneRLSNO' successfully

2017-11-16 11:30:21 - [MESSAGE][PASSED] - Object: 'Object Repository/BEP/MorethanOneRLSNO' is clicked on

2017-11-16 11:30:26 - [MESSAGE][PASSED] - Delayed 5 second(s)

2017-11-16 11:30:26 - [MESSAGE][PASSED] - Object: 'Object Repository/Generic/PlatformTrue' is clicked on

2017-11-16 11:30:31 - [MESSAGE][PASSED] - Delayed 5 second(s)

2017-11-16 11:30:36 - [MESSAGE][PASSED] - Delayed 5 second(s)

2017-11-16 11:30:37 - [MESSAGE][PASSED] - Object: 'Object Repository/EngInfo/PL' is clicked on

2017-11-16 11:30:42 - [MESSAGE][PASSED] - Delayed 5 second(s)

2017-11-16 11:30:42 - [MESSAGE][PASSED] - Keys 'Jeff Henderson ' sent to object: 'Object Repository/EngInfo/PL'

2017-11-16 11:30:47 - [MESSAGE][PASSED] - Delayed 5 second(s)

2017-11-16 11:30:48 - [MESSAGE][PASSED] - Object: 'Object Repository/EngInfo/PLTL' is clicked on

2017-11-16 11:30:53 - [MESSAGE][PASSED] - Delayed 5 second(s)

2017-11-16 11:30:53 - [MESSAGE][PASSED] - Keys 'Robert Higgins' sent to object: 'Object Repository/EngInfo/PLTL'

2017-11-16 11:30:58 - [MESSAGE][PASSED] - Delayed 5 second(s)

2017-11-16 11:30:59 - [MESSAGE][PASSED] - Object: 'Object Repository/EngInfo/RL' is clicked on

2017-11-16 11:31:04 - [MESSAGE][PASSED] - Delayed 5 second(s)

2017-11-16 11:31:04 - [MESSAGE][PASSED] - Keys 'Eric Panepinto' sent to object: 'Object Repository/EngInfo/RL'

2017-11-16 11:31:09 - [MESSAGE][PASSED] - Delayed 5 second(s)

2017-11-16 11:31:10 - [MESSAGE][PASSED] - Object: 'Object Repository/EngInfo/RD' is clicked on

2017-11-16 11:31:15 - [MESSAGE][PASSED] - Delayed 5 second(s)

2017-11-16 11:31:15 - [MESSAGE][PASSED] - Keys 'Robert Lang' sent to object: 'Object Repository/EngInfo/RD'

2017-11-16 11:31:20 - [MESSAGE][PASSED] - Delayed 5 second(s)

2017-11-16 11:31:20 - [MESSAGE][PASSED] - Scroll to object 'Object Repository/NEXT_BUTTON' successfully

2017-11-16 11:31:21 - [MESSAGE][PASSED] - Object: 'Object Repository/NEXT_BUTTON' is clicked on

2017-11-16 11:31:26 - [MESSAGE][PASSED] - Delayed 5 second(s)

2017-11-16 11:31:26 - [MESSAGE][PASSED] - Text '12' is set on object 'Object Repository/BEP/DurationLow'

2017-11-16 11:31:31 - [MESSAGE][PASSED] - Delayed 5 second(s)

2017-11-16 11:31:32 - [MESSAGE][PASSED] - Keys 'TAB + ' sent to object: 'Object Repository/BEP/DurationLow'

2017-11-16 11:31:37 - [MESSAGE][PASSED] - Delayed 5 second(s)

2017-11-16 11:31:37 - [MESSAGE][PASSED] - Text '12' is set on object 'Object Repository/BEP/DurationHigh'

2017-11-16 11:31:42 - [MESSAGE][PASSED] - Delayed 5 second(s)

2017-11-16 11:31:42 - [MESSAGE][PASSED] - Keys 'TAB + ' sent to object: 'Object Repository/BEP/DurationHigh'

2017-11-16 11:31:47 - [MESSAGE][PASSED] - Delayed 5 second(s)

2017-11-16 11:31:48 - [MESSAGE][PASSED] - Text '12' is set on object 'Object Repository/BEP/PartnerHoursLow'

2017-11-16 11:31:53 - [MESSAGE][PASSED] - Delayed 5 second(s)

2017-11-16 11:31:53 - [MESSAGE][PASSED] - Keys 'TAB + ' sent to object: 'Object Repository/BEP/PartnerHoursLow'

2017-11-16 11:31:58 - [MESSAGE][PASSED] - Delayed 5 second(s)

2017-11-16 11:31:58 - [MESSAGE][PASSED] - Text '12' is set on object 'Object Repository/BEP/PartnerHoursHigh'

2017-11-16 11:32:03 - [MESSAGE][PASSED] - Delayed 5 second(s)

2017-11-16 11:32:04 - [MESSAGE][PASSED] - Object: 'Object Repository/BEP/EstimationMethod' is clicked on

2017-11-16 11:32:09 - [MESSAGE][PASSED] - Delayed 5 second(s)

2017-11-16 11:32:09 - [MESSAGE][PASSED] - Keys 'BSW' sent to object: 'Object Repository/BEP/EstimationMethod'

2017-11-16 11:32:14 - [MESSAGE][PASSED] - Delayed 5 second(s)

2017-11-16 11:32:15 - [MESSAGE][PASSED] - Object: 'Object Repository/BEP/routeToRL' is clicked on

2017-11-16 11:32:20 - [MESSAGE][PASSED] - Delayed 5 second(s)

2017-11-16 11:32:20 - [MESSAGE][PASSED] - Scroll to object 'Object Repository/NEXT_BUTTON' successfully

2017-11-16 11:32:21 - [MESSAGE][PASSED] - Object: 'Object Repository/NEXT_BUTTON' is clicked on

2017-11-16 11:32:26 - [MESSAGE][PASSED] - Delayed 5 second(s)

2017-11-16 11:32:27 - [MESSAGE][PASSED] - Object: 'Object Repository/BEP/BEPOutputEmail' is clicked on

2017-11-16 11:32:32 - [MESSAGE][PASSED] - Delayed 5 second(s)

2017-11-16 11:32:32 - [MESSAGE][PASSED] - Object: 'Object Repository/BEP/RECEIPIENT' is clicked on

2017-11-16 11:32:37 - [MESSAGE][PASSED] - Delayed 5 second(s)

2017-11-16 11:32:37 - [MESSAGE][PASSED] - Object: 'Object Repository/BEP/AddEmailID' is clicked on

2017-11-16 11:32:42 - [MESSAGE][PASSED] - Delayed 5 second(s)

2017-11-16 11:32:43 - [MESSAGE][PASSED] - Keys 'nagaveni.nipinale@in.pega.com' sent to object: 'Object Repository/BEP/MAILID_XPATH'

2017-11-16 11:32:48 - [MESSAGE][PASSED] - Delayed 5 second(s)

2017-11-16 11:32:49 - [MESSAGE][PASSED] - Object: 'Object Repository/BEP/modal_submit' is clicked on

2017-11-16 11:32:54 - [MESSAGE][PASSED] - Delayed 5 second(s)

2017-11-16 11:32:54 - [MESSAGE][PASSED] - Keys 'Test Automation' sent to object: 'Object Repository/BEP/Email_Subject'

2017-11-16 11:32:54 - [MESSAGE][PASSED] - Scroll to object 'Object Repository/NEXT_BUTTON' successfully

2017-11-16 11:32:55 - [MESSAGE][PASSED] - Object: 'Object Repository/NEXT_BUTTON' is clicked on

2017-11-16 11:33:00 - [MESSAGE][PASSED] - Delayed 5 second(s)

2017-11-16 11:33:00 - [MESSAGE][PASSED] - Scroll to object 'Object Repository/Generic/FINISH_BUTTON' successfully

2017-11-16 11:33:00 - [MESSAGE][PASSED] - Object: 'Object Repository/Generic/FINISH_BUTTON' is clicked on

2017-11-16 11:33:05 - [MESSAGE][PASSED] - Text of object 'Object Repository/BEP/BEPWOID' is: 'BEP-16Nov2017-3'

2017-11-16 11:33:05 - [MESSAGE][PASSED] - com.helper.commonfunct.BEP_CommonMethod.EstimateEmailOutput is PASSED

2017-11-16 11:33:05 - [TEST_STEP][PASSED] - com.helper.commonfunct.BEP_CommonMethod.woid: com.helper.commonfunct.BEP_CommonMethod.woid is PASSED

2017-11-16 11:33:05 - [MESSAGE][PASSED] - Text of object 'Object Repository/BEP/BEPWOID' is: 'BEP-16Nov2017-3'

2017-11-16 11:33:05 - [MESSAGE][PASSED] - com.helper.commonfunct.BEP_CommonMethod.woid is PASSED

2017-11-16 11:33:05 - [TEST_STEP][PASSED] - com.helper.commonfunct.BEP_CommonMethod.WOstatus: com.helper.commonfunct.BEP_CommonMethod.WOstatus is PASSED

2017-11-16 11:33:05 - [MESSAGE][PASSED] - Text of object 'Object Repository/BEP/WOSTATUS' is: 'Pending-RDApproval'

2017-11-16 11:33:05 - [MESSAGE][PASSED] - com.helper.commonfunct.BEP_CommonMethod.WOstatus is PASSED

2017-11-16 11:33:05 - [TEST_STEP][PASSED] - Statement - println(WOID): null

2017-11-16 11:33:05 - [MESSAGE][PASSED] - Call Test Case 'Test Cases/BEP/TC_Create_BEP_EmailOutput' successfully

2017-11-16 11:33:05 - [TEST_STEP][PASSED] - Statement - SendEmail = false: null

2017-11-16 11:33:05 - [TEST_STEP][PASSED] - Statement - CreateECR = true: null

2017-11-16 11:33:05 - [TEST_STEP][PASSED] - callTestCase: Call Test Case 'Test Cases/BEP/All_Approval_Reject' successfully

2017-11-16 11:33:05 - [TEST_CASE][PASSED] - Test Cases/BEP/All_Approval_Reject: Test Cases/BEP/All_Approval_Reject

2017-11-16 11:33:05 - [TEST_STEP][PASSED] - Statement - While (WOSTATUS.contains("Pending")): com.helper.commonfunct.utilities.WOstatus is PASSED

2017-11-16 11:33:05 - [TEST_STEP][PASSED] - Statement - For ([j = 0, j < AssignmentList.size(), (j++)]): com.helper.commonfunct.utilities.WOstatus is PASSED

2017-11-16 11:33:05 - [TEST_STEP][PASSED] - Statement - Status = text: null

2017-11-16 11:33:05 - [TEST_STEP][PASSED] - Statement - println(Status): null

2017-11-16 11:33:05 - [TEST_STEP][PASSED] - Statement - If (WOSTATUS == "Pending-RDApproval"): com.helper.commonfunct.utilities.WOstatus is PASSED

2017-11-16 11:33:05 - [TEST_STEP][PASSED] - Statement - If (RDReject == false): com.helper.commonfunct.utilities.WOstatus is PASSED

2017-11-16 11:33:05 - [TEST_STEP][PASSED] - Statement - If (RouteToRL == true): com.helper.commonfunct.utilities.WOstatus is PASSED

2017-11-16 11:33:05 - [TEST_STEP][PASSED] - com.helper.commonfunct.utilities.login: com.helper.commonfunct.utilities.login is PASSED

2017-11-16 11:33:05 - [MESSAGE][WARNING] - A browser is already opened. Closing browser and opening a new one

2017-11-16 11:33:10 - [MESSAGE][PASSED] - Browser is opened with url: ''

2017-11-16 11:33:11 - [MESSAGE][PASSED] - Navigate to 'https://vtcpqa2.rpega.com:9030/tcpqa/PRServlet' successfully

2017-11-16 11:33:11 - [MESSAGE][PASSED] - Text 'langr1@pegasystems.com' is set on object 'Object Repository/input_UserIdentifier'

2017-11-16 11:33:11 - [MESSAGE][PASSED] - Text 'install' is set on object 'Object Repository/input_Password'

2017-11-16 11:33:14 - [MESSAGE][PASSED] - Keys 'ENTER + ' sent to object: 'Object Repository/input_Password'

2017-11-16 11:33:14 - [MESSAGE][PASSED] - com.helper.commonfunct.utilities.login is PASSED

2017-11-16 11:33:14 - [TEST_STEP][PASSED] - com.helper.commonfunct.utilities.search: com.helper.commonfunct.utilities.search is PASSED

2017-11-16 11:33:15 - [MESSAGE][PASSED] - Current window maximized

2017-11-16 11:33:20 - [MESSAGE][PASSED] - Delayed 5 second(s)

2017-11-16 11:33:21 - [MESSAGE][PASSED] - Text 'BEP-16Nov2017-3' is set on object 'Object Repository/EngInfo/search'

2017-11-16 11:33:26 - [MESSAGE][PASSED] - Delayed 5 second(s)

2017-11-16 11:33:26 - [MESSAGE][PASSED] - Keys 'ENTER + ' sent to object: 'Object Repository/EngInfo/search'

2017-11-16 11:33:31 - [MESSAGE][PASSED] - Delayed 5 second(s)

2017-11-16 11:33:31 - [MESSAGE][PASSED] - com.helper.commonfunct.utilities.search is PASSED

2017-11-16 11:33:31 - [TEST_STEP][PASSED] - com.helper.commonfunct.BEP_CommonMethod.RDapprove: com.helper.commonfunct.BEP_CommonMethod.RDapprove is PASSED

2017-11-16 11:33:36 - [MESSAGE][PASSED] - Delayed 5 second(s)

2017-11-16 11:33:36 - [MESSAGE][WARNING] - Timeout '0' is invalid. Using default page load timeout: '30'

2017-11-16 11:33:38 - [MESSAGE][PASSED] - Object: 'Object Repository/BEP/RDLink' is clicked on

2017-11-16 11:33:43 - [MESSAGE][PASSED] - Delayed 5 second(s)

2017-11-16 11:33:43 - [MESSAGE][PASSED] - Scroll to object 'Object Repository/NEXT_BUTTON' successfully

2017-11-16 11:33:45 - [MESSAGE][PASSED] - Object: 'Object Repository/NEXT_BUTTON' is clicked on

2017-11-16 11:33:50 - [MESSAGE][PASSED] - Delayed 5 second(s)

2017-11-16 11:33:50 - [MESSAGE][WARNING] - Timeout '0' is invalid. Using default page load timeout: '30'

2017-11-16 11:33:50 - [MESSAGE][PASSED] - Scroll to object 'Object Repository/BEP/RD_RLApprove' successfully

2017-11-16 11:33:51 - [MESSAGE][PASSED] - Object: 'Object Repository/BEP/RD_RLApprove' is clicked on

2017-11-16 11:33:56 - [MESSAGE][PASSED] - Delayed 5 second(s)

2017-11-16 11:33:56 - [MESSAGE][PASSED] - Text 'Testing' is set on object 'Object Repository/BEP/BEP_CASENOTES'

2017-11-16 11:34:01 - [MESSAGE][PASSED] - Delayed 5 second(s)

2017-11-16 11:34:01 - [MESSAGE][WARNING] - Timeout '0' is invalid. Using default page load timeout: '30'

2017-11-16 11:34:01 - [MESSAGE][PASSED] - Scroll to object 'Object Repository/BEP/FINISH_ASSIGNMENT' successfully

2017-11-16 11:34:01 - [MESSAGE][PASSED] - Object: 'Object Repository/BEP/FINISH_ASSIGNMENT' is clicked on

2017-11-16 11:34:06 - [MESSAGE][PASSED] - Delayed 5 second(s)

2017-11-16 11:34:06 - [MESSAGE][PASSED] - com.helper.commonfunct.BEP_CommonMethod.RDapprove is PASSED

2017-11-16 11:34:06 - [TEST_STEP][PASSED] - com.helper.commonfunct.utilities.WOstatus: com.helper.commonfunct.utilities.WOstatus is PASSED

2017-11-16 11:34:07 - [MESSAGE][PASSED] - Text of object 'Object Repository/ECR/WOSTATUS' is: 'Pending-RLApproval'

2017-11-16 11:34:07 - [MESSAGE][PASSED] - com.helper.commonfunct.utilities.WOstatus is PASSED

2017-11-16 11:34:07 - [TEST_STEP][PASSED] - Statement - Status = text: null

2017-11-16 11:34:07 - [TEST_STEP][PASSED] - Statement - println(Status): null

2017-11-16 11:34:07 - [TEST_STEP][PASSED] - Statement - If (WOSTATUS == "Pending-RDApproval"): null

2017-11-16 11:34:07 - [TEST_STEP][PASSED] - Statement - Else If (WOSTATUS == "Pending-RLApproval"): com.helper.commonfunct.utilities.WOstatus is PASSED

2017-11-16 11:34:07 - [TEST_STEP][PASSED] - Statement - If (RLReject == false): com.helper.commonfunct.utilities.WOstatus is PASSED

2017-11-16 11:34:07 - [TEST_STEP][PASSED] - com.helper.commonfunct.utilities.login: com.helper.commonfunct.utilities.login is PASSED

2017-11-16 11:34:07 - [MESSAGE][WARNING] - A browser is already opened. Closing browser and opening a new one

2017-11-16 11:34:11 - [MESSAGE][PASSED] - Browser is opened with url: ''

2017-11-16 11:34:11 - [MESSAGE][PASSED] - Navigate to 'https://vtcpqa2.rpega.com:9030/tcpqa/PRServlet' successfully

2017-11-16 11:34:12 - [MESSAGE][PASSED] - Text 'panee@pegasystems.com' is set on object 'Object Repository/input_UserIdentifier'

2017-11-16 11:34:12 - [MESSAGE][PASSED] - Text 'install' is set on object 'Object Repository/input_Password'

2017-11-16 11:34:15 - [MESSAGE][PASSED] - Keys 'ENTER + ' sent to object: 'Object Repository/input_Password'

2017-11-16 11:34:15 - [MESSAGE][PASSED] - com.helper.commonfunct.utilities.login is PASSED

2017-11-16 11:34:15 - [TEST_STEP][PASSED] - com.helper.commonfunct.utilities.search: com.helper.commonfunct.utilities.search is PASSED

2017-11-16 11:34:16 - [MESSAGE][PASSED] - Current window maximized

2017-11-16 11:34:21 - [MESSAGE][PASSED] - Delayed 5 second(s)

2017-11-16 11:34:22 - [MESSAGE][PASSED] - Text 'BEP-16Nov2017-3' is set on object 'Object Repository/EngInfo/search'

2017-11-16 11:34:27 - [MESSAGE][PASSED] - Delayed 5 second(s)

2017-11-16 11:34:27 - [MESSAGE][PASSED] - Keys 'ENTER + ' sent to object: 'Object Repository/EngInfo/search'

2017-11-16 11:34:32 - [MESSAGE][PASSED] - Delayed 5 second(s)

2017-11-16 11:34:32 - [MESSAGE][PASSED] - com.helper.commonfunct.utilities.search is PASSED

2017-11-16 11:34:32 - [TEST_STEP][PASSED] - com.helper.commonfunct.BEP_CommonMethod.RLapprove: com.helper.commonfunct.BEP_CommonMethod.RLapprove is PASSED

2017-11-16 11:34:37 - [MESSAGE][PASSED] - Delayed 5 second(s)

2017-11-16 11:34:37 - [MESSAGE][WARNING] - Timeout '0' is invalid. Using default page load timeout: '30'

2017-11-16 11:34:39 - [MESSAGE][PASSED] - Object: 'Object Repository/BEP/RlLink' is clicked on

2017-11-16 11:34:44 - [MESSAGE][PASSED] - Delayed 5 second(s)

2017-11-16 11:34:44 - [MESSAGE][PASSED] - Scroll to object 'Object Repository/NEXT_BUTTON' successfully

2017-11-16 11:34:45 - [MESSAGE][PASSED] - Object: 'Object Repository/NEXT_BUTTON' is clicked on

2017-11-16 11:34:50 - [MESSAGE][PASSED] - Delayed 5 second(s)

2017-11-16 11:34:50 - [MESSAGE][WARNING] - Timeout '0' is invalid. Using default page load timeout: '30'

2017-11-16 11:34:50 - [MESSAGE][PASSED] - Scroll to object 'Object Repository/BEP/RD_RLApprove' successfully

2017-11-16 11:34:50 - [MESSAGE][PASSED] - Object: 'Object Repository/BEP/RD_RLApprove' is clicked on

2017-11-16 11:34:55 - [MESSAGE][PASSED] - Delayed 5 second(s)

2017-11-16 11:34:56 - [MESSAGE][PASSED] - Text 'Testing' is set on object 'Object Repository/BEP/BEP_CASENOTES'

2017-11-16 11:35:01 - [MESSAGE][PASSED] - Delayed 5 second(s)

2017-11-16 11:35:01 - [MESSAGE][WARNING] - Timeout '0' is invalid. Using default page load timeout: '30'

2017-11-16 11:35:01 - [MESSAGE][PASSED] - Scroll to object 'Object Repository/BEP/FINISH_ASSIGNMENT' successfully

2017-11-16 11:35:01 - [MESSAGE][PASSED] - Object: 'Object Repository/BEP/FINISH_ASSIGNMENT' is clicked on

2017-11-16 11:35:06 - [MESSAGE][PASSED] - Delayed 5 second(s)

2017-11-16 11:35:06 - [MESSAGE][PASSED] - Text of object 'Object Repository/BEP/WOSTATUS' is: 'Pending-EmailCustomer'

2017-11-16 11:35:07 - [MESSAGE][PASSED] - com.helper.commonfunct.BEP_CommonMethod.RLapprove is PASSED

2017-11-16 11:35:07 - [TEST_STEP][PASSED] - com.helper.commonfunct.utilities.WOstatus: com.helper.commonfunct.utilities.WOstatus is PASSED

2017-11-16 11:35:07 - [MESSAGE][PASSED] - Text of object 'Object Repository/ECR/WOSTATUS' is: 'Pending-EmailCustomer'

2017-11-16 11:35:07 - [MESSAGE][PASSED] - com.helper.commonfunct.utilities.WOstatus is PASSED

2017-11-16 11:35:07 - [TEST_STEP][PASSED] - Statement - For ([j = 0, j < AssignmentList.size(), (j++)]): com.helper.commonfunct.utilities.WOstatus is PASSED

2017-11-16 11:35:07 - [TEST_STEP][PASSED] - Statement - Status = text: null

2017-11-16 11:35:07 - [TEST_STEP][PASSED] - Statement - println(Status): null

2017-11-16 11:35:07 - [TEST_STEP][PASSED] - Statement - If (WOSTATUS == "Pending-RDApproval"): null

2017-11-16 11:35:07 - [TEST_STEP][PASSED] - Statement - Else If (WOSTATUS == "Pending-RLApproval"): null

2017-11-16 11:35:07 - [TEST_STEP][PASSED] - Statement - Else If (WOSTATUS == "Pending-Update"): null

2017-11-16 11:35:07 - [TEST_STEP][PASSED] - Statement - Else If (WOSTATUS == "Pending-Meeting"): null

2017-11-16 11:35:07 - [TEST_STEP][PASSED] - Statement - Else If (WOSTATUS == "Pending-EmailCustomer"): com.helper.commonfunct.utilities.WOstatus is PASSED

2017-11-16 11:35:07 - [TEST_STEP][PASSED] - Statement - If (SendEmail == true): null

2017-11-16 11:35:07 - [TEST_STEP][PASSED] - Statement - Else: com.helper.commonfunct.utilities.WOstatus is PASSED

2017-11-16 11:35:07 - [TEST_STEP][PASSED] - com.helper.commonfunct.utilities.login: com.helper.commonfunct.utilities.login is PASSED

2017-11-16 11:35:07 - [MESSAGE][WARNING] - A browser is already opened. Closing browser and opening a new one

2017-11-16 11:35:11 - [MESSAGE][PASSED] - Browser is opened with url: ''

2017-11-16 11:35:11 - [MESSAGE][PASSED] - Navigate to 'https://vtcpqa2.rpega.com:9030/tcpqa/PRServlet' successfully

2017-11-16 11:35:12 - [MESSAGE][PASSED] - Text 'hendj@pegasystems.com' is set on object 'Object Repository/input_UserIdentifier'

2017-11-16 11:35:12 - [MESSAGE][PASSED] - Text 'install' is set on object 'Object Repository/input_Password'

2017-11-16 11:35:15 - [MESSAGE][PASSED] - Keys 'ENTER + ' sent to object: 'Object Repository/input_Password'

2017-11-16 11:35:15 - [MESSAGE][PASSED] - com.helper.commonfunct.utilities.login is PASSED

2017-11-16 11:35:15 - [TEST_STEP][PASSED] - com.helper.commonfunct.utilities.search: com.helper.commonfunct.utilities.search is PASSED

2017-11-16 11:35:16 - [MESSAGE][PASSED] - Current window maximized

2017-11-16 11:35:21 - [MESSAGE][PASSED] - Delayed 5 second(s)

2017-11-16 11:35:22 - [MESSAGE][PASSED] - Text 'BEP-16Nov2017-3' is set on object 'Object Repository/EngInfo/search'

2017-11-16 11:35:27 - [MESSAGE][PASSED] - Delayed 5 second(s)

2017-11-16 11:35:27 - [MESSAGE][PASSED] - Keys 'ENTER + ' sent to object: 'Object Repository/EngInfo/search'

2017-11-16 11:35:32 - [MESSAGE][PASSED] - Delayed 5 second(s)

2017-11-16 11:35:32 - [MESSAGE][PASSED] - com.helper.commonfunct.utilities.search is PASSED

2017-11-16 11:35:32 - [TEST_STEP][PASSED] - com.helper.commonfunct.BEP_CommonMethod.SkipEmail: com.helper.commonfunct.BEP_CommonMethod.SkipEmail is PASSED

2017-11-16 11:35:37 - [MESSAGE][PASSED] - Delayed 5 second(s)

2017-11-16 11:35:37 - [MESSAGE][WARNING] - Timeout '0' is invalid. Using default page load timeout: '30'

2017-11-16 11:35:38 - [MESSAGE][PASSED] - Object: 'Object Repository/BEP/SendCustomerEmail' is clicked on

2017-11-16 11:35:43 - [MESSAGE][PASSED] - Delayed 5 second(s)

2017-11-16 11:35:44 - [MESSAGE][PASSED] - Object: 'Object Repository/BEP/ECR_CHECKBOX' is clicked on

2017-11-16 11:35:49 - [MESSAGE][PASSED] - Delayed 5 second(s)

2017-11-16 11:35:49 - [MESSAGE][PASSED] - Object: 'Object Repository/BEP/SKIP_EMAIL_XPATH' is clicked on

2017-11-16 11:35:54 - [MESSAGE][PASSED] - Delayed 5 second(s)

2017-11-16 11:35:54 - [MESSAGE][PASSED] - Keys 'testing' sent to object: 'Object Repository/BEP/DispositionReason'

2017-11-16 11:35:59 - [MESSAGE][PASSED] - Delayed 5 second(s)

2017-11-16 11:36:00 - [MESSAGE][PASSED] - All options with value 'RFP in process' are selected in object 'Object Repository/BEP/ReasonCode' 

2017-11-16 11:36:05 - [MESSAGE][PASSED] - Delayed 5 second(s)

2017-11-16 11:36:05 - [MESSAGE][PASSED] - Object: 'Object Repository/BEP/test' is clicked on

2017-11-16 11:36:10 - [MESSAGE][PASSED] - Delayed 5 second(s)

2017-11-16 11:36:10 - [MESSAGE][PASSED] - Object: 'Object Repository/BEP/Modal_OK' is clicked on

2017-11-16 11:36:15 - [MESSAGE][PASSED] - Delayed 5 second(s)

2017-11-16 11:36:15 - [MESSAGE][PASSED] - com.helper.commonfunct.BEP_CommonMethod.SkipEmail is PASSED

2017-11-16 11:36:15 - [TEST_STEP][PASSED] - com.helper.commonfunct.utilities.WOstatus: com.helper.commonfunct.utilities.WOstatus is PASSED

2017-11-16 11:36:16 - [MESSAGE][PASSED] - Text of object 'Object Repository/ECR/WOSTATUS' is: 'Resolved-Approved'

2017-11-16 11:36:16 - [MESSAGE][PASSED] - com.helper.commonfunct.utilities.WOstatus is PASSED

2017-11-16 11:36:16 - [MESSAGE][PASSED] - Call Test Case 'Test Cases/BEP/All_Approval_Reject' successfully]]></system-out>
         <system-err><![CDATA[]]></system-err>
      </testcase>
      <testcase name="Test Cases/BEP/TC_CreateBEP_EmailOutput_SkipEmail_NOECR" classname="Test Cases/BEP/TC_CreateBEP_EmailOutput_SkipEmail_NOECR" status="PASSED">
         <system-out><![CDATA[2017-11-16 11:36:16 - [TEST_CASE][PASSED] - Test Cases/BEP/TC_CreateBEP_EmailOutput_SkipEmail_NOECR: Test Cases/BEP/TC_CreateBEP_EmailOutput_SkipEmail_NOECR

2017-11-16 11:36:17 - [TEST_STEP][PASSED] - callTestCase: Call Test Case 'Test Cases/BEP/TC_Create_BEP_EmailOutput' successfully

2017-11-16 11:36:17 - [TEST_CASE][PASSED] - Test Cases/BEP/TC_Create_BEP_EmailOutput: Test Cases/BEP/TC_Create_BEP_EmailOutput

2017-11-16 11:36:17 - [TEST_STEP][PASSED] - com.helper.commonfunct.utilities.login: com.helper.commonfunct.utilities.login is PASSED

2017-11-16 11:36:17 - [MESSAGE][WARNING] - A browser is already opened. Closing browser and opening a new one

2017-11-16 11:36:21 - [MESSAGE][PASSED] - Browser is opened with url: ''

2017-11-16 11:36:21 - [MESSAGE][PASSED] - Navigate to 'https://vtcpqa2.rpega.com:9030/tcpqa/PRServlet' successfully

2017-11-16 11:36:22 - [MESSAGE][PASSED] - Text 'hendj@pegasystems.com' is set on object 'Object Repository/input_UserIdentifier'

2017-11-16 11:36:22 - [MESSAGE][PASSED] - Text 'install' is set on object 'Object Repository/input_Password'

2017-11-16 11:36:25 - [MESSAGE][PASSED] - Keys 'ENTER + ' sent to object: 'Object Repository/input_Password'

2017-11-16 11:36:25 - [MESSAGE][PASSED] - com.helper.commonfunct.utilities.login is PASSED

2017-11-16 11:36:25 - [TEST_STEP][PASSED] - com.helper.commonfunct.BEP_CommonMethod.EstimateEmailOutput: com.helper.commonfunct.BEP_CommonMethod.EstimateEmailOutput is PASSED

2017-11-16 11:36:25 - [MESSAGE][PASSED] - Object: 'Object Repository/Generic/a_Actions' is clicked on

2017-11-16 11:36:27 - [MESSAGE][PASSED] - Object: 'Object Repository/span_New' is focused

2017-11-16 11:36:32 - [MESSAGE][PASSED] - Object: 'Object Repository/BEP/EstimateLink' is clicked on

2017-11-16 11:36:37 - [MESSAGE][PASSED] - Delayed 5 second(s)

2017-11-16 11:36:37 - [MESSAGE][WARNING] - Timeout '0' is invalid. Using default page load timeout: '30'

2017-11-16 11:36:37 - [MESSAGE][PASSED] - Object 'Object Repository/BEP/import' is visible

2017-11-16 11:36:37 - [MESSAGE][PASSED] - Object: 'Object Repository/BEP/import' is clicked on

2017-11-16 11:36:42 - [MESSAGE][PASSED] - Delayed 5 second(s)

2017-11-16 11:36:42 - [MESSAGE][PASSED] - File 'C:\EStimate.xlsm' sent to object: 'Object Repository/input_PpyWorkPageppyFilePath'

2017-11-16 11:36:47 - [MESSAGE][PASSED] - Delayed 5 second(s)

2017-11-16 11:36:50 - [MESSAGE][PASSED] - Object: 'Object Repository/button_Submit' is clicked on

2017-11-16 11:37:00 - [MESSAGE][PASSED] - Delayed 10 second(s)

2017-11-16 11:37:00 - [MESSAGE][PASSED] - Text 'BOFA' is set on object 'Object Repository/Generic/ORG'

2017-11-16 11:37:05 - [MESSAGE][PASSED] - Delayed 5 second(s)

2017-11-16 11:37:05 - [MESSAGE][PASSED] - Keys 'TAB + ' sent to object: 'Object Repository/Generic/ORG'

2017-11-16 11:37:10 - [MESSAGE][PASSED] - Delayed 5 second(s)

2017-11-16 11:37:10 - [MESSAGE][PASSED] - Text 'BOFA' is set on object 'Object Repository/Generic/ACC'

2017-11-16 11:37:15 - [MESSAGE][PASSED] - Delayed 5 second(s)

2017-11-16 11:37:16 - [MESSAGE][PASSED] - Keys 'TAB + ' sent to object: 'Object Repository/Generic/ACC'

2017-11-16 11:37:21 - [MESSAGE][PASSED] - Delayed 5 second(s)

2017-11-16 11:37:21 - [MESSAGE][PASSED] - Text 'AUTOTEST1' is set on object 'Object Repository/Generic/ENG_DESC'

2017-11-16 11:37:26 - [MESSAGE][PASSED] - Delayed 5 second(s)

2017-11-16 11:37:27 - [MESSAGE][PASSED] - Object: 'Object Repository/Generic/PlatformID' is clicked on

2017-11-16 11:37:32 - [MESSAGE][PASSED] - Delayed 5 second(s)

2017-11-16 11:37:32 - [MESSAGE][PASSED] - Keys 'AMPchroma' sent to object: 'Object Repository/Generic/PlatformID'

2017-11-16 11:37:37 - [MESSAGE][PASSED] - Delayed 5 second(s)

2017-11-16 11:37:37 - [MESSAGE][PASSED] - Object: 'Object Repository/Generic/PlatformVersion' is clicked on

2017-11-16 11:37:42 - [MESSAGE][PASSED] - Delayed 5 second(s)

2017-11-16 11:37:43 - [MESSAGE][PASSED] - Keys 'N/A' sent to object: 'Object Repository/Generic/PlatformVersion'

2017-11-16 11:37:48 - [MESSAGE][PASSED] - Delayed 5 second(s)

2017-11-16 11:37:48 - [MESSAGE][PASSED] - Scroll to object 'Object Repository/BEP/MorethanOneRLSNO' successfully

2017-11-16 11:37:48 - [MESSAGE][PASSED] - Object: 'Object Repository/BEP/MorethanOneRLSNO' is clicked on

2017-11-16 11:37:53 - [MESSAGE][PASSED] - Delayed 5 second(s)

2017-11-16 11:37:53 - [MESSAGE][PASSED] - Object: 'Object Repository/Generic/PlatformTrue' is clicked on

2017-11-16 11:37:58 - [MESSAGE][PASSED] - Delayed 5 second(s)

2017-11-16 11:38:03 - [MESSAGE][PASSED] - Delayed 5 second(s)

2017-11-16 11:38:04 - [MESSAGE][PASSED] - Object: 'Object Repository/EngInfo/PL' is clicked on

2017-11-16 11:38:09 - [MESSAGE][PASSED] - Delayed 5 second(s)

2017-11-16 11:38:09 - [MESSAGE][PASSED] - Keys 'Jeff Henderson ' sent to object: 'Object Repository/EngInfo/PL'

2017-11-16 11:38:14 - [MESSAGE][PASSED] - Delayed 5 second(s)

2017-11-16 11:38:14 - [MESSAGE][PASSED] - Object: 'Object Repository/EngInfo/PLTL' is clicked on

2017-11-16 11:38:19 - [MESSAGE][PASSED] - Delayed 5 second(s)

2017-11-16 11:38:19 - [MESSAGE][PASSED] - Keys 'Robert Higgins' sent to object: 'Object Repository/EngInfo/PLTL'

2017-11-16 11:38:24 - [MESSAGE][PASSED] - Delayed 5 second(s)

2017-11-16 11:38:25 - [MESSAGE][PASSED] - Object: 'Object Repository/EngInfo/RL' is clicked on

2017-11-16 11:38:30 - [MESSAGE][PASSED] - Delayed 5 second(s)

2017-11-16 11:38:30 - [MESSAGE][PASSED] - Keys 'Eric Panepinto' sent to object: 'Object Repository/EngInfo/RL'

2017-11-16 11:38:35 - [MESSAGE][PASSED] - Delayed 5 second(s)

2017-11-16 11:38:36 - [MESSAGE][PASSED] - Object: 'Object Repository/EngInfo/RD' is clicked on

2017-11-16 11:38:41 - [MESSAGE][PASSED] - Delayed 5 second(s)

2017-11-16 11:38:41 - [MESSAGE][PASSED] - Keys 'Robert Lang' sent to object: 'Object Repository/EngInfo/RD'

2017-11-16 11:38:46 - [MESSAGE][PASSED] - Delayed 5 second(s)

2017-11-16 11:38:46 - [MESSAGE][PASSED] - Scroll to object 'Object Repository/NEXT_BUTTON' successfully

2017-11-16 11:38:46 - [MESSAGE][PASSED] - Object: 'Object Repository/NEXT_BUTTON' is clicked on

2017-11-16 11:38:51 - [MESSAGE][PASSED] - Delayed 5 second(s)

2017-11-16 11:38:52 - [MESSAGE][PASSED] - Text '12' is set on object 'Object Repository/BEP/DurationLow'

2017-11-16 11:38:57 - [MESSAGE][PASSED] - Delayed 5 second(s)

2017-11-16 11:38:57 - [MESSAGE][PASSED] - Keys 'TAB + ' sent to object: 'Object Repository/BEP/DurationLow'

2017-11-16 11:39:02 - [MESSAGE][PASSED] - Delayed 5 second(s)

2017-11-16 11:39:02 - [MESSAGE][PASSED] - Text '12' is set on object 'Object Repository/BEP/DurationHigh'

2017-11-16 11:39:07 - [MESSAGE][PASSED] - Delayed 5 second(s)

2017-11-16 11:39:07 - [MESSAGE][PASSED] - Keys 'TAB + ' sent to object: 'Object Repository/BEP/DurationHigh'

2017-11-16 11:39:12 - [MESSAGE][PASSED] - Delayed 5 second(s)

2017-11-16 11:39:12 - [MESSAGE][PASSED] - Text '12' is set on object 'Object Repository/BEP/PartnerHoursLow'

2017-11-16 11:39:17 - [MESSAGE][PASSED] - Delayed 5 second(s)

2017-11-16 11:39:18 - [MESSAGE][PASSED] - Keys 'TAB + ' sent to object: 'Object Repository/BEP/PartnerHoursLow'

2017-11-16 11:39:23 - [MESSAGE][PASSED] - Delayed 5 second(s)

2017-11-16 11:39:23 - [MESSAGE][PASSED] - Text '12' is set on object 'Object Repository/BEP/PartnerHoursHigh'

2017-11-16 11:39:28 - [MESSAGE][PASSED] - Delayed 5 second(s)

2017-11-16 11:39:28 - [MESSAGE][PASSED] - Object: 'Object Repository/BEP/EstimationMethod' is clicked on

2017-11-16 11:39:33 - [MESSAGE][PASSED] - Delayed 5 second(s)

2017-11-16 11:39:33 - [MESSAGE][PASSED] - Keys 'BSW' sent to object: 'Object Repository/BEP/EstimationMethod'

2017-11-16 11:39:38 - [MESSAGE][PASSED] - Delayed 5 second(s)

2017-11-16 11:39:39 - [MESSAGE][PASSED] - Object: 'Object Repository/BEP/routeToRL' is clicked on

2017-11-16 11:39:44 - [MESSAGE][PASSED] - Delayed 5 second(s)

2017-11-16 11:39:44 - [MESSAGE][PASSED] - Scroll to object 'Object Repository/NEXT_BUTTON' successfully

2017-11-16 11:39:44 - [MESSAGE][PASSED] - Object: 'Object Repository/NEXT_BUTTON' is clicked on

2017-11-16 11:39:49 - [MESSAGE][PASSED] - Delayed 5 second(s)

2017-11-16 11:39:49 - [MESSAGE][PASSED] - Object: 'Object Repository/BEP/BEPOutputEmail' is clicked on

2017-11-16 11:39:54 - [MESSAGE][PASSED] - Delayed 5 second(s)

2017-11-16 11:39:55 - [MESSAGE][PASSED] - Object: 'Object Repository/BEP/RECEIPIENT' is clicked on

2017-11-16 11:40:00 - [MESSAGE][PASSED] - Delayed 5 second(s)

2017-11-16 11:40:00 - [MESSAGE][PASSED] - Object: 'Object Repository/BEP/AddEmailID' is clicked on

2017-11-16 11:40:05 - [MESSAGE][PASSED] - Delayed 5 second(s)

2017-11-16 11:40:05 - [MESSAGE][PASSED] - Keys 'nagaveni.nipinale@in.pega.com' sent to object: 'Object Repository/BEP/MAILID_XPATH'

2017-11-16 11:40:10 - [MESSAGE][PASSED] - Delayed 5 second(s)

2017-11-16 11:40:10 - [MESSAGE][PASSED] - Object: 'Object Repository/BEP/modal_submit' is clicked on

2017-11-16 11:40:15 - [MESSAGE][PASSED] - Delayed 5 second(s)

2017-11-16 11:40:16 - [MESSAGE][PASSED] - Keys 'Test Automation' sent to object: 'Object Repository/BEP/Email_Subject'

2017-11-16 11:40:16 - [MESSAGE][PASSED] - Scroll to object 'Object Repository/NEXT_BUTTON' successfully

2017-11-16 11:40:16 - [MESSAGE][PASSED] - Object: 'Object Repository/NEXT_BUTTON' is clicked on

2017-11-16 11:40:21 - [MESSAGE][PASSED] - Delayed 5 second(s)

2017-11-16 11:40:22 - [MESSAGE][PASSED] - Scroll to object 'Object Repository/Generic/FINISH_BUTTON' successfully

2017-11-16 11:40:22 - [MESSAGE][PASSED] - Object: 'Object Repository/Generic/FINISH_BUTTON' is clicked on

2017-11-16 11:40:27 - [MESSAGE][PASSED] - Text of object 'Object Repository/BEP/BEPWOID' is: 'BEP-16Nov2017-4'

2017-11-16 11:40:27 - [MESSAGE][PASSED] - com.helper.commonfunct.BEP_CommonMethod.EstimateEmailOutput is PASSED

2017-11-16 11:40:27 - [TEST_STEP][PASSED] - com.helper.commonfunct.BEP_CommonMethod.woid: com.helper.commonfunct.BEP_CommonMethod.woid is PASSED

2017-11-16 11:40:27 - [MESSAGE][PASSED] - Text of object 'Object Repository/BEP/BEPWOID' is: 'BEP-16Nov2017-4'

2017-11-16 11:40:27 - [MESSAGE][PASSED] - com.helper.commonfunct.BEP_CommonMethod.woid is PASSED

2017-11-16 11:40:27 - [TEST_STEP][PASSED] - com.helper.commonfunct.BEP_CommonMethod.WOstatus: com.helper.commonfunct.BEP_CommonMethod.WOstatus is PASSED

2017-11-16 11:40:27 - [MESSAGE][PASSED] - Text of object 'Object Repository/BEP/WOSTATUS' is: 'Pending-RDApproval'

2017-11-16 11:40:27 - [MESSAGE][PASSED] - com.helper.commonfunct.BEP_CommonMethod.WOstatus is PASSED

2017-11-16 11:40:27 - [TEST_STEP][PASSED] - Statement - println(WOID): null

2017-11-16 11:40:27 - [MESSAGE][PASSED] - Call Test Case 'Test Cases/BEP/TC_Create_BEP_EmailOutput' successfully

2017-11-16 11:40:27 - [TEST_STEP][PASSED] - Statement - SendEmail = false: null

2017-11-16 11:40:27 - [TEST_STEP][PASSED] - Statement - CreateECR = false: null

2017-11-16 11:40:27 - [TEST_STEP][PASSED] - callTestCase: Call Test Case 'Test Cases/BEP/All_Approval_Reject' successfully

2017-11-16 11:40:27 - [TEST_CASE][PASSED] - Test Cases/BEP/All_Approval_Reject: Test Cases/BEP/All_Approval_Reject

2017-11-16 11:40:27 - [TEST_STEP][PASSED] - Statement - While (WOSTATUS.contains("Pending")): com.helper.commonfunct.utilities.WOstatus is PASSED

2017-11-16 11:40:27 - [TEST_STEP][PASSED] - Statement - For ([j = 0, j < AssignmentList.size(), (j++)]): com.helper.commonfunct.utilities.WOstatus is PASSED

2017-11-16 11:40:27 - [TEST_STEP][PASSED] - Statement - Status = text: null

2017-11-16 11:40:28 - [TEST_STEP][PASSED] - Statement - println(Status): null

2017-11-16 11:40:28 - [TEST_STEP][PASSED] - Statement - If (WOSTATUS == "Pending-RDApproval"): com.helper.commonfunct.utilities.WOstatus is PASSED

2017-11-16 11:40:28 - [TEST_STEP][PASSED] - Statement - If (RDReject == false): com.helper.commonfunct.utilities.WOstatus is PASSED

2017-11-16 11:40:28 - [TEST_STEP][PASSED] - Statement - If (RouteToRL == true): com.helper.commonfunct.utilities.WOstatus is PASSED

2017-11-16 11:40:28 - [TEST_STEP][PASSED] - com.helper.commonfunct.utilities.login: com.helper.commonfunct.utilities.login is PASSED

2017-11-16 11:40:28 - [MESSAGE][WARNING] - A browser is already opened. Closing browser and opening a new one

2017-11-16 11:40:31 - [MESSAGE][PASSED] - Browser is opened with url: ''

2017-11-16 11:40:32 - [MESSAGE][PASSED] - Navigate to 'https://vtcpqa2.rpega.com:9030/tcpqa/PRServlet' successfully

2017-11-16 11:40:33 - [MESSAGE][PASSED] - Text 'langr1@pegasystems.com' is set on object 'Object Repository/input_UserIdentifier'

2017-11-16 11:40:33 - [MESSAGE][PASSED] - Text 'install' is set on object 'Object Repository/input_Password'

2017-11-16 11:40:36 - [MESSAGE][PASSED] - Keys 'ENTER + ' sent to object: 'Object Repository/input_Password'

2017-11-16 11:40:36 - [MESSAGE][PASSED] - com.helper.commonfunct.utilities.login is PASSED

2017-11-16 11:40:36 - [TEST_STEP][PASSED] - com.helper.commonfunct.utilities.search: com.helper.commonfunct.utilities.search is PASSED

2017-11-16 11:40:37 - [MESSAGE][PASSED] - Current window maximized

2017-11-16 11:40:42 - [MESSAGE][PASSED] - Delayed 5 second(s)

2017-11-16 11:40:42 - [MESSAGE][PASSED] - Text 'BEP-16Nov2017-4' is set on object 'Object Repository/EngInfo/search'

2017-11-16 11:40:47 - [MESSAGE][PASSED] - Delayed 5 second(s)

2017-11-16 11:40:48 - [MESSAGE][PASSED] - Keys 'ENTER + ' sent to object: 'Object Repository/EngInfo/search'

2017-11-16 11:40:53 - [MESSAGE][PASSED] - Delayed 5 second(s)

2017-11-16 11:40:53 - [MESSAGE][PASSED] - com.helper.commonfunct.utilities.search is PASSED

2017-11-16 11:40:53 - [TEST_STEP][PASSED] - com.helper.commonfunct.BEP_CommonMethod.RDapprove: com.helper.commonfunct.BEP_CommonMethod.RDapprove is PASSED

2017-11-16 11:40:58 - [MESSAGE][PASSED] - Delayed 5 second(s)

2017-11-16 11:40:58 - [MESSAGE][WARNING] - Timeout '0' is invalid. Using default page load timeout: '30'

2017-11-16 11:40:59 - [MESSAGE][PASSED] - Object: 'Object Repository/BEP/RDLink' is clicked on

2017-11-16 11:41:04 - [MESSAGE][PASSED] - Delayed 5 second(s)

2017-11-16 11:41:04 - [MESSAGE][PASSED] - Scroll to object 'Object Repository/NEXT_BUTTON' successfully

2017-11-16 11:41:04 - [MESSAGE][PASSED] - Object: 'Object Repository/NEXT_BUTTON' is clicked on

2017-11-16 11:41:09 - [MESSAGE][PASSED] - Delayed 5 second(s)

2017-11-16 11:41:09 - [MESSAGE][WARNING] - Timeout '0' is invalid. Using default page load timeout: '30'

2017-11-16 11:41:10 - [MESSAGE][PASSED] - Scroll to object 'Object Repository/BEP/RD_RLApprove' successfully

2017-11-16 11:41:10 - [MESSAGE][PASSED] - Object: 'Object Repository/BEP/RD_RLApprove' is clicked on

2017-11-16 11:41:15 - [MESSAGE][PASSED] - Delayed 5 second(s)

2017-11-16 11:41:15 - [MESSAGE][PASSED] - Text 'Testing' is set on object 'Object Repository/BEP/BEP_CASENOTES'

2017-11-16 11:41:20 - [MESSAGE][PASSED] - Delayed 5 second(s)

2017-11-16 11:41:20 - [MESSAGE][WARNING] - Timeout '0' is invalid. Using default page load timeout: '30'

2017-11-16 11:41:20 - [MESSAGE][PASSED] - Scroll to object 'Object Repository/BEP/FINISH_ASSIGNMENT' successfully

2017-11-16 11:41:20 - [MESSAGE][PASSED] - Object: 'Object Repository/BEP/FINISH_ASSIGNMENT' is clicked on

2017-11-16 11:41:25 - [MESSAGE][PASSED] - Delayed 5 second(s)

2017-11-16 11:41:25 - [MESSAGE][PASSED] - com.helper.commonfunct.BEP_CommonMethod.RDapprove is PASSED

2017-11-16 11:41:25 - [TEST_STEP][PASSED] - com.helper.commonfunct.utilities.WOstatus: com.helper.commonfunct.utilities.WOstatus is PASSED

2017-11-16 11:41:26 - [MESSAGE][PASSED] - Text of object 'Object Repository/ECR/WOSTATUS' is: 'Pending-RLApproval'

2017-11-16 11:41:26 - [MESSAGE][PASSED] - com.helper.commonfunct.utilities.WOstatus is PASSED

2017-11-16 11:41:26 - [TEST_STEP][PASSED] - Statement - Status = text: null

2017-11-16 11:41:26 - [TEST_STEP][PASSED] - Statement - println(Status): null

2017-11-16 11:41:26 - [TEST_STEP][PASSED] - Statement - If (WOSTATUS == "Pending-RDApproval"): null

2017-11-16 11:41:26 - [TEST_STEP][PASSED] - Statement - Else If (WOSTATUS == "Pending-RLApproval"): com.helper.commonfunct.utilities.WOstatus is PASSED

2017-11-16 11:41:26 - [TEST_STEP][PASSED] - Statement - If (RLReject == false): com.helper.commonfunct.utilities.WOstatus is PASSED

2017-11-16 11:41:26 - [TEST_STEP][PASSED] - com.helper.commonfunct.utilities.login: com.helper.commonfunct.utilities.login is PASSED

2017-11-16 11:41:26 - [MESSAGE][WARNING] - A browser is already opened. Closing browser and opening a new one

2017-11-16 11:41:29 - [MESSAGE][PASSED] - Browser is opened with url: ''

2017-11-16 11:41:30 - [MESSAGE][PASSED] - Navigate to 'https://vtcpqa2.rpega.com:9030/tcpqa/PRServlet' successfully

2017-11-16 11:41:31 - [MESSAGE][PASSED] - Text 'panee@pegasystems.com' is set on object 'Object Repository/input_UserIdentifier'

2017-11-16 11:41:31 - [MESSAGE][PASSED] - Text 'install' is set on object 'Object Repository/input_Password'

2017-11-16 11:41:34 - [MESSAGE][PASSED] - Keys 'ENTER + ' sent to object: 'Object Repository/input_Password'

2017-11-16 11:41:34 - [MESSAGE][PASSED] - com.helper.commonfunct.utilities.login is PASSED

2017-11-16 11:41:34 - [TEST_STEP][PASSED] - com.helper.commonfunct.utilities.search: com.helper.commonfunct.utilities.search is PASSED

2017-11-16 11:41:35 - [MESSAGE][PASSED] - Current window maximized

2017-11-16 11:41:40 - [MESSAGE][PASSED] - Delayed 5 second(s)

2017-11-16 11:41:41 - [MESSAGE][PASSED] - Text 'BEP-16Nov2017-4' is set on object 'Object Repository/EngInfo/search'

2017-11-16 11:41:46 - [MESSAGE][PASSED] - Delayed 5 second(s)

2017-11-16 11:41:46 - [MESSAGE][PASSED] - Keys 'ENTER + ' sent to object: 'Object Repository/EngInfo/search'

2017-11-16 11:41:51 - [MESSAGE][PASSED] - Delayed 5 second(s)

2017-11-16 11:41:51 - [MESSAGE][PASSED] - com.helper.commonfunct.utilities.search is PASSED

2017-11-16 11:41:51 - [TEST_STEP][PASSED] - com.helper.commonfunct.BEP_CommonMethod.RLapprove: com.helper.commonfunct.BEP_CommonMethod.RLapprove is PASSED

2017-11-16 11:41:56 - [MESSAGE][PASSED] - Delayed 5 second(s)

2017-11-16 11:41:56 - [MESSAGE][WARNING] - Timeout '0' is invalid. Using default page load timeout: '30'

2017-11-16 11:41:57 - [MESSAGE][PASSED] - Object: 'Object Repository/BEP/RlLink' is clicked on

2017-11-16 11:42:02 - [MESSAGE][PASSED] - Delayed 5 second(s)

2017-11-16 11:42:03 - [MESSAGE][PASSED] - Scroll to object 'Object Repository/NEXT_BUTTON' successfully

2017-11-16 11:42:03 - [MESSAGE][PASSED] - Object: 'Object Repository/NEXT_BUTTON' is clicked on

2017-11-16 11:42:08 - [MESSAGE][PASSED] - Delayed 5 second(s)

2017-11-16 11:42:08 - [MESSAGE][WARNING] - Timeout '0' is invalid. Using default page load timeout: '30'

2017-11-16 11:42:08 - [MESSAGE][PASSED] - Scroll to object 'Object Repository/BEP/RD_RLApprove' successfully

2017-11-16 11:42:08 - [MESSAGE][PASSED] - Object: 'Object Repository/BEP/RD_RLApprove' is clicked on

2017-11-16 11:42:13 - [MESSAGE][PASSED] - Delayed 5 second(s)

2017-11-16 11:42:14 - [MESSAGE][PASSED] - Text 'Testing' is set on object 'Object Repository/BEP/BEP_CASENOTES'

2017-11-16 11:42:19 - [MESSAGE][PASSED] - Delayed 5 second(s)

2017-11-16 11:42:19 - [MESSAGE][WARNING] - Timeout '0' is invalid. Using default page load timeout: '30'

2017-11-16 11:42:19 - [MESSAGE][PASSED] - Scroll to object 'Object Repository/BEP/FINISH_ASSIGNMENT' successfully

2017-11-16 11:42:19 - [MESSAGE][PASSED] - Object: 'Object Repository/BEP/FINISH_ASSIGNMENT' is clicked on

2017-11-16 11:42:24 - [MESSAGE][PASSED] - Delayed 5 second(s)

2017-11-16 11:42:24 - [MESSAGE][PASSED] - Text of object 'Object Repository/BEP/WOSTATUS' is: 'Pending-EmailCustomer'

2017-11-16 11:42:24 - [MESSAGE][PASSED] - com.helper.commonfunct.BEP_CommonMethod.RLapprove is PASSED

2017-11-16 11:42:24 - [TEST_STEP][PASSED] - com.helper.commonfunct.utilities.WOstatus: com.helper.commonfunct.utilities.WOstatus is PASSED

2017-11-16 11:42:25 - [MESSAGE][PASSED] - Text of object 'Object Repository/ECR/WOSTATUS' is: 'Pending-EmailCustomer'

2017-11-16 11:42:25 - [MESSAGE][PASSED] - com.helper.commonfunct.utilities.WOstatus is PASSED

2017-11-16 11:42:25 - [TEST_STEP][PASSED] - Statement - For ([j = 0, j < AssignmentList.size(), (j++)]): com.helper.commonfunct.utilities.WOstatus is PASSED

2017-11-16 11:42:25 - [TEST_STEP][PASSED] - Statement - Status = text: null

2017-11-16 11:42:25 - [TEST_STEP][PASSED] - Statement - println(Status): null

2017-11-16 11:42:25 - [TEST_STEP][PASSED] - Statement - If (WOSTATUS == "Pending-RDApproval"): null

2017-11-16 11:42:25 - [TEST_STEP][PASSED] - Statement - Else If (WOSTATUS == "Pending-RLApproval"): null

2017-11-16 11:42:25 - [TEST_STEP][PASSED] - Statement - Else If (WOSTATUS == "Pending-Update"): null

2017-11-16 11:42:25 - [TEST_STEP][PASSED] - Statement - Else If (WOSTATUS == "Pending-Meeting"): null

2017-11-16 11:42:25 - [TEST_STEP][PASSED] - Statement - Else If (WOSTATUS == "Pending-EmailCustomer"): com.helper.commonfunct.utilities.WOstatus is PASSED

2017-11-16 11:42:25 - [TEST_STEP][PASSED] - Statement - If (SendEmail == true): null

2017-11-16 11:42:25 - [TEST_STEP][PASSED] - Statement - Else: com.helper.commonfunct.utilities.WOstatus is PASSED

2017-11-16 11:42:25 - [TEST_STEP][PASSED] - com.helper.commonfunct.utilities.login: com.helper.commonfunct.utilities.login is PASSED

2017-11-16 11:42:25 - [MESSAGE][WARNING] - A browser is already opened. Closing browser and opening a new one

2017-11-16 11:42:28 - [MESSAGE][PASSED] - Browser is opened with url: ''

2017-11-16 11:42:29 - [MESSAGE][PASSED] - Navigate to 'https://vtcpqa2.rpega.com:9030/tcpqa/PRServlet' successfully

2017-11-16 11:42:30 - [MESSAGE][PASSED] - Text 'hendj@pegasystems.com' is set on object 'Object Repository/input_UserIdentifier'

2017-11-16 11:42:30 - [MESSAGE][PASSED] - Text 'install' is set on object 'Object Repository/input_Password'

2017-11-16 11:42:33 - [MESSAGE][PASSED] - Keys 'ENTER + ' sent to object: 'Object Repository/input_Password'

2017-11-16 11:42:33 - [MESSAGE][PASSED] - com.helper.commonfunct.utilities.login is PASSED

2017-11-16 11:42:33 - [TEST_STEP][PASSED] - com.helper.commonfunct.utilities.search: com.helper.commonfunct.utilities.search is PASSED

2017-11-16 11:42:34 - [MESSAGE][PASSED] - Current window maximized

2017-11-16 11:42:39 - [MESSAGE][PASSED] - Delayed 5 second(s)

2017-11-16 11:42:40 - [MESSAGE][PASSED] - Text 'BEP-16Nov2017-4' is set on object 'Object Repository/EngInfo/search'

2017-11-16 11:42:45 - [MESSAGE][PASSED] - Delayed 5 second(s)

2017-11-16 11:42:45 - [MESSAGE][PASSED] - Keys 'ENTER + ' sent to object: 'Object Repository/EngInfo/search'

2017-11-16 11:42:50 - [MESSAGE][PASSED] - Delayed 5 second(s)

2017-11-16 11:42:50 - [MESSAGE][PASSED] - com.helper.commonfunct.utilities.search is PASSED

2017-11-16 11:42:50 - [TEST_STEP][PASSED] - com.helper.commonfunct.BEP_CommonMethod.SkipEmail: com.helper.commonfunct.BEP_CommonMethod.SkipEmail is PASSED

2017-11-16 11:42:55 - [MESSAGE][PASSED] - Delayed 5 second(s)

2017-11-16 11:42:55 - [MESSAGE][WARNING] - Timeout '0' is invalid. Using default page load timeout: '30'

2017-11-16 11:42:56 - [MESSAGE][PASSED] - Object: 'Object Repository/BEP/SendCustomerEmail' is clicked on

2017-11-16 11:43:01 - [MESSAGE][PASSED] - Delayed 5 second(s)

2017-11-16 11:43:02 - [MESSAGE][PASSED] - Object: 'Object Repository/BEP/SKIP_EMAIL_XPATH' is clicked on

2017-11-16 11:43:07 - [MESSAGE][PASSED] - Delayed 5 second(s)

2017-11-16 11:43:07 - [MESSAGE][PASSED] - Keys 'testing' sent to object: 'Object Repository/BEP/DispositionReason'

2017-11-16 11:43:12 - [MESSAGE][PASSED] - Delayed 5 second(s)

2017-11-16 11:43:12 - [MESSAGE][PASSED] - All options with value 'RFP in process' are selected in object 'Object Repository/BEP/ReasonCode' 

2017-11-16 11:43:17 - [MESSAGE][PASSED] - Delayed 5 second(s)

2017-11-16 11:43:17 - [MESSAGE][PASSED] - Object: 'Object Repository/BEP/test' is clicked on

2017-11-16 11:43:22 - [MESSAGE][PASSED] - Delayed 5 second(s)

2017-11-16 11:43:23 - [MESSAGE][PASSED] - Object: 'Object Repository/BEP/Modal_OK' is clicked on

2017-11-16 11:43:28 - [MESSAGE][PASSED] - Delayed 5 second(s)

2017-11-16 11:43:28 - [MESSAGE][PASSED] - com.helper.commonfunct.BEP_CommonMethod.SkipEmail is PASSED

2017-11-16 11:43:28 - [TEST_STEP][PASSED] - com.helper.commonfunct.utilities.WOstatus: com.helper.commonfunct.utilities.WOstatus is PASSED

2017-11-16 11:43:29 - [MESSAGE][PASSED] - Text of object 'Object Repository/ECR/WOSTATUS' is: 'Resolved-Approved'

2017-11-16 11:43:29 - [MESSAGE][PASSED] - com.helper.commonfunct.utilities.WOstatus is PASSED

2017-11-16 11:43:29 - [MESSAGE][PASSED] - Call Test Case 'Test Cases/BEP/All_Approval_Reject' successfully]]></system-out>
         <system-err><![CDATA[]]></system-err>
      </testcase>
      <testcase name="Test Cases/BEP/TC_CreateBEP_NoroutingToRL" classname="Test Cases/BEP/TC_CreateBEP_NoroutingToRL" status="PASSED">
         <system-out><![CDATA[2017-11-16 11:43:29 - [TEST_CASE][PASSED] - Test Cases/BEP/TC_CreateBEP_NoroutingToRL: Test Cases/BEP/TC_CreateBEP_NoroutingToRL

2017-11-16 11:43:29 - [TEST_STEP][PASSED] - callTestCase: Call Test Case 'Test Cases/BEP/TC_Create_BEP_NoOutput' successfully

2017-11-16 11:43:29 - [TEST_CASE][PASSED] - Test Cases/BEP/TC_Create_BEP_NoOutput: Test Cases/BEP/TC_Create_BEP_NoOutput

2017-11-16 11:43:29 - [TEST_STEP][PASSED] - com.helper.commonfunct.utilities.login: com.helper.commonfunct.utilities.login is PASSED

2017-11-16 11:43:29 - [MESSAGE][WARNING] - A browser is already opened. Closing browser and opening a new one

2017-11-16 11:43:33 - [MESSAGE][PASSED] - Browser is opened with url: ''

2017-11-16 11:43:34 - [MESSAGE][PASSED] - Navigate to 'https://vtcpqa2.rpega.com:9030/tcpqa/PRServlet' successfully

2017-11-16 11:43:34 - [MESSAGE][PASSED] - Text 'hendj@pegasystems.com' is set on object 'Object Repository/input_UserIdentifier'

2017-11-16 11:43:35 - [MESSAGE][PASSED] - Text 'install' is set on object 'Object Repository/input_Password'

2017-11-16 11:43:38 - [MESSAGE][PASSED] - Keys 'ENTER + ' sent to object: 'Object Repository/input_Password'

2017-11-16 11:43:38 - [MESSAGE][PASSED] - com.helper.commonfunct.utilities.login is PASSED

2017-11-16 11:43:38 - [TEST_STEP][PASSED] - com.helper.commonfunct.BEP_CommonMethod.EstimateNoOutput: com.helper.commonfunct.BEP_CommonMethod.EstimateNoOutput is PASSED

2017-11-16 11:43:38 - [MESSAGE][PASSED] - Object: 'Object Repository/Generic/a_Actions' is clicked on

2017-11-16 11:43:41 - [MESSAGE][PASSED] - Object: 'Object Repository/span_New' is focused

2017-11-16 11:43:44 - [MESSAGE][PASSED] - Object: 'Object Repository/BEP/EstimateLink' is clicked on

2017-11-16 11:43:49 - [MESSAGE][PASSED] - Delayed 5 second(s)

2017-11-16 11:43:49 - [MESSAGE][WARNING] - Timeout '0' is invalid. Using default page load timeout: '30'

2017-11-16 11:43:49 - [MESSAGE][PASSED] - Object 'Object Repository/BEP/import' is visible

2017-11-16 11:43:49 - [MESSAGE][PASSED] - Object: 'Object Repository/BEP/import' is clicked on

2017-11-16 11:43:54 - [MESSAGE][PASSED] - Delayed 5 second(s)

2017-11-16 11:43:55 - [MESSAGE][PASSED] - File 'C:\EStimate.xlsm' sent to object: 'Object Repository/input_PpyWorkPageppyFilePath'

2017-11-16 11:44:00 - [MESSAGE][PASSED] - Delayed 5 second(s)

2017-11-16 11:44:03 - [MESSAGE][PASSED] - Object: 'Object Repository/button_Submit' is clicked on

2017-11-16 11:44:13 - [MESSAGE][PASSED] - Delayed 10 second(s)

2017-11-16 11:44:13 - [MESSAGE][PASSED] - Text 'BOFA' is set on object 'Object Repository/Generic/ORG'

2017-11-16 11:44:18 - [MESSAGE][PASSED] - Delayed 5 second(s)

2017-11-16 11:44:18 - [MESSAGE][PASSED] - Keys 'TAB + ' sent to object: 'Object Repository/Generic/ORG'

2017-11-16 11:44:23 - [MESSAGE][PASSED] - Delayed 5 second(s)

2017-11-16 11:44:23 - [MESSAGE][PASSED] - Text 'BOFA' is set on object 'Object Repository/Generic/ACC'

2017-11-16 11:44:28 - [MESSAGE][PASSED] - Delayed 5 second(s)

2017-11-16 11:44:28 - [MESSAGE][PASSED] - Keys 'TAB + ' sent to object: 'Object Repository/Generic/ACC'

2017-11-16 11:44:33 - [MESSAGE][PASSED] - Delayed 5 second(s)

2017-11-16 11:44:34 - [MESSAGE][PASSED] - Text 'AUTOTEST1' is set on object 'Object Repository/Generic/ENG_DESC'

2017-11-16 11:44:39 - [MESSAGE][PASSED] - Delayed 5 second(s)

2017-11-16 11:44:39 - [MESSAGE][PASSED] - Object: 'Object Repository/Generic/PlatformID' is clicked on

2017-11-16 11:44:44 - [MESSAGE][PASSED] - Delayed 5 second(s)

2017-11-16 11:44:44 - [MESSAGE][PASSED] - Keys 'AMPchroma' sent to object: 'Object Repository/Generic/PlatformID'

2017-11-16 11:44:49 - [MESSAGE][PASSED] - Delayed 5 second(s)

2017-11-16 11:44:50 - [MESSAGE][PASSED] - Object: 'Object Repository/Generic/PlatformVersion' is clicked on

2017-11-16 11:44:55 - [MESSAGE][PASSED] - Delayed 5 second(s)

2017-11-16 11:44:55 - [MESSAGE][PASSED] - Keys 'N/A' sent to object: 'Object Repository/Generic/PlatformVersion'

2017-11-16 11:45:00 - [MESSAGE][PASSED] - Delayed 5 second(s)

2017-11-16 11:45:00 - [MESSAGE][PASSED] - Scroll to object 'Object Repository/BEP/MorethanOneRLSNO' successfully

2017-11-16 11:45:00 - [MESSAGE][PASSED] - Object: 'Object Repository/BEP/MorethanOneRLSNO' is clicked on

2017-11-16 11:45:05 - [MESSAGE][PASSED] - Delayed 5 second(s)

2017-11-16 11:45:06 - [MESSAGE][PASSED] - Object: 'Object Repository/Generic/PlatformTrue' is clicked on

2017-11-16 11:45:11 - [MESSAGE][PASSED] - Delayed 5 second(s)

2017-11-16 11:45:16 - [MESSAGE][PASSED] - Delayed 5 second(s)

2017-11-16 11:45:16 - [MESSAGE][PASSED] - Object: 'Object Repository/EngInfo/PL' is clicked on

2017-11-16 11:45:21 - [MESSAGE][PASSED] - Delayed 5 second(s)

2017-11-16 11:45:21 - [MESSAGE][PASSED] - Keys 'Jeff Henderson ' sent to object: 'Object Repository/EngInfo/PL'

2017-11-16 11:45:26 - [MESSAGE][PASSED] - Delayed 5 second(s)

2017-11-16 11:45:27 - [MESSAGE][PASSED] - Object: 'Object Repository/EngInfo/PLTL' is clicked on

2017-11-16 11:45:32 - [MESSAGE][PASSED] - Delayed 5 second(s)

2017-11-16 11:45:32 - [MESSAGE][PASSED] - Keys 'Robert Higgins' sent to object: 'Object Repository/EngInfo/PLTL'

2017-11-16 11:45:37 - [MESSAGE][PASSED] - Delayed 5 second(s)

2017-11-16 11:45:37 - [MESSAGE][PASSED] - Object: 'Object Repository/EngInfo/RL' is clicked on

2017-11-16 11:45:42 - [MESSAGE][PASSED] - Delayed 5 second(s)

2017-11-16 11:45:42 - [MESSAGE][PASSED] - Keys 'Eric Panepinto' sent to object: 'Object Repository/EngInfo/RL'

2017-11-16 11:45:47 - [MESSAGE][PASSED] - Delayed 5 second(s)

2017-11-16 11:45:48 - [MESSAGE][PASSED] - Object: 'Object Repository/EngInfo/RD' is clicked on

2017-11-16 11:45:53 - [MESSAGE][PASSED] - Delayed 5 second(s)

2017-11-16 11:45:53 - [MESSAGE][PASSED] - Keys 'Robert Lang' sent to object: 'Object Repository/EngInfo/RD'

2017-11-16 11:45:58 - [MESSAGE][PASSED] - Delayed 5 second(s)

2017-11-16 11:45:58 - [MESSAGE][PASSED] - Scroll to object 'Object Repository/NEXT_BUTTON' successfully

2017-11-16 11:45:59 - [MESSAGE][PASSED] - Object: 'Object Repository/NEXT_BUTTON' is clicked on

2017-11-16 11:46:01 - [MESSAGE][PASSED] - Text '12' is set on object 'Object Repository/BEP/DurationLow'

2017-11-16 11:46:06 - [MESSAGE][PASSED] - Delayed 5 second(s)

2017-11-16 11:46:06 - [MESSAGE][PASSED] - Keys 'TAB + ' sent to object: 'Object Repository/BEP/DurationLow'

2017-11-16 11:46:11 - [MESSAGE][PASSED] - Delayed 5 second(s)

2017-11-16 11:46:11 - [MESSAGE][PASSED] - Text '12' is set on object 'Object Repository/BEP/DurationHigh'

2017-11-16 11:46:16 - [MESSAGE][PASSED] - Delayed 5 second(s)

2017-11-16 11:46:16 - [MESSAGE][PASSED] - Keys 'TAB + ' sent to object: 'Object Repository/BEP/DurationHigh'

2017-11-16 11:46:21 - [MESSAGE][PASSED] - Delayed 5 second(s)

2017-11-16 11:46:22 - [MESSAGE][PASSED] - Text '12' is set on object 'Object Repository/BEP/PartnerHoursLow'

2017-11-16 11:46:27 - [MESSAGE][PASSED] - Delayed 5 second(s)

2017-11-16 11:46:27 - [MESSAGE][PASSED] - Keys 'TAB + ' sent to object: 'Object Repository/BEP/PartnerHoursLow'

2017-11-16 11:46:32 - [MESSAGE][PASSED] - Delayed 5 second(s)

2017-11-16 11:46:32 - [MESSAGE][PASSED] - Text '12' is set on object 'Object Repository/BEP/PartnerHoursHigh'

2017-11-16 11:46:37 - [MESSAGE][PASSED] - Delayed 5 second(s)

2017-11-16 11:46:38 - [MESSAGE][PASSED] - Object: 'Object Repository/BEP/EstimationMethod' is clicked on

2017-11-16 11:46:43 - [MESSAGE][PASSED] - Delayed 5 second(s)

2017-11-16 11:46:44 - [MESSAGE][PASSED] - Keys 'BSW' sent to object: 'Object Repository/BEP/EstimationMethod'

2017-11-16 11:46:49 - [MESSAGE][PASSED] - Delayed 5 second(s)

2017-11-16 11:46:49 - [MESSAGE][PASSED] - Object: 'Object Repository/BEP/routeToRL' is clicked on

2017-11-16 11:46:54 - [MESSAGE][PASSED] - Delayed 5 second(s)

2017-11-16 11:46:54 - [MESSAGE][PASSED] - Scroll to object 'Object Repository/NEXT_BUTTON' successfully

2017-11-16 11:46:55 - [MESSAGE][PASSED] - Object: 'Object Repository/NEXT_BUTTON' is clicked on

2017-11-16 11:47:00 - [MESSAGE][PASSED] - Delayed 5 second(s)

2017-11-16 11:47:01 - [MESSAGE][PASSED] - Object: 'Object Repository/BEP/BEPoutput' is clicked on

2017-11-16 11:47:06 - [MESSAGE][PASSED] - Delayed 5 second(s)

2017-11-16 11:47:06 - [MESSAGE][PASSED] - All options with value 'RFP in process' are selected in object 'Object Repository/BEP/ReasonCode' 

2017-11-16 11:47:07 - [MESSAGE][PASSED] - Scroll to object 'Object Repository/NEXT_BUTTON' successfully

2017-11-16 11:47:07 - [MESSAGE][PASSED] - Object: 'Object Repository/NEXT_BUTTON' is clicked on

2017-11-16 11:47:10 - [MESSAGE][PASSED] - Scroll to object 'Object Repository/Generic/FINISH_BUTTON' successfully

2017-11-16 11:47:15 - [MESSAGE][PASSED] - Object: 'Object Repository/Generic/FINISH_BUTTON' is clicked on

2017-11-16 11:47:20 - [MESSAGE][PASSED] - Delayed 5 second(s)

2017-11-16 11:47:21 - [MESSAGE][PASSED] - Text of object 'Object Repository/BEP/BEPWOID' is: 'BEP-16Nov2017-5'

2017-11-16 11:47:21 - [MESSAGE][PASSED] - com.helper.commonfunct.BEP_CommonMethod.EstimateNoOutput is PASSED

2017-11-16 11:47:21 - [TEST_STEP][PASSED] - com.helper.commonfunct.BEP_CommonMethod.woid: com.helper.commonfunct.BEP_CommonMethod.woid is PASSED

2017-11-16 11:47:21 - [MESSAGE][PASSED] - Text of object 'Object Repository/BEP/BEPWOID' is: 'BEP-16Nov2017-5'

2017-11-16 11:47:21 - [MESSAGE][PASSED] - com.helper.commonfunct.BEP_CommonMethod.woid is PASSED

2017-11-16 11:47:21 - [TEST_STEP][PASSED] - com.helper.commonfunct.BEP_CommonMethod.WOstatus: com.helper.commonfunct.BEP_CommonMethod.WOstatus is PASSED

2017-11-16 11:47:21 - [MESSAGE][PASSED] - Text of object 'Object Repository/BEP/WOSTATUS' is: 'Pending-RDApproval'

2017-11-16 11:47:21 - [MESSAGE][PASSED] - com.helper.commonfunct.BEP_CommonMethod.WOstatus is PASSED

2017-11-16 11:47:21 - [MESSAGE][PASSED] - Call Test Case 'Test Cases/BEP/TC_Create_BEP_NoOutput' successfully

2017-11-16 11:47:21 - [TEST_STEP][NOT_RUN] - Statement - RDReject = 1: NOT_RUN: Statement - RDReject = 1

2017-11-16 11:47:21 - [MESSAGE][NOT_RUN] - NOT_RUN: Statement - RDReject = 1

2017-11-16 11:47:21 - [TEST_STEP][PASSED] - Statement - RouteToRL = false: null

2017-11-16 11:47:21 - [TEST_STEP][PASSED] - callTestCase: Call Test Case 'Test Cases/BEP/All_Approval_Reject' successfully

2017-11-16 11:47:21 - [TEST_CASE][PASSED] - Test Cases/BEP/All_Approval_Reject: Test Cases/BEP/All_Approval_Reject

2017-11-16 11:47:21 - [TEST_STEP][PASSED] - Statement - While (WOSTATUS.contains("Pending")): com.helper.commonfunct.utilities.WOstatus is PASSED

2017-11-16 11:47:21 - [TEST_STEP][PASSED] - Statement - For ([j = 0, j < AssignmentList.size(), (j++)]): com.helper.commonfunct.utilities.WOstatus is PASSED

2017-11-16 11:47:21 - [TEST_STEP][PASSED] - Statement - Status = text: null

2017-11-16 11:47:21 - [TEST_STEP][PASSED] - Statement - println(Status): null

2017-11-16 11:47:21 - [TEST_STEP][PASSED] - Statement - If (WOSTATUS == "Pending-RDApproval"): com.helper.commonfunct.utilities.WOstatus is PASSED

2017-11-16 11:47:21 - [TEST_STEP][PASSED] - Statement - If (RDReject == false): com.helper.commonfunct.utilities.WOstatus is PASSED

2017-11-16 11:47:21 - [TEST_STEP][PASSED] - Statement - If (RouteToRL == true): null

2017-11-16 11:47:21 - [TEST_STEP][PASSED] - Statement - Else: com.helper.commonfunct.utilities.WOstatus is PASSED

2017-11-16 11:47:21 - [TEST_STEP][PASSED] - com.helper.commonfunct.utilities.login: com.helper.commonfunct.utilities.login is PASSED

2017-11-16 11:47:21 - [MESSAGE][WARNING] - A browser is already opened. Closing browser and opening a new one

2017-11-16 11:47:26 - [MESSAGE][PASSED] - Browser is opened with url: ''

2017-11-16 11:47:26 - [MESSAGE][PASSED] - Navigate to 'https://vtcpqa2.rpega.com:9030/tcpqa/PRServlet' successfully

2017-11-16 11:47:27 - [MESSAGE][PASSED] - Text 'langr1@pegasystems.com' is set on object 'Object Repository/input_UserIdentifier'

2017-11-16 11:47:28 - [MESSAGE][PASSED] - Text 'install' is set on object 'Object Repository/input_Password'

2017-11-16 11:47:32 - [MESSAGE][PASSED] - Keys 'ENTER + ' sent to object: 'Object Repository/input_Password'

2017-11-16 11:47:32 - [MESSAGE][PASSED] - com.helper.commonfunct.utilities.login is PASSED

2017-11-16 11:47:32 - [TEST_STEP][PASSED] - com.helper.commonfunct.utilities.search: com.helper.commonfunct.utilities.search is PASSED

2017-11-16 11:47:33 - [MESSAGE][PASSED] - Current window maximized

2017-11-16 11:47:38 - [MESSAGE][PASSED] - Delayed 5 second(s)

2017-11-16 11:47:39 - [MESSAGE][PASSED] - Text 'BEP-16Nov2017-5' is set on object 'Object Repository/EngInfo/search'

2017-11-16 11:47:44 - [MESSAGE][PASSED] - Delayed 5 second(s)

2017-11-16 11:47:44 - [MESSAGE][PASSED] - Keys 'ENTER + ' sent to object: 'Object Repository/EngInfo/search'

2017-11-16 11:47:49 - [MESSAGE][PASSED] - Delayed 5 second(s)

2017-11-16 11:47:49 - [MESSAGE][PASSED] - com.helper.commonfunct.utilities.search is PASSED

2017-11-16 11:47:49 - [TEST_STEP][PASSED] - com.helper.commonfunct.BEP_CommonMethod.noToRL: com.helper.commonfunct.BEP_CommonMethod.noToRL is PASSED

2017-11-16 11:47:54 - [MESSAGE][PASSED] - Delayed 5 second(s)

2017-11-16 11:47:54 - [MESSAGE][WARNING] - Timeout '0' is invalid. Using default page load timeout: '30'

2017-11-16 11:47:55 - [MESSAGE][PASSED] - Object: 'Object Repository/BEP/RDLink' is clicked on

2017-11-16 11:48:00 - [MESSAGE][PASSED] - Delayed 5 second(s)

2017-11-16 11:48:00 - [MESSAGE][PASSED] - Scroll to object 'Object Repository/NEXT_BUTTON' successfully

2017-11-16 11:48:05 - [MESSAGE][PASSED] - Delayed 5 second(s)

2017-11-16 11:48:06 - [MESSAGE][PASSED] - Object: 'Object Repository/BEP/routeNoTORL' is clicked on

2017-11-16 11:48:11 - [MESSAGE][PASSED] - Delayed 5 second(s)

2017-11-16 11:48:11 - [MESSAGE][PASSED] - Object: 'Object Repository/NEXT_BUTTON' is clicked on

2017-11-16 11:48:16 - [MESSAGE][PASSED] - Delayed 5 second(s)

2017-11-16 11:48:17 - [MESSAGE][PASSED] - Object: 'Object Repository/BEP/RD_RLApprove' is clicked on

2017-11-16 11:48:22 - [MESSAGE][PASSED] - Delayed 5 second(s)

2017-11-16 11:48:22 - [MESSAGE][PASSED] - Text 'Testing' is set on object 'Object Repository/BEP/BEP_CASENOTES'

2017-11-16 11:48:27 - [MESSAGE][PASSED] - Delayed 5 second(s)

2017-11-16 11:48:27 - [MESSAGE][WARNING] - Timeout '0' is invalid. Using default page load timeout: '30'

2017-11-16 11:48:27 - [MESSAGE][PASSED] - Scroll to object 'Object Repository/BEP/FINISH_ASSIGNMENT' successfully

2017-11-16 11:48:28 - [MESSAGE][PASSED] - Object: 'Object Repository/BEP/FINISH_ASSIGNMENT' is clicked on

2017-11-16 11:48:33 - [MESSAGE][PASSED] - Delayed 5 second(s)

2017-11-16 11:48:33 - [MESSAGE][PASSED] - com.helper.commonfunct.BEP_CommonMethod.noToRL is PASSED

2017-11-16 11:48:33 - [TEST_STEP][PASSED] - com.helper.commonfunct.utilities.WOstatus: com.helper.commonfunct.utilities.WOstatus is PASSED

2017-11-16 11:48:34 - [MESSAGE][PASSED] - Text of object 'Object Repository/ECR/WOSTATUS' is: 'Resolved-Approved'

2017-11-16 11:48:34 - [MESSAGE][PASSED] - com.helper.commonfunct.utilities.WOstatus is PASSED

2017-11-16 11:48:34 - [MESSAGE][PASSED] - Call Test Case 'Test Cases/BEP/All_Approval_Reject' successfully]]></system-out>
         <system-err><![CDATA[]]></system-err>
      </testcase>
      <testcase name="Test Cases/BEP/TC_Create_BEP_EmailOutput" classname="Test Cases/BEP/TC_Create_BEP_EmailOutput" status="PASSED">
         <system-out><![CDATA[2017-11-16 11:48:34 - [TEST_CASE][PASSED] - Test Cases/BEP/TC_Create_BEP_EmailOutput: Test Cases/BEP/TC_Create_BEP_EmailOutput

2017-11-16 11:48:34 - [TEST_STEP][PASSED] - com.helper.commonfunct.utilities.login: com.helper.commonfunct.utilities.login is PASSED

2017-11-16 11:48:34 - [MESSAGE][WARNING] - A browser is already opened. Closing browser and opening a new one

2017-11-16 11:48:39 - [MESSAGE][PASSED] - Browser is opened with url: ''

2017-11-16 11:48:40 - [MESSAGE][PASSED] - Navigate to 'https://vtcpqa2.rpega.com:9030/tcpqa/PRServlet' successfully

2017-11-16 11:48:41 - [MESSAGE][PASSED] - Text 'hendj@pegasystems.com' is set on object 'Object Repository/input_UserIdentifier'

2017-11-16 11:48:42 - [MESSAGE][PASSED] - Text 'install' is set on object 'Object Repository/input_Password'

2017-11-16 11:48:47 - [MESSAGE][PASSED] - Keys 'ENTER + ' sent to object: 'Object Repository/input_Password'

2017-11-16 11:48:47 - [MESSAGE][PASSED] - com.helper.commonfunct.utilities.login is PASSED

2017-11-16 11:48:47 - [TEST_STEP][PASSED] - com.helper.commonfunct.BEP_CommonMethod.EstimateEmailOutput: com.helper.commonfunct.BEP_CommonMethod.EstimateEmailOutput is PASSED

2017-11-16 11:48:48 - [MESSAGE][PASSED] - Object: 'Object Repository/Generic/a_Actions' is clicked on

2017-11-16 11:48:50 - [MESSAGE][PASSED] - Object: 'Object Repository/span_New' is focused

2017-11-16 11:48:54 - [MESSAGE][PASSED] - Object: 'Object Repository/BEP/EstimateLink' is clicked on

2017-11-16 11:49:00 - [MESSAGE][PASSED] - Delayed 5 second(s)

2017-11-16 11:49:00 - [MESSAGE][WARNING] - Timeout '0' is invalid. Using default page load timeout: '30'

2017-11-16 11:49:00 - [MESSAGE][PASSED] - Object 'Object Repository/BEP/import' is visible

2017-11-16 11:49:00 - [MESSAGE][PASSED] - Object: 'Object Repository/BEP/import' is clicked on

2017-11-16 11:49:05 - [MESSAGE][PASSED] - Delayed 5 second(s)

2017-11-16 11:49:05 - [MESSAGE][PASSED] - File 'C:\EStimate.xlsm' sent to object: 'Object Repository/input_PpyWorkPageppyFilePath'

2017-11-16 11:49:10 - [MESSAGE][PASSED] - Delayed 5 second(s)

2017-11-16 11:49:13 - [MESSAGE][PASSED] - Object: 'Object Repository/button_Submit' is clicked on

2017-11-16 11:49:23 - [MESSAGE][PASSED] - Delayed 10 second(s)

2017-11-16 11:49:24 - [MESSAGE][PASSED] - Text 'BOFA' is set on object 'Object Repository/Generic/ORG'

2017-11-16 11:49:29 - [MESSAGE][PASSED] - Delayed 5 second(s)

2017-11-16 11:49:29 - [MESSAGE][PASSED] - Keys 'TAB + ' sent to object: 'Object Repository/Generic/ORG'

2017-11-16 11:49:34 - [MESSAGE][PASSED] - Delayed 5 second(s)

2017-11-16 11:49:35 - [MESSAGE][PASSED] - Text 'BOFA' is set on object 'Object Repository/Generic/ACC'

2017-11-16 11:49:40 - [MESSAGE][PASSED] - Delayed 5 second(s)

2017-11-16 11:49:41 - [MESSAGE][PASSED] - Keys 'TAB + ' sent to object: 'Object Repository/Generic/ACC'

2017-11-16 11:49:46 - [MESSAGE][PASSED] - Delayed 5 second(s)

2017-11-16 11:49:47 - [MESSAGE][PASSED] - Text 'AUTOTEST1' is set on object 'Object Repository/Generic/ENG_DESC'

2017-11-16 11:49:52 - [MESSAGE][PASSED] - Delayed 5 second(s)

2017-11-16 11:49:52 - [MESSAGE][PASSED] - Object: 'Object Repository/Generic/PlatformID' is clicked on

2017-11-16 11:49:57 - [MESSAGE][PASSED] - Delayed 5 second(s)

2017-11-16 11:49:57 - [MESSAGE][PASSED] - Keys 'AMPchroma' sent to object: 'Object Repository/Generic/PlatformID'

2017-11-16 11:50:02 - [MESSAGE][PASSED] - Delayed 5 second(s)

2017-11-16 11:50:03 - [MESSAGE][PASSED] - Object: 'Object Repository/Generic/PlatformVersion' is clicked on

2017-11-16 11:50:08 - [MESSAGE][PASSED] - Delayed 5 second(s)

2017-11-16 11:50:08 - [MESSAGE][PASSED] - Keys 'N/A' sent to object: 'Object Repository/Generic/PlatformVersion'

2017-11-16 11:50:13 - [MESSAGE][PASSED] - Delayed 5 second(s)

2017-11-16 11:50:13 - [MESSAGE][PASSED] - Scroll to object 'Object Repository/BEP/MorethanOneRLSNO' successfully

2017-11-16 11:50:13 - [MESSAGE][PASSED] - Object: 'Object Repository/BEP/MorethanOneRLSNO' is clicked on

2017-11-16 11:50:18 - [MESSAGE][PASSED] - Delayed 5 second(s)

2017-11-16 11:50:18 - [MESSAGE][PASSED] - Object: 'Object Repository/Generic/PlatformTrue' is clicked on

2017-11-16 11:50:23 - [MESSAGE][PASSED] - Delayed 5 second(s)

2017-11-16 11:50:28 - [MESSAGE][PASSED] - Delayed 5 second(s)

2017-11-16 11:50:29 - [MESSAGE][PASSED] - Object: 'Object Repository/EngInfo/PL' is clicked on

2017-11-16 11:50:34 - [MESSAGE][PASSED] - Delayed 5 second(s)

2017-11-16 11:50:34 - [MESSAGE][PASSED] - Keys 'Jeff Henderson ' sent to object: 'Object Repository/EngInfo/PL'

2017-11-16 11:50:39 - [MESSAGE][PASSED] - Delayed 5 second(s)

2017-11-16 11:50:39 - [MESSAGE][PASSED] - Object: 'Object Repository/EngInfo/PLTL' is clicked on

2017-11-16 11:50:44 - [MESSAGE][PASSED] - Delayed 5 second(s)

2017-11-16 11:50:45 - [MESSAGE][PASSED] - Keys 'Robert Higgins' sent to object: 'Object Repository/EngInfo/PLTL'

2017-11-16 11:50:50 - [MESSAGE][PASSED] - Delayed 5 second(s)

2017-11-16 11:50:50 - [MESSAGE][PASSED] - Object: 'Object Repository/EngInfo/RL' is clicked on

2017-11-16 11:50:55 - [MESSAGE][PASSED] - Delayed 5 second(s)

2017-11-16 11:50:56 - [MESSAGE][PASSED] - Keys 'Eric Panepinto' sent to object: 'Object Repository/EngInfo/RL'

2017-11-16 11:51:01 - [MESSAGE][PASSED] - Delayed 5 second(s)

2017-11-16 11:51:01 - [MESSAGE][PASSED] - Object: 'Object Repository/EngInfo/RD' is clicked on

2017-11-16 11:51:06 - [MESSAGE][PASSED] - Delayed 5 second(s)

2017-11-16 11:51:06 - [MESSAGE][PASSED] - Keys 'Robert Lang' sent to object: 'Object Repository/EngInfo/RD'

2017-11-16 11:51:11 - [MESSAGE][PASSED] - Delayed 5 second(s)

2017-11-16 11:51:12 - [MESSAGE][PASSED] - Scroll to object 'Object Repository/NEXT_BUTTON' successfully

2017-11-16 11:51:12 - [MESSAGE][PASSED] - Object: 'Object Repository/NEXT_BUTTON' is clicked on

2017-11-16 11:51:17 - [MESSAGE][PASSED] - Delayed 5 second(s)

2017-11-16 11:51:17 - [MESSAGE][PASSED] - Text '12' is set on object 'Object Repository/BEP/DurationLow'

2017-11-16 11:51:22 - [MESSAGE][PASSED] - Delayed 5 second(s)

2017-11-16 11:51:22 - [MESSAGE][PASSED] - Keys 'TAB + ' sent to object: 'Object Repository/BEP/DurationLow'

2017-11-16 11:51:27 - [MESSAGE][PASSED] - Delayed 5 second(s)

2017-11-16 11:51:27 - [MESSAGE][PASSED] - Text '12' is set on object 'Object Repository/BEP/DurationHigh'

2017-11-16 11:51:32 - [MESSAGE][PASSED] - Delayed 5 second(s)

2017-11-16 11:51:33 - [MESSAGE][PASSED] - Keys 'TAB + ' sent to object: 'Object Repository/BEP/DurationHigh'

2017-11-16 11:51:38 - [MESSAGE][PASSED] - Delayed 5 second(s)

2017-11-16 11:51:38 - [MESSAGE][PASSED] - Text '12' is set on object 'Object Repository/BEP/PartnerHoursLow'

2017-11-16 11:51:43 - [MESSAGE][PASSED] - Delayed 5 second(s)

2017-11-16 11:51:43 - [MESSAGE][PASSED] - Keys 'TAB + ' sent to object: 'Object Repository/BEP/PartnerHoursLow'

2017-11-16 11:51:48 - [MESSAGE][PASSED] - Delayed 5 second(s)

2017-11-16 11:51:48 - [MESSAGE][PASSED] - Text '12' is set on object 'Object Repository/BEP/PartnerHoursHigh'

2017-11-16 11:51:53 - [MESSAGE][PASSED] - Delayed 5 second(s)

2017-11-16 11:51:53 - [MESSAGE][PASSED] - Object: 'Object Repository/BEP/EstimationMethod' is clicked on

2017-11-16 11:51:58 - [MESSAGE][PASSED] - Delayed 5 second(s)

2017-11-16 11:51:59 - [MESSAGE][PASSED] - Keys 'BSW' sent to object: 'Object Repository/BEP/EstimationMethod'

2017-11-16 11:52:04 - [MESSAGE][PASSED] - Delayed 5 second(s)

2017-11-16 11:52:04 - [MESSAGE][PASSED] - Object: 'Object Repository/BEP/routeToRL' is clicked on

2017-11-16 11:52:09 - [MESSAGE][PASSED] - Delayed 5 second(s)

2017-11-16 11:52:09 - [MESSAGE][PASSED] - Scroll to object 'Object Repository/NEXT_BUTTON' successfully

2017-11-16 11:52:10 - [MESSAGE][PASSED] - Object: 'Object Repository/NEXT_BUTTON' is clicked on

2017-11-16 11:52:15 - [MESSAGE][PASSED] - Delayed 5 second(s)

2017-11-16 11:52:16 - [MESSAGE][PASSED] - Object: 'Object Repository/BEP/BEPOutputEmail' is clicked on

2017-11-16 11:52:21 - [MESSAGE][PASSED] - Delayed 5 second(s)

2017-11-16 11:52:21 - [MESSAGE][PASSED] - Object: 'Object Repository/BEP/RECEIPIENT' is clicked on

2017-11-16 11:52:26 - [MESSAGE][PASSED] - Delayed 5 second(s)

2017-11-16 11:52:26 - [MESSAGE][PASSED] - Object: 'Object Repository/BEP/AddEmailID' is clicked on

2017-11-16 11:52:31 - [MESSAGE][PASSED] - Delayed 5 second(s)

2017-11-16 11:52:32 - [MESSAGE][PASSED] - Keys 'nagaveni.nipinale@in.pega.com' sent to object: 'Object Repository/BEP/MAILID_XPATH'

2017-11-16 11:52:37 - [MESSAGE][PASSED] - Delayed 5 second(s)

2017-11-16 11:52:37 - [MESSAGE][PASSED] - Object: 'Object Repository/BEP/modal_submit' is clicked on

2017-11-16 11:52:42 - [MESSAGE][PASSED] - Delayed 5 second(s)

2017-11-16 11:52:42 - [MESSAGE][PASSED] - Keys 'Test Automation' sent to object: 'Object Repository/BEP/Email_Subject'

2017-11-16 11:52:43 - [MESSAGE][PASSED] - Scroll to object 'Object Repository/NEXT_BUTTON' successfully

2017-11-16 11:52:43 - [MESSAGE][PASSED] - Object: 'Object Repository/NEXT_BUTTON' is clicked on

2017-11-16 11:52:48 - [MESSAGE][PASSED] - Delayed 5 second(s)

2017-11-16 11:52:48 - [MESSAGE][PASSED] - Scroll to object 'Object Repository/Generic/FINISH_BUTTON' successfully

2017-11-16 11:52:48 - [MESSAGE][PASSED] - Object: 'Object Repository/Generic/FINISH_BUTTON' is clicked on

2017-11-16 11:52:52 - [MESSAGE][PASSED] - Text of object 'Object Repository/BEP/BEPWOID' is: 'BEP-16Nov2017-6'

2017-11-16 11:52:52 - [MESSAGE][PASSED] - com.helper.commonfunct.BEP_CommonMethod.EstimateEmailOutput is PASSED

2017-11-16 11:52:52 - [TEST_STEP][PASSED] - com.helper.commonfunct.BEP_CommonMethod.woid: com.helper.commonfunct.BEP_CommonMethod.woid is PASSED

2017-11-16 11:52:52 - [MESSAGE][PASSED] - Text of object 'Object Repository/BEP/BEPWOID' is: 'BEP-16Nov2017-6'

2017-11-16 11:52:52 - [MESSAGE][PASSED] - com.helper.commonfunct.BEP_CommonMethod.woid is PASSED

2017-11-16 11:52:52 - [TEST_STEP][PASSED] - com.helper.commonfunct.BEP_CommonMethod.WOstatus: com.helper.commonfunct.BEP_CommonMethod.WOstatus is PASSED

2017-11-16 11:52:52 - [MESSAGE][PASSED] - Text of object 'Object Repository/BEP/WOSTATUS' is: 'Pending-RDApproval'

2017-11-16 11:52:52 - [MESSAGE][PASSED] - com.helper.commonfunct.BEP_CommonMethod.WOstatus is PASSED

2017-11-16 11:52:52 - [TEST_STEP][PASSED] - Statement - println(WOID): null]]></system-out>
         <system-err><![CDATA[]]></system-err>
      </testcase>
      <testcase name="Test Cases/BEP/TC_Create_BEP_NoOutput" classname="Test Cases/BEP/TC_Create_BEP_NoOutput" status="PASSED">
         <system-out><![CDATA[2017-11-16 11:52:52 - [TEST_CASE][PASSED] - Test Cases/BEP/TC_Create_BEP_NoOutput: Test Cases/BEP/TC_Create_BEP_NoOutput

2017-11-16 11:52:52 - [TEST_STEP][PASSED] - com.helper.commonfunct.utilities.login: com.helper.commonfunct.utilities.login is PASSED

2017-11-16 11:52:52 - [MESSAGE][WARNING] - A browser is already opened. Closing browser and opening a new one

2017-11-16 11:52:56 - [MESSAGE][PASSED] - Browser is opened with url: ''

2017-11-16 11:52:57 - [MESSAGE][PASSED] - Navigate to 'https://vtcpqa2.rpega.com:9030/tcpqa/PRServlet' successfully

2017-11-16 11:52:57 - [MESSAGE][PASSED] - Text 'hendj@pegasystems.com' is set on object 'Object Repository/input_UserIdentifier'

2017-11-16 11:52:57 - [MESSAGE][PASSED] - Text 'install' is set on object 'Object Repository/input_Password'

2017-11-16 11:53:00 - [MESSAGE][PASSED] - Keys 'ENTER + ' sent to object: 'Object Repository/input_Password'

2017-11-16 11:53:00 - [MESSAGE][PASSED] - com.helper.commonfunct.utilities.login is PASSED

2017-11-16 11:53:00 - [TEST_STEP][PASSED] - com.helper.commonfunct.BEP_CommonMethod.EstimateNoOutput: com.helper.commonfunct.BEP_CommonMethod.EstimateNoOutput is PASSED

2017-11-16 11:53:00 - [MESSAGE][PASSED] - Object: 'Object Repository/Generic/a_Actions' is clicked on

2017-11-16 11:53:03 - [MESSAGE][PASSED] - Object: 'Object Repository/span_New' is focused

2017-11-16 11:53:07 - [MESSAGE][PASSED] - Object: 'Object Repository/BEP/EstimateLink' is clicked on

2017-11-16 11:53:12 - [MESSAGE][PASSED] - Delayed 5 second(s)

2017-11-16 11:53:12 - [MESSAGE][WARNING] - Timeout '0' is invalid. Using default page load timeout: '30'

2017-11-16 11:53:12 - [MESSAGE][PASSED] - Object 'Object Repository/BEP/import' is visible

2017-11-16 11:53:12 - [MESSAGE][PASSED] - Object: 'Object Repository/BEP/import' is clicked on

2017-11-16 11:53:17 - [MESSAGE][PASSED] - Delayed 5 second(s)

2017-11-16 11:53:18 - [MESSAGE][PASSED] - File 'C:\EStimate.xlsm' sent to object: 'Object Repository/input_PpyWorkPageppyFilePath'

2017-11-16 11:53:23 - [MESSAGE][PASSED] - Delayed 5 second(s)

2017-11-16 11:53:25 - [MESSAGE][PASSED] - Object: 'Object Repository/button_Submit' is clicked on

2017-11-16 11:53:35 - [MESSAGE][PASSED] - Delayed 10 second(s)

2017-11-16 11:53:35 - [MESSAGE][PASSED] - Text 'BOFA' is set on object 'Object Repository/Generic/ORG'

2017-11-16 11:53:40 - [MESSAGE][PASSED] - Delayed 5 second(s)

2017-11-16 11:53:40 - [MESSAGE][PASSED] - Keys 'TAB + ' sent to object: 'Object Repository/Generic/ORG'

2017-11-16 11:53:45 - [MESSAGE][PASSED] - Delayed 5 second(s)

2017-11-16 11:53:46 - [MESSAGE][PASSED] - Text 'BOFA' is set on object 'Object Repository/Generic/ACC'

2017-11-16 11:53:51 - [MESSAGE][PASSED] - Delayed 5 second(s)

2017-11-16 11:53:51 - [MESSAGE][PASSED] - Keys 'TAB + ' sent to object: 'Object Repository/Generic/ACC'

2017-11-16 11:53:56 - [MESSAGE][PASSED] - Delayed 5 second(s)

2017-11-16 11:53:56 - [MESSAGE][PASSED] - Text 'AUTOTEST1' is set on object 'Object Repository/Generic/ENG_DESC'

2017-11-16 11:54:01 - [MESSAGE][PASSED] - Delayed 5 second(s)

2017-11-16 11:54:01 - [MESSAGE][PASSED] - Object: 'Object Repository/Generic/PlatformID' is clicked on

2017-11-16 11:54:06 - [MESSAGE][PASSED] - Delayed 5 second(s)

2017-11-16 11:54:07 - [MESSAGE][PASSED] - Keys 'AMPchroma' sent to object: 'Object Repository/Generic/PlatformID'

2017-11-16 11:54:12 - [MESSAGE][PASSED] - Delayed 5 second(s)

2017-11-16 11:54:12 - [MESSAGE][PASSED] - Object: 'Object Repository/Generic/PlatformVersion' is clicked on

2017-11-16 11:54:17 - [MESSAGE][PASSED] - Delayed 5 second(s)

2017-11-16 11:54:17 - [MESSAGE][PASSED] - Keys 'N/A' sent to object: 'Object Repository/Generic/PlatformVersion'

2017-11-16 11:54:22 - [MESSAGE][PASSED] - Delayed 5 second(s)

2017-11-16 11:54:22 - [MESSAGE][PASSED] - Scroll to object 'Object Repository/BEP/MorethanOneRLSNO' successfully

2017-11-16 11:54:22 - [MESSAGE][PASSED] - Object: 'Object Repository/BEP/MorethanOneRLSNO' is clicked on

2017-11-16 11:54:27 - [MESSAGE][PASSED] - Delayed 5 second(s)

2017-11-16 11:54:28 - [MESSAGE][PASSED] - Object: 'Object Repository/Generic/PlatformTrue' is clicked on

2017-11-16 11:54:33 - [MESSAGE][PASSED] - Delayed 5 second(s)

2017-11-16 11:54:38 - [MESSAGE][PASSED] - Delayed 5 second(s)

2017-11-16 11:54:38 - [MESSAGE][PASSED] - Object: 'Object Repository/EngInfo/PL' is clicked on

2017-11-16 11:54:43 - [MESSAGE][PASSED] - Delayed 5 second(s)

2017-11-16 11:54:43 - [MESSAGE][PASSED] - Keys 'Jeff Henderson ' sent to object: 'Object Repository/EngInfo/PL'

2017-11-16 11:54:48 - [MESSAGE][PASSED] - Delayed 5 second(s)

2017-11-16 11:54:49 - [MESSAGE][PASSED] - Object: 'Object Repository/EngInfo/PLTL' is clicked on

2017-11-16 11:54:54 - [MESSAGE][PASSED] - Delayed 5 second(s)

2017-11-16 11:54:54 - [MESSAGE][PASSED] - Keys 'Robert Higgins' sent to object: 'Object Repository/EngInfo/PLTL'

2017-11-16 11:54:59 - [MESSAGE][PASSED] - Delayed 5 second(s)

2017-11-16 11:54:59 - [MESSAGE][PASSED] - Object: 'Object Repository/EngInfo/RL' is clicked on

2017-11-16 11:55:04 - [MESSAGE][PASSED] - Delayed 5 second(s)

2017-11-16 11:55:04 - [MESSAGE][PASSED] - Keys 'Eric Panepinto' sent to object: 'Object Repository/EngInfo/RL'

2017-11-16 11:55:09 - [MESSAGE][PASSED] - Delayed 5 second(s)

2017-11-16 11:55:10 - [MESSAGE][PASSED] - Object: 'Object Repository/EngInfo/RD' is clicked on

2017-11-16 11:55:15 - [MESSAGE][PASSED] - Delayed 5 second(s)

2017-11-16 11:55:15 - [MESSAGE][PASSED] - Keys 'Robert Lang' sent to object: 'Object Repository/EngInfo/RD'

2017-11-16 11:55:20 - [MESSAGE][PASSED] - Delayed 5 second(s)

2017-11-16 11:55:20 - [MESSAGE][PASSED] - Scroll to object 'Object Repository/NEXT_BUTTON' successfully

2017-11-16 11:55:21 - [MESSAGE][PASSED] - Object: 'Object Repository/NEXT_BUTTON' is clicked on

2017-11-16 11:55:22 - [MESSAGE][PASSED] - Text '12' is set on object 'Object Repository/BEP/DurationLow'

2017-11-16 11:55:27 - [MESSAGE][PASSED] - Delayed 5 second(s)

2017-11-16 11:55:27 - [MESSAGE][PASSED] - Keys 'TAB + ' sent to object: 'Object Repository/BEP/DurationLow'

2017-11-16 11:55:32 - [MESSAGE][PASSED] - Delayed 5 second(s)

2017-11-16 11:55:32 - [MESSAGE][PASSED] - Text '12' is set on object 'Object Repository/BEP/DurationHigh'

2017-11-16 11:55:37 - [MESSAGE][PASSED] - Delayed 5 second(s)

2017-11-16 11:55:37 - [MESSAGE][PASSED] - Keys 'TAB + ' sent to object: 'Object Repository/BEP/DurationHigh'

2017-11-16 11:55:42 - [MESSAGE][PASSED] - Delayed 5 second(s)

2017-11-16 11:55:42 - [MESSAGE][PASSED] - Text '12' is set on object 'Object Repository/BEP/PartnerHoursLow'

2017-11-16 11:55:47 - [MESSAGE][PASSED] - Delayed 5 second(s)

2017-11-16 11:55:47 - [MESSAGE][PASSED] - Keys 'TAB + ' sent to object: 'Object Repository/BEP/PartnerHoursLow'

2017-11-16 11:55:52 - [MESSAGE][PASSED] - Delayed 5 second(s)

2017-11-16 11:55:53 - [MESSAGE][PASSED] - Text '12' is set on object 'Object Repository/BEP/PartnerHoursHigh'

2017-11-16 11:55:58 - [MESSAGE][PASSED] - Delayed 5 second(s)

2017-11-16 11:55:58 - [MESSAGE][PASSED] - Object: 'Object Repository/BEP/EstimationMethod' is clicked on

2017-11-16 11:56:03 - [MESSAGE][PASSED] - Delayed 5 second(s)

2017-11-16 11:56:03 - [MESSAGE][PASSED] - Keys 'BSW' sent to object: 'Object Repository/BEP/EstimationMethod'

2017-11-16 11:56:08 - [MESSAGE][PASSED] - Delayed 5 second(s)

2017-11-16 11:56:09 - [MESSAGE][PASSED] - Object: 'Object Repository/BEP/routeToRL' is clicked on

2017-11-16 11:56:14 - [MESSAGE][PASSED] - Delayed 5 second(s)

2017-11-16 11:56:14 - [MESSAGE][PASSED] - Scroll to object 'Object Repository/NEXT_BUTTON' successfully

2017-11-16 11:56:14 - [MESSAGE][PASSED] - Object: 'Object Repository/NEXT_BUTTON' is clicked on

2017-11-16 11:56:19 - [MESSAGE][PASSED] - Delayed 5 second(s)

2017-11-16 11:56:19 - [MESSAGE][PASSED] - Object: 'Object Repository/BEP/BEPoutput' is clicked on

2017-11-16 11:56:24 - [MESSAGE][PASSED] - Delayed 5 second(s)

2017-11-16 11:56:25 - [MESSAGE][PASSED] - All options with value 'RFP in process' are selected in object 'Object Repository/BEP/ReasonCode' 

2017-11-16 11:56:25 - [MESSAGE][PASSED] - Scroll to object 'Object Repository/NEXT_BUTTON' successfully

2017-11-16 11:56:27 - [MESSAGE][PASSED] - Object: 'Object Repository/NEXT_BUTTON' is clicked on

2017-11-16 11:56:27 - [MESSAGE][PASSED] - Scroll to object 'Object Repository/Generic/FINISH_BUTTON' successfully

2017-11-16 11:56:32 - [MESSAGE][PASSED] - Object: 'Object Repository/Generic/FINISH_BUTTON' is clicked on

2017-11-16 11:56:37 - [MESSAGE][PASSED] - Delayed 5 second(s)

2017-11-16 11:56:37 - [MESSAGE][PASSED] - Text of object 'Object Repository/BEP/BEPWOID' is: 'BEP-16Nov2017-7'

2017-11-16 11:56:37 - [MESSAGE][PASSED] - com.helper.commonfunct.BEP_CommonMethod.EstimateNoOutput is PASSED

2017-11-16 11:56:37 - [TEST_STEP][PASSED] - com.helper.commonfunct.BEP_CommonMethod.woid: com.helper.commonfunct.BEP_CommonMethod.woid is PASSED

2017-11-16 11:56:37 - [MESSAGE][PASSED] - Text of object 'Object Repository/BEP/BEPWOID' is: 'BEP-16Nov2017-7'

2017-11-16 11:56:37 - [MESSAGE][PASSED] - com.helper.commonfunct.BEP_CommonMethod.woid is PASSED

2017-11-16 11:56:37 - [TEST_STEP][PASSED] - com.helper.commonfunct.BEP_CommonMethod.WOstatus: com.helper.commonfunct.BEP_CommonMethod.WOstatus is PASSED

2017-11-16 11:56:37 - [MESSAGE][PASSED] - Text of object 'Object Repository/BEP/WOSTATUS' is: 'Pending-RDApproval'

2017-11-16 11:56:37 - [MESSAGE][PASSED] - com.helper.commonfunct.BEP_CommonMethod.WOstatus is PASSED]]></system-out>
         <system-err><![CDATA[]]></system-err>
      </testcase>
      <testcase name="Test Cases/BEP/TC_RD_RL_Reject" classname="Test Cases/BEP/TC_RD_RL_Reject" status="PASSED">
         <system-out><![CDATA[2017-11-16 11:56:37 - [TEST_CASE][PASSED] - Test Cases/BEP/TC_RD_RL_Reject: Test Cases/BEP/TC_RD_RL_Reject

2017-11-16 11:56:37 - [TEST_STEP][PASSED] - callTestCase: Call Test Case 'Test Cases/BEP/TC_Create_BEP_NoOutput' successfully

2017-11-16 11:56:37 - [TEST_CASE][PASSED] - Test Cases/BEP/TC_Create_BEP_NoOutput: Test Cases/BEP/TC_Create_BEP_NoOutput

2017-11-16 11:56:37 - [TEST_STEP][PASSED] - com.helper.commonfunct.utilities.login: com.helper.commonfunct.utilities.login is PASSED

2017-11-16 11:56:37 - [MESSAGE][WARNING] - A browser is already opened. Closing browser and opening a new one

2017-11-16 11:56:41 - [MESSAGE][PASSED] - Browser is opened with url: ''

2017-11-16 11:56:42 - [MESSAGE][PASSED] - Navigate to 'https://vtcpqa2.rpega.com:9030/tcpqa/PRServlet' successfully

2017-11-16 11:56:43 - [MESSAGE][PASSED] - Text 'hendj@pegasystems.com' is set on object 'Object Repository/input_UserIdentifier'

2017-11-16 11:56:43 - [MESSAGE][PASSED] - Text 'install' is set on object 'Object Repository/input_Password'

2017-11-16 11:56:47 - [MESSAGE][PASSED] - Keys 'ENTER + ' sent to object: 'Object Repository/input_Password'

2017-11-16 11:56:47 - [MESSAGE][PASSED] - com.helper.commonfunct.utilities.login is PASSED

2017-11-16 11:56:47 - [TEST_STEP][PASSED] - com.helper.commonfunct.BEP_CommonMethod.EstimateNoOutput: com.helper.commonfunct.BEP_CommonMethod.EstimateNoOutput is PASSED

2017-11-16 11:56:47 - [MESSAGE][PASSED] - Object: 'Object Repository/Generic/a_Actions' is clicked on

2017-11-16 11:56:49 - [MESSAGE][PASSED] - Object: 'Object Repository/span_New' is focused

2017-11-16 11:56:53 - [MESSAGE][PASSED] - Object: 'Object Repository/BEP/EstimateLink' is clicked on

2017-11-16 11:56:58 - [MESSAGE][PASSED] - Delayed 5 second(s)

2017-11-16 11:56:58 - [MESSAGE][WARNING] - Timeout '0' is invalid. Using default page load timeout: '30'

2017-11-16 11:56:58 - [MESSAGE][PASSED] - Object 'Object Repository/BEP/import' is visible

2017-11-16 11:56:59 - [MESSAGE][PASSED] - Object: 'Object Repository/BEP/import' is clicked on

2017-11-16 11:57:04 - [MESSAGE][PASSED] - Delayed 5 second(s)

2017-11-16 11:57:04 - [MESSAGE][PASSED] - File 'C:\EStimate.xlsm' sent to object: 'Object Repository/input_PpyWorkPageppyFilePath'

2017-11-16 11:57:09 - [MESSAGE][PASSED] - Delayed 5 second(s)

2017-11-16 11:57:11 - [MESSAGE][PASSED] - Object: 'Object Repository/button_Submit' is clicked on

2017-11-16 11:57:21 - [MESSAGE][PASSED] - Delayed 10 second(s)

2017-11-16 11:57:22 - [MESSAGE][PASSED] - Text 'BOFA' is set on object 'Object Repository/Generic/ORG'

2017-11-16 11:57:27 - [MESSAGE][PASSED] - Delayed 5 second(s)

2017-11-16 11:57:27 - [MESSAGE][PASSED] - Keys 'TAB + ' sent to object: 'Object Repository/Generic/ORG'

2017-11-16 11:57:32 - [MESSAGE][PASSED] - Delayed 5 second(s)

2017-11-16 11:57:32 - [MESSAGE][PASSED] - Text 'BOFA' is set on object 'Object Repository/Generic/ACC'

2017-11-16 11:57:37 - [MESSAGE][PASSED] - Delayed 5 second(s)

2017-11-16 11:57:37 - [MESSAGE][PASSED] - Keys 'TAB + ' sent to object: 'Object Repository/Generic/ACC'

2017-11-16 11:57:42 - [MESSAGE][PASSED] - Delayed 5 second(s)

2017-11-16 11:57:43 - [MESSAGE][PASSED] - Text 'AUTOTEST1' is set on object 'Object Repository/Generic/ENG_DESC'

2017-11-16 11:57:48 - [MESSAGE][PASSED] - Delayed 5 second(s)

2017-11-16 11:57:49 - [MESSAGE][PASSED] - Object: 'Object Repository/Generic/PlatformID' is clicked on

2017-11-16 11:57:54 - [MESSAGE][PASSED] - Delayed 5 second(s)

2017-11-16 11:57:56 - [MESSAGE][PASSED] - Keys 'AMPchroma' sent to object: 'Object Repository/Generic/PlatformID'

2017-11-16 11:58:01 - [MESSAGE][PASSED] - Delayed 5 second(s)

2017-11-16 11:58:02 - [MESSAGE][PASSED] - Object: 'Object Repository/Generic/PlatformVersion' is clicked on

2017-11-16 11:58:07 - [MESSAGE][PASSED] - Delayed 5 second(s)

2017-11-16 11:58:07 - [MESSAGE][PASSED] - Keys 'N/A' sent to object: 'Object Repository/Generic/PlatformVersion'

2017-11-16 11:58:12 - [MESSAGE][PASSED] - Delayed 5 second(s)

2017-11-16 11:58:13 - [MESSAGE][PASSED] - Scroll to object 'Object Repository/BEP/MorethanOneRLSNO' successfully

2017-11-16 11:58:14 - [MESSAGE][PASSED] - Object: 'Object Repository/BEP/MorethanOneRLSNO' is clicked on

2017-11-16 11:58:19 - [MESSAGE][PASSED] - Delayed 5 second(s)

2017-11-16 11:58:20 - [MESSAGE][PASSED] - Object: 'Object Repository/Generic/PlatformTrue' is clicked on

2017-11-16 11:58:25 - [MESSAGE][PASSED] - Delayed 5 second(s)

2017-11-16 11:58:30 - [MESSAGE][PASSED] - Delayed 5 second(s)

2017-11-16 11:58:30 - [MESSAGE][PASSED] - Object: 'Object Repository/EngInfo/PL' is clicked on

2017-11-16 11:58:35 - [MESSAGE][PASSED] - Delayed 5 second(s)

2017-11-16 11:58:36 - [MESSAGE][PASSED] - Keys 'Jeff Henderson ' sent to object: 'Object Repository/EngInfo/PL'

2017-11-16 11:58:41 - [MESSAGE][PASSED] - Delayed 5 second(s)

2017-11-16 11:58:41 - [MESSAGE][PASSED] - Object: 'Object Repository/EngInfo/PLTL' is clicked on

2017-11-16 11:58:46 - [MESSAGE][PASSED] - Delayed 5 second(s)

2017-11-16 11:58:47 - [MESSAGE][PASSED] - Keys 'Robert Higgins' sent to object: 'Object Repository/EngInfo/PLTL'

2017-11-16 11:58:52 - [MESSAGE][PASSED] - Delayed 5 second(s)

2017-11-16 11:58:52 - [MESSAGE][PASSED] - Object: 'Object Repository/EngInfo/RL' is clicked on

2017-11-16 11:58:57 - [MESSAGE][PASSED] - Delayed 5 second(s)

2017-11-16 11:58:57 - [MESSAGE][PASSED] - Keys 'Eric Panepinto' sent to object: 'Object Repository/EngInfo/RL'

2017-11-16 11:59:02 - [MESSAGE][PASSED] - Delayed 5 second(s)

2017-11-16 11:59:03 - [MESSAGE][PASSED] - Object: 'Object Repository/EngInfo/RD' is clicked on

2017-11-16 11:59:08 - [MESSAGE][PASSED] - Delayed 5 second(s)

2017-11-16 11:59:08 - [MESSAGE][PASSED] - Keys 'Robert Lang' sent to object: 'Object Repository/EngInfo/RD'

2017-11-16 11:59:13 - [MESSAGE][PASSED] - Delayed 5 second(s)

2017-11-16 11:59:13 - [MESSAGE][PASSED] - Scroll to object 'Object Repository/NEXT_BUTTON' successfully

2017-11-16 11:59:13 - [MESSAGE][PASSED] - Object: 'Object Repository/NEXT_BUTTON' is clicked on

2017-11-16 11:59:16 - [MESSAGE][PASSED] - Text '12' is set on object 'Object Repository/BEP/DurationLow'

2017-11-16 11:59:21 - [MESSAGE][PASSED] - Delayed 5 second(s)

2017-11-16 11:59:21 - [MESSAGE][PASSED] - Keys 'TAB + ' sent to object: 'Object Repository/BEP/DurationLow'

2017-11-16 11:59:26 - [MESSAGE][PASSED] - Delayed 5 second(s)

2017-11-16 11:59:27 - [MESSAGE][PASSED] - Text '12' is set on object 'Object Repository/BEP/DurationHigh'

2017-11-16 11:59:32 - [MESSAGE][PASSED] - Delayed 5 second(s)

2017-11-16 11:59:32 - [MESSAGE][PASSED] - Keys 'TAB + ' sent to object: 'Object Repository/BEP/DurationHigh'

2017-11-16 11:59:37 - [MESSAGE][PASSED] - Delayed 5 second(s)

2017-11-16 11:59:37 - [MESSAGE][PASSED] - Text '12' is set on object 'Object Repository/BEP/PartnerHoursLow'

2017-11-16 11:59:42 - [MESSAGE][PASSED] - Delayed 5 second(s)

2017-11-16 11:59:42 - [MESSAGE][PASSED] - Keys 'TAB + ' sent to object: 'Object Repository/BEP/PartnerHoursLow'

2017-11-16 11:59:47 - [MESSAGE][PASSED] - Delayed 5 second(s)

2017-11-16 11:59:48 - [MESSAGE][PASSED] - Text '12' is set on object 'Object Repository/BEP/PartnerHoursHigh'

2017-11-16 11:59:53 - [MESSAGE][PASSED] - Delayed 5 second(s)

2017-11-16 11:59:54 - [MESSAGE][PASSED] - Object: 'Object Repository/BEP/EstimationMethod' is clicked on

2017-11-16 11:59:59 - [MESSAGE][PASSED] - Delayed 5 second(s)

2017-11-16 11:59:59 - [MESSAGE][PASSED] - Keys 'BSW' sent to object: 'Object Repository/BEP/EstimationMethod'

2017-11-16 12:00:04 - [MESSAGE][PASSED] - Delayed 5 second(s)

2017-11-16 12:00:05 - [MESSAGE][PASSED] - Object: 'Object Repository/BEP/routeToRL' is clicked on

2017-11-16 12:00:10 - [MESSAGE][PASSED] - Delayed 5 second(s)

2017-11-16 12:00:10 - [MESSAGE][PASSED] - Scroll to object 'Object Repository/NEXT_BUTTON' successfully

2017-11-16 12:00:10 - [MESSAGE][PASSED] - Object: 'Object Repository/NEXT_BUTTON' is clicked on

2017-11-16 12:00:15 - [MESSAGE][PASSED] - Delayed 5 second(s)

2017-11-16 12:00:16 - [MESSAGE][PASSED] - Object: 'Object Repository/BEP/BEPoutput' is clicked on

2017-11-16 12:00:21 - [MESSAGE][PASSED] - Delayed 5 second(s)

2017-11-16 12:00:21 - [MESSAGE][PASSED] - All options with value 'RFP in process' are selected in object 'Object Repository/BEP/ReasonCode' 

2017-11-16 12:00:21 - [MESSAGE][PASSED] - Scroll to object 'Object Repository/NEXT_BUTTON' successfully

2017-11-16 12:00:24 - [MESSAGE][PASSED] - Object: 'Object Repository/NEXT_BUTTON' is clicked on

2017-11-16 12:00:24 - [MESSAGE][PASSED] - Scroll to object 'Object Repository/Generic/FINISH_BUTTON' successfully

2017-11-16 12:00:24 - [MESSAGE][PASSED] - Object: 'Object Repository/Generic/FINISH_BUTTON' is clicked on

2017-11-16 12:00:29 - [MESSAGE][PASSED] - Delayed 5 second(s)

2017-11-16 12:00:30 - [MESSAGE][PASSED] - Text of object 'Object Repository/BEP/BEPWOID' is: 'BEP-16Nov2017-8'

2017-11-16 12:00:30 - [MESSAGE][PASSED] - com.helper.commonfunct.BEP_CommonMethod.EstimateNoOutput is PASSED

2017-11-16 12:00:30 - [TEST_STEP][PASSED] - com.helper.commonfunct.BEP_CommonMethod.woid: com.helper.commonfunct.BEP_CommonMethod.woid is PASSED

2017-11-16 12:00:30 - [MESSAGE][PASSED] - Text of object 'Object Repository/BEP/BEPWOID' is: 'BEP-16Nov2017-8'

2017-11-16 12:00:30 - [MESSAGE][PASSED] - com.helper.commonfunct.BEP_CommonMethod.woid is PASSED

2017-11-16 12:00:30 - [TEST_STEP][PASSED] - com.helper.commonfunct.BEP_CommonMethod.WOstatus: com.helper.commonfunct.BEP_CommonMethod.WOstatus is PASSED

2017-11-16 12:00:30 - [MESSAGE][PASSED] - Text of object 'Object Repository/BEP/WOSTATUS' is: 'Pending-RDApproval'

2017-11-16 12:00:30 - [MESSAGE][PASSED] - com.helper.commonfunct.BEP_CommonMethod.WOstatus is PASSED

2017-11-16 12:00:30 - [MESSAGE][PASSED] - Call Test Case 'Test Cases/BEP/TC_Create_BEP_NoOutput' successfully

2017-11-16 12:00:30 - [TEST_STEP][PASSED] - com.helper.commonfunct.utilities.setprop: com.helper.commonfunct.utilities.setprop is PASSED

2017-11-16 12:00:30 - [MESSAGE][PASSED] - com.helper.commonfunct.utilities.setprop is PASSED

2017-11-16 12:00:30 - [TEST_STEP][PASSED] - callTestCase: Call Test Case 'Test Cases/BEP/All_Approval_Reject' successfully

2017-11-16 12:00:30 - [TEST_CASE][PASSED] - Test Cases/BEP/All_Approval_Reject: Test Cases/BEP/All_Approval_Reject

2017-11-16 12:00:30 - [TEST_STEP][PASSED] - Statement - While (WOSTATUS.contains("Pending")): com.helper.commonfunct.utilities.WOstatus is PASSED

2017-11-16 12:00:30 - [TEST_STEP][PASSED] - Statement - For ([j = 0, j < AssignmentList.size(), (j++)]): com.helper.commonfunct.utilities.WOstatus is PASSED

2017-11-16 12:00:30 - [TEST_STEP][PASSED] - Statement - Status = text: null

2017-11-16 12:00:30 - [TEST_STEP][PASSED] - Statement - println(Status): null

2017-11-16 12:00:30 - [TEST_STEP][PASSED] - Statement - If (WOSTATUS == "Pending-RDApproval"): com.helper.commonfunct.utilities.WOstatus is PASSED

2017-11-16 12:00:30 - [TEST_STEP][PASSED] - Statement - If (RDReject == false): com.helper.commonfunct.utilities.WOstatus is PASSED

2017-11-16 12:00:30 - [TEST_STEP][PASSED] - Statement - If (RouteToRL == true): com.helper.commonfunct.utilities.WOstatus is PASSED

2017-11-16 12:00:30 - [TEST_STEP][PASSED] - com.helper.commonfunct.utilities.login: com.helper.commonfunct.utilities.login is PASSED

2017-11-16 12:00:30 - [MESSAGE][WARNING] - A browser is already opened. Closing browser and opening a new one

2017-11-16 12:00:35 - [MESSAGE][PASSED] - Browser is opened with url: ''

2017-11-16 12:00:36 - [MESSAGE][PASSED] - Navigate to 'https://vtcpqa2.rpega.com:9030/tcpqa/PRServlet' successfully

2017-11-16 12:00:36 - [MESSAGE][PASSED] - Text 'langr1@pegasystems.com' is set on object 'Object Repository/input_UserIdentifier'

2017-11-16 12:00:36 - [MESSAGE][PASSED] - Text 'install' is set on object 'Object Repository/input_Password'

2017-11-16 12:00:40 - [MESSAGE][PASSED] - Keys 'ENTER + ' sent to object: 'Object Repository/input_Password'

2017-11-16 12:00:40 - [MESSAGE][PASSED] - com.helper.commonfunct.utilities.login is PASSED

2017-11-16 12:00:40 - [TEST_STEP][PASSED] - com.helper.commonfunct.utilities.search: com.helper.commonfunct.utilities.search is PASSED

2017-11-16 12:00:41 - [MESSAGE][PASSED] - Current window maximized

2017-11-16 12:00:46 - [MESSAGE][PASSED] - Delayed 5 second(s)

2017-11-16 12:00:46 - [MESSAGE][PASSED] - Text 'BEP-16Nov2017-8' is set on object 'Object Repository/EngInfo/search'

2017-11-16 12:00:51 - [MESSAGE][PASSED] - Delayed 5 second(s)

2017-11-16 12:00:51 - [MESSAGE][PASSED] - Keys 'ENTER + ' sent to object: 'Object Repository/EngInfo/search'

2017-11-16 12:00:56 - [MESSAGE][PASSED] - Delayed 5 second(s)

2017-11-16 12:00:56 - [MESSAGE][PASSED] - com.helper.commonfunct.utilities.search is PASSED

2017-11-16 12:00:56 - [TEST_STEP][PASSED] - com.helper.commonfunct.BEP_CommonMethod.RDapprove: com.helper.commonfunct.BEP_CommonMethod.RDapprove is PASSED

2017-11-16 12:01:01 - [MESSAGE][PASSED] - Delayed 5 second(s)

2017-11-16 12:01:01 - [MESSAGE][WARNING] - Timeout '0' is invalid. Using default page load timeout: '30'

2017-11-16 12:01:04 - [MESSAGE][PASSED] - Object: 'Object Repository/BEP/RDLink' is clicked on

2017-11-16 12:01:09 - [MESSAGE][PASSED] - Delayed 5 second(s)

2017-11-16 12:01:09 - [MESSAGE][PASSED] - Scroll to object 'Object Repository/NEXT_BUTTON' successfully

2017-11-16 12:01:09 - [MESSAGE][PASSED] - Object: 'Object Repository/NEXT_BUTTON' is clicked on

2017-11-16 12:01:14 - [MESSAGE][PASSED] - Delayed 5 second(s)

2017-11-16 12:01:14 - [MESSAGE][WARNING] - Timeout '0' is invalid. Using default page load timeout: '30'

2017-11-16 12:01:14 - [MESSAGE][PASSED] - Scroll to object 'Object Repository/BEP/RD_RLApprove' successfully

2017-11-16 12:01:14 - [MESSAGE][PASSED] - Object: 'Object Repository/BEP/RD_RLApprove' is clicked on

2017-11-16 12:01:19 - [MESSAGE][PASSED] - Delayed 5 second(s)

2017-11-16 12:01:20 - [MESSAGE][PASSED] - Text 'Testing' is set on object 'Object Repository/BEP/BEP_CASENOTES'

2017-11-16 12:01:25 - [MESSAGE][PASSED] - Delayed 5 second(s)

2017-11-16 12:01:25 - [MESSAGE][WARNING] - Timeout '0' is invalid. Using default page load timeout: '30'

2017-11-16 12:01:25 - [MESSAGE][PASSED] - Scroll to object 'Object Repository/BEP/FINISH_ASSIGNMENT' successfully

2017-11-16 12:01:25 - [MESSAGE][PASSED] - Object: 'Object Repository/BEP/FINISH_ASSIGNMENT' is clicked on

2017-11-16 12:01:30 - [MESSAGE][PASSED] - Delayed 5 second(s)

2017-11-16 12:01:30 - [MESSAGE][PASSED] - com.helper.commonfunct.BEP_CommonMethod.RDapprove is PASSED

2017-11-16 12:01:30 - [TEST_STEP][PASSED] - com.helper.commonfunct.utilities.WOstatus: com.helper.commonfunct.utilities.WOstatus is PASSED

2017-11-16 12:01:30 - [MESSAGE][PASSED] - Text of object 'Object Repository/ECR/WOSTATUS' is: 'Pending-RLApproval'

2017-11-16 12:01:30 - [MESSAGE][PASSED] - com.helper.commonfunct.utilities.WOstatus is PASSED

2017-11-16 12:01:30 - [TEST_STEP][PASSED] - Statement - Status = text: null

2017-11-16 12:01:30 - [TEST_STEP][PASSED] - Statement - println(Status): null

2017-11-16 12:01:30 - [TEST_STEP][PASSED] - Statement - If (WOSTATUS == "Pending-RDApproval"): null

2017-11-16 12:01:30 - [TEST_STEP][PASSED] - Statement - Else If (WOSTATUS == "Pending-RLApproval"): com.helper.commonfunct.utilities.WOstatus is PASSED

2017-11-16 12:01:30 - [TEST_STEP][PASSED] - Statement - If (RLReject == false): com.helper.commonfunct.utilities.WOstatus is PASSED

2017-11-16 12:01:30 - [TEST_STEP][PASSED] - com.helper.commonfunct.utilities.login: com.helper.commonfunct.utilities.login is PASSED

2017-11-16 12:01:30 - [MESSAGE][WARNING] - A browser is already opened. Closing browser and opening a new one

2017-11-16 12:01:34 - [MESSAGE][PASSED] - Browser is opened with url: ''

2017-11-16 12:01:35 - [MESSAGE][PASSED] - Navigate to 'https://vtcpqa2.rpega.com:9030/tcpqa/PRServlet' successfully

2017-11-16 12:01:36 - [MESSAGE][PASSED] - Text 'panee@pegasystems.com' is set on object 'Object Repository/input_UserIdentifier'

2017-11-16 12:01:36 - [MESSAGE][PASSED] - Text 'install' is set on object 'Object Repository/input_Password'

2017-11-16 12:01:39 - [MESSAGE][PASSED] - Keys 'ENTER + ' sent to object: 'Object Repository/input_Password'

2017-11-16 12:01:39 - [MESSAGE][PASSED] - com.helper.commonfunct.utilities.login is PASSED

2017-11-16 12:01:39 - [TEST_STEP][PASSED] - com.helper.commonfunct.utilities.search: com.helper.commonfunct.utilities.search is PASSED

2017-11-16 12:01:40 - [MESSAGE][PASSED] - Current window maximized

2017-11-16 12:01:45 - [MESSAGE][PASSED] - Delayed 5 second(s)

2017-11-16 12:01:46 - [MESSAGE][PASSED] - Text 'BEP-16Nov2017-8' is set on object 'Object Repository/EngInfo/search'

2017-11-16 12:01:51 - [MESSAGE][PASSED] - Delayed 5 second(s)

2017-11-16 12:01:51 - [MESSAGE][PASSED] - Keys 'ENTER + ' sent to object: 'Object Repository/EngInfo/search'

2017-11-16 12:01:56 - [MESSAGE][PASSED] - Delayed 5 second(s)

2017-11-16 12:01:56 - [MESSAGE][PASSED] - com.helper.commonfunct.utilities.search is PASSED

2017-11-16 12:01:56 - [TEST_STEP][PASSED] - com.helper.commonfunct.BEP_CommonMethod.RLapprove: com.helper.commonfunct.BEP_CommonMethod.RLapprove is PASSED

2017-11-16 12:02:01 - [MESSAGE][PASSED] - Delayed 5 second(s)

2017-11-16 12:02:01 - [MESSAGE][WARNING] - Timeout '0' is invalid. Using default page load timeout: '30'

2017-11-16 12:02:04 - [MESSAGE][PASSED] - Object: 'Object Repository/BEP/RlLink' is clicked on

2017-11-16 12:02:09 - [MESSAGE][PASSED] - Delayed 5 second(s)

2017-11-16 12:02:09 - [MESSAGE][PASSED] - Scroll to object 'Object Repository/NEXT_BUTTON' successfully

2017-11-16 12:02:09 - [MESSAGE][PASSED] - Object: 'Object Repository/NEXT_BUTTON' is clicked on

2017-11-16 12:02:14 - [MESSAGE][PASSED] - Delayed 5 second(s)

2017-11-16 12:02:14 - [MESSAGE][WARNING] - Timeout '0' is invalid. Using default page load timeout: '30'

2017-11-16 12:02:14 - [MESSAGE][PASSED] - Scroll to object 'Object Repository/BEP/RD_RLApprove' successfully

2017-11-16 12:02:15 - [MESSAGE][PASSED] - Object: 'Object Repository/BEP/RD_RLApprove' is clicked on

2017-11-16 12:02:20 - [MESSAGE][PASSED] - Delayed 5 second(s)

2017-11-16 12:02:20 - [MESSAGE][PASSED] - Text 'Testing' is set on object 'Object Repository/BEP/BEP_CASENOTES'

2017-11-16 12:02:25 - [MESSAGE][PASSED] - Delayed 5 second(s)

2017-11-16 12:02:25 - [MESSAGE][WARNING] - Timeout '0' is invalid. Using default page load timeout: '30'

2017-11-16 12:02:25 - [MESSAGE][PASSED] - Scroll to object 'Object Repository/BEP/FINISH_ASSIGNMENT' successfully

2017-11-16 12:02:26 - [MESSAGE][PASSED] - Object: 'Object Repository/BEP/FINISH_ASSIGNMENT' is clicked on

2017-11-16 12:02:31 - [MESSAGE][PASSED] - Delayed 5 second(s)

2017-11-16 12:02:31 - [MESSAGE][PASSED] - Text of object 'Object Repository/BEP/WOSTATUS' is: 'Resolved-Approved'

2017-11-16 12:02:32 - [MESSAGE][PASSED] - com.helper.commonfunct.BEP_CommonMethod.RLapprove is PASSED

2017-11-16 12:02:32 - [TEST_STEP][PASSED] - com.helper.commonfunct.utilities.WOstatus: com.helper.commonfunct.utilities.WOstatus is PASSED

2017-11-16 12:02:34 - [MESSAGE][PASSED] - Text of object 'Object Repository/ECR/WOSTATUS' is: 'Resolved-Approved'

2017-11-16 12:02:34 - [MESSAGE][PASSED] - com.helper.commonfunct.utilities.WOstatus is PASSED

2017-11-16 12:02:34 - [MESSAGE][PASSED] - Call Test Case 'Test Cases/BEP/All_Approval_Reject' successfully]]></system-out>
         <system-err><![CDATA[]]></system-err>
      </testcase>
      <testcase name="Test Cases/BEP/TC_RLMeetingRequest_CancelMeeting" classname="Test Cases/BEP/TC_RLMeetingRequest_CancelMeeting" status="PASSED">
         <system-out><![CDATA[2017-11-16 12:02:34 - [TEST_CASE][PASSED] - Test Cases/BEP/TC_RLMeetingRequest_CancelMeeting: Test Cases/BEP/TC_RLMeetingRequest_CancelMeeting

2017-11-16 12:02:34 - [TEST_STEP][PASSED] - callTestCase: Call Test Case 'Test Cases/BEP/TC_Create_BEP_NoOutput' successfully

2017-11-16 12:02:34 - [TEST_CASE][PASSED] - Test Cases/BEP/TC_Create_BEP_NoOutput: Test Cases/BEP/TC_Create_BEP_NoOutput

2017-11-16 12:02:34 - [TEST_STEP][PASSED] - com.helper.commonfunct.utilities.login: com.helper.commonfunct.utilities.login is PASSED

2017-11-16 12:02:34 - [MESSAGE][WARNING] - A browser is already opened. Closing browser and opening a new one

2017-11-16 12:02:39 - [MESSAGE][PASSED] - Browser is opened with url: ''

2017-11-16 12:02:40 - [MESSAGE][PASSED] - Navigate to 'https://vtcpqa2.rpega.com:9030/tcpqa/PRServlet' successfully

2017-11-16 12:02:43 - [MESSAGE][PASSED] - Text 'hendj@pegasystems.com' is set on object 'Object Repository/input_UserIdentifier'

2017-11-16 12:02:44 - [MESSAGE][PASSED] - Text 'install' is set on object 'Object Repository/input_Password'

2017-11-16 12:02:48 - [MESSAGE][PASSED] - Keys 'ENTER + ' sent to object: 'Object Repository/input_Password'

2017-11-16 12:02:48 - [MESSAGE][PASSED] - com.helper.commonfunct.utilities.login is PASSED

2017-11-16 12:02:48 - [TEST_STEP][PASSED] - com.helper.commonfunct.BEP_CommonMethod.EstimateNoOutput: com.helper.commonfunct.BEP_CommonMethod.EstimateNoOutput is PASSED

2017-11-16 12:02:49 - [MESSAGE][PASSED] - Object: 'Object Repository/Generic/a_Actions' is clicked on

2017-11-16 12:02:51 - [MESSAGE][PASSED] - Object: 'Object Repository/span_New' is focused

2017-11-16 12:02:55 - [MESSAGE][PASSED] - Object: 'Object Repository/BEP/EstimateLink' is clicked on

2017-11-16 12:03:00 - [MESSAGE][PASSED] - Delayed 5 second(s)

2017-11-16 12:03:00 - [MESSAGE][WARNING] - Timeout '0' is invalid. Using default page load timeout: '30'

2017-11-16 12:03:00 - [MESSAGE][PASSED] - Object 'Object Repository/BEP/import' is visible

2017-11-16 12:03:01 - [MESSAGE][PASSED] - Object: 'Object Repository/BEP/import' is clicked on

2017-11-16 12:03:06 - [MESSAGE][PASSED] - Delayed 5 second(s)

2017-11-16 12:03:07 - [MESSAGE][PASSED] - File 'C:\EStimate.xlsm' sent to object: 'Object Repository/input_PpyWorkPageppyFilePath'

2017-11-16 12:03:12 - [MESSAGE][PASSED] - Delayed 5 second(s)

2017-11-16 12:03:14 - [MESSAGE][PASSED] - Object: 'Object Repository/button_Submit' is clicked on

2017-11-16 12:03:24 - [MESSAGE][PASSED] - Delayed 10 second(s)

2017-11-16 12:03:25 - [MESSAGE][PASSED] - Text 'BOFA' is set on object 'Object Repository/Generic/ORG'

2017-11-16 12:03:30 - [MESSAGE][PASSED] - Delayed 5 second(s)

2017-11-16 12:03:30 - [MESSAGE][PASSED] - Keys 'TAB + ' sent to object: 'Object Repository/Generic/ORG'

2017-11-16 12:03:35 - [MESSAGE][PASSED] - Delayed 5 second(s)

2017-11-16 12:03:36 - [MESSAGE][PASSED] - Text 'BOFA' is set on object 'Object Repository/Generic/ACC'

2017-11-16 12:03:41 - [MESSAGE][PASSED] - Delayed 5 second(s)

2017-11-16 12:03:41 - [MESSAGE][PASSED] - Keys 'TAB + ' sent to object: 'Object Repository/Generic/ACC'

2017-11-16 12:03:46 - [MESSAGE][PASSED] - Delayed 5 second(s)

2017-11-16 12:03:50 - [MESSAGE][PASSED] - Text 'AUTOTEST1' is set on object 'Object Repository/Generic/ENG_DESC'

2017-11-16 12:03:55 - [MESSAGE][PASSED] - Delayed 5 second(s)

2017-11-16 12:03:56 - [MESSAGE][PASSED] - Object: 'Object Repository/Generic/PlatformID' is clicked on

2017-11-16 12:04:01 - [MESSAGE][PASSED] - Delayed 5 second(s)

2017-11-16 12:04:01 - [MESSAGE][PASSED] - Keys 'AMPchroma' sent to object: 'Object Repository/Generic/PlatformID'

2017-11-16 12:04:06 - [MESSAGE][PASSED] - Delayed 5 second(s)

2017-11-16 12:04:07 - [MESSAGE][PASSED] - Object: 'Object Repository/Generic/PlatformVersion' is clicked on

2017-11-16 12:04:12 - [MESSAGE][PASSED] - Delayed 5 second(s)

2017-11-16 12:04:12 - [MESSAGE][PASSED] - Keys 'N/A' sent to object: 'Object Repository/Generic/PlatformVersion'

2017-11-16 12:04:17 - [MESSAGE][PASSED] - Delayed 5 second(s)

2017-11-16 12:04:17 - [MESSAGE][PASSED] - Scroll to object 'Object Repository/BEP/MorethanOneRLSNO' successfully

2017-11-16 12:04:18 - [MESSAGE][PASSED] - Object: 'Object Repository/BEP/MorethanOneRLSNO' is clicked on

2017-11-16 12:04:23 - [MESSAGE][PASSED] - Delayed 5 second(s)

2017-11-16 12:04:23 - [MESSAGE][PASSED] - Object: 'Object Repository/Generic/PlatformTrue' is clicked on

2017-11-16 12:04:28 - [MESSAGE][PASSED] - Delayed 5 second(s)

2017-11-16 12:04:33 - [MESSAGE][PASSED] - Delayed 5 second(s)

2017-11-16 12:04:33 - [MESSAGE][PASSED] - Object: 'Object Repository/EngInfo/PL' is clicked on

2017-11-16 12:04:38 - [MESSAGE][PASSED] - Delayed 5 second(s)

2017-11-16 12:04:39 - [MESSAGE][PASSED] - Keys 'Jeff Henderson ' sent to object: 'Object Repository/EngInfo/PL'

2017-11-16 12:04:44 - [MESSAGE][PASSED] - Delayed 5 second(s)

2017-11-16 12:04:45 - [MESSAGE][PASSED] - Object: 'Object Repository/EngInfo/PLTL' is clicked on

2017-11-16 12:04:50 - [MESSAGE][PASSED] - Delayed 5 second(s)

2017-11-16 12:04:50 - [MESSAGE][PASSED] - Keys 'Robert Higgins' sent to object: 'Object Repository/EngInfo/PLTL'

2017-11-16 12:04:55 - [MESSAGE][PASSED] - Delayed 5 second(s)

2017-11-16 12:04:56 - [MESSAGE][PASSED] - Object: 'Object Repository/EngInfo/RL' is clicked on

2017-11-16 12:05:01 - [MESSAGE][PASSED] - Delayed 5 second(s)

2017-11-16 12:05:02 - [MESSAGE][PASSED] - Keys 'Eric Panepinto' sent to object: 'Object Repository/EngInfo/RL'

2017-11-16 12:05:07 - [MESSAGE][PASSED] - Delayed 5 second(s)

2017-11-16 12:05:07 - [MESSAGE][PASSED] - Object: 'Object Repository/EngInfo/RD' is clicked on

2017-11-16 12:05:12 - [MESSAGE][PASSED] - Delayed 5 second(s)

2017-11-16 12:05:13 - [MESSAGE][PASSED] - Keys 'Robert Lang' sent to object: 'Object Repository/EngInfo/RD'

2017-11-16 12:05:18 - [MESSAGE][PASSED] - Delayed 5 second(s)

2017-11-16 12:05:18 - [MESSAGE][PASSED] - Scroll to object 'Object Repository/NEXT_BUTTON' successfully

2017-11-16 12:05:21 - [MESSAGE][PASSED] - Object: 'Object Repository/NEXT_BUTTON' is clicked on

2017-11-16 12:05:21 - [MESSAGE][PASSED] - Text '12' is set on object 'Object Repository/BEP/DurationLow'

2017-11-16 12:05:26 - [MESSAGE][PASSED] - Delayed 5 second(s)

2017-11-16 12:05:26 - [MESSAGE][PASSED] - Keys 'TAB + ' sent to object: 'Object Repository/BEP/DurationLow'

2017-11-16 12:05:31 - [MESSAGE][PASSED] - Delayed 5 second(s)

2017-11-16 12:05:32 - [MESSAGE][PASSED] - Text '12' is set on object 'Object Repository/BEP/DurationHigh'

2017-11-16 12:05:37 - [MESSAGE][PASSED] - Delayed 5 second(s)

2017-11-16 12:05:37 - [MESSAGE][PASSED] - Keys 'TAB + ' sent to object: 'Object Repository/BEP/DurationHigh'

2017-11-16 12:05:42 - [MESSAGE][PASSED] - Delayed 5 second(s)

2017-11-16 12:05:42 - [MESSAGE][PASSED] - Text '12' is set on object 'Object Repository/BEP/PartnerHoursLow'

2017-11-16 12:05:47 - [MESSAGE][PASSED] - Delayed 5 second(s)

2017-11-16 12:05:48 - [MESSAGE][PASSED] - Keys 'TAB + ' sent to object: 'Object Repository/BEP/PartnerHoursLow'

2017-11-16 12:05:53 - [MESSAGE][PASSED] - Delayed 5 second(s)

2017-11-16 12:05:53 - [MESSAGE][PASSED] - Text '12' is set on object 'Object Repository/BEP/PartnerHoursHigh'

2017-11-16 12:05:58 - [MESSAGE][PASSED] - Delayed 5 second(s)

2017-11-16 12:05:59 - [MESSAGE][PASSED] - Object: 'Object Repository/BEP/EstimationMethod' is clicked on

2017-11-16 12:06:04 - [MESSAGE][PASSED] - Delayed 5 second(s)

2017-11-16 12:06:04 - [MESSAGE][PASSED] - Keys 'BSW' sent to object: 'Object Repository/BEP/EstimationMethod'

2017-11-16 12:06:09 - [MESSAGE][PASSED] - Delayed 5 second(s)

2017-11-16 12:06:10 - [MESSAGE][PASSED] - Object: 'Object Repository/BEP/routeToRL' is clicked on

2017-11-16 12:06:15 - [MESSAGE][PASSED] - Delayed 5 second(s)

2017-11-16 12:06:15 - [MESSAGE][PASSED] - Scroll to object 'Object Repository/NEXT_BUTTON' successfully

2017-11-16 12:06:15 - [MESSAGE][PASSED] - Object: 'Object Repository/NEXT_BUTTON' is clicked on

2017-11-16 12:06:20 - [MESSAGE][PASSED] - Delayed 5 second(s)

2017-11-16 12:06:21 - [MESSAGE][PASSED] - Object: 'Object Repository/BEP/BEPoutput' is clicked on

2017-11-16 12:06:26 - [MESSAGE][PASSED] - Delayed 5 second(s)

2017-11-16 12:06:27 - [MESSAGE][PASSED] - All options with value 'RFP in process' are selected in object 'Object Repository/BEP/ReasonCode' 

2017-11-16 12:06:27 - [MESSAGE][PASSED] - Scroll to object 'Object Repository/NEXT_BUTTON' successfully

2017-11-16 12:06:27 - [MESSAGE][PASSED] - Object: 'Object Repository/NEXT_BUTTON' is clicked on

2017-11-16 12:06:28 - [MESSAGE][PASSED] - Scroll to object 'Object Repository/Generic/FINISH_BUTTON' successfully

2017-11-16 12:06:29 - [MESSAGE][PASSED] - Object: 'Object Repository/Generic/FINISH_BUTTON' is clicked on

2017-11-16 12:06:34 - [MESSAGE][PASSED] - Delayed 5 second(s)

2017-11-16 12:06:34 - [MESSAGE][PASSED] - Text of object 'Object Repository/BEP/BEPWOID' is: 'BEP-16Nov2017-9'

2017-11-16 12:06:34 - [MESSAGE][PASSED] - com.helper.commonfunct.BEP_CommonMethod.EstimateNoOutput is PASSED

2017-11-16 12:06:34 - [TEST_STEP][PASSED] - com.helper.commonfunct.BEP_CommonMethod.woid: com.helper.commonfunct.BEP_CommonMethod.woid is PASSED

2017-11-16 12:06:34 - [MESSAGE][PASSED] - Text of object 'Object Repository/BEP/BEPWOID' is: 'BEP-16Nov2017-9'

2017-11-16 12:06:34 - [MESSAGE][PASSED] - com.helper.commonfunct.BEP_CommonMethod.woid is PASSED

2017-11-16 12:06:34 - [TEST_STEP][PASSED] - com.helper.commonfunct.BEP_CommonMethod.WOstatus: com.helper.commonfunct.BEP_CommonMethod.WOstatus is PASSED

2017-11-16 12:06:34 - [MESSAGE][PASSED] - Text of object 'Object Repository/BEP/WOSTATUS' is: 'Pending-RDApproval'

2017-11-16 12:06:34 - [MESSAGE][PASSED] - com.helper.commonfunct.BEP_CommonMethod.WOstatus is PASSED

2017-11-16 12:06:34 - [MESSAGE][PASSED] - Call Test Case 'Test Cases/BEP/TC_Create_BEP_NoOutput' successfully

2017-11-16 12:06:34 - [TEST_STEP][PASSED] - com.helper.commonfunct.utilities.login: com.helper.commonfunct.utilities.login is PASSED

2017-11-16 12:06:34 - [MESSAGE][WARNING] - A browser is already opened. Closing browser and opening a new one

2017-11-16 12:06:37 - [MESSAGE][PASSED] - Browser is opened with url: ''

2017-11-16 12:06:38 - [MESSAGE][PASSED] - Navigate to 'https://vtcpqa2.rpega.com:9030/tcpqa/PRServlet' successfully

2017-11-16 12:06:39 - [MESSAGE][PASSED] - Text 'langr1@pegasystems.com' is set on object 'Object Repository/input_UserIdentifier'

2017-11-16 12:06:39 - [MESSAGE][PASSED] - Text 'install' is set on object 'Object Repository/input_Password'

2017-11-16 12:06:42 - [MESSAGE][PASSED] - Keys 'ENTER + ' sent to object: 'Object Repository/input_Password'

2017-11-16 12:06:42 - [MESSAGE][PASSED] - com.helper.commonfunct.utilities.login is PASSED

2017-11-16 12:06:42 - [TEST_STEP][PASSED] - com.helper.commonfunct.utilities.search: com.helper.commonfunct.utilities.search is PASSED

2017-11-16 12:06:43 - [MESSAGE][PASSED] - Current window maximized

2017-11-16 12:06:48 - [MESSAGE][PASSED] - Delayed 5 second(s)

2017-11-16 12:06:49 - [MESSAGE][PASSED] - Text 'BEP-16Nov2017-9' is set on object 'Object Repository/EngInfo/search'

2017-11-16 12:06:54 - [MESSAGE][PASSED] - Delayed 5 second(s)

2017-11-16 12:06:54 - [MESSAGE][PASSED] - Keys 'ENTER + ' sent to object: 'Object Repository/EngInfo/search'

2017-11-16 12:06:59 - [MESSAGE][PASSED] - Delayed 5 second(s)

2017-11-16 12:06:59 - [MESSAGE][PASSED] - com.helper.commonfunct.utilities.search is PASSED

2017-11-16 12:06:59 - [TEST_STEP][PASSED] - com.helper.commonfunct.BEP_CommonMethod.RDapprove: com.helper.commonfunct.BEP_CommonMethod.RDapprove is PASSED

2017-11-16 12:07:04 - [MESSAGE][PASSED] - Delayed 5 second(s)

2017-11-16 12:07:04 - [MESSAGE][WARNING] - Timeout '0' is invalid. Using default page load timeout: '30'

2017-11-16 12:07:06 - [MESSAGE][PASSED] - Object: 'Object Repository/BEP/RDLink' is clicked on

2017-11-16 12:07:11 - [MESSAGE][PASSED] - Delayed 5 second(s)

2017-11-16 12:07:11 - [MESSAGE][PASSED] - Scroll to object 'Object Repository/NEXT_BUTTON' successfully

2017-11-16 12:07:11 - [MESSAGE][PASSED] - Object: 'Object Repository/NEXT_BUTTON' is clicked on

2017-11-16 12:07:16 - [MESSAGE][PASSED] - Delayed 5 second(s)

2017-11-16 12:07:16 - [MESSAGE][WARNING] - Timeout '0' is invalid. Using default page load timeout: '30'

2017-11-16 12:07:16 - [MESSAGE][PASSED] - Scroll to object 'Object Repository/BEP/RD_RLApprove' successfully

2017-11-16 12:07:17 - [MESSAGE][PASSED] - Object: 'Object Repository/BEP/RD_RLApprove' is clicked on

2017-11-16 12:07:22 - [MESSAGE][PASSED] - Delayed 5 second(s)

2017-11-16 12:07:22 - [MESSAGE][PASSED] - Text 'Testing' is set on object 'Object Repository/BEP/BEP_CASENOTES'

2017-11-16 12:07:27 - [MESSAGE][PASSED] - Delayed 5 second(s)

2017-11-16 12:07:27 - [MESSAGE][WARNING] - Timeout '0' is invalid. Using default page load timeout: '30'

2017-11-16 12:07:27 - [MESSAGE][PASSED] - Scroll to object 'Object Repository/BEP/FINISH_ASSIGNMENT' successfully

2017-11-16 12:07:27 - [MESSAGE][PASSED] - Object: 'Object Repository/BEP/FINISH_ASSIGNMENT' is clicked on

2017-11-16 12:07:32 - [MESSAGE][PASSED] - Delayed 5 second(s)

2017-11-16 12:07:32 - [MESSAGE][PASSED] - com.helper.commonfunct.BEP_CommonMethod.RDapprove is PASSED

2017-11-16 12:07:32 - [TEST_STEP][PASSED] - com.helper.commonfunct.utilities.login: com.helper.commonfunct.utilities.login is PASSED

2017-11-16 12:07:32 - [MESSAGE][WARNING] - A browser is already opened. Closing browser and opening a new one

2017-11-16 12:07:36 - [MESSAGE][PASSED] - Browser is opened with url: ''

2017-11-16 12:07:37 - [MESSAGE][PASSED] - Navigate to 'https://vtcpqa2.rpega.com:9030/tcpqa/PRServlet' successfully

2017-11-16 12:07:37 - [MESSAGE][PASSED] - Text 'panee@pegasystems.com' is set on object 'Object Repository/input_UserIdentifier'

2017-11-16 12:07:38 - [MESSAGE][PASSED] - Text 'install' is set on object 'Object Repository/input_Password'

2017-11-16 12:07:42 - [MESSAGE][PASSED] - Keys 'ENTER + ' sent to object: 'Object Repository/input_Password'

2017-11-16 12:07:42 - [MESSAGE][PASSED] - com.helper.commonfunct.utilities.login is PASSED

2017-11-16 12:07:42 - [TEST_STEP][PASSED] - com.helper.commonfunct.utilities.search: com.helper.commonfunct.utilities.search is PASSED

2017-11-16 12:07:43 - [MESSAGE][PASSED] - Current window maximized

2017-11-16 12:07:48 - [MESSAGE][PASSED] - Delayed 5 second(s)

2017-11-16 12:07:49 - [MESSAGE][PASSED] - Text 'BEP-16Nov2017-9' is set on object 'Object Repository/EngInfo/search'

2017-11-16 12:07:54 - [MESSAGE][PASSED] - Delayed 5 second(s)

2017-11-16 12:07:54 - [MESSAGE][PASSED] - Keys 'ENTER + ' sent to object: 'Object Repository/EngInfo/search'

2017-11-16 12:07:59 - [MESSAGE][PASSED] - Delayed 5 second(s)

2017-11-16 12:07:59 - [MESSAGE][PASSED] - com.helper.commonfunct.utilities.search is PASSED

2017-11-16 12:07:59 - [TEST_STEP][PASSED] - com.helper.commonfunct.BEP_CommonMethod.RLRequestMeeting: com.helper.commonfunct.BEP_CommonMethod.RLRequestMeeting is PASSED

2017-11-16 12:08:04 - [MESSAGE][PASSED] - Delayed 5 second(s)

2017-11-16 12:08:04 - [MESSAGE][WARNING] - Timeout '0' is invalid. Using default page load timeout: '30'

2017-11-16 12:08:05 - [MESSAGE][PASSED] - Object: 'Object Repository/BEP/RlLink' is clicked on

2017-11-16 12:08:10 - [MESSAGE][PASSED] - Delayed 5 second(s)

2017-11-16 12:08:11 - [MESSAGE][PASSED] - Scroll to object 'Object Repository/NEXT_BUTTON' successfully

2017-11-16 12:08:11 - [MESSAGE][PASSED] - Object: 'Object Repository/NEXT_BUTTON' is clicked on

2017-11-16 12:08:16 - [MESSAGE][PASSED] - Delayed 5 second(s)

2017-11-16 12:08:16 - [MESSAGE][WARNING] - Timeout '0' is invalid. Using default page load timeout: '30'

2017-11-16 12:08:16 - [MESSAGE][PASSED] - Scroll to object 'Object Repository/BEP/RD_RLApprove' successfully

2017-11-16 12:08:16 - [MESSAGE][PASSED] - Object: 'Object Repository/BEP/RD_RLApprove' is clicked on

2017-11-16 12:08:21 - [MESSAGE][PASSED] - Delayed 5 second(s)

2017-11-16 12:08:22 - [MESSAGE][PASSED] - Object: 'Object Repository/BEP/Meeting_Required' is clicked on

2017-11-16 12:08:27 - [MESSAGE][PASSED] - Delayed 5 second(s)

2017-11-16 12:08:27 - [MESSAGE][PASSED] - Text '12/6/2017 11:27 AM' is set on object 'Object Repository/BEP/MeetingDate'

2017-11-16 12:08:32 - [MESSAGE][PASSED] - Delayed 5 second(s)

2017-11-16 12:08:32 - [MESSAGE][WARNING] - Timeout '0' is invalid. Using default page load timeout: '30'

2017-11-16 12:08:32 - [MESSAGE][PASSED] - Scroll to object 'Object Repository/BEP/FINISH_ASSIGNMENT' successfully

2017-11-16 12:08:33 - [MESSAGE][PASSED] - Object: 'Object Repository/BEP/FINISH_ASSIGNMENT' is clicked on

2017-11-16 12:08:38 - [MESSAGE][PASSED] - Delayed 5 second(s)

2017-11-16 12:08:38 - [MESSAGE][PASSED] - com.helper.commonfunct.BEP_CommonMethod.RLRequestMeeting is PASSED

2017-11-16 12:08:38 - [TEST_STEP][PASSED] - com.helper.commonfunct.utilities.login: com.helper.commonfunct.utilities.login is PASSED

2017-11-16 12:08:38 - [MESSAGE][WARNING] - A browser is already opened. Closing browser and opening a new one

2017-11-16 12:08:41 - [MESSAGE][PASSED] - Browser is opened with url: ''

2017-11-16 12:08:42 - [MESSAGE][PASSED] - Navigate to 'https://vtcpqa2.rpega.com:9030/tcpqa/PRServlet' successfully

2017-11-16 12:08:42 - [MESSAGE][PASSED] - Text 'diazz@pegasystems.com' is set on object 'Object Repository/input_UserIdentifier'

2017-11-16 12:08:42 - [MESSAGE][PASSED] - Text 'install' is set on object 'Object Repository/input_Password'

2017-11-16 12:08:47 - [MESSAGE][PASSED] - Keys 'ENTER + ' sent to object: 'Object Repository/input_Password'

2017-11-16 12:08:47 - [MESSAGE][PASSED] - com.helper.commonfunct.utilities.login is PASSED

2017-11-16 12:08:47 - [TEST_STEP][PASSED] - com.helper.commonfunct.utilities.search: com.helper.commonfunct.utilities.search is PASSED

2017-11-16 12:08:48 - [MESSAGE][PASSED] - Current window maximized

2017-11-16 12:08:53 - [MESSAGE][PASSED] - Delayed 5 second(s)

2017-11-16 12:08:54 - [MESSAGE][PASSED] - Text 'BEP-16Nov2017-9' is set on object 'Object Repository/EngInfo/search'

2017-11-16 12:08:59 - [MESSAGE][PASSED] - Delayed 5 second(s)

2017-11-16 12:08:59 - [MESSAGE][PASSED] - Keys 'ENTER + ' sent to object: 'Object Repository/EngInfo/search'

2017-11-16 12:09:04 - [MESSAGE][PASSED] - Delayed 5 second(s)

2017-11-16 12:09:04 - [MESSAGE][PASSED] - com.helper.commonfunct.utilities.search is PASSED

2017-11-16 12:09:04 - [TEST_STEP][PASSED] - com.helper.commonfunct.BEP_CommonMethod.ScheduleMeeting: com.helper.commonfunct.BEP_CommonMethod.ScheduleMeeting is PASSED

2017-11-16 12:09:09 - [MESSAGE][PASSED] - Delayed 5 second(s)

2017-11-16 12:09:09 - [MESSAGE][WARNING] - Timeout '0' is invalid. Using default page load timeout: '30'

2017-11-16 12:09:11 - [MESSAGE][PASSED] - Object: 'Object Repository/BEP/Meeting/meetingLink' is clicked on

2017-11-16 12:09:16 - [MESSAGE][PASSED] - Delayed 5 second(s)

2017-11-16 12:09:16 - [MESSAGE][PASSED] - Text 'Cambridge' is set on object 'Object Repository/ECR_MEETING/location'

2017-11-16 12:09:21 - [MESSAGE][PASSED] - Delayed 5 second(s)

2017-11-16 12:09:21 - [MESSAGE][WARNING] - Timeout '0' is invalid. Using default page load timeout: '30'

2017-11-16 12:09:21 - [MESSAGE][PASSED] - Scroll to object 'Object Repository/Generic/FINISH_ASSIGNMENT' successfully

2017-11-16 12:09:22 - [MESSAGE][PASSED] - Object: 'Object Repository/Generic/FINISH_ASSIGNMENT' is clicked on

2017-11-16 12:09:27 - [MESSAGE][PASSED] - Delayed 5 second(s)

2017-11-16 12:09:27 - [MESSAGE][PASSED] - com.helper.commonfunct.BEP_CommonMethod.ScheduleMeeting is PASSED

2017-11-16 12:09:27 - [TEST_STEP][PASSED] - com.helper.commonfunct.utilities.login: com.helper.commonfunct.utilities.login is PASSED

2017-11-16 12:09:27 - [MESSAGE][WARNING] - A browser is already opened. Closing browser and opening a new one

2017-11-16 12:09:30 - [MESSAGE][PASSED] - Browser is opened with url: ''

2017-11-16 12:09:31 - [MESSAGE][PASSED] - Navigate to 'https://vtcpqa2.rpega.com:9030/tcpqa/PRServlet' successfully

2017-11-16 12:09:32 - [MESSAGE][PASSED] - Text 'panee@pegasystems.com' is set on object 'Object Repository/input_UserIdentifier'

2017-11-16 12:09:32 - [MESSAGE][PASSED] - Text 'install' is set on object 'Object Repository/input_Password'

2017-11-16 12:09:35 - [MESSAGE][PASSED] - Keys 'ENTER + ' sent to object: 'Object Repository/input_Password'

2017-11-16 12:09:35 - [MESSAGE][PASSED] - com.helper.commonfunct.utilities.login is PASSED

2017-11-16 12:09:35 - [TEST_STEP][PASSED] - com.helper.commonfunct.utilities.search: com.helper.commonfunct.utilities.search is PASSED

2017-11-16 12:09:36 - [MESSAGE][PASSED] - Current window maximized

2017-11-16 12:09:41 - [MESSAGE][PASSED] - Delayed 5 second(s)

2017-11-16 12:09:42 - [MESSAGE][PASSED] - Text 'BEP-16Nov2017-9' is set on object 'Object Repository/EngInfo/search'

2017-11-16 12:09:47 - [MESSAGE][PASSED] - Delayed 5 second(s)

2017-11-16 12:09:47 - [MESSAGE][PASSED] - Keys 'ENTER + ' sent to object: 'Object Repository/EngInfo/search'

2017-11-16 12:09:52 - [MESSAGE][PASSED] - Delayed 5 second(s)

2017-11-16 12:09:52 - [MESSAGE][PASSED] - com.helper.commonfunct.utilities.search is PASSED

2017-11-16 12:09:52 - [TEST_STEP][PASSED] - Statement - Meeting = true: null

2017-11-16 12:09:52 - [TEST_STEP][PASSED] - com.helper.commonfunct.BEP_CommonMethod.RLapprove: com.helper.commonfunct.BEP_CommonMethod.RLapprove is PASSED

2017-11-16 12:09:57 - [MESSAGE][PASSED] - Delayed 5 second(s)

2017-11-16 12:09:57 - [MESSAGE][WARNING] - Timeout '0' is invalid. Using default page load timeout: '30'

2017-11-16 12:09:59 - [MESSAGE][PASSED] - Object: 'Object Repository/BEP/RlLink' is clicked on

2017-11-16 12:10:04 - [MESSAGE][PASSED] - Delayed 5 second(s)

2017-11-16 12:10:04 - [MESSAGE][PASSED] - Scroll to object 'Object Repository/NEXT_BUTTON' successfully

2017-11-16 12:10:06 - [MESSAGE][PASSED] - Object: 'Object Repository/NEXT_BUTTON' is clicked on

2017-11-16 12:10:11 - [MESSAGE][PASSED] - Delayed 5 second(s)

2017-11-16 12:10:12 - [MESSAGE][PASSED] - Text 'A meeting for this estimate has been requested/scheduled' is present on page 

2017-11-16 12:10:17 - [MESSAGE][PASSED] - Delayed 5 second(s)

2017-11-16 12:10:17 - [MESSAGE][PASSED] - com.helper.commonfunct.BEP_CommonMethod.RLapprove is PASSED

2017-11-16 12:10:17 - [TEST_STEP][PASSED] - click: Object: 'Object Repository/Generic/CLOSE_WORK_OBJECT' is clicked on

2017-11-16 12:10:17 - [MESSAGE][PASSED] - Object: 'Object Repository/Generic/CLOSE_WORK_OBJECT' is clicked on

2017-11-16 12:10:17 - [TEST_STEP][PASSED] - com.helper.commonfunct.utilities.search: com.helper.commonfunct.utilities.search is PASSED

2017-11-16 12:10:18 - [MESSAGE][PASSED] - Current window maximized

2017-11-16 12:10:23 - [MESSAGE][PASSED] - Delayed 5 second(s)

2017-11-16 12:10:23 - [MESSAGE][PASSED] - Text 'BEP-16Nov2017-9' is set on object 'Object Repository/EngInfo/search'

2017-11-16 12:10:28 - [MESSAGE][PASSED] - Delayed 5 second(s)

2017-11-16 12:10:28 - [MESSAGE][PASSED] - Keys 'ENTER + ' sent to object: 'Object Repository/EngInfo/search'

2017-11-16 12:10:33 - [MESSAGE][PASSED] - Delayed 5 second(s)

2017-11-16 12:10:33 - [MESSAGE][PASSED] - com.helper.commonfunct.utilities.search is PASSED

2017-11-16 12:10:33 - [TEST_STEP][PASSED] - Statement - Meeting = false: null

2017-11-16 12:10:33 - [TEST_STEP][PASSED] - com.helper.commonfunct.BEP_CommonMethod.RequestCancelMeeting: com.helper.commonfunct.BEP_CommonMethod.RequestCancelMeeting is PASSED

2017-11-16 12:10:33 - [MESSAGE][WARNING] - Timeout '0' is invalid. Using default page load timeout: '30'

2017-11-16 12:10:34 - [MESSAGE][PASSED] - Object: 'Object Repository/BEP/OtherActions' is clicked on

2017-11-16 12:10:39 - [MESSAGE][PASSED] - Delayed 5 second(s)

2017-11-16 12:10:39 - [MESSAGE][PASSED] - Object: 'Object Repository/BEP/Meeting/CancelMeeting' is clicked on

2017-11-16 12:10:44 - [MESSAGE][PASSED] - Delayed 5 second(s)

2017-11-16 12:10:44 - [MESSAGE][PASSED] - Text 'Testing' is set on object 'Object Repository/ECR/ActionMenu/Reason'

2017-11-16 12:10:49 - [MESSAGE][PASSED] - Delayed 5 second(s)

2017-11-16 12:10:49 - [MESSAGE][PASSED] - Keys 'TAB + ' sent to object: 'Object Repository/ECR/ActionMenu/Reason'

2017-11-16 12:10:54 - [MESSAGE][PASSED] - Delayed 5 second(s)

2017-11-16 12:10:56 - [MESSAGE][PASSED] - Object: 'Object Repository/BEP/Meeting/Submit_otheraction' is clicked on

2017-11-16 12:11:01 - [MESSAGE][PASSED] - Delayed 5 second(s)

2017-11-16 12:11:02 - [MESSAGE][PASSED] - Object: 'Object Repository/Generic/CLOSE_WORK_OBJECT' is clicked on

2017-11-16 12:11:02 - [MESSAGE][PASSED] - com.helper.commonfunct.BEP_CommonMethod.RequestCancelMeeting is PASSED

2017-11-16 12:11:02 - [TEST_STEP][PASSED] - com.helper.commonfunct.utilities.login: com.helper.commonfunct.utilities.login is PASSED

2017-11-16 12:11:02 - [MESSAGE][WARNING] - A browser is already opened. Closing browser and opening a new one

2017-11-16 12:11:05 - [MESSAGE][PASSED] - Browser is opened with url: ''

2017-11-16 12:11:06 - [MESSAGE][PASSED] - Navigate to 'https://vtcpqa2.rpega.com:9030/tcpqa/PRServlet' successfully

2017-11-16 12:11:06 - [MESSAGE][PASSED] - Text 'diazz@pegasystems.com' is set on object 'Object Repository/input_UserIdentifier'

2017-11-16 12:11:07 - [MESSAGE][PASSED] - Text 'install' is set on object 'Object Repository/input_Password'

2017-11-16 12:11:10 - [MESSAGE][PASSED] - Keys 'ENTER + ' sent to object: 'Object Repository/input_Password'

2017-11-16 12:11:10 - [MESSAGE][PASSED] - com.helper.commonfunct.utilities.login is PASSED

2017-11-16 12:11:10 - [TEST_STEP][PASSED] - com.helper.commonfunct.utilities.search: com.helper.commonfunct.utilities.search is PASSED

2017-11-16 12:11:11 - [MESSAGE][PASSED] - Current window maximized

2017-11-16 12:11:16 - [MESSAGE][PASSED] - Delayed 5 second(s)

2017-11-16 12:11:17 - [MESSAGE][PASSED] - Text 'BEP-16Nov2017-9' is set on object 'Object Repository/EngInfo/search'

2017-11-16 12:11:22 - [MESSAGE][PASSED] - Delayed 5 second(s)

2017-11-16 12:11:22 - [MESSAGE][PASSED] - Keys 'ENTER + ' sent to object: 'Object Repository/EngInfo/search'

2017-11-16 12:11:27 - [MESSAGE][PASSED] - Delayed 5 second(s)

2017-11-16 12:11:27 - [MESSAGE][PASSED] - com.helper.commonfunct.utilities.search is PASSED

2017-11-16 12:11:27 - [TEST_STEP][PASSED] - com.helper.commonfunct.BEP_CommonMethod.Cancelmeeting: com.helper.commonfunct.BEP_CommonMethod.Cancelmeeting is PASSED

2017-11-16 12:11:32 - [MESSAGE][PASSED] - Delayed 5 second(s)

2017-11-16 12:11:32 - [MESSAGE][WARNING] - Timeout '0' is invalid. Using default page load timeout: '30'

2017-11-16 12:11:33 - [MESSAGE][PASSED] - Object: 'Object Repository/BEP/Meeting/cancelMeetinglink' is clicked on

2017-11-16 12:11:38 - [MESSAGE][PASSED] - Delayed 5 second(s)

2017-11-16 12:11:38 - [MESSAGE][WARNING] - Timeout '0' is invalid. Using default page load timeout: '30'

2017-11-16 12:11:38 - [MESSAGE][PASSED] - Scroll to object 'Object Repository/Generic/FINISH_ASSIGNMENT' successfully

2017-11-16 12:11:42 - [MESSAGE][PASSED] - Object: 'Object Repository/Generic/FINISH_ASSIGNMENT' is clicked on

2017-11-16 12:11:47 - [MESSAGE][PASSED] - Delayed 5 second(s)

2017-11-16 12:11:47 - [MESSAGE][PASSED] - com.helper.commonfunct.BEP_CommonMethod.Cancelmeeting is PASSED

2017-11-16 12:11:47 - [TEST_STEP][PASSED] - com.helper.commonfunct.utilities.WOstatus: com.helper.commonfunct.utilities.WOstatus is PASSED

2017-11-16 12:11:47 - [MESSAGE][PASSED] - Text of object 'Object Repository/ECR/WOSTATUS' is: 'Pending-RLApproval'

2017-11-16 12:11:47 - [MESSAGE][PASSED] - com.helper.commonfunct.utilities.WOstatus is PASSED

2017-11-16 12:11:47 - [TEST_STEP][PASSED] - Statement - Meeting = false: null

2017-11-16 12:11:47 - [TEST_STEP][PASSED] - callTestCase: Call Test Case 'Test Cases/BEP/All_Approval_Reject' successfully

2017-11-16 12:11:47 - [TEST_CASE][PASSED] - Test Cases/BEP/All_Approval_Reject: Test Cases/BEP/All_Approval_Reject

2017-11-16 12:11:47 - [TEST_STEP][PASSED] - Statement - While (WOSTATUS.contains("Pending")): com.helper.commonfunct.utilities.WOstatus is PASSED

2017-11-16 12:11:47 - [TEST_STEP][PASSED] - Statement - For ([j = 0, j < AssignmentList.size(), (j++)]): com.helper.commonfunct.utilities.WOstatus is PASSED

2017-11-16 12:11:47 - [TEST_STEP][PASSED] - Statement - Status = text: null

2017-11-16 12:11:47 - [TEST_STEP][PASSED] - Statement - println(Status): null

2017-11-16 12:11:47 - [TEST_STEP][PASSED] - Statement - If (WOSTATUS == "Pending-RDApproval"): null

2017-11-16 12:11:47 - [TEST_STEP][PASSED] - Statement - Else If (WOSTATUS == "Pending-RLApproval"): com.helper.commonfunct.utilities.WOstatus is PASSED

2017-11-16 12:11:47 - [TEST_STEP][PASSED] - Statement - If (RLReject == false): com.helper.commonfunct.utilities.WOstatus is PASSED

2017-11-16 12:11:47 - [TEST_STEP][PASSED] - com.helper.commonfunct.utilities.login: com.helper.commonfunct.utilities.login is PASSED

2017-11-16 12:11:47 - [MESSAGE][WARNING] - A browser is already opened. Closing browser and opening a new one

2017-11-16 12:11:51 - [MESSAGE][PASSED] - Browser is opened with url: ''

2017-11-16 12:11:52 - [MESSAGE][PASSED] - Navigate to 'https://vtcpqa2.rpega.com:9030/tcpqa/PRServlet' successfully

2017-11-16 12:11:53 - [MESSAGE][PASSED] - Text 'panee@pegasystems.com' is set on object 'Object Repository/input_UserIdentifier'

2017-11-16 12:11:54 - [MESSAGE][PASSED] - Text 'install' is set on object 'Object Repository/input_Password'

2017-11-16 12:11:57 - [MESSAGE][PASSED] - Keys 'ENTER + ' sent to object: 'Object Repository/input_Password'

2017-11-16 12:11:57 - [MESSAGE][PASSED] - com.helper.commonfunct.utilities.login is PASSED

2017-11-16 12:11:57 - [TEST_STEP][PASSED] - com.helper.commonfunct.utilities.search: com.helper.commonfunct.utilities.search is PASSED

2017-11-16 12:11:59 - [MESSAGE][PASSED] - Current window maximized

2017-11-16 12:12:04 - [MESSAGE][PASSED] - Delayed 5 second(s)

2017-11-16 12:12:04 - [MESSAGE][PASSED] - Text 'BEP-16Nov2017-9' is set on object 'Object Repository/EngInfo/search'

2017-11-16 12:12:09 - [MESSAGE][PASSED] - Delayed 5 second(s)

2017-11-16 12:12:09 - [MESSAGE][PASSED] - Keys 'ENTER + ' sent to object: 'Object Repository/EngInfo/search'

2017-11-16 12:12:14 - [MESSAGE][PASSED] - Delayed 5 second(s)

2017-11-16 12:12:14 - [MESSAGE][PASSED] - com.helper.commonfunct.utilities.search is PASSED

2017-11-16 12:12:14 - [TEST_STEP][PASSED] - com.helper.commonfunct.BEP_CommonMethod.RLapprove: com.helper.commonfunct.BEP_CommonMethod.RLapprove is PASSED

2017-11-16 12:12:19 - [MESSAGE][PASSED] - Delayed 5 second(s)

2017-11-16 12:12:19 - [MESSAGE][WARNING] - Timeout '0' is invalid. Using default page load timeout: '30'

2017-11-16 12:12:21 - [MESSAGE][PASSED] - Object: 'Object Repository/BEP/RlLink' is clicked on

2017-11-16 12:12:26 - [MESSAGE][PASSED] - Delayed 5 second(s)

2017-11-16 12:12:26 - [MESSAGE][PASSED] - Scroll to object 'Object Repository/NEXT_BUTTON' successfully

2017-11-16 12:12:26 - [MESSAGE][PASSED] - Object: 'Object Repository/NEXT_BUTTON' is clicked on

2017-11-16 12:12:31 - [MESSAGE][PASSED] - Delayed 5 second(s)

2017-11-16 12:12:31 - [MESSAGE][WARNING] - Timeout '0' is invalid. Using default page load timeout: '30'

2017-11-16 12:12:31 - [MESSAGE][PASSED] - Scroll to object 'Object Repository/BEP/RD_RLApprove' successfully

2017-11-16 12:12:32 - [MESSAGE][PASSED] - Object: 'Object Repository/BEP/RD_RLApprove' is clicked on

2017-11-16 12:12:37 - [MESSAGE][PASSED] - Delayed 5 second(s)

2017-11-16 12:12:37 - [MESSAGE][PASSED] - Text 'Testing' is set on object 'Object Repository/BEP/BEP_CASENOTES'

2017-11-16 12:12:42 - [MESSAGE][PASSED] - Delayed 5 second(s)

2017-11-16 12:12:42 - [MESSAGE][WARNING] - Timeout '0' is invalid. Using default page load timeout: '30'

2017-11-16 12:12:42 - [MESSAGE][PASSED] - Scroll to object 'Object Repository/BEP/FINISH_ASSIGNMENT' successfully

2017-11-16 12:12:43 - [MESSAGE][PASSED] - Object: 'Object Repository/BEP/FINISH_ASSIGNMENT' is clicked on

2017-11-16 12:12:48 - [MESSAGE][PASSED] - Delayed 5 second(s)

2017-11-16 12:12:48 - [MESSAGE][PASSED] - Text of object 'Object Repository/BEP/WOSTATUS' is: 'Resolved-Approved'

2017-11-16 12:12:49 - [MESSAGE][PASSED] - com.helper.commonfunct.BEP_CommonMethod.RLapprove is PASSED

2017-11-16 12:12:49 - [TEST_STEP][PASSED] - com.helper.commonfunct.utilities.WOstatus: com.helper.commonfunct.utilities.WOstatus is PASSED

2017-11-16 12:12:50 - [MESSAGE][PASSED] - Text of object 'Object Repository/ECR/WOSTATUS' is: 'Resolved-Approved'

2017-11-16 12:12:50 - [MESSAGE][PASSED] - com.helper.commonfunct.utilities.WOstatus is PASSED

2017-11-16 12:12:50 - [MESSAGE][PASSED] - Call Test Case 'Test Cases/BEP/All_Approval_Reject' successfully]]></system-out>
         <system-err><![CDATA[]]></system-err>
      </testcase>
      <testcase name="Test Cases/BEP/TC_Withdraw" classname="Test Cases/BEP/TC_Withdraw" status="PASSED">
         <system-out><![CDATA[2017-11-16 12:12:50 - [TEST_CASE][PASSED] - Test Cases/BEP/TC_Withdraw: Test Cases/BEP/TC_Withdraw

2017-11-16 12:12:50 - [TEST_STEP][PASSED] - callTestCase: Call Test Case 'Test Cases/BEP/TC_Create_BEP_NoOutput' successfully

2017-11-16 12:12:50 - [TEST_CASE][PASSED] - Test Cases/BEP/TC_Create_BEP_NoOutput: Test Cases/BEP/TC_Create_BEP_NoOutput

2017-11-16 12:12:50 - [TEST_STEP][PASSED] - com.helper.commonfunct.utilities.login: com.helper.commonfunct.utilities.login is PASSED

2017-11-16 12:12:50 - [MESSAGE][WARNING] - A browser is already opened. Closing browser and opening a new one

2017-11-16 12:12:54 - [MESSAGE][PASSED] - Browser is opened with url: ''

2017-11-16 12:12:54 - [MESSAGE][PASSED] - Navigate to 'https://vtcpqa2.rpega.com:9030/tcpqa/PRServlet' successfully

2017-11-16 12:12:55 - [MESSAGE][PASSED] - Text 'hendj@pegasystems.com' is set on object 'Object Repository/input_UserIdentifier'

2017-11-16 12:12:55 - [MESSAGE][PASSED] - Text 'install' is set on object 'Object Repository/input_Password'

2017-11-16 12:12:58 - [MESSAGE][PASSED] - Keys 'ENTER + ' sent to object: 'Object Repository/input_Password'

2017-11-16 12:12:58 - [MESSAGE][PASSED] - com.helper.commonfunct.utilities.login is PASSED

2017-11-16 12:12:58 - [TEST_STEP][PASSED] - com.helper.commonfunct.BEP_CommonMethod.EstimateNoOutput: com.helper.commonfunct.BEP_CommonMethod.EstimateNoOutput is PASSED

2017-11-16 12:12:58 - [MESSAGE][PASSED] - Object: 'Object Repository/Generic/a_Actions' is clicked on

2017-11-16 12:13:00 - [MESSAGE][PASSED] - Object: 'Object Repository/span_New' is focused

2017-11-16 12:13:04 - [MESSAGE][PASSED] - Object: 'Object Repository/BEP/EstimateLink' is clicked on

2017-11-16 12:13:09 - [MESSAGE][PASSED] - Delayed 5 second(s)

2017-11-16 12:13:09 - [MESSAGE][WARNING] - Timeout '0' is invalid. Using default page load timeout: '30'

2017-11-16 12:13:09 - [MESSAGE][PASSED] - Object 'Object Repository/BEP/import' is visible

2017-11-16 12:13:10 - [MESSAGE][PASSED] - Object: 'Object Repository/BEP/import' is clicked on

2017-11-16 12:13:15 - [MESSAGE][PASSED] - Delayed 5 second(s)

2017-11-16 12:13:15 - [MESSAGE][PASSED] - File 'C:\EStimate.xlsm' sent to object: 'Object Repository/input_PpyWorkPageppyFilePath'

2017-11-16 12:13:20 - [MESSAGE][PASSED] - Delayed 5 second(s)

2017-11-16 12:13:22 - [MESSAGE][PASSED] - Object: 'Object Repository/button_Submit' is clicked on

2017-11-16 12:13:32 - [MESSAGE][PASSED] - Delayed 10 second(s)

2017-11-16 12:13:33 - [MESSAGE][PASSED] - Text 'BOFA' is set on object 'Object Repository/Generic/ORG'

2017-11-16 12:13:38 - [MESSAGE][PASSED] - Delayed 5 second(s)

2017-11-16 12:13:38 - [MESSAGE][PASSED] - Keys 'TAB + ' sent to object: 'Object Repository/Generic/ORG'

2017-11-16 12:13:43 - [MESSAGE][PASSED] - Delayed 5 second(s)

2017-11-16 12:13:43 - [MESSAGE][PASSED] - Text 'BOFA' is set on object 'Object Repository/Generic/ACC'

2017-11-16 12:13:48 - [MESSAGE][PASSED] - Delayed 5 second(s)

2017-11-16 12:13:48 - [MESSAGE][PASSED] - Keys 'TAB + ' sent to object: 'Object Repository/Generic/ACC'

2017-11-16 12:13:53 - [MESSAGE][PASSED] - Delayed 5 second(s)

2017-11-16 12:13:54 - [MESSAGE][PASSED] - Text 'AUTOTEST1' is set on object 'Object Repository/Generic/ENG_DESC'

2017-11-16 12:13:59 - [MESSAGE][PASSED] - Delayed 5 second(s)

2017-11-16 12:13:59 - [MESSAGE][PASSED] - Object: 'Object Repository/Generic/PlatformID' is clicked on

2017-11-16 12:14:04 - [MESSAGE][PASSED] - Delayed 5 second(s)

2017-11-16 12:14:04 - [MESSAGE][PASSED] - Keys 'AMPchroma' sent to object: 'Object Repository/Generic/PlatformID'

2017-11-16 12:14:09 - [MESSAGE][PASSED] - Delayed 5 second(s)

2017-11-16 12:14:09 - [MESSAGE][PASSED] - Object: 'Object Repository/Generic/PlatformVersion' is clicked on

2017-11-16 12:14:14 - [MESSAGE][PASSED] - Delayed 5 second(s)

2017-11-16 12:14:15 - [MESSAGE][PASSED] - Keys 'N/A' sent to object: 'Object Repository/Generic/PlatformVersion'

2017-11-16 12:14:20 - [MESSAGE][PASSED] - Delayed 5 second(s)

2017-11-16 12:14:20 - [MESSAGE][PASSED] - Scroll to object 'Object Repository/BEP/MorethanOneRLSNO' successfully

2017-11-16 12:14:20 - [MESSAGE][PASSED] - Object: 'Object Repository/BEP/MorethanOneRLSNO' is clicked on

2017-11-16 12:14:25 - [MESSAGE][PASSED] - Delayed 5 second(s)

2017-11-16 12:14:25 - [MESSAGE][PASSED] - Object: 'Object Repository/Generic/PlatformTrue' is clicked on

2017-11-16 12:14:30 - [MESSAGE][PASSED] - Delayed 5 second(s)

2017-11-16 12:14:35 - [MESSAGE][PASSED] - Delayed 5 second(s)

2017-11-16 12:14:36 - [MESSAGE][PASSED] - Object: 'Object Repository/EngInfo/PL' is clicked on

2017-11-16 12:14:41 - [MESSAGE][PASSED] - Delayed 5 second(s)

2017-11-16 12:14:41 - [MESSAGE][PASSED] - Keys 'Jeff Henderson ' sent to object: 'Object Repository/EngInfo/PL'

2017-11-16 12:14:46 - [MESSAGE][PASSED] - Delayed 5 second(s)

2017-11-16 12:14:46 - [MESSAGE][PASSED] - Object: 'Object Repository/EngInfo/PLTL' is clicked on

2017-11-16 12:14:51 - [MESSAGE][PASSED] - Delayed 5 second(s)

2017-11-16 12:14:52 - [MESSAGE][PASSED] - Keys 'Robert Higgins' sent to object: 'Object Repository/EngInfo/PLTL'

2017-11-16 12:14:57 - [MESSAGE][PASSED] - Delayed 5 second(s)

2017-11-16 12:14:57 - [MESSAGE][PASSED] - Object: 'Object Repository/EngInfo/RL' is clicked on

2017-11-16 12:15:02 - [MESSAGE][PASSED] - Delayed 5 second(s)

2017-11-16 12:15:02 - [MESSAGE][PASSED] - Keys 'Eric Panepinto' sent to object: 'Object Repository/EngInfo/RL'

2017-11-16 12:15:07 - [MESSAGE][PASSED] - Delayed 5 second(s)

2017-11-16 12:15:08 - [MESSAGE][PASSED] - Object: 'Object Repository/EngInfo/RD' is clicked on

2017-11-16 12:15:13 - [MESSAGE][PASSED] - Delayed 5 second(s)

2017-11-16 12:15:13 - [MESSAGE][PASSED] - Keys 'Robert Lang' sent to object: 'Object Repository/EngInfo/RD'

2017-11-16 12:15:18 - [MESSAGE][PASSED] - Delayed 5 second(s)

2017-11-16 12:15:18 - [MESSAGE][PASSED] - Scroll to object 'Object Repository/NEXT_BUTTON' successfully

2017-11-16 12:15:18 - [MESSAGE][PASSED] - Object: 'Object Repository/NEXT_BUTTON' is clicked on

2017-11-16 12:15:20 - [MESSAGE][PASSED] - Text '12' is set on object 'Object Repository/BEP/DurationLow'

2017-11-16 12:15:25 - [MESSAGE][PASSED] - Delayed 5 second(s)

2017-11-16 12:15:25 - [MESSAGE][PASSED] - Keys 'TAB + ' sent to object: 'Object Repository/BEP/DurationLow'

2017-11-16 12:15:30 - [MESSAGE][PASSED] - Delayed 5 second(s)

2017-11-16 12:15:30 - [MESSAGE][PASSED] - Text '12' is set on object 'Object Repository/BEP/DurationHigh'

2017-11-16 12:15:35 - [MESSAGE][PASSED] - Delayed 5 second(s)

2017-11-16 12:15:35 - [MESSAGE][PASSED] - Keys 'TAB + ' sent to object: 'Object Repository/BEP/DurationHigh'

2017-11-16 12:15:40 - [MESSAGE][PASSED] - Delayed 5 second(s)

2017-11-16 12:15:40 - [MESSAGE][PASSED] - Text '12' is set on object 'Object Repository/BEP/PartnerHoursLow'

2017-11-16 12:15:45 - [MESSAGE][PASSED] - Delayed 5 second(s)

2017-11-16 12:15:45 - [MESSAGE][PASSED] - Keys 'TAB + ' sent to object: 'Object Repository/BEP/PartnerHoursLow'

2017-11-16 12:15:50 - [MESSAGE][PASSED] - Delayed 5 second(s)

2017-11-16 12:15:51 - [MESSAGE][PASSED] - Text '12' is set on object 'Object Repository/BEP/PartnerHoursHigh'

2017-11-16 12:15:56 - [MESSAGE][PASSED] - Delayed 5 second(s)

2017-11-16 12:15:56 - [MESSAGE][PASSED] - Object: 'Object Repository/BEP/EstimationMethod' is clicked on

2017-11-16 12:16:01 - [MESSAGE][PASSED] - Delayed 5 second(s)

2017-11-16 12:16:01 - [MESSAGE][PASSED] - Keys 'BSW' sent to object: 'Object Repository/BEP/EstimationMethod'

2017-11-16 12:16:06 - [MESSAGE][PASSED] - Delayed 5 second(s)

2017-11-16 12:16:07 - [MESSAGE][PASSED] - Object: 'Object Repository/BEP/routeToRL' is clicked on

2017-11-16 12:16:12 - [MESSAGE][PASSED] - Delayed 5 second(s)

2017-11-16 12:16:12 - [MESSAGE][PASSED] - Scroll to object 'Object Repository/NEXT_BUTTON' successfully

2017-11-16 12:16:12 - [MESSAGE][PASSED] - Object: 'Object Repository/NEXT_BUTTON' is clicked on

2017-11-16 12:16:17 - [MESSAGE][PASSED] - Delayed 5 second(s)

2017-11-16 12:16:17 - [MESSAGE][PASSED] - Object: 'Object Repository/BEP/BEPoutput' is clicked on

2017-11-16 12:16:22 - [MESSAGE][PASSED] - Delayed 5 second(s)

2017-11-16 12:16:22 - [MESSAGE][PASSED] - All options with value 'RFP in process' are selected in object 'Object Repository/BEP/ReasonCode' 

2017-11-16 12:16:22 - [MESSAGE][PASSED] - Scroll to object 'Object Repository/NEXT_BUTTON' successfully

2017-11-16 12:16:23 - [MESSAGE][PASSED] - Object: 'Object Repository/NEXT_BUTTON' is clicked on

2017-11-16 12:16:25 - [MESSAGE][PASSED] - Scroll to object 'Object Repository/Generic/FINISH_BUTTON' successfully

2017-11-16 12:16:25 - [MESSAGE][PASSED] - Object: 'Object Repository/Generic/FINISH_BUTTON' is clicked on

2017-11-16 12:16:30 - [MESSAGE][PASSED] - Delayed 5 second(s)

2017-11-16 12:16:30 - [MESSAGE][PASSED] - Text of object 'Object Repository/BEP/BEPWOID' is: 'BEP-16Nov2017-10'

2017-11-16 12:16:30 - [MESSAGE][PASSED] - com.helper.commonfunct.BEP_CommonMethod.EstimateNoOutput is PASSED

2017-11-16 12:16:30 - [TEST_STEP][PASSED] - com.helper.commonfunct.BEP_CommonMethod.woid: com.helper.commonfunct.BEP_CommonMethod.woid is PASSED

2017-11-16 12:16:30 - [MESSAGE][PASSED] - Text of object 'Object Repository/BEP/BEPWOID' is: 'BEP-16Nov2017-10'

2017-11-16 12:16:30 - [MESSAGE][PASSED] - com.helper.commonfunct.BEP_CommonMethod.woid is PASSED

2017-11-16 12:16:30 - [TEST_STEP][PASSED] - com.helper.commonfunct.BEP_CommonMethod.WOstatus: com.helper.commonfunct.BEP_CommonMethod.WOstatus is PASSED

2017-11-16 12:16:30 - [MESSAGE][PASSED] - Text of object 'Object Repository/BEP/WOSTATUS' is: 'Pending-RDApproval'

2017-11-16 12:16:30 - [MESSAGE][PASSED] - com.helper.commonfunct.BEP_CommonMethod.WOstatus is PASSED

2017-11-16 12:16:30 - [MESSAGE][PASSED] - Call Test Case 'Test Cases/BEP/TC_Create_BEP_NoOutput' successfully

2017-11-16 12:16:30 - [TEST_STEP][PASSED] - com.helper.commonfunct.utilities.login: com.helper.commonfunct.utilities.login is PASSED

2017-11-16 12:16:30 - [MESSAGE][WARNING] - A browser is already opened. Closing browser and opening a new one

2017-11-16 12:16:33 - [MESSAGE][PASSED] - Browser is opened with url: ''

2017-11-16 12:16:34 - [MESSAGE][PASSED] - Navigate to 'https://vtcpqa2.rpega.com:9030/tcpqa/PRServlet' successfully

2017-11-16 12:16:35 - [MESSAGE][PASSED] - Text 'hendj@pegasystems.com' is set on object 'Object Repository/input_UserIdentifier'

2017-11-16 12:16:35 - [MESSAGE][PASSED] - Text 'install' is set on object 'Object Repository/input_Password'

2017-11-16 12:16:37 - [MESSAGE][PASSED] - Keys 'ENTER + ' sent to object: 'Object Repository/input_Password'

2017-11-16 12:16:37 - [MESSAGE][PASSED] - com.helper.commonfunct.utilities.login is PASSED

2017-11-16 12:16:37 - [TEST_STEP][PASSED] - com.helper.commonfunct.utilities.search: com.helper.commonfunct.utilities.search is PASSED

2017-11-16 12:16:39 - [MESSAGE][PASSED] - Current window maximized

2017-11-16 12:16:44 - [MESSAGE][PASSED] - Delayed 5 second(s)

2017-11-16 12:16:44 - [MESSAGE][PASSED] - Text 'BEP-16Nov2017-10' is set on object 'Object Repository/EngInfo/search'

2017-11-16 12:16:49 - [MESSAGE][PASSED] - Delayed 5 second(s)

2017-11-16 12:16:49 - [MESSAGE][PASSED] - Keys 'ENTER + ' sent to object: 'Object Repository/EngInfo/search'

2017-11-16 12:16:54 - [MESSAGE][PASSED] - Delayed 5 second(s)

2017-11-16 12:16:54 - [MESSAGE][PASSED] - com.helper.commonfunct.utilities.search is PASSED

2017-11-16 12:16:54 - [TEST_STEP][PASSED] - com.helper.commonfunct.BEP_CommonMethod.withdraw: com.helper.commonfunct.BEP_CommonMethod.withdraw is PASSED

2017-11-16 12:16:59 - [MESSAGE][PASSED] - Delayed 5 second(s)

2017-11-16 12:16:59 - [MESSAGE][WARNING] - Timeout '0' is invalid. Using default page load timeout: '30'

2017-11-16 12:17:00 - [MESSAGE][PASSED] - Object: 'Object Repository/otherAction' is clicked on

2017-11-16 12:17:05 - [MESSAGE][PASSED] - Delayed 5 second(s)

2017-11-16 12:17:05 - [MESSAGE][PASSED] - Object: 'Object Repository/BEP/withdraw_link' is clicked on

2017-11-16 12:17:10 - [MESSAGE][PASSED] - Delayed 5 second(s)

2017-11-16 12:17:10 - [MESSAGE][PASSED] - Text 'Testing' is set on object 'Object Repository/BEP/withdraw_notes'

2017-11-16 12:17:15 - [MESSAGE][PASSED] - Delayed 5 second(s)

2017-11-16 12:17:15 - [MESSAGE][PASSED] - Keys 'TAB + ' sent to object: 'Object Repository/BEP/withdraw_notes'

2017-11-16 12:17:20 - [MESSAGE][PASSED] - Delayed 5 second(s)

2017-11-16 12:17:21 - [MESSAGE][PASSED] - Object: 'Object Repository/BEP/withdraw_submit' is clicked on

2017-11-16 12:17:26 - [MESSAGE][PASSED] - Delayed 5 second(s)

2017-11-16 12:17:26 - [MESSAGE][PASSED] - Object: 'Object Repository/Generic/CLOSE_WORK_OBJECT' is clicked on

2017-11-16 12:17:26 - [MESSAGE][PASSED] - com.helper.commonfunct.BEP_CommonMethod.withdraw is PASSED

2017-11-16 12:17:26 - [TEST_STEP][PASSED] - delay: Delayed 3 second(s)

2017-11-16 12:17:29 - [MESSAGE][PASSED] - Delayed 3 second(s)]]></system-out>
         <system-err><![CDATA[]]></system-err>
      </testcase>
      <testcase name="Test Cases/BEP/TC_All_Recall" classname="Test Cases/BEP/TC_All_Recall" status="PASSED">
         <system-out><![CDATA[2017-11-16 12:17:29 - [TEST_CASE][PASSED] - Test Cases/BEP/TC_All_Recall: Test Cases/BEP/TC_All_Recall

2017-11-16 12:17:30 - [TEST_STEP][PASSED] - callTestCase: Call Test Case 'Test Cases/BEP/TC_Create_BEP_NoOutput' successfully

2017-11-16 12:17:30 - [TEST_CASE][PASSED] - Test Cases/BEP/TC_Create_BEP_NoOutput: Test Cases/BEP/TC_Create_BEP_NoOutput

2017-11-16 12:17:30 - [TEST_STEP][PASSED] - com.helper.commonfunct.utilities.login: com.helper.commonfunct.utilities.login is PASSED

2017-11-16 12:17:30 - [MESSAGE][WARNING] - A browser is already opened. Closing browser and opening a new one

2017-11-16 12:17:33 - [MESSAGE][PASSED] - Browser is opened with url: ''

2017-11-16 12:17:34 - [MESSAGE][PASSED] - Navigate to 'https://vtcpqa2.rpega.com:9030/tcpqa/PRServlet' successfully

2017-11-16 12:17:34 - [MESSAGE][PASSED] - Text 'hendj@pegasystems.com' is set on object 'Object Repository/input_UserIdentifier'

2017-11-16 12:17:35 - [MESSAGE][PASSED] - Text 'install' is set on object 'Object Repository/input_Password'

2017-11-16 12:17:37 - [MESSAGE][PASSED] - Keys 'ENTER + ' sent to object: 'Object Repository/input_Password'

2017-11-16 12:17:37 - [MESSAGE][PASSED] - com.helper.commonfunct.utilities.login is PASSED

2017-11-16 12:17:37 - [TEST_STEP][PASSED] - com.helper.commonfunct.BEP_CommonMethod.EstimateNoOutput: com.helper.commonfunct.BEP_CommonMethod.EstimateNoOutput is PASSED

2017-11-16 12:17:38 - [MESSAGE][PASSED] - Object: 'Object Repository/Generic/a_Actions' is clicked on

2017-11-16 12:17:40 - [MESSAGE][PASSED] - Object: 'Object Repository/span_New' is focused

2017-11-16 12:17:43 - [MESSAGE][PASSED] - Object: 'Object Repository/BEP/EstimateLink' is clicked on

2017-11-16 12:17:49 - [MESSAGE][PASSED] - Delayed 5 second(s)

2017-11-16 12:17:49 - [MESSAGE][WARNING] - Timeout '0' is invalid. Using default page load timeout: '30'

2017-11-16 12:17:49 - [MESSAGE][PASSED] - Object 'Object Repository/BEP/import' is visible

2017-11-16 12:17:49 - [MESSAGE][PASSED] - Object: 'Object Repository/BEP/import' is clicked on

2017-11-16 12:17:54 - [MESSAGE][PASSED] - Delayed 5 second(s)

2017-11-16 12:17:54 - [MESSAGE][PASSED] - File 'C:\EStimate.xlsm' sent to object: 'Object Repository/input_PpyWorkPageppyFilePath'

2017-11-16 12:17:59 - [MESSAGE][PASSED] - Delayed 5 second(s)

2017-11-16 12:18:02 - [MESSAGE][PASSED] - Object: 'Object Repository/button_Submit' is clicked on

2017-11-16 12:18:12 - [MESSAGE][PASSED] - Delayed 10 second(s)

2017-11-16 12:18:12 - [MESSAGE][PASSED] - Text 'BOFA' is set on object 'Object Repository/Generic/ORG'

2017-11-16 12:18:17 - [MESSAGE][PASSED] - Delayed 5 second(s)

2017-11-16 12:18:17 - [MESSAGE][PASSED] - Keys 'TAB + ' sent to object: 'Object Repository/Generic/ORG'

2017-11-16 12:18:22 - [MESSAGE][PASSED] - Delayed 5 second(s)

2017-11-16 12:18:22 - [MESSAGE][PASSED] - Text 'BOFA' is set on object 'Object Repository/Generic/ACC'

2017-11-16 12:18:27 - [MESSAGE][PASSED] - Delayed 5 second(s)

2017-11-16 12:18:28 - [MESSAGE][PASSED] - Keys 'TAB + ' sent to object: 'Object Repository/Generic/ACC'

2017-11-16 12:18:33 - [MESSAGE][PASSED] - Delayed 5 second(s)

2017-11-16 12:18:33 - [MESSAGE][PASSED] - Text 'AUTOTEST1' is set on object 'Object Repository/Generic/ENG_DESC'

2017-11-16 12:18:38 - [MESSAGE][PASSED] - Delayed 5 second(s)

2017-11-16 12:18:38 - [MESSAGE][PASSED] - Object: 'Object Repository/Generic/PlatformID' is clicked on

2017-11-16 12:18:43 - [MESSAGE][PASSED] - Delayed 5 second(s)

2017-11-16 12:18:43 - [MESSAGE][PASSED] - Keys 'AMPchroma' sent to object: 'Object Repository/Generic/PlatformID'

2017-11-16 12:18:48 - [MESSAGE][PASSED] - Delayed 5 second(s)

2017-11-16 12:18:49 - [MESSAGE][PASSED] - Object: 'Object Repository/Generic/PlatformVersion' is clicked on

2017-11-16 12:18:54 - [MESSAGE][PASSED] - Delayed 5 second(s)

2017-11-16 12:18:54 - [MESSAGE][PASSED] - Keys 'N/A' sent to object: 'Object Repository/Generic/PlatformVersion'

2017-11-16 12:18:59 - [MESSAGE][PASSED] - Delayed 5 second(s)

2017-11-16 12:18:59 - [MESSAGE][PASSED] - Scroll to object 'Object Repository/BEP/MorethanOneRLSNO' successfully

2017-11-16 12:18:59 - [MESSAGE][PASSED] - Object: 'Object Repository/BEP/MorethanOneRLSNO' is clicked on

2017-11-16 12:19:04 - [MESSAGE][PASSED] - Delayed 5 second(s)

2017-11-16 12:19:05 - [MESSAGE][PASSED] - Object: 'Object Repository/Generic/PlatformTrue' is clicked on

2017-11-16 12:19:10 - [MESSAGE][PASSED] - Delayed 5 second(s)

2017-11-16 12:19:15 - [MESSAGE][PASSED] - Delayed 5 second(s)

2017-11-16 12:19:15 - [MESSAGE][PASSED] - Object: 'Object Repository/EngInfo/PL' is clicked on

2017-11-16 12:19:20 - [MESSAGE][PASSED] - Delayed 5 second(s)

2017-11-16 12:19:20 - [MESSAGE][PASSED] - Keys 'Jeff Henderson ' sent to object: 'Object Repository/EngInfo/PL'

2017-11-16 12:19:25 - [MESSAGE][PASSED] - Delayed 5 second(s)

2017-11-16 12:19:26 - [MESSAGE][PASSED] - Object: 'Object Repository/EngInfo/PLTL' is clicked on

2017-11-16 12:19:31 - [MESSAGE][PASSED] - Delayed 5 second(s)

2017-11-16 12:19:31 - [MESSAGE][PASSED] - Keys 'Robert Higgins' sent to object: 'Object Repository/EngInfo/PLTL'

2017-11-16 12:19:36 - [MESSAGE][PASSED] - Delayed 5 second(s)

2017-11-16 12:19:36 - [MESSAGE][PASSED] - Object: 'Object Repository/EngInfo/RL' is clicked on

2017-11-16 12:19:41 - [MESSAGE][PASSED] - Delayed 5 second(s)

2017-11-16 12:19:42 - [MESSAGE][PASSED] - Keys 'Eric Panepinto' sent to object: 'Object Repository/EngInfo/RL'

2017-11-16 12:19:47 - [MESSAGE][PASSED] - Delayed 5 second(s)

2017-11-16 12:19:47 - [MESSAGE][PASSED] - Object: 'Object Repository/EngInfo/RD' is clicked on

2017-11-16 12:19:52 - [MESSAGE][PASSED] - Delayed 5 second(s)

2017-11-16 12:19:52 - [MESSAGE][PASSED] - Keys 'Robert Lang' sent to object: 'Object Repository/EngInfo/RD'

2017-11-16 12:19:57 - [MESSAGE][PASSED] - Delayed 5 second(s)

2017-11-16 12:19:57 - [MESSAGE][PASSED] - Scroll to object 'Object Repository/NEXT_BUTTON' successfully

2017-11-16 12:19:58 - [MESSAGE][PASSED] - Object: 'Object Repository/NEXT_BUTTON' is clicked on

2017-11-16 12:19:59 - [MESSAGE][PASSED] - Text '12' is set on object 'Object Repository/BEP/DurationLow'

2017-11-16 12:20:04 - [MESSAGE][PASSED] - Delayed 5 second(s)

2017-11-16 12:20:04 - [MESSAGE][PASSED] - Keys 'TAB + ' sent to object: 'Object Repository/BEP/DurationLow'

2017-11-16 12:20:09 - [MESSAGE][PASSED] - Delayed 5 second(s)

2017-11-16 12:20:09 - [MESSAGE][PASSED] - Text '12' is set on object 'Object Repository/BEP/DurationHigh'

2017-11-16 12:20:14 - [MESSAGE][PASSED] - Delayed 5 second(s)

2017-11-16 12:20:14 - [MESSAGE][PASSED] - Keys 'TAB + ' sent to object: 'Object Repository/BEP/DurationHigh'

2017-11-16 12:20:19 - [MESSAGE][PASSED] - Delayed 5 second(s)

2017-11-16 12:20:20 - [MESSAGE][PASSED] - Text '12' is set on object 'Object Repository/BEP/PartnerHoursLow'

2017-11-16 12:20:25 - [MESSAGE][PASSED] - Delayed 5 second(s)

2017-11-16 12:20:25 - [MESSAGE][PASSED] - Keys 'TAB + ' sent to object: 'Object Repository/BEP/PartnerHoursLow'

2017-11-16 12:20:30 - [MESSAGE][PASSED] - Delayed 5 second(s)

2017-11-16 12:20:30 - [MESSAGE][PASSED] - Text '12' is set on object 'Object Repository/BEP/PartnerHoursHigh'

2017-11-16 12:20:35 - [MESSAGE][PASSED] - Delayed 5 second(s)

2017-11-16 12:20:35 - [MESSAGE][PASSED] - Object: 'Object Repository/BEP/EstimationMethod' is clicked on

2017-11-16 12:20:40 - [MESSAGE][PASSED] - Delayed 5 second(s)

2017-11-16 12:20:41 - [MESSAGE][PASSED] - Keys 'BSW' sent to object: 'Object Repository/BEP/EstimationMethod'

2017-11-16 12:20:46 - [MESSAGE][PASSED] - Delayed 5 second(s)

2017-11-16 12:20:46 - [MESSAGE][PASSED] - Object: 'Object Repository/BEP/routeToRL' is clicked on

2017-11-16 12:20:51 - [MESSAGE][PASSED] - Delayed 5 second(s)

2017-11-16 12:20:51 - [MESSAGE][PASSED] - Scroll to object 'Object Repository/NEXT_BUTTON' successfully

2017-11-16 12:20:51 - [MESSAGE][PASSED] - Object: 'Object Repository/NEXT_BUTTON' is clicked on

2017-11-16 12:20:56 - [MESSAGE][PASSED] - Delayed 5 second(s)

2017-11-16 12:20:57 - [MESSAGE][PASSED] - Object: 'Object Repository/BEP/BEPoutput' is clicked on

2017-11-16 12:21:02 - [MESSAGE][PASSED] - Delayed 5 second(s)

2017-11-16 12:21:02 - [MESSAGE][PASSED] - All options with value 'RFP in process' are selected in object 'Object Repository/BEP/ReasonCode' 

2017-11-16 12:21:02 - [MESSAGE][PASSED] - Scroll to object 'Object Repository/NEXT_BUTTON' successfully

2017-11-16 12:21:02 - [MESSAGE][PASSED] - Object: 'Object Repository/NEXT_BUTTON' is clicked on

2017-11-16 12:21:04 - [MESSAGE][PASSED] - Scroll to object 'Object Repository/Generic/FINISH_BUTTON' successfully

2017-11-16 12:21:04 - [MESSAGE][PASSED] - Object: 'Object Repository/Generic/FINISH_BUTTON' is clicked on

2017-11-16 12:21:09 - [MESSAGE][PASSED] - Delayed 5 second(s)

2017-11-16 12:21:09 - [MESSAGE][PASSED] - Text of object 'Object Repository/BEP/BEPWOID' is: 'BEP-16Nov2017-11'

2017-11-16 12:21:09 - [MESSAGE][PASSED] - com.helper.commonfunct.BEP_CommonMethod.EstimateNoOutput is PASSED

2017-11-16 12:21:09 - [TEST_STEP][PASSED] - com.helper.commonfunct.BEP_CommonMethod.woid: com.helper.commonfunct.BEP_CommonMethod.woid is PASSED

2017-11-16 12:21:09 - [MESSAGE][PASSED] - Text of object 'Object Repository/BEP/BEPWOID' is: 'BEP-16Nov2017-11'

2017-11-16 12:21:09 - [MESSAGE][PASSED] - com.helper.commonfunct.BEP_CommonMethod.woid is PASSED

2017-11-16 12:21:09 - [TEST_STEP][PASSED] - com.helper.commonfunct.BEP_CommonMethod.WOstatus: com.helper.commonfunct.BEP_CommonMethod.WOstatus is PASSED

2017-11-16 12:21:09 - [MESSAGE][PASSED] - Text of object 'Object Repository/BEP/WOSTATUS' is: 'Pending-RDApproval'

2017-11-16 12:21:09 - [MESSAGE][PASSED] - com.helper.commonfunct.BEP_CommonMethod.WOstatus is PASSED

2017-11-16 12:21:09 - [MESSAGE][PASSED] - Call Test Case 'Test Cases/BEP/TC_Create_BEP_NoOutput' successfully

2017-11-16 12:21:09 - [TEST_STEP][PASSED] - Statement - RDRecall = true: null

2017-11-16 12:21:09 - [TEST_STEP][PASSED] - Statement - RLRecall = true: null

2017-11-16 12:21:09 - [TEST_STEP][PASSED] - com.helper.commonfunct.utilities.setprop: com.helper.commonfunct.utilities.setprop is PASSED

2017-11-16 12:21:09 - [MESSAGE][PASSED] - com.helper.commonfunct.utilities.setprop is PASSED

2017-11-16 12:21:09 - [TEST_STEP][NOT_RUN] - Statement - While (WOSTATUS.contains("Pending")): NOT_RUN: Statement - While (WOSTATUS.contains("Pending"))

2017-11-16 12:21:09 - [MESSAGE][NOT_RUN] - NOT_RUN: Statement - While (WOSTATUS.contains("Pending"))

2017-11-16 12:21:09 - [TEST_STEP][PASSED] - callTestCase: Call Test Case 'Test Cases/BEP/All_Approval_Recall' successfully

2017-11-16 12:21:09 - [TEST_CASE][PASSED] - Test Cases/BEP/All_Approval_Recall: Test Cases/BEP/All_Approval_Recall

2017-11-16 12:21:10 - [TEST_STEP][PASSED] - Statement - While (WOSTATUS.contains("Pending")): com.helper.commonfunct.utilities.WOstatus is PASSED

2017-11-16 12:21:10 - [TEST_STEP][PASSED] - Statement - For ([j = 0, j < AssignmentList.size(), (j++)]): com.helper.commonfunct.utilities.WOstatus is PASSED

2017-11-16 12:21:10 - [TEST_STEP][PASSED] - Statement - Status = text: null

2017-11-16 12:21:10 - [TEST_STEP][PASSED] - Statement - println(Status): null

2017-11-16 12:21:10 - [TEST_STEP][PASSED] - Statement - If (WOSTATUS == "Pending-RDApproval"): com.helper.commonfunct.utilities.WOstatus is PASSED

2017-11-16 12:21:10 - [TEST_STEP][PASSED] - Statement - If (RDRecall == false): null

2017-11-16 12:21:10 - [TEST_STEP][PASSED] - Statement - Else: com.helper.commonfunct.utilities.WOstatus is PASSED

2017-11-16 12:21:10 - [TEST_STEP][PASSED] - com.helper.commonfunct.utilities.login: com.helper.commonfunct.utilities.login is PASSED

2017-11-16 12:21:10 - [MESSAGE][WARNING] - A browser is already opened. Closing browser and opening a new one

2017-11-16 12:21:13 - [MESSAGE][PASSED] - Browser is opened with url: ''

2017-11-16 12:21:14 - [MESSAGE][PASSED] - Navigate to 'https://vtcpqa2.rpega.com:9030/tcpqa/PRServlet' successfully

2017-11-16 12:21:15 - [MESSAGE][PASSED] - Text 'hendj@pegasystems.com' is set on object 'Object Repository/input_UserIdentifier'

2017-11-16 12:21:15 - [MESSAGE][PASSED] - Text 'install' is set on object 'Object Repository/input_Password'

2017-11-16 12:21:18 - [MESSAGE][PASSED] - Keys 'ENTER + ' sent to object: 'Object Repository/input_Password'

2017-11-16 12:21:18 - [MESSAGE][PASSED] - com.helper.commonfunct.utilities.login is PASSED

2017-11-16 12:21:18 - [TEST_STEP][PASSED] - com.helper.commonfunct.utilities.search: com.helper.commonfunct.utilities.search is PASSED

2017-11-16 12:21:19 - [MESSAGE][PASSED] - Current window maximized

2017-11-16 12:21:24 - [MESSAGE][PASSED] - Delayed 5 second(s)

2017-11-16 12:21:25 - [MESSAGE][PASSED] - Text 'BEP-16Nov2017-11' is set on object 'Object Repository/EngInfo/search'

2017-11-16 12:21:30 - [MESSAGE][PASSED] - Delayed 5 second(s)

2017-11-16 12:21:30 - [MESSAGE][PASSED] - Keys 'ENTER + ' sent to object: 'Object Repository/EngInfo/search'

2017-11-16 12:21:35 - [MESSAGE][PASSED] - Delayed 5 second(s)

2017-11-16 12:21:35 - [MESSAGE][PASSED] - com.helper.commonfunct.utilities.search is PASSED

2017-11-16 12:21:35 - [TEST_STEP][PASSED] - com.helper.commonfunct.BEP_CommonMethod.recall: com.helper.commonfunct.BEP_CommonMethod.recall is PASSED

2017-11-16 12:21:40 - [MESSAGE][PASSED] - Delayed 5 second(s)

2017-11-16 12:21:40 - [MESSAGE][WARNING] - Timeout '0' is invalid. Using default page load timeout: '30'

2017-11-16 12:21:40 - [MESSAGE][PASSED] - Object: 'Object Repository/otherAction' is clicked on

2017-11-16 12:21:45 - [MESSAGE][PASSED] - Delayed 5 second(s)

2017-11-16 12:21:45 - [MESSAGE][PASSED] - Object: 'Object Repository/BEP/recall' is clicked on

2017-11-16 12:21:50 - [MESSAGE][PASSED] - Delayed 5 second(s)

2017-11-16 12:21:51 - [MESSAGE][PASSED] - Text 'Testing' is set on object 'Object Repository/BEP/recall_reason'

2017-11-16 12:21:56 - [MESSAGE][PASSED] - Delayed 5 second(s)

2017-11-16 12:21:56 - [MESSAGE][PASSED] - Keys 'TAB + ' sent to object: 'Object Repository/BEP/recall_reason'

2017-11-16 12:22:01 - [MESSAGE][PASSED] - Delayed 5 second(s)

2017-11-16 12:22:03 - [MESSAGE][PASSED] - Object: 'Object Repository/BEP/recall_submit' is clicked on

2017-11-16 12:22:08 - [MESSAGE][PASSED] - Delayed 5 second(s)

2017-11-16 12:22:08 - [MESSAGE][PASSED] - com.helper.commonfunct.BEP_CommonMethod.recall is PASSED

2017-11-16 12:22:08 - [TEST_STEP][PASSED] - Statement - RDRecall = false: null

2017-11-16 12:22:08 - [TEST_STEP][PASSED] - Statement - print(RDRecall): null

2017-11-16 12:22:08 - [TEST_STEP][PASSED] - com.helper.commonfunct.utilities.WOstatus: com.helper.commonfunct.utilities.WOstatus is PASSED

2017-11-16 12:22:08 - [MESSAGE][PASSED] - Text of object 'Object Repository/ECR/WOSTATUS' is: 'Pending-Update'

2017-11-16 12:22:08 - [MESSAGE][PASSED] - com.helper.commonfunct.utilities.WOstatus is PASSED

2017-11-16 12:22:08 - [TEST_STEP][PASSED] - Statement - For ([j = 0, j < AssignmentList.size(), (j++)]): com.helper.commonfunct.utilities.WOstatus is PASSED

2017-11-16 12:22:08 - [TEST_STEP][PASSED] - Statement - Status = text: null

2017-11-16 12:22:08 - [TEST_STEP][PASSED] - Statement - println(Status): null

2017-11-16 12:22:08 - [TEST_STEP][PASSED] - Statement - If (WOSTATUS == "Pending-RDApproval"): null

2017-11-16 12:22:08 - [TEST_STEP][PASSED] - Statement - Else If (WOSTATUS == "Pending-RLApproval"): null

2017-11-16 12:22:08 - [TEST_STEP][PASSED] - Statement - Else If (WOSTATUS == "Pending-Update"): com.helper.commonfunct.utilities.WOstatus is PASSED

2017-11-16 12:22:08 - [TEST_STEP][PASSED] - com.helper.commonfunct.utilities.login: com.helper.commonfunct.utilities.login is PASSED

2017-11-16 12:22:08 - [MESSAGE][WARNING] - A browser is already opened. Closing browser and opening a new one

2017-11-16 12:22:12 - [MESSAGE][PASSED] - Browser is opened with url: ''

2017-11-16 12:22:13 - [MESSAGE][PASSED] - Navigate to 'https://vtcpqa2.rpega.com:9030/tcpqa/PRServlet' successfully

2017-11-16 12:22:13 - [MESSAGE][PASSED] - Text 'hendj@pegasystems.com' is set on object 'Object Repository/input_UserIdentifier'

2017-11-16 12:22:13 - [MESSAGE][PASSED] - Text 'install' is set on object 'Object Repository/input_Password'

2017-11-16 12:22:16 - [MESSAGE][PASSED] - Keys 'ENTER + ' sent to object: 'Object Repository/input_Password'

2017-11-16 12:22:16 - [MESSAGE][PASSED] - com.helper.commonfunct.utilities.login is PASSED

2017-11-16 12:22:16 - [TEST_STEP][PASSED] - com.helper.commonfunct.utilities.search: com.helper.commonfunct.utilities.search is PASSED

2017-11-16 12:22:17 - [MESSAGE][PASSED] - Current window maximized

2017-11-16 12:22:22 - [MESSAGE][PASSED] - Delayed 5 second(s)

2017-11-16 12:22:22 - [MESSAGE][PASSED] - Text 'BEP-16Nov2017-11' is set on object 'Object Repository/EngInfo/search'

2017-11-16 12:22:27 - [MESSAGE][PASSED] - Delayed 5 second(s)

2017-11-16 12:22:28 - [MESSAGE][PASSED] - Keys 'ENTER + ' sent to object: 'Object Repository/EngInfo/search'

2017-11-16 12:22:33 - [MESSAGE][PASSED] - Delayed 5 second(s)

2017-11-16 12:22:33 - [MESSAGE][PASSED] - com.helper.commonfunct.utilities.search is PASSED

2017-11-16 12:22:33 - [TEST_STEP][PASSED] - com.helper.commonfunct.BEP_CommonMethod.UpdateAfterRecall: com.helper.commonfunct.BEP_CommonMethod.UpdateAfterRecall is PASSED

2017-11-16 12:22:38 - [MESSAGE][PASSED] - Delayed 5 second(s)

2017-11-16 12:22:38 - [MESSAGE][WARNING] - Timeout '0' is invalid. Using default page load timeout: '30'

2017-11-16 12:22:39 - [MESSAGE][PASSED] - Object: 'Object Repository/BEP/link_Update_AftreRecall' is clicked on

2017-11-16 12:22:44 - [MESSAGE][PASSED] - Delayed 5 second(s)

2017-11-16 12:22:44 - [MESSAGE][PASSED] - Scroll to object 'Object Repository/NEXT_BUTTON' successfully

2017-11-16 12:22:45 - [MESSAGE][PASSED] - Object: 'Object Repository/NEXT_BUTTON' is clicked on

2017-11-16 12:22:50 - [MESSAGE][PASSED] - Delayed 5 second(s)

2017-11-16 12:22:50 - [MESSAGE][PASSED] - Scroll to object 'Object Repository/NEXT_BUTTON' successfully

2017-11-16 12:22:50 - [MESSAGE][PASSED] - Object: 'Object Repository/NEXT_BUTTON' is clicked on

2017-11-16 12:22:55 - [MESSAGE][PASSED] - Delayed 5 second(s)

2017-11-16 12:22:55 - [MESSAGE][PASSED] - Text 'Testing' is set on object 'Object Repository/BEP/BEP_CASENOTES'

2017-11-16 12:23:00 - [MESSAGE][PASSED] - Delayed 5 second(s)

2017-11-16 12:23:00 - [MESSAGE][PASSED] - Scroll to object 'Object Repository/NEXT_BUTTON' successfully

2017-11-16 12:23:01 - [MESSAGE][PASSED] - Object: 'Object Repository/NEXT_BUTTON' is clicked on

2017-11-16 12:23:06 - [MESSAGE][PASSED] - Delayed 5 second(s)

2017-11-16 12:23:06 - [MESSAGE][WARNING] - Timeout '0' is invalid. Using default page load timeout: '30'

2017-11-16 12:23:06 - [MESSAGE][PASSED] - Scroll to object 'Object Repository/BEP/FINISH_ASSIGNMENT' successfully

2017-11-16 12:23:09 - [MESSAGE][PASSED] - Object: 'Object Repository/BEP/FINISH_ASSIGNMENT' is clicked on

2017-11-16 12:23:14 - [MESSAGE][PASSED] - Delayed 5 second(s)

2017-11-16 12:23:14 - [MESSAGE][PASSED] - com.helper.commonfunct.BEP_CommonMethod.UpdateAfterRecall is PASSED

2017-11-16 12:23:14 - [TEST_STEP][PASSED] - com.helper.commonfunct.utilities.WOstatus: com.helper.commonfunct.utilities.WOstatus is PASSED

2017-11-16 12:23:14 - [MESSAGE][PASSED] - Text of object 'Object Repository/ECR/WOSTATUS' is: 'Pending-RDApproval'

2017-11-16 12:23:14 - [MESSAGE][PASSED] - com.helper.commonfunct.utilities.WOstatus is PASSED

2017-11-16 12:23:14 - [TEST_STEP][PASSED] - Statement - Status = text: null

2017-11-16 12:23:14 - [TEST_STEP][PASSED] - Statement - println(Status): null

2017-11-16 12:23:14 - [TEST_STEP][PASSED] - Statement - If (WOSTATUS == "Pending-RDApproval"): com.helper.commonfunct.utilities.WOstatus is PASSED

2017-11-16 12:23:14 - [TEST_STEP][PASSED] - Statement - If (RDRecall == false): com.helper.commonfunct.utilities.WOstatus is PASSED

2017-11-16 12:23:14 - [TEST_STEP][PASSED] - Statement - If (RouteToRL == true): com.helper.commonfunct.utilities.WOstatus is PASSED

2017-11-16 12:23:14 - [TEST_STEP][PASSED] - com.helper.commonfunct.utilities.login: com.helper.commonfunct.utilities.login is PASSED

2017-11-16 12:23:14 - [MESSAGE][WARNING] - A browser is already opened. Closing browser and opening a new one

2017-11-16 12:23:18 - [MESSAGE][PASSED] - Browser is opened with url: ''

2017-11-16 12:23:19 - [MESSAGE][PASSED] - Navigate to 'https://vtcpqa2.rpega.com:9030/tcpqa/PRServlet' successfully

2017-11-16 12:23:19 - [MESSAGE][PASSED] - Text 'langr1@pegasystems.com' is set on object 'Object Repository/input_UserIdentifier'

2017-11-16 12:23:19 - [MESSAGE][PASSED] - Text 'install' is set on object 'Object Repository/input_Password'

2017-11-16 12:23:22 - [MESSAGE][PASSED] - Keys 'ENTER + ' sent to object: 'Object Repository/input_Password'

2017-11-16 12:23:22 - [MESSAGE][PASSED] - com.helper.commonfunct.utilities.login is PASSED

2017-11-16 12:23:22 - [TEST_STEP][PASSED] - com.helper.commonfunct.utilities.search: com.helper.commonfunct.utilities.search is PASSED

2017-11-16 12:23:23 - [MESSAGE][PASSED] - Current window maximized

2017-11-16 12:23:28 - [MESSAGE][PASSED] - Delayed 5 second(s)

2017-11-16 12:23:29 - [MESSAGE][PASSED] - Text 'BEP-16Nov2017-11' is set on object 'Object Repository/EngInfo/search'

2017-11-16 12:23:34 - [MESSAGE][PASSED] - Delayed 5 second(s)

2017-11-16 12:23:36 - [MESSAGE][PASSED] - Keys 'ENTER + ' sent to object: 'Object Repository/EngInfo/search'

2017-11-16 12:23:41 - [MESSAGE][PASSED] - Delayed 5 second(s)

2017-11-16 12:23:41 - [MESSAGE][PASSED] - com.helper.commonfunct.utilities.search is PASSED

2017-11-16 12:23:41 - [TEST_STEP][PASSED] - com.helper.commonfunct.BEP_CommonMethod.RDapprove: com.helper.commonfunct.BEP_CommonMethod.RDapprove is PASSED

2017-11-16 12:23:46 - [MESSAGE][PASSED] - Delayed 5 second(s)

2017-11-16 12:23:46 - [MESSAGE][WARNING] - Timeout '0' is invalid. Using default page load timeout: '30'

2017-11-16 12:23:48 - [MESSAGE][PASSED] - Object: 'Object Repository/BEP/RDLink' is clicked on

2017-11-16 12:23:53 - [MESSAGE][PASSED] - Delayed 5 second(s)

2017-11-16 12:23:53 - [MESSAGE][PASSED] - Scroll to object 'Object Repository/NEXT_BUTTON' successfully

2017-11-16 12:23:53 - [MESSAGE][PASSED] - Object: 'Object Repository/NEXT_BUTTON' is clicked on

2017-11-16 12:23:58 - [MESSAGE][PASSED] - Delayed 5 second(s)

2017-11-16 12:23:58 - [MESSAGE][WARNING] - Timeout '0' is invalid. Using default page load timeout: '30'

2017-11-16 12:23:58 - [MESSAGE][PASSED] - Scroll to object 'Object Repository/BEP/RD_RLApprove' successfully

2017-11-16 12:23:58 - [MESSAGE][PASSED] - Object: 'Object Repository/BEP/RD_RLApprove' is clicked on

2017-11-16 12:24:03 - [MESSAGE][PASSED] - Delayed 5 second(s)

2017-11-16 12:24:04 - [MESSAGE][PASSED] - Text 'Testing' is set on object 'Object Repository/BEP/BEP_CASENOTES'

2017-11-16 12:24:09 - [MESSAGE][PASSED] - Delayed 5 second(s)

2017-11-16 12:24:09 - [MESSAGE][WARNING] - Timeout '0' is invalid. Using default page load timeout: '30'

2017-11-16 12:24:09 - [MESSAGE][PASSED] - Scroll to object 'Object Repository/BEP/FINISH_ASSIGNMENT' successfully

2017-11-16 12:24:09 - [MESSAGE][PASSED] - Object: 'Object Repository/BEP/FINISH_ASSIGNMENT' is clicked on

2017-11-16 12:24:14 - [MESSAGE][PASSED] - Delayed 5 second(s)

2017-11-16 12:24:14 - [MESSAGE][PASSED] - com.helper.commonfunct.BEP_CommonMethod.RDapprove is PASSED

2017-11-16 12:24:14 - [TEST_STEP][PASSED] - com.helper.commonfunct.utilities.WOstatus: com.helper.commonfunct.utilities.WOstatus is PASSED

2017-11-16 12:24:14 - [MESSAGE][PASSED] - Text of object 'Object Repository/ECR/WOSTATUS' is: 'Pending-RLApproval'

2017-11-16 12:24:14 - [MESSAGE][PASSED] - com.helper.commonfunct.utilities.WOstatus is PASSED

2017-11-16 12:24:14 - [TEST_STEP][PASSED] - Statement - For ([j = 0, j < AssignmentList.size(), (j++)]): com.helper.commonfunct.utilities.WOstatus is PASSED

2017-11-16 12:24:14 - [TEST_STEP][PASSED] - Statement - Status = text: null

2017-11-16 12:24:14 - [TEST_STEP][PASSED] - Statement - println(Status): null

2017-11-16 12:24:14 - [TEST_STEP][PASSED] - Statement - If (WOSTATUS == "Pending-RDApproval"): null

2017-11-16 12:24:14 - [TEST_STEP][PASSED] - Statement - Else If (WOSTATUS == "Pending-RLApproval"): com.helper.commonfunct.utilities.WOstatus is PASSED

2017-11-16 12:24:14 - [TEST_STEP][PASSED] - Statement - If (RLRecall == false): null

2017-11-16 12:24:14 - [TEST_STEP][PASSED] - Statement - Else: com.helper.commonfunct.utilities.WOstatus is PASSED

2017-11-16 12:24:14 - [TEST_STEP][PASSED] - com.helper.commonfunct.utilities.login: com.helper.commonfunct.utilities.login is PASSED

2017-11-16 12:24:14 - [MESSAGE][WARNING] - A browser is already opened. Closing browser and opening a new one

2017-11-16 12:24:18 - [MESSAGE][PASSED] - Browser is opened with url: ''

2017-11-16 12:24:19 - [MESSAGE][PASSED] - Navigate to 'https://vtcpqa2.rpega.com:9030/tcpqa/PRServlet' successfully

2017-11-16 12:24:19 - [MESSAGE][PASSED] - Text 'hendj@pegasystems.com' is set on object 'Object Repository/input_UserIdentifier'

2017-11-16 12:24:19 - [MESSAGE][PASSED] - Text 'install' is set on object 'Object Repository/input_Password'

2017-11-16 12:24:22 - [MESSAGE][PASSED] - Keys 'ENTER + ' sent to object: 'Object Repository/input_Password'

2017-11-16 12:24:22 - [MESSAGE][PASSED] - com.helper.commonfunct.utilities.login is PASSED

2017-11-16 12:24:22 - [TEST_STEP][PASSED] - com.helper.commonfunct.utilities.search: com.helper.commonfunct.utilities.search is PASSED

2017-11-16 12:24:23 - [MESSAGE][PASSED] - Current window maximized

2017-11-16 12:24:28 - [MESSAGE][PASSED] - Delayed 5 second(s)

2017-11-16 12:24:29 - [MESSAGE][PASSED] - Text 'BEP-16Nov2017-11' is set on object 'Object Repository/EngInfo/search'

2017-11-16 12:24:34 - [MESSAGE][PASSED] - Delayed 5 second(s)

2017-11-16 12:24:34 - [MESSAGE][PASSED] - Keys 'ENTER + ' sent to object: 'Object Repository/EngInfo/search'

2017-11-16 12:24:39 - [MESSAGE][PASSED] - Delayed 5 second(s)

2017-11-16 12:24:39 - [MESSAGE][PASSED] - com.helper.commonfunct.utilities.search is PASSED

2017-11-16 12:24:39 - [TEST_STEP][PASSED] - com.helper.commonfunct.BEP_CommonMethod.recall: com.helper.commonfunct.BEP_CommonMethod.recall is PASSED

2017-11-16 12:24:44 - [MESSAGE][PASSED] - Delayed 5 second(s)

2017-11-16 12:24:44 - [MESSAGE][WARNING] - Timeout '0' is invalid. Using default page load timeout: '30'

2017-11-16 12:24:44 - [MESSAGE][PASSED] - Object: 'Object Repository/otherAction' is clicked on

2017-11-16 12:24:49 - [MESSAGE][PASSED] - Delayed 5 second(s)

2017-11-16 12:24:50 - [MESSAGE][PASSED] - Object: 'Object Repository/BEP/recall' is clicked on

2017-11-16 12:24:55 - [MESSAGE][PASSED] - Delayed 5 second(s)

2017-11-16 12:24:55 - [MESSAGE][PASSED] - Text 'Testing' is set on object 'Object Repository/BEP/recall_reason'

2017-11-16 12:25:00 - [MESSAGE][PASSED] - Delayed 5 second(s)

2017-11-16 12:25:00 - [MESSAGE][PASSED] - Keys 'TAB + ' sent to object: 'Object Repository/BEP/recall_reason'

2017-11-16 12:25:05 - [MESSAGE][PASSED] - Delayed 5 second(s)

2017-11-16 12:25:07 - [MESSAGE][PASSED] - Object: 'Object Repository/BEP/recall_submit' is clicked on

2017-11-16 12:25:12 - [MESSAGE][PASSED] - Delayed 5 second(s)

2017-11-16 12:25:12 - [MESSAGE][PASSED] - com.helper.commonfunct.BEP_CommonMethod.recall is PASSED

2017-11-16 12:25:12 - [TEST_STEP][PASSED] - Statement - RLRecall = false: null

2017-11-16 12:25:12 - [TEST_STEP][PASSED] - Statement - print(RLRecall): null

2017-11-16 12:25:12 - [TEST_STEP][PASSED] - com.helper.commonfunct.utilities.WOstatus: com.helper.commonfunct.utilities.WOstatus is PASSED

2017-11-16 12:25:12 - [MESSAGE][PASSED] - Text of object 'Object Repository/ECR/WOSTATUS' is: 'Pending-Update'

2017-11-16 12:25:12 - [MESSAGE][PASSED] - com.helper.commonfunct.utilities.WOstatus is PASSED

2017-11-16 12:25:12 - [TEST_STEP][PASSED] - Statement - For ([j = 0, j < AssignmentList.size(), (j++)]): com.helper.commonfunct.utilities.WOstatus is PASSED

2017-11-16 12:25:12 - [TEST_STEP][PASSED] - Statement - Status = text: null

2017-11-16 12:25:12 - [TEST_STEP][PASSED] - Statement - println(Status): null

2017-11-16 12:25:12 - [TEST_STEP][PASSED] - Statement - If (WOSTATUS == "Pending-RDApproval"): null

2017-11-16 12:25:12 - [TEST_STEP][PASSED] - Statement - Else If (WOSTATUS == "Pending-RLApproval"): null

2017-11-16 12:25:12 - [TEST_STEP][PASSED] - Statement - Else If (WOSTATUS == "Pending-Update"): com.helper.commonfunct.utilities.WOstatus is PASSED

2017-11-16 12:25:12 - [TEST_STEP][PASSED] - com.helper.commonfunct.utilities.login: com.helper.commonfunct.utilities.login is PASSED

2017-11-16 12:25:12 - [MESSAGE][WARNING] - A browser is already opened. Closing browser and opening a new one

2017-11-16 12:25:16 - [MESSAGE][PASSED] - Browser is opened with url: ''

2017-11-16 12:25:16 - [MESSAGE][PASSED] - Navigate to 'https://vtcpqa2.rpega.com:9030/tcpqa/PRServlet' successfully

2017-11-16 12:25:17 - [MESSAGE][PASSED] - Text 'hendj@pegasystems.com' is set on object 'Object Repository/input_UserIdentifier'

2017-11-16 12:25:17 - [MESSAGE][PASSED] - Text 'install' is set on object 'Object Repository/input_Password'

2017-11-16 12:25:20 - [MESSAGE][PASSED] - Keys 'ENTER + ' sent to object: 'Object Repository/input_Password'

2017-11-16 12:25:20 - [MESSAGE][PASSED] - com.helper.commonfunct.utilities.login is PASSED

2017-11-16 12:25:20 - [TEST_STEP][PASSED] - com.helper.commonfunct.utilities.search: com.helper.commonfunct.utilities.search is PASSED

2017-11-16 12:25:21 - [MESSAGE][PASSED] - Current window maximized

2017-11-16 12:25:26 - [MESSAGE][PASSED] - Delayed 5 second(s)

2017-11-16 12:25:27 - [MESSAGE][PASSED] - Text 'BEP-16Nov2017-11' is set on object 'Object Repository/EngInfo/search'

2017-11-16 12:25:32 - [MESSAGE][PASSED] - Delayed 5 second(s)

2017-11-16 12:25:32 - [MESSAGE][PASSED] - Keys 'ENTER + ' sent to object: 'Object Repository/EngInfo/search'

2017-11-16 12:25:37 - [MESSAGE][PASSED] - Delayed 5 second(s)

2017-11-16 12:25:37 - [MESSAGE][PASSED] - com.helper.commonfunct.utilities.search is PASSED

2017-11-16 12:25:37 - [TEST_STEP][PASSED] - com.helper.commonfunct.BEP_CommonMethod.UpdateAfterRecall: com.helper.commonfunct.BEP_CommonMethod.UpdateAfterRecall is PASSED

2017-11-16 12:25:42 - [MESSAGE][PASSED] - Delayed 5 second(s)

2017-11-16 12:25:42 - [MESSAGE][WARNING] - Timeout '0' is invalid. Using default page load timeout: '30'

2017-11-16 12:25:43 - [MESSAGE][PASSED] - Object: 'Object Repository/BEP/link_Update_AftreRecall' is clicked on

2017-11-16 12:25:48 - [MESSAGE][PASSED] - Delayed 5 second(s)

2017-11-16 12:25:48 - [MESSAGE][PASSED] - Scroll to object 'Object Repository/NEXT_BUTTON' successfully

2017-11-16 12:25:50 - [MESSAGE][PASSED] - Object: 'Object Repository/NEXT_BUTTON' is clicked on

2017-11-16 12:25:55 - [MESSAGE][PASSED] - Delayed 5 second(s)

2017-11-16 12:25:55 - [MESSAGE][PASSED] - Scroll to object 'Object Repository/NEXT_BUTTON' successfully

2017-11-16 12:25:56 - [MESSAGE][PASSED] - Object: 'Object Repository/NEXT_BUTTON' is clicked on

2017-11-16 12:26:01 - [MESSAGE][PASSED] - Delayed 5 second(s)

2017-11-16 12:26:01 - [MESSAGE][PASSED] - Text 'Testing' is set on object 'Object Repository/BEP/BEP_CASENOTES'

2017-11-16 12:26:06 - [MESSAGE][PASSED] - Delayed 5 second(s)

2017-11-16 12:26:06 - [MESSAGE][PASSED] - Scroll to object 'Object Repository/NEXT_BUTTON' successfully

2017-11-16 12:26:06 - [MESSAGE][PASSED] - Object: 'Object Repository/NEXT_BUTTON' is clicked on

2017-11-16 12:26:11 - [MESSAGE][PASSED] - Delayed 5 second(s)

2017-11-16 12:26:11 - [MESSAGE][WARNING] - Timeout '0' is invalid. Using default page load timeout: '30'

2017-11-16 12:26:11 - [MESSAGE][PASSED] - Scroll to object 'Object Repository/BEP/FINISH_ASSIGNMENT' successfully

2017-11-16 12:26:12 - [MESSAGE][PASSED] - Object: 'Object Repository/BEP/FINISH_ASSIGNMENT' is clicked on

2017-11-16 12:26:17 - [MESSAGE][PASSED] - Delayed 5 second(s)

2017-11-16 12:26:17 - [MESSAGE][PASSED] - com.helper.commonfunct.BEP_CommonMethod.UpdateAfterRecall is PASSED

2017-11-16 12:26:17 - [TEST_STEP][PASSED] - com.helper.commonfunct.utilities.WOstatus: com.helper.commonfunct.utilities.WOstatus is PASSED

2017-11-16 12:26:17 - [MESSAGE][PASSED] - Text of object 'Object Repository/ECR/WOSTATUS' is: 'Pending-RDApproval'

2017-11-16 12:26:17 - [MESSAGE][PASSED] - com.helper.commonfunct.utilities.WOstatus is PASSED

2017-11-16 12:26:17 - [TEST_STEP][PASSED] - Statement - Status = text: null

2017-11-16 12:26:17 - [TEST_STEP][PASSED] - Statement - println(Status): null

2017-11-16 12:26:17 - [TEST_STEP][PASSED] - Statement - If (WOSTATUS == "Pending-RDApproval"): com.helper.commonfunct.utilities.WOstatus is PASSED

2017-11-16 12:26:17 - [TEST_STEP][PASSED] - Statement - If (RDRecall == false): com.helper.commonfunct.utilities.WOstatus is PASSED

2017-11-16 12:26:17 - [TEST_STEP][PASSED] - Statement - If (RouteToRL == true): com.helper.commonfunct.utilities.WOstatus is PASSED

2017-11-16 12:26:17 - [TEST_STEP][PASSED] - com.helper.commonfunct.utilities.login: com.helper.commonfunct.utilities.login is PASSED

2017-11-16 12:26:17 - [MESSAGE][WARNING] - A browser is already opened. Closing browser and opening a new one

2017-11-16 12:26:20 - [MESSAGE][PASSED] - Browser is opened with url: ''

2017-11-16 12:26:21 - [MESSAGE][PASSED] - Navigate to 'https://vtcpqa2.rpega.com:9030/tcpqa/PRServlet' successfully

2017-11-16 12:26:21 - [MESSAGE][PASSED] - Text 'langr1@pegasystems.com' is set on object 'Object Repository/input_UserIdentifier'

2017-11-16 12:26:22 - [MESSAGE][PASSED] - Text 'install' is set on object 'Object Repository/input_Password'

2017-11-16 12:26:24 - [MESSAGE][PASSED] - Keys 'ENTER + ' sent to object: 'Object Repository/input_Password'

2017-11-16 12:26:24 - [MESSAGE][PASSED] - com.helper.commonfunct.utilities.login is PASSED

2017-11-16 12:26:24 - [TEST_STEP][PASSED] - com.helper.commonfunct.utilities.search: com.helper.commonfunct.utilities.search is PASSED

2017-11-16 12:26:26 - [MESSAGE][PASSED] - Current window maximized

2017-11-16 12:26:31 - [MESSAGE][PASSED] - Delayed 5 second(s)

2017-11-16 12:26:31 - [MESSAGE][PASSED] - Text 'BEP-16Nov2017-11' is set on object 'Object Repository/EngInfo/search'

2017-11-16 12:26:36 - [MESSAGE][PASSED] - Delayed 5 second(s)

2017-11-16 12:26:36 - [MESSAGE][PASSED] - Keys 'ENTER + ' sent to object: 'Object Repository/EngInfo/search'

2017-11-16 12:26:41 - [MESSAGE][PASSED] - Delayed 5 second(s)

2017-11-16 12:26:41 - [MESSAGE][PASSED] - com.helper.commonfunct.utilities.search is PASSED

2017-11-16 12:26:41 - [TEST_STEP][PASSED] - com.helper.commonfunct.BEP_CommonMethod.RDapprove: com.helper.commonfunct.BEP_CommonMethod.RDapprove is PASSED

2017-11-16 12:26:46 - [MESSAGE][PASSED] - Delayed 5 second(s)

2017-11-16 12:26:46 - [MESSAGE][WARNING] - Timeout '0' is invalid. Using default page load timeout: '30'

2017-11-16 12:26:48 - [MESSAGE][PASSED] - Object: 'Object Repository/BEP/RDLink' is clicked on

2017-11-16 12:26:53 - [MESSAGE][PASSED] - Delayed 5 second(s)

2017-11-16 12:26:53 - [MESSAGE][PASSED] - Scroll to object 'Object Repository/NEXT_BUTTON' successfully

2017-11-16 12:26:53 - [MESSAGE][PASSED] - Object: 'Object Repository/NEXT_BUTTON' is clicked on

2017-11-16 12:26:58 - [MESSAGE][PASSED] - Delayed 5 second(s)

2017-11-16 12:26:58 - [MESSAGE][WARNING] - Timeout '0' is invalid. Using default page load timeout: '30'

2017-11-16 12:26:58 - [MESSAGE][PASSED] - Scroll to object 'Object Repository/BEP/RD_RLApprove' successfully

2017-11-16 12:26:58 - [MESSAGE][PASSED] - Object: 'Object Repository/BEP/RD_RLApprove' is clicked on

2017-11-16 12:27:03 - [MESSAGE][PASSED] - Delayed 5 second(s)

2017-11-16 12:27:04 - [MESSAGE][PASSED] - Text 'Testing' is set on object 'Object Repository/BEP/BEP_CASENOTES'

2017-11-16 12:27:09 - [MESSAGE][PASSED] - Delayed 5 second(s)

2017-11-16 12:27:09 - [MESSAGE][WARNING] - Timeout '0' is invalid. Using default page load timeout: '30'

2017-11-16 12:27:09 - [MESSAGE][PASSED] - Scroll to object 'Object Repository/BEP/FINISH_ASSIGNMENT' successfully

2017-11-16 12:27:09 - [MESSAGE][PASSED] - Object: 'Object Repository/BEP/FINISH_ASSIGNMENT' is clicked on

2017-11-16 12:27:14 - [MESSAGE][PASSED] - Delayed 5 second(s)

2017-11-16 12:27:14 - [MESSAGE][PASSED] - com.helper.commonfunct.BEP_CommonMethod.RDapprove is PASSED

2017-11-16 12:27:14 - [TEST_STEP][PASSED] - com.helper.commonfunct.utilities.WOstatus: com.helper.commonfunct.utilities.WOstatus is PASSED

2017-11-16 12:27:14 - [MESSAGE][PASSED] - Text of object 'Object Repository/ECR/WOSTATUS' is: 'Pending-RLApproval'

2017-11-16 12:27:14 - [MESSAGE][PASSED] - com.helper.commonfunct.utilities.WOstatus is PASSED

2017-11-16 12:27:14 - [TEST_STEP][PASSED] - Statement - For ([j = 0, j < AssignmentList.size(), (j++)]): com.helper.commonfunct.utilities.WOstatus is PASSED

2017-11-16 12:27:14 - [TEST_STEP][PASSED] - Statement - Status = text: null

2017-11-16 12:27:14 - [TEST_STEP][PASSED] - Statement - println(Status): null

2017-11-16 12:27:14 - [TEST_STEP][PASSED] - Statement - If (WOSTATUS == "Pending-RDApproval"): null

2017-11-16 12:27:14 - [TEST_STEP][PASSED] - Statement - Else If (WOSTATUS == "Pending-RLApproval"): com.helper.commonfunct.utilities.WOstatus is PASSED

2017-11-16 12:27:14 - [TEST_STEP][PASSED] - Statement - If (RLRecall == false): com.helper.commonfunct.utilities.WOstatus is PASSED

2017-11-16 12:27:14 - [TEST_STEP][PASSED] - com.helper.commonfunct.utilities.login: com.helper.commonfunct.utilities.login is PASSED

2017-11-16 12:27:14 - [MESSAGE][WARNING] - A browser is already opened. Closing browser and opening a new one

2017-11-16 12:27:18 - [MESSAGE][PASSED] - Browser is opened with url: ''

2017-11-16 12:27:18 - [MESSAGE][PASSED] - Navigate to 'https://vtcpqa2.rpega.com:9030/tcpqa/PRServlet' successfully

2017-11-16 12:27:19 - [MESSAGE][PASSED] - Text 'panee@pegasystems.com' is set on object 'Object Repository/input_UserIdentifier'

2017-11-16 12:27:19 - [MESSAGE][PASSED] - Text 'install' is set on object 'Object Repository/input_Password'

2017-11-16 12:27:22 - [MESSAGE][PASSED] - Keys 'ENTER + ' sent to object: 'Object Repository/input_Password'

2017-11-16 12:27:22 - [MESSAGE][PASSED] - com.helper.commonfunct.utilities.login is PASSED

2017-11-16 12:27:22 - [TEST_STEP][PASSED] - com.helper.commonfunct.utilities.search: com.helper.commonfunct.utilities.search is PASSED

2017-11-16 12:27:23 - [MESSAGE][PASSED] - Current window maximized

2017-11-16 12:27:28 - [MESSAGE][PASSED] - Delayed 5 second(s)

2017-11-16 12:27:29 - [MESSAGE][PASSED] - Text 'BEP-16Nov2017-11' is set on object 'Object Repository/EngInfo/search'

2017-11-16 12:27:34 - [MESSAGE][PASSED] - Delayed 5 second(s)

2017-11-16 12:27:36 - [MESSAGE][PASSED] - Keys 'ENTER + ' sent to object: 'Object Repository/EngInfo/search'

2017-11-16 12:27:41 - [MESSAGE][PASSED] - Delayed 5 second(s)

2017-11-16 12:27:41 - [MESSAGE][PASSED] - com.helper.commonfunct.utilities.search is PASSED

2017-11-16 12:27:41 - [TEST_STEP][PASSED] - com.helper.commonfunct.BEP_CommonMethod.RLapprove: com.helper.commonfunct.BEP_CommonMethod.RLapprove is PASSED

2017-11-16 12:27:46 - [MESSAGE][PASSED] - Delayed 5 second(s)

2017-11-16 12:27:46 - [MESSAGE][WARNING] - Timeout '0' is invalid. Using default page load timeout: '30'

2017-11-16 12:27:48 - [MESSAGE][PASSED] - Object: 'Object Repository/BEP/RlLink' is clicked on

2017-11-16 12:27:53 - [MESSAGE][PASSED] - Delayed 5 second(s)

2017-11-16 12:27:53 - [MESSAGE][PASSED] - Scroll to object 'Object Repository/NEXT_BUTTON' successfully

2017-11-16 12:27:53 - [MESSAGE][PASSED] - Object: 'Object Repository/NEXT_BUTTON' is clicked on

2017-11-16 12:27:58 - [MESSAGE][PASSED] - Delayed 5 second(s)

2017-11-16 12:27:58 - [MESSAGE][WARNING] - Timeout '0' is invalid. Using default page load timeout: '30'

2017-11-16 12:27:58 - [MESSAGE][PASSED] - Scroll to object 'Object Repository/BEP/RD_RLApprove' successfully

2017-11-16 12:27:59 - [MESSAGE][PASSED] - Object: 'Object Repository/BEP/RD_RLApprove' is clicked on

2017-11-16 12:28:04 - [MESSAGE][PASSED] - Delayed 5 second(s)

2017-11-16 12:28:04 - [MESSAGE][PASSED] - Text 'Testing' is set on object 'Object Repository/BEP/BEP_CASENOTES'

2017-11-16 12:28:09 - [MESSAGE][PASSED] - Delayed 5 second(s)

2017-11-16 12:28:09 - [MESSAGE][WARNING] - Timeout '0' is invalid. Using default page load timeout: '30'

2017-11-16 12:28:09 - [MESSAGE][PASSED] - Scroll to object 'Object Repository/BEP/FINISH_ASSIGNMENT' successfully

2017-11-16 12:28:09 - [MESSAGE][PASSED] - Object: 'Object Repository/BEP/FINISH_ASSIGNMENT' is clicked on

2017-11-16 12:28:14 - [MESSAGE][PASSED] - Delayed 5 second(s)

2017-11-16 12:28:15 - [MESSAGE][PASSED] - Text of object 'Object Repository/BEP/WOSTATUS' is: 'Resolved-Approved'

2017-11-16 12:28:16 - [MESSAGE][PASSED] - com.helper.commonfunct.BEP_CommonMethod.RLapprove is PASSED

2017-11-16 12:28:16 - [TEST_STEP][PASSED] - com.helper.commonfunct.utilities.WOstatus: com.helper.commonfunct.utilities.WOstatus is PASSED

2017-11-16 12:28:17 - [MESSAGE][PASSED] - Text of object 'Object Repository/ECR/WOSTATUS' is: 'Resolved-Approved'

2017-11-16 12:28:17 - [MESSAGE][PASSED] - com.helper.commonfunct.utilities.WOstatus is PASSED

2017-11-16 12:28:17 - [MESSAGE][PASSED] - Call Test Case 'Test Cases/BEP/All_Approval_Recall' successfully]]></system-out>
         <system-err><![CDATA[]]></system-err>
      </testcase>
      <system-out><![CDATA[2017-11-16 11:13:59 - [TEST_SUITE][PASSED] - BEP: Test Cases/BEP/TC_All_Recall]]></system-out>
      <system-err><![CDATA[]]></system-err>
   </testsuite>
</testsuites>
